<?xml version="1.0"?>
<opencv_storage>
<L2_diff>2.9044471074543603e+03</L2_diff>
<hue>60</hue>
<sensitivity>10</sensitivity>
<test_foreg type_id="opencv-matrix">
  <rows>30</rows>
  <cols>20</cols>
  <dt>"3u"</dt>
  <data>
    48 143 172 199 63 204 134 47 228 242 97 9 85 3 244 18 91 54 214 77
    42 101 41 124 32 252 141 188 121 17 83 202 220 181 159 66 61 192 231
    2 164 80 3 100 203 204 125 235 142 122 13 72 1 225 57 164 245 18 100
    105 82 56 201 114 248 243 4 255 44 202 225 153 241 218 32 172 94 150
    123 92 115 172 6 32 91 213 238 6 166 235 73 106 161 124 151 145 226
    14 206 79 43 200 154 244 174 211 108 161 110 17 33 249 152 157 163
    251 87 168 83 20 176 7 204 206 104 112 247 114 185 119 67 96 126 100
    242 247 191 216 175 148 99 138 33 31 164 219 95 182 196 51 59 61 148
    214 106 151 48 33 244 164 158 217 3 24 56 242 37 171 62 203 56 79
    159 13 10 201 186 167 156 108 182 255 180 12 43 6 18 37 220 91 254
    163 88 78 140 164 119 27 118 214 187 193 21 183 242 102 193 53 81 4
    118 91 73 41 87 242 117 209 6 102 197 222 15 110 194 192 47 125 223
    45 225 37 161 73 207 90 204 168 236 240 112 199 200 112 88 5 41 139
    176 171 177 74 252 246 151 231 201 182 229 0 29 110 180 114 22 70
    163 115 79 112 32 167 230 189 70 174 108 43 222 87 4 37 12 82 228
    249 250 55 127 3 29 237 118 62 6 150 222 227 94 219 194 242 240 248
    139 191 194 105 53 75 74 46 121 72 150 202 198 14 144 66 77 229 132
    134 134 197 92 236 29 150 110 10 194 121 182 26 65 126 18 141 187
    116 114 205 189 184 110 180 29 14 129 51 39 180 154 43 226 228 64
    215 74 1 243 238 221 212 239 32 33 91 201 106 68 208 42 143 205 239
    127 174 176 145 3 113 45 230 1 207 126 213 192 124 117 41 215 212 28
    144 52 138 140 152 17 31 123 61 39 181 239 180 180 167 162 92 131 45
    246 217 114 242 72 44 115 2 6 222 114 51 109 44 51 228 131 231 228
    108 8 200 255 132 13 159 233 127 176 245 205 148 239 166 104 232 153
    80 194 185 92 62 200 85 92 64 182 246 120 81 213 103 85 59 156 200
    233 140 167 151 163 161 233 223 199 54 207 90 123 222 97 202 255 122
    48 1 223 86 119 220 65 228 73 45 91 64 241 81 98 128 159 169 62 234
    116 38 171 164 229 16 65 88 6 203 28 60 194 34 178 151 153 40 111
    136 44 226 203 25 48 81 143 167 34 162 210 139 18 207 199 99 179 184
    230 23 94 181 63 101 160 221 239 96 204 81 162 120 51 117 45 155 217
    106 161 88 60 141 129 252 221 9 100 46 6 224 247 249 91 120 199 189
    72 234 32 70 235 56 163 151 95 90 57 249 174 239 156 194 224 235 80
    200 218 14 57 231 110 224 222 178 46 213 201 216 67 81 25 57 173 73
    32 191 205 113 178 228 68 83 196 67 75 11 96 205 32 106 74 219 71
    106 250 60 188 254 0 253 132 87 242 79 14 19 35 54 230 184 181 59 5
    141 179 32 35 69 174 124 209 69 222 78 67 63 5 41 119 60 163 103 24
    159 210 125 199 74 40 41 104 18 122 217 87 41 100 35 104 93 51 101
    116 169 10 176 207 75 161 117 249 237 68 211 94 248 16 35 232 35 183
    234 105 62 35 182 194 147 245 181 45 9 25 17 187 183 12 228 248 250
    37 67 8 127 182 47 196 121 86 180 22 41 248 129 222 137 223 38 212
    210 182 114 228 101 138 150 132 170 40 201 41 14 255 253 158 156 152
    133 236 49 183 205 47 35 23 76 222 244 143 227 227 171 188 43 140 77
    96 189 86 198 157 131 114 48 171 254 86 105 27 2 242 68 237 225 15
    91 135 254 43 39 71 21 173 78 84 155 114 44 237 180 130 244 33 192
    127 98 82 110 132 109 224 42 136 115 149 181 57 35 144 59 45 41 93
    164 101 100 101 102 89 237 6 98 77 68 65 134 145 109 248 65 213 210
    242 150 31 155 104 71 156 168 20 5 189 238 165 19 198 175 62 205 114
    12 52 103 144 30 238 111 107 219 162 222 176 87 22 193 165 97 253 26
    152 19 129 165 84 177 50 142 14 111 184 204 210 17 125 192 96 68 250
    123 67 158 128 46 105 60 240 224 15 20 174 115 64 2 96 40 135 30 140
    178 179 103 167 155 31 57 213 107 22 239 252 88 99 27 82 217 39 107
    116 57 86 158 82 61 11 115 86 215 223 247 9 11 190 252 240 33 70 189
    157 210 3 83 127 191 198 92 13 218 146 244 210 13 58 243 50 146 117
    183 186 130 75 248 205 91 46 244 74 126 137 151 179 235 52 200 204
    200 199 247 237 213 46 61 169 213 40 174 10 57 36 32 205 198 209 165
    157 23 177 61 127 234 123 109 73 27 154 43 223 114 180 37 240 207
    161 184 166 20 92 154 44 121 121 59 26 44 30 84 78 46 78 56 189 7
    186 181 67 18 95 64 51 214 124 94 252 32 175 84 160 18 61 162 16 58
    21 220 118 202 139 53 58 153 54 31 133 24 150 110 37 3 88 92 235 55
    255 173 156 48 249 66 99 141 166 186 49 203 125 167 20 115 140 94 97
    144 84 86 106 159 177 238 55 132 99 66 163 155 4 205 160 245 219 63
    121 178 195 199 131 169 93 221 116 83 42 63 112 170 34 150 19 157 20
    244 119 61 208 34 81 211 224 56 109 238 49 197 77 89 34 127 143 118
    12 145 188 175 207 172 97 142 254 252 255 14 116 252 105 113 107 108
    220 249 179 94 217 196 238 82 117 104 176 152 28 43 128 140 197 54
    162 93 91 70 62 62 194 68 213 86 36 115 5 246 23 134 205 65 246 83
    29 67 140 206 246 47 253 60 13 7 69 49 224 173 195 45 161 124 201
    111 151 6 17 25 119 133 198 227 235 238 245 227 114 237 181 83 159
    13 11 92 101 253 0 146 120 116 36 163 228 16 148 239 210 138 160 68
    177 100 245 69 117 230 161 35 146 75 20 83 150 19 128 67 52 1 14 157
    163 241 67 122 189 237 130 4 126 120 32 223 50 99 63 1 254 233 130
    65 26 21 82 214 65 236 74 190 24 243 29 84 222 121 157 169 21 116
    123 229 64 53 92 66 30 63 122 57 32 211 234 93 183 71 110 167 204 79
    38 121 91 76 235 113 40 73 152 217 130 122 141 147 155 118 230 98
    163 42 25 228 62 115 125 106 42 86 234 245 90 129 19 134 203 194 102
    187 233 52 81 41 153 31 179 119 52 77 239 24 8 74 19 88 164 251 135
    246 241 190 100 90 8 111 38 226 13 105 16 29 5 92 196 200 63 159 171
    96 153 132 122 32 226 138 117 221 255 141 105 88 27 221 138 22 204
    57 79 124 15 65 130 109 42 223 123 169 22 66 171 139 26 14 3 231 55
    24 105 100 239 95 5 174 129 216 126 101 159 163 45 237 110 228 155
    152 203 102 126 236 160 83 162 166 110 38 99 194 185 141 100 150 15
    67 195 151 207 17 23 11 209 123 229 215 98 193 8 41 198 56 154 85 27
    110 127 236 31 87 54 24 187 101 199 83 114 237 160 170 124 69 104 22
    124 208 235 17 125 168 20 105 209 205 26 184 31 229 248 18 107 125
    124 27 188 23 24 207 28 9 10 122 34 205 160 204 214 25 82 15 210 53
    75 203 93 164 73 196 237 148 118 117 140 105 228 110 94 57 25 181 8
    83 214 109 40 157 16 11 61 110 199 178 255 186 41 95 255 97 16 149
    51 110 146 170 160 206 111 97 8 9 14 138 177 226 126 41 135 21 14
    120 41 62 86 95 94 167 234 139 255 10 121 210 249 1 106 76 152 190
    71 123 128 215 3 1 253 241 136 6 253 67 45 221 137 199 168 254 235
    99 243 224 137 87 237 30 19 226 249 26 235 194 218 216 30 63 234 203
    186 175 58 248 242 53 195 152 42 2 193 28 11 67 217 143 38 248 0 231
    140 122 216 210 120 16 79 156 64 248 114 200 98 190 209 249 41 88 80
    107 77 88 147 159 180 161 234 241 145 45 189 245 165 13 73 91 55 116
    8 243 169 46 84 253 73 139 152 146 199 246</data></test_foreg>
<test_backg type_id="opencv-matrix">
  <rows>30</rows>
  <cols>20</cols>
  <dt>"3u"</dt>
  <data>
    128 128 128 128 128 128 128 128 128 128 128 128 128 128 128 128 128
    128 128 128 128 128 128 128 128 128 128 128 128 128 128 128 128 128
    128 128 128 128 128 128 128 128 128 128 128 128 128 128 128 128 128
    128 128 128 128 128 128 128 128 128 128 128 128 128 128 128 128 128
    128 128 128 128 128 128 128 128 128 128 128 128 128 128 128 128 128
    128 128 128 128 128 128 128 128 128 128 128 128 128 128 128 128 128
    128 128 128 128 128 128 128 128 128 128 128 128 128 128 128 128 128
    128 128 128 128 128 128 128 128 128 128 128 128 128 128 128 128 128
    128 128 128 128 128 128 128 128 128 128 128 128 128 128 128 128 128
    128 128 128 128 128 128 128 128 128 128 128 128 128 128 128 128 128
    128 128 128 128 128 128 128 128 128 128 128 128 128 128 128 128 128
    128 128 128 128 128 128 128 128 128 128 128 128 128 128 128 128 128
    128 128 128 128 128 128 128 128 128 128 128 128 128 128 128 128 128
    128 128 128 128 128 128 128 128 128 128 128 128 128 128 128 128 128
    128 128 128 128 128 128 128 128 128 128 128 128 128 128 128 128 128
    128 128 128 128 128 128 128 128 128 128 128 128 128 128 128 128 128
    128 128 128 128 128 128 128 128 128 128 128 128 128 128 128 128 128
    128 128 128 128 128 128 128 128 128 128 128 128 128 128 128 128 128
    128 128 128 128 128 128 128 128 128 128 128 128 128 128 128 128 128
    128 128 128 128 128 128 128 128 128 128 128 128 128 128 128 128 128
    128 128 128 128 128 128 128 128 128 128 128 128 128 128 128 128 128
    128 128 128 128 128 128 128 128 128 128 128 128 128 128 128 128 128
    128 128 128 128 128 128 128 128 128 128 128 128 128 128 128 128 128
    128 128 128 128 128 128 128 128 128 128 128 128 128 128 128 128 128
    128 128 128 128 128 128 128 128 128 128 128 128 128 128 128 128 128
    128 128 128 128 128 128 128 128 128 128 128 128 128 128 128 128 128
    128 128 128 128 128 128 128 128 128 128 128 128 128 128 128 128 128
    128 128 128 128 128 128 128 128 128 128 128 128 128 128 128 128 128
    128 128 128 128 128 128 128 128 128 128 128 128 128 128 128 128 128
    128 128 128 128 128 128 128 128 128 128 128 128 128 128 128 128 128
    128 128 128 128 128 128 128 128 128 128 128 128 128 128 128 128 128
    128 128 128 128 128 128 128 128 128 128 128 128 128 128 128 128 128
    128 128 128 128 128 128 128 128 128 128 128 128 128 128 128 128 128
    128 128 128 128 128 128 128 128 128 128 128 128 128 128 128 128 128
    128 128 128 128 128 128 128 128 128 128 128 128 128 128 128 128 128
    128 128 128 128 128 128 128 128 128 128 128 128 128 128 128 128 128
    128 128 128 128 128 128 128 128 128 128 128 128 128 128 128 128 128
    128 128 128 128 128 128 128 128 128 128 128 128 128 128 128 128 128
    128 128 128 128 128 128 128 128 128 128 128 128 128 128 128 128 128
    128 128 128 128 128 128 128 128 128 128 128 128 128 128 128 128 128
    128 128 128 128 128 128 128 128 128 128 128 128 128 128 128 128 128
    128 128 128 128 128 128 128 128 128 128 128 128 128 128 128 128 128
    128 128 128 128 128 128 128 128 128 128 128 128 128 128 128 128 128
    128 128 128 128 128 128 128 128 128 128 128 128 128 128 128 128 128
    128 128 128 128 128 128 128 128 128 128 128 128 128 128 128 128 128
    128 128 128 128 128 128 128 128 128 128 128 128 128 128 128 128 128
    128 128 128 128 128 128 128 128 128 128 128 128 128 128 128 128 128
    128 128 128 128 128 128 128 128 128 128 128 128 128 128 128 128 128
    128 128 128 128 128 128 128 128 128 128 128 128 128 128 128 128 128
    128 128 128 128 128 128 128 128 128 128 128 128 128 128 128 128 128
    128 128 128 128 128 128 128 128 128 128 128 128 128 128 128 128 128
    128 128 128 128 128 128 128 128 128 128 128 128 128 128 128 128 128
    128 128 128 128 128 128 128 128 128 128 128 128 128 128 128 128 128
    128 128 128 128 128 128 128 128 128 128 128 128 128 128 128 128 128
    128 128 128 128 128 128 128 128 128 128 128 128 128 128 128 128 128
    128 128 128 128 128 128 128 128 128 128 128 128 128 128 128 128 128
    128 128 128 128 128 128 128 128 128 128 128 128 128 128 128 128 128
    128 128 128 128 128 128 128 128 128 128 128 128 128 128 128 128 128
    128 128 128 128 128 128 128 128 128 128 128 128 128 128 128 128 128
    128 128 128 128 128 128 128 128 128 128 128 128 128 128 128 128 128
    128 128 128 128 128 128 128 128 128 128 128 128 128 128 128 128 128
    128 128 128 128 128 128 128 128 128 128 128 128 128 128 128 128 128
    128 128 128 128 128 128 128 128 128 128 128 128 128 128 128 128 128
    128 128 128 128 128 128 128 128 128 128 128 128 128 128 128 128 128
    128 128 128 128 128 128 128 128 128 128 128 128 128 128 128 128 128
    128 128 128 128 128 128 128 128 128 128 128 128 128 128 128 128 128
    128 128 128 128 128 128 128 128 128 128 128 128 128 128 128 128 128
    128 128 128 128 128 128 128 128 128 128 128 128 128 128 128 128 128
    128 128 128 128 128 128 128 128 128 128 128 128 128 128 128 128 128
    128 128 128 128 128 128 128 128 128 128 128 128 128 128 128 128 128
    128 128 128 128 128 128 128 128 128 128 128 128 128 128 128 128 128
    128 128 128 128 128 128 128 128 128 128 128 128 128 128 128 128 128
    128 128 128 128 128 128 128 128 128 128 128 128 128 128 128 128 128
    128 128 128 128 128 128 128 128 128 128 128 128 128 128 128 128 128
    128 128 128 128 128 128 128 128 128 128 128 128 128 128 128 128 128
    128 128 128 128 128 128 128 128 128 128 128 128 128 128 128 128 128
    128 128 128 128 128 128 128 128 128 128 128 128 128 128 128 128 128
    128 128 128 128 128 128 128 128 128 128 128 128 128 128 128 128 128
    128 128 128 128 128 128 128 128 128 128 128 128 128 128 128 128 128
    128 128 128 128 128 128 128 128 128 128 128 128 128 128 128 128 128
    128 128 128 128 128 128 128 128 128 128 128 128 128 128 128 128 128
    128 128 128 128 128 128 128 128 128 128 128 128 128 128 128 128 128
    128 128 128 128 128 128 128 128 128 128 128 128 128 128 128 128 128
    128 128 128 128 128 128 128 128 128 128 128 128 128 128 128 128 128
    128 128 128 128 128 128 128 128 128 128 128 128 128 128 128 128 128
    128 128 128 128 128 128 128 128 128 128 128 128 128 128 128 128 128
    128 128 128 128 128 128 128 128 128 128 128 128 128 128 128 128 128
    128 128 128 128 128 128 128 128 128 128 128 128 128 128 128 128 128
    128 128 128 128 128 128 128 128 128 128 128 128 128 128 128 128 128
    128 128 128 128 128 128 128 128 128 128 128 128 128 128 128 128 128
    128 128 128 128 128 128 128 128 128 128 128 128 128 128 128 128 128
    128 128 128 128 128 128 128 128 128 128 128 128 128 128 128 128 128
    128 128 128 128 128 128 128 128 128 128 128 128 128 128 128 128 128
    128 128 128 128 128 128 128 128 128 128 128 128 128 128 128 128 128
    128 128 128 128 128 128 128 128 128 128 128 128 128 128 128 128 128
    128 128 128 128 128 128 128 128 128 128 128 128 128 128 128 128 128
    128 128 128 128 128 128 128 128 128 128 128 128 128 128 128 128 128
    128 128 128 128 128 128 128 128 128 128 128 128 128 128 128 128 128
    128 128 128 128 128 128 128 128 128 128 128 128 128 128 128 128 128
    128 128 128 128 128 128 128 128 128 128 128 128 128 128 128 128 128
    128 128 128 128 128 128 128 128 128 128 128 128 128 128 128 128 128
    128 128 128 128 128 128 128 128 128 128 128 128 128 128 128 128 128
    128 128 128 128 128 128 128 128 128 128 128 128 128 128 128 128 128
    128 128 128 128 128 128 128 128 128 128 128 128 128 128 128 128 128
    128 128 128 128 128 128 128 128 128 128 128 128 128 128 128 128 128
    128 128 128 128 128 128 128 128 128 128 128 128 128 128 128</data></test_backg>
<my_img type_id="opencv-matrix">
  <rows>30</rows>
  <cols>20</cols>
  <dt>"3u"</dt>
  <data>
    48 143 172 199 63 204 134 47 228 242 97 9 85 3 244 18 91 54 214 77
    42 101 41 124 32 252 141 188 121 17 83 202 220 181 159 66 61 192 231
    2 164 80 3 100 203 204 125 235 142 122 13 72 1 225 57 164 245 18 100
    105 82 56 201 114 248 243 128 128 128 202 225 153 241 218 32 172 94
    150 123 92 115 172 6 32 91 213 238 6 166 235 73 106 161 124 151 145
    226 14 206 79 43 200 128 128 128 211 108 161 110 17 33 249 152 157
    163 251 87 168 83 20 176 7 204 206 104 112 247 114 185 119 67 96 126
    100 242 247 191 216 175 148 99 138 33 31 164 219 95 182 196 51 59 61
    148 214 106 151 48 33 244 164 158 217 3 24 56 242 37 171 128 128 128
    79 159 13 10 201 186 167 156 108 128 128 128 128 128 128 18 37 220
    91 254 163 88 78 140 164 119 27 118 214 187 193 21 183 242 102 193
    53 81 4 118 91 73 41 87 242 117 209 6 102 197 222 15 110 194 192 47
    125 223 45 225 128 128 128 207 90 204 168 236 240 112 199 200 112 88
    5 41 139 176 171 177 74 252 246 151 231 201 182 229 0 29 128 128 128
    22 70 163 115 79 112 32 167 230 189 70 174 108 43 222 87 4 37 12 82
    228 249 250 55 127 3 29 237 118 62 6 150 222 227 94 219 194 242 240
    248 139 191 194 105 53 75 74 46 121 72 150 202 198 14 144 66 77 229
    132 134 134 197 92 236 29 150 110 10 194 121 182 26 65 126 18 141
    187 116 114 205 189 184 110 180 29 14 129 51 39 180 154 43 226 228
    64 215 74 1 243 238 221 212 239 32 33 128 128 128 128 128 128 143
    205 239 127 174 176 145 3 113 128 128 128 207 126 213 192 124 117 41
    215 212 128 128 128 138 140 152 17 31 123 61 39 181 239 180 180 167
    162 92 131 45 246 217 114 242 72 44 115 2 6 222 114 51 109 44 51 228
    131 231 228 108 8 200 255 132 13 128 128 128 176 245 205 128 128 128
    104 232 153 80 194 185 92 62 200 85 92 64 182 246 120 128 128 128 85
    59 156 200 233 140 167 151 163 161 233 223 199 54 207 90 123 222 97
    202 255 122 48 1 223 86 119 220 65 228 73 45 91 128 128 128 98 128
    159 169 62 234 116 38 171 164 229 16 65 88 6 203 28 60 194 34 178
    151 153 40 111 136 44 226 203 25 48 81 143 167 34 162 210 139 18 207
    199 99 179 184 230 23 94 181 63 101 160 221 239 96 204 81 162 120 51
    117 45 155 217 128 128 128 60 141 129 252 221 9 100 46 6 224 247 249
    91 120 199 189 72 234 32 70 235 56 163 151 95 90 57 249 174 239 156
    194 224 235 80 200 218 14 57 231 110 224 222 178 46 213 201 216 67
    81 25 128 128 128 32 191 205 113 178 228 68 83 196 67 75 11 96 205
    32 106 74 219 71 106 250 60 188 254 0 253 132 128 128 128 14 19 35
    54 230 184 181 59 5 141 179 32 35 69 174 124 209 69 222 78 67 63 5
    41 119 60 163 103 24 159 210 125 199 74 40 41 104 18 122 217 87 41
    100 35 104 93 51 101 116 169 10 176 207 75 161 117 249 237 68 211
    128 128 128 128 128 128 183 234 105 62 35 182 194 147 245 181 45 9
    25 17 187 183 12 228 248 250 37 67 8 127 182 47 196 121 86 180 22 41
    248 128 128 128 223 38 212 210 182 114 228 101 138 150 132 170 128
    128 128 14 255 253 158 156 152 133 236 49 183 205 47 35 23 76 222
    244 143 227 227 171 188 43 140 77 96 189 86 198 157 131 114 48 171
    254 86 105 27 2 242 68 237 225 15 91 135 254 43 39 71 21 173 78 84
    155 114 44 237 180 130 244 33 192 127 98 82 128 128 128 224 42 136
    115 149 181 57 35 144 59 45 41 128 128 128 100 101 102 89 237 6 98
    77 68 65 134 145 128 128 128 213 210 242 150 31 155 104 71 156 168
    20 5 128 128 128 19 198 175 62 205 114 12 52 103 144 30 238 111 107
    219 128 128 128 87 22 193 165 97 253 128 128 128 129 165 84 177 50
    142 14 111 184 204 210 17 128 128 128 128 128 128 67 158 128 128 128
    128 240 224 15 20 174 115 64 2 96 128 128 128 140 178 179 103 167
    155 31 57 213 107 22 239 252 88 99 27 82 217 39 107 116 57 86 158 82
    61 11 115 86 215 223 247 9 11 190 252 240 33 70 189 157 210 3 83 127
    191 198 92 13 218 146 244 210 13 128 128 128 146 117 183 186 130 75
    248 205 91 128 128 128 126 137 151 179 235 52 128 128 128 199 247
    237 213 46 61 169 213 40 174 10 57 36 32 205 198 209 165 157 23 177
    61 127 234 123 109 73 128 128 128 223 114 180 37 240 207 128 128 128
    20 92 154 44 121 121 59 26 44 30 84 78 128 128 128 189 7 186 181 67
    18 95 64 51 214 124 94 252 32 175 84 160 18 128 128 128 58 21 220
    128 128 128 53 58 153 54 31 133 24 150 110 37 3 88 128 128 128 255
    173 156 128 128 128 99 141 166 186 49 203 125 167 20 115 140 94 128
    128 128 86 106 159 177 238 55 132 99 66 163 155 4 205 160 245 219 63
    121 178 195 199 131 169 93 221 116 83 42 63 112 170 34 150 128 128
    128 244 119 61 208 34 81 211 224 56 128 128 128 197 77 89 34 127 143
    118 12 145 188 175 207 172 97 142 254 252 255 14 116 252 128 128 128
    108 220 249 179 94 217 196 238 82 117 104 176 152 28 43 128 140 197
    54 162 93 91 70 62 128 128 128 213 86 36 115 5 246 23 134 205 128
    128 128 29 67 140 206 246 47 253 60 13 7 69 49 224 173 195 45 161
    124 201 111 151 6 17 25 119 133 198 227 235 238 245 227 114 237 181
    83 159 13 11 92 101 253 0 146 120 116 36 163 228 16 148 239 210 138
    160 68 177 128 128 128 117 230 161 35 146 75 20 83 150 19 128 67 52
    1 14 157 163 241 67 122 189 237 130 4 126 120 32 223 50 99 63 1 254
    233 130 65 26 21 82 214 65 236 128 128 128 243 29 84 222 121 157 169
    21 116 123 229 64 128 128 128 30 63 122 57 32 211 234 93 183 71 110
    167 204 79 38 121 91 76 235 113 40 73 152 217 130 122 141 147 155
    118 230 98 163 42 25 228 62 115 125 106 42 86 234 245 90 129 19 134
    203 194 102 187 233 52 81 41 153 31 179 119 52 77 239 24 8 74 19 88
    164 251 135 246 241 190 100 90 8 111 128 128 128 105 16 29 5 92 196
    200 63 159 171 96 153 132 122 32 226 138 117 221 255 141 105 88 27
    221 138 22 204 57 79 124 15 65 130 109 42 223 123 169 22 66 171 139
    26 14 128 128 128 24 105 100 239 95 5 174 129 216 126 101 159 163 45
    237 110 228 155 152 203 102 128 128 128 83 162 166 110 38 99 194 185
    141 100 150 15 67 195 151 207 17 23 11 209 123 229 215 98 193 8 41
    198 56 154 85 27 110 127 236 31 87 54 24 187 101 199 83 114 237 160
    170 124 69 104 22 124 208 235 17 125 168 20 105 209 205 26 184 31
    229 248 18 107 125 124 27 188 23 24 207 28 9 10 122 34 205 160 204
    214 128 128 128 210 53 75 203 93 164 73 196 237 148 118 117 140 105
    228 110 94 57 128 128 128 128 128 128 128 128 128 11 61 110 199 178
    255 186 41 95 255 97 16 149 51 110 146 170 160 206 111 97 8 9 14 138
    177 226 126 41 135 21 14 120 41 62 86 95 94 167 234 139 255 10 121
    210 249 1 106 76 152 190 71 123 128 215 3 1 253 241 136 128 128 128
    45 221 137 199 168 254 235 99 243 224 137 87 237 30 19 226 249 26
    235 194 218 216 30 63 234 203 186 175 58 248 242 53 195 152 42 2 193
    28 11 67 217 143 128 128 128 231 140 122 216 210 120 16 79 156 128
    128 128 200 98 190 209 249 41 88 80 107 77 88 147 128 128 128 234
    241 145 45 189 245 165 13 73 91 55 116 8 243 169 46 84 253 73 139
    152 146 199 246</data></my_img>
<your_img type_id="opencv-matrix">
  <rows>30</rows>
  <cols>20</cols>
  <dt>"3u"</dt>
  <data>
    128 128 128 128 128 128 128 128 128 128 128 128 128 128 128 128 128
    128 128 128 128 128 128 128 128 128 128 128 128 128 128 128 128 128
    128 128 61 192 231 128 128 128 128 128 128 128 128 128 128 128 128
    128 128 128 57 164 245 128 128 128 128 128 128 128 128 128 128 128
    128 128 128 128 128 128 128 128 128 128 128 128 128 128 128 128 128
    128 128 128 128 128 128 128 128 128 128 128 128 128 128 128 128 128
    128 128 128 128 128 128 128 128 128 128 128 128 128 128 128 128 128
    128 128 128 128 128 128 128 128 128 128 128 128 128 128 128 128 128
    128 128 128 128 128 128 128 128 128 128 128 128 128 128 59 61 148
    128 128 128 128 128 128 128 128 128 128 128 128 128 128 128 62 203
    56 128 128 128 128 128 128 128 128 128 128 128 128 128 128 128 128
    128 128 128 128 128 128 128 128 128 128 128 128 128 128 128 128 128
    128 128 128 53 81 4 128 128 128 128 128 128 128 128 128 128 128 128
    128 128 128 128 128 128 128 128 128 128 128 128 128 128 128 128 128
    128 128 128 128 128 128 128 128 128 128 128 128 128 128 128 128 128
    128 128 128 128 128 128 128 128 128 128 128 128 128 128 128 128 128
    128 128 128 128 128 128 128 128 128 128 128 128 128 128 128 128 128
    128 128 128 128 128 128 128 128 128 128 128 128 128 128 128 128 128
    128 128 128 128 128 128 128 128 128 128 128 128 128 128 128 128 128
    128 128 128 128 128 128 128 128 128 128 128 128 65 126 18 128 128
    128 128 128 128 128 128 128 128 128 128 51 39 180 128 128 128 128
    128 128 128 128 128 128 128 128 128 128 128 128 128 128 68 208 42
    128 128 128 128 128 128 128 128 128 128 128 128 128 128 128 128 128
    128 128 128 128 128 128 128 128 128 128 128 128 128 61 39 181 128
    128 128 128 128 128 128 128 128 128 128 128 128 128 128 128 128 128
    128 128 128 128 128 128 128 128 128 128 128 128 128 128 128 128 128
    128 128 128 128 128 128 128 128 128 128 128 128 128 128 128 128 128
    128 128 128 128 128 128 128 128 128 128 128 128 128 128 128 128 128
    128 128 128 128 128 128 128 128 128 128 128 128 128 128 128 128 128
    128 128 128 128 128 128 128 64 241 81 128 128 128 128 128 128 128
    128 128 128 128 128 65 88 6 128 128 128 128 128 128 128 128 128 128
    128 128 128 128 128 128 128 128 128 128 128 128 128 128 128 128 128
    128 128 128 128 128 128 63 101 160 128 128 128 128 128 128 128 128
    128 128 128 128 128 128 128 60 141 129 128 128 128 128 128 128 128
    128 128 128 128 128 128 128 128 128 128 128 56 163 151 128 128 128
    128 128 128 128 128 128 128 128 128 128 128 128 128 128 128 128 128
    128 128 128 128 67 81 25 57 173 73 128 128 128 128 128 128 68 83 196
    67 75 11 128 128 128 128 128 128 128 128 128 60 188 254 128 128 128
    128 128 128 128 128 128 54 230 184 128 128 128 128 128 128 128 128
    128 128 128 128 128 128 128 63 5 41 128 128 128 128 128 128 128 128
    128 128 128 128 128 128 128 128 128 128 128 128 128 128 128 128 128
    128 128 128 128 128 128 128 128 128 128 128 128 128 128 128 128 128
    128 128 128 62 35 182 128 128 128 128 128 128 128 128 128 128 128
    128 128 128 128 67 8 127 128 128 128 128 128 128 128 128 128 128 128
    128 128 128 128 128 128 128 128 128 128 128 128 128 128 128 128 128
    128 128 128 128 128 128 128 128 128 128 128 128 128 128 128 128 128
    128 128 128 128 128 128 128 128 128 128 128 128 128 128 128 128 128
    128 128 128 128 128 128 128 128 128 128 128 128 128 128 128 128 128
    128 128 128 128 128 128 128 128 128 128 128 128 128 128 128 128 128
    128 128 128 128 128 128 57 35 144 59 45 41 128 128 128 128 128 128
    128 128 128 128 128 128 65 134 145 128 128 128 128 128 128 128 128
    128 128 128 128 128 128 128 128 128 128 128 128 128 62 205 114 128
    128 128 128 128 128 128 128 128 128 128 128 128 128 128 128 128 128
    128 128 128 128 128 128 128 128 128 128 128 128 128 128 128 128 128
    128 68 250 123 67 158 128 128 128 128 128 128 128 128 128 128 64 2
    96 128 128 128 128 128 128 128 128 128 128 128 128 128 128 128 128
    128 128 128 128 128 128 128 128 57 86 158 128 128 128 128 128 128
    128 128 128 128 128 128 128 128 128 128 128 128 128 128 128 128 128
    128 128 128 128 128 128 128 58 243 50 128 128 128 128 128 128 128
    128 128 128 128 128 128 128 128 128 128 128 128 128 128 128 128 128
    128 128 128 128 128 128 128 128 128 128 128 128 128 128 128 128 128
    128 61 127 234 128 128 128 128 128 128 128 128 128 128 128 128 128
    128 128 128 128 128 128 128 128 59 26 44 128 128 128 128 128 128 128
    128 128 128 128 128 128 128 128 128 128 128 128 128 128 128 128 128
    61 162 16 58 21 220 128 128 128 53 58 153 54 31 133 128 128 128 128
    128 128 128 128 128 128 128 128 128 128 128 128 128 128 128 128 128
    128 128 128 128 128 128 128 128 128 128 128 128 128 128 128 128 128
    128 128 128 128 128 128 128 128 128 128 128 128 128 128 128 128 128
    128 128 128 128 128 128 128 128 128 128 128 128 128 128 128 128 128
    128 128 128 128 128 128 128 128 128 128 128 128 128 128 128 128 128
    128 128 128 128 128 128 128 128 128 128 128 128 128 128 128 128 128
    128 128 128 128 128 128 128 128 128 128 128 128 128 128 54 162 93
    128 128 128 62 194 68 128 128 128 128 128 128 128 128 128 65 246 83
    128 128 128 128 128 128 128 128 128 128 128 128 128 128 128 128 128
    128 128 128 128 128 128 128 128 128 128 128 128 128 128 128 128 128
    128 128 128 128 128 128 128 128 128 128 128 128 128 128 128 128 128
    128 128 128 128 128 128 128 128 128 128 128 128 128 128 128 128 128
    128 128 128 128 52 1 14 128 128 128 67 122 189 128 128 128 128 128
    128 128 128 128 63 1 254 128 128 128 128 128 128 128 128 128 128 128
    128 128 128 128 128 128 128 128 128 128 128 128 128 53 92 66 128 128
    128 57 32 211 128 128 128 128 128 128 128 128 128 128 128 128 128
    128 128 128 128 128 128 128 128 128 128 128 128 128 128 128 128 128
    62 115 125 128 128 128 128 128 128 128 128 128 128 128 128 128 128
    128 128 128 128 128 128 128 52 77 239 128 128 128 128 128 128 128
    128 128 128 128 128 128 128 128 128 128 128 128 128 128 128 128 128
    128 128 128 128 128 128 128 128 128 128 128 128 128 128 128 128 128
    128 128 128 128 128 128 128 128 128 128 128 128 128 128 128 128 128
    128 128 128 128 128 128 128 128 128 128 128 128 128 128 128 128 128
    128 128 128 128 128 128 128 128 128 128 128 128 128 128 128 128 128
    128 128 128 128 128 128 128 128 128 128 67 195 151 128 128 128 128
    128 128 128 128 128 128 128 128 128 128 128 128 128 128 128 128 128
    128 128 128 128 128 128 128 128 128 128 128 128 69 104 22 128 128
    128 128 128 128 128 128 128 128 128 128 128 128 128 128 128 128 128
    128 128 128 128 128 128 128 128 128 128 128 128 128 128 128 128 128
    128 128 128 128 128 128 128 128 128 128 128 128 128 128 128 128 128
    128 128 128 128 128 128 128 128 128 128 128 128 128 128 128 128 128
    128 128 128 128 128 128 128 128 128 128 128 128 128 128 128 128 128
    128 128 128 128 128 128 128 128 128 128 128 128 128 128 128 128 128
    128 128 128 128 128 128 128 128 128 128 128 128 128 128 128 128 128
    128 128 128 128 128 128 128 128 128 128 128 128 128 128 128 128 128
    128 128 128 128 128 128 128 128 128 128 128 128 128 128 128 128 128
    128 128 128 128 128 128 128 128 128 128 67 217 143 128 128 128 128
    128 128 128 128 128 128 128 128 64 248 114 128 128 128 128 128 128
    128 128 128 128 128 128 128 128 128 128 128 128 128 128 128 128 128
    128 128 128 128 128 128 128 128 128 128 128 128 128 128 128 128</data></your_img>
</opencv_storage>
