<?xml version="1.0"?>
<opencv_storage>
<L2_diff>5.8567787221304516e+03</L2_diff>
<test_img1 type_id="opencv-matrix">
  <rows>30</rows>
  <cols>20</cols>
  <dt>"3u"</dt>
  <data>
    68 119 61 117 57 61 25 89 96 53 55 74 16 6 116 107 120 26 22 120 93
    22 2 9 40 1 66 85 59 123 112 62 116 74 64 117 21 4 52 124 34 74 26
    67 89 1 29 114 112 94 60 119 119 95 74 76 32 120 17 74 90 29 127 49
    124 105 32 26 3 21 20 10 58 38 24 87 40 4 115 4 105 55 103 120 120
    102 30 47 125 104 112 87 47 92 19 45 41 84 117 107 23 15 110 43 101
    119 80 73 33 56 74 22 116 97 31 62 77 71 55 46 76 89 35 101 83 123
    107 101 24 106 53 75 70 73 90 86 70 126 41 29 42 117 108 29 71 88 37
    57 94 115 62 125 83 1 109 4 117 91 119 36 97 8 79 18 90 4 65 23 93
    99 59 93 88 27 101 20 51 10 100 86 66 80 82 64 86 67 102 15 23 96 96
    98 61 12 54 62 113 32 14 107 37 113 12 118 114 16 91 85 103 4 41 81
    48 119 104 61 88 98 2 66 48 26 34 80 120 14 100 4 37 126 107 31 123
    18 116 52 84 4 7 68 65 108 73 30 72 51 81 114 47 79 105 44 7 94 91
    63 98 1 53 107 27 70 37 52 106 23 93 104 20 18 10 16 18 73 85 11 3
    12 68 7 67 19 62 82 107 99 31 53 10 63 66 42 49 58 62 77 80 124 116
    8 55 106 13 16 32 88 85 73 89 105 91 79 93 11 120 17 52 61 31 34 41
    113 114 61 26 74 10 8 56 58 92 19 81 53 82 58 17 39 11 114 113 0 22
    51 83 19 9 5 11 117 125 97 117 16 18 105 13 66 11 13 93 64 64 60 113
    79 15 43 99 118 13 89 69 29 67 53 120 61 25 62 125 85 66 17 71 3 88
    7 101 58 107 48 112 12 114 112 93 70 73 111 100 55 32 6 95 54 1 60
    45 72 9 114 66 97 55 64 103 67 106 91 106 90 40 20 16 22 70 50 40
    120 19 96 62 126 82 79 122 46 120 53 94 40 30 47 26 74 23 84 115 121
    85 9 61 112 115 41 98 104 26 49 33 14 59 27 7 10 7 58 44 58 109 4 61
    122 14 55 7 29 113 18 60 31 66 74 15 18 6 48 37 20 31 81 85 43 74 45
    21 24 10 96 15 33 75 29 63 70 6 64 5 117 114 9 52 34 97 81 88 88 26
    14 123 108 104 55 116 77 122 115 65 67 1 121 9 123 59 125 65 38 21
    90 8 25 96 96 59 121 67 100 78 35 44 2 16 92 77 127 88 48 44 68 63
    47 39 20 93 1 107 18 41 19 36 77 1 84 123 72 110 56 17 75 94 75 13
    39 112 94 51 17 123 93 22 27 59 112 74 10 90 68 61 67 96 116 65 127
    65 2 54 123 58 38 19 84 100 64 72 64 50 68 50 75 28 28 80 36 64 107
    116 103 30 10 46 55 63 27 64 57 67 3 96 75 66 35 87 82 89 102 45 113
    33 9 54 51 28 117 80 43 63 68 72 19 43 9 11 126 37 65 66 50 4 23 106
    12 5 69 99 57 108 43 123 52 13 41 34 82 44 114 81 1 80 26 37 103 22
    77 24 13 2 1 105 107 26 58 92 41 100 86 69 95 53 61 82 84 51 92 32
    121 39 17 97 86 74 19 0 22 38 29 66 116 84 8 47 91 105 87 78 106 33
    37 32 11 22 67 36 45 44 57 102 120 107 91 85 76 30 107 120 112 23 46
    41 90 117 96 77 49 19 8 40 71 127 120 94 40 69 57 61 53 125 69 119
    116 8 67 65 100 87 52 98 9 83 105 89 16 208 230 195 226 188 148 241
    246 194 239 236 131 250 240 173 79 4 4 79 105 107 70 87 117 61 69 78
    14 76 56 111 3 84 117 53 100 85 69 120 11 12 91 58 58 49 67 97 11 47
    38 79 122 99 49 123 12 76 90 1 40 221 200 144 177 183 195 188 176
    222 255 154 224 231 162 184 44 89 4 6 84 19 110 9 48 109 72 23 91
    125 34 79 41 9 125 37 37 106 101 68 61 11 29 50 114 81 77 79 101 1
    79 88 45 34 103 51 13 118 65 92 21 200 205 148 146 215 205 197 250
    243 243 188 154 243 137 142 55 52 69 5 42 102 96 12 125 51 52 34 15
    114 105 39 39 72 22 12 55 79 27 120 84 109 122 68 84 111 52 65 85 21
    77 87 82 86 8 11 29 100 60 79 70 140 174 164 183 148 255 160 176 206
    139 252 242 242 165 194 92 120 56 112 93 113 32 10 43 99 2 0 26 71
    42 88 122 65 15 49 126 88 66 70 105 105 1 106 86 105 123 60 86 46 40
    103 81 75 110 86 15 84 35 75 100 108 120 81 63 105 60 72 112 111 68
    67 114 47 93 74 75 21 106 1 106 38 37 24 57 56 69 43 66 7 49 60 4
    101 8 47 15 27 16 44 104 116 0 83 123 102 87 123 75 20 127 115 33 88
    45 98 105 26 24 115 30 100 105 57 88 15 37 62 15 114 53 5 83 92 71
    104 62 23 69 109 64 86 21 91 106 23 107 41 5 110 71 1 103 109 12 96
    91 67 20 27 19 119 45 25 118 12 19 1 23 55 37 21 105 22 67 43 80 118
    70 37 107 21 115 24 16 102 97 3 40 60 29 33 50 3 7 47 114 76 8 103
    46 83 44 92 24 105 111 75 68 70 68 126 17 38 57 78 20 23 21 47 77
    121 7 15 27 109 33 108 10 120 83 56 92 7 32 76 87 40 97 51 124 20 32
    24 103 61 54 12 107 21 55 108 60 77 82 81 36 19 27 44 31 46 91 59 45
    66 103 29 92 53 102 92 34 39 109 51 61 45 90 35 13 90 23 81 97 72 51
    27 86 41 1 50 117 27 96 30 109 120 85 73 112 27 44 72 34 119 3 31 5
    52 43 17 122 49 64 81 20 106 38 63 63 75 61 83 109 66 61 112 16 61
    86 37 21 55 121 24 114 43 106 22 110 101 111 121 74 104 19 14 12 99
    100 43 90 126 42 95 17 61 113 56 88 103 87 39 110 108 105 110 117 75
    70 44 106 91 32 12 71 33 84 118 125 76 7 90 58 33 22 5 25 24 124 26
    71 37 13 82 21 80 22 15 58 104 20 70 81 12 88 88 18 14 75 21 23 48
    42 60 106 97 14 14 7 62 78 50 117 87 6 0 5 29 123 84 80 5 106 24 9
    112 79 70 45 73 118 11 97 114 127 97 11 54 78 66 8 73 85 92 98 66 10
    97 106 39 90 98 54 31 111 123 56 106 19 91 42 50 117 25 51 61 65 50
    121 18 117 120 88 122 7 11 64 67 104 117 115 44 84 27 58 127 114 9
    75 90 32 95 4 1 30 68 18 27 71 69 30 24 109 97 78 17 44 114 18 34 22
    54 50 17 75 105 85 92 7 41 93 101 0 106 72 104 2 126 84 93 15 89 69
    37 15 61 93 73 42 57 68 68 76 23 65 71 43 71 116 18 90 82 20 110 88
    106 79 42 78 32 33 56 44 122 48 82 20 29 51 120 89 52 14 114 103 93
    67 56 49 77 6 64 95 90 8 62 2 16 15 125 0 44 63 37 107 25 20 125 100
    120 48 55 15 117 12 50 31 49 72 109 11 21 80 81 98 95 19 19 1 87 78
    20 24 125 68 38 88 27 87 55 68 113 116 73 25 80 113 0 121 32 27 89 2
    31 115 47 97 120 16 108 49 28 21 20 58 21 102 17 44 97 72 114 62 4
    77 46 22 69 11 66 4 109 42 68 53 47 89 55 34 4 57 49 62 55 121 31 5
    64 59 32 93 85 114 100 101 77 31 19 121 3 11 82 36 79 101 61 107 80
    27 107 45 16 95 58 110 0 109 55 22 71 62 98 48 77 103 16 65 92 115
    122 70 127 17 33 99 84 53 122 17 84 34 50 81 76 60 127 32 30 24 90
    58 125 15 20 16 81 126 108 31 80 49 78 108 85 68 122 88 61 82 118
    111 20 72 56 76 98 101 16 76 47 96 97 51 89 120 33 72 50 3 96 107 92
    94 61 9 50 47 121 38 39 103 69 37 19 10 52 64 89 84 59 41 97 5 25 70
    18 50</data></test_img1>
<test_img2 type_id="opencv-matrix">
  <rows>30</rows>
  <cols>20</cols>
  <dt>"3u"</dt>
  <data>
    180 250 241 220 137 206 225 137 242 143 172 146 188 200 143 215 206
    227 139 196 252 152 151 224 177 128 176 184 177 246 253 196 212 154
    163 246 171 185 245 238 186 245 161 238 183 235 134 178 141 168 193
    214 239 229 148 130 166 218 128 251 183 171 227 164 248 220 231 222
    223 235 234 233 188 240 159 204 166 233 204 230 226 155 214 188 227
    242 243 216 238 210 239 254 190 182 226 199 151 245 131 251 142 156
    154 158 232 209 154 185 129 202 248 243 170 187 144 155 192 218 247
    178 237 224 179 158 181 138 198 225 240 215 212 246 158 175 182 246
    182 147 165 205 211 155 162 169 165 129 245 133 218 199 211 222 186
    156 229 169 150 225 183 183 209 214 144 139 177 132 132 226 171 128
    222 136 167 253 130 242 229 237 130 163 228 249 212 183 220 188 238
    227 135 166 150 230 174 231 215 196 230 174 212 166 182 167 188 184
    186 245 170 181 130 139 153 224 214 164 251 154 254 238 136 231 218
    132 187 164 253 172 190 130 165 234 166 208 232 226 134 204 167 187
    160 236 167 135 167 167 233 174 144 224 233 153 131 205 236 229 190
    172 146 236 230 188 242 203 246 248 217 232 194 252 227 236 224 185
    177 241 221 231 165 153 155 183 149 232 164 196 129 226 227 233 226
    255 200 138 178 149 186 237 206 164 148 185 189 225 246 159 188 187
    232 219 218 174 229 224 142 235 128 168 247 206 169 205 145 147 168
    183 178 240 247 204 191 179 138 142 161 184 176 141 147 161 239 128
    205 244 229 183 190 181 208 212 210 224 128 204 165 196 138 224 220
    163 143 164 129 133 220 198 198 206 236 208 160 209 240 227 137 133
    210 232 174 206 156 188 180 161 215 180 211 136 162 159 155 252 223
    186 219 147 139 134 226 152 143 214 196 143 132 223 159 165 146 144
    144 135 136 253 224 129 145 206 166 192 227 194 135 207 217 224 184
    129 162 200 132 197 167 148 243 221 250 237 162 250 149 230 165 228
    236 134 221 155 171 135 212 210 134 128 130 137 209 152 235 247 128
    190 226 196 238 221 208 177 154 204 222 162 253 152 135 142 206 254
    163 167 243 168 216 143 182 166 141 137 191 225 150 233 141 246 149
    148 179 169 235 243 186 235 242 174 181 180 198 192 179 221 137 189
    135 229 197 156 172 251 227 167 232 169 191 142 155 251 251 227 212
    243 228 164 239 244 251 135 138 241 162 251 247 237 230 170 246 197
    130 249 250 232 232 205 156 140 213 194 242 161 172 178 231 231 218
    141 179 194 219 184 230 132 248 222 147 204 191 183 200 153 174 214
    199 245 140 128 239 137 231 251 173 141 169 129 255 206 166 138 227
    189 242 230 144 239 150 219 216 198 236 148 248 181 157 234 179 196
    250 186 169 163 186 169 148 199 166 181 203 169 222 231 196 224 214
    152 211 149 228 235 173 217 255 192 153 160 209 233 250 227 245 249
    141 188 180 181 198 220 226 201 249 239 221 214 135 182 180 166 129
    138 181 183 181 162 220 241 253 130 155 217 173 245 134 171 203 236
    221 146 225 246 208 210 253 207 155 178 213 194 228 129 160 243 143
    175 184 215 217 171 239 132 240 190 151 152 194 172 157 166 237 137
    253 227 224 216 254 241 209 252 227 139 200 223 152 150 199 245 225
    168 210 245 220 154 237 230 241 187 226 241 140 143 250 152 188 169
    212 183 143 209 141 179 212 215 232 171 163 145 185 241 189 164 145
    254 165 243 176 213 221 243 148 213 140 128 232 137 173 138 192 225
    214 253 158 184 208 150 189 254 194 194 208 230 195 226 188 148 241
    246 194 239 236 131 250 240 173 241 139 248 157 223 219 252 135 194
    156 247 163 198 147 145 227 213 162 234 206 183 159 186 153 176 134
    140 231 205 220 213 234 212 189 135 222 142 189 150 244 159 202 186
    144 195 221 200 144 177 183 195 188 176 222 255 154 224 231 162 184
    200 188 160 138 169 158 217 164 218 201 191 180 231 165 233 137 145
    224 231 132 139 183 214 152 196 214 243 163 207 141 128 203 194 198
    156 150 214 181 140 240 162 139 135 241 167 200 205 148 146 215 205
    197 250 243 243 188 154 243 137 142 212 143 189 191 167 179 153 200
    221 227 175 176 249 192 198 221 156 249 128 231 186 210 179 175 179
    200 149 253 138 242 151 169 155 155 156 184 128 132 197 220 130 250
    253 207 245 140 174 164 183 148 255 160 176 206 139 252 242 242 165
    194 157 235 230 245 156 175 231 183 156 162 156 183 148 141 185 222
    147 215 197 140 153 248 238 179 250 228 157 169 179 141 134 145 248
    228 199 130 177 150 184 244 151 242 213 226 154 211 180 229 242 190
    194 128 158 249 191 241 196 227 148 138 194 134 138 159 170 186 170
    232 206 156 229 160 151 170 190 247 220 254 204 172 157 227 211 205
    162 219 255 140 251 249 227 179 224 196 198 196 240 149 246 253 255
    192 173 203 248 196 192 209 149 173 153 142 153 148 252 137 255 244
    237 151 212 219 244 159 208 131 194 225 189 224 168 191 247 230 212
    144 141 226 245 181 128 220 219 224 143 194 205 139 250 245 135 203
    248 182 213 162 251 215 229 145 160 165 214 180 225 159 152 194 133
    199 225 241 199 145 146 164 146 145 207 141 247 139 158 149 161 174
    159 235 195 130 164 170 157 218 166 162 157 137 222 206 229 206 166
    187 142 242 247 170 202 160 147 185 230 186 161 162 222 131 130 186
    211 246 238 227 190 164 188 217 184 188 225 231 187 218 230 140 145
    162 174 131 175 162 225 252 236 175 201 225 146 212 132 145 156 220
    161 250 226 166 236 136 182 153 208 214 253 134 247 147 137 144 208
    238 241 192 161 211 244 202 214 172 160 222 243 203 233 205 235 146
    254 142 167 246 145 206 182 193 216 137 228 250 201 217 192 149 178
    193 131 177 207 156 243 146 212 196 188 190 249 221 138 209 244 234
    206 157 130 214 174 250 133 128 169 136 172 147 210 252 252 133 142
    152 178 251 238 238 130 176 155 148 245 134 236 201 173 254 161 163
    129 174 150 144 183 208 253 215 182 128 192 199 161 161 214 187 134
    137 177 165 169 237 231 177 254 249 155 253 137 130 245 169 186 221
    186 221 179 227 160 155 190 234 180 194 174 220 228 129 141 226 233
    170 172 155 181 164 195 252 170 159 214 200 204 202 241 153 137 249
    211 207 223 143 149 174 136 170 228 220 216 191 169 239 218 134 216
    251 137 142 136 172 144 248 140 255 243 230 174 173 171 176 143 208
    133 202 203 206 146 147 191 170 237 221 131 198 186 144 223 227 177
    223 248 183 167 130 162 211 160 164 186 144 139 241 188 137 217 208
    161 199 166 182 215 172 138 183 222 130 164 155 232 237 216 141 142
    235 255 204 145 141 201 234 247 163 229 220 236 179 218 239 215 212
    236 169 154 225 189 253 153 172 128 223 153 220 168 210 131 171 206
    225 219 228 148 218 209 191 252 211 146 247 161 229 138 162 190 247
    203 199 154 167 133 166 226 174 173 220 203 154 181 200 250 236 182
    131 227 239 245 161 179 169 214 172 191 147 235 186 236 180 205 192
    209 179 163 153 216 193 216 193 220 182 220 157 156 178 189 139 207
    226 161 172 137 250 218 134 225 181 225 213 225 132 202 170 240 254
    196 214 214 159 251 244 225 211 237 163 254 226 214 156 133 151 165
    192 241 138 198 205 245 135 202 148 246 184 215 182 180 176 241 168
    237 194 169 200 250 154 252 139 208 142 200 143 240 176 168 140 148
    239 225 213 153 165 167 229 152 220 163 227 215 175 208 170 254 153
    152 249 153 178 247 190 202 193 189 189 190 187 155 183 157 240 203
    179 190 245 173 179 159 246 158 226 230 208 210 135 219 233 191 187
    181 252 183 164 205 165 137 212 210 193 246 183 159 164 222 214 137
    182 192 136 233 178 144 164 159 242 248 133 155 146 167 225 176 253
    150 139 207 251 204 206 180 151 253 142 208 212 231 165 209 210 179
    135 218 232 193 208 200 222 143 132 177 240 191 142 236 218 143 128
    163 196 246 227 245 186 214 162 246 214 185 253 227 185 148</data></test_img2>
<test_mask type_id="opencv-matrix">
  <rows>30</rows>
  <cols>20</cols>
  <dt>"3u"</dt>
  <data>
    0 0 0 0 0 0 0 0 0 0 0 0 0 0 0 0 0 0 0 0 0 0 0 0 0 0 0 0 0 0 0 0 0 0
    0 0 0 0 0 0 0 0 0 0 0 0 0 0 0 0 0 0 0 0 0 0 0 0 0 0 0 0 0 0 0 0 0 0
    0 0 0 0 0 0 0 0 0 0 0 0 0 0 0 0 0 0 0 0 0 0 0 0 0 0 0 0 0 0 0 0 0 0
    0 0 0 0 0 0 0 0 0 0 0 0 0 0 0 0 0 0 0 0 0 0 0 0 0 0 0 0 0 0 0 0 0 0
    0 0 0 0 0 0 0 0 0 0 0 0 0 0 0 0 0 0 0 0 0 0 0 0 0 0 0 0 0 0 0 0 0 0
    0 0 0 0 0 0 0 0 0 0 0 0 0 0 0 0 0 0 0 0 0 0 0 0 0 0 0 0 0 0 0 0 0 0
    0 0 0 0 0 0 0 0 0 0 0 0 0 0 0 0 0 0 0 0 0 0 0 0 0 0 0 0 0 0 0 0 0 0
    0 0 0 0 0 0 0 0 0 0 0 0 0 0 0 0 0 0 0 0 0 0 0 0 0 0 0 0 0 0 0 0 0 0
    0 0 0 0 0 0 0 0 0 0 0 0 0 0 0 0 0 0 0 0 0 0 0 0 0 0 0 0 0 0 0 0 0 0
    0 0 0 0 0 0 0 0 0 0 0 0 0 0 0 0 0 0 0 0 0 0 0 0 0 0 0 0 0 0 0 0 0 0
    0 0 0 0 0 0 0 0 0 0 0 0 0 0 0 0 0 0 0 0 0 0 0 0 0 0 0 0 0 0 0 0 0 0
    0 0 0 0 0 0 0 0 0 0 0 0 0 0 0 0 0 0 0 0 0 0 0 0 0 0 0 0 0 0 0 0 0 0
    0 0 0 0 0 0 0 0 0 0 0 0 0 0 0 0 0 0 0 0 0 0 0 0 0 0 0 0 0 0 0 0 0 0
    0 0 0 0 0 0 0 0 0 0 0 0 0 0 0 0 0 0 0 0 0 0 0 0 0 0 0 0 0 0 0 0 0 0
    0 0 0 0 0 0 0 0 0 0 0 0 0 0 0 0 0 0 0 0 0 0 0 0 0 0 0 0 0 0 0 0 0 0
    0 0 0 0 0 0 0 0 0 0 0 0 0 0 0 0 0 0 0 0 0 0 0 0 0 0 0 0 0 0 0 0 0 0
    0 0 0 0 0 0 0 0 0 0 0 0 0 0 0 0 0 0 0 0 0 0 0 0 0 0 0 0 0 0 0 0 0 0
    0 0 0 0 0 0 0 0 0 0 0 0 0 0 0 0 0 0 0 0 0 0 0 0 0 0 0 0 0 0 0 0 0 0
    0 0 0 0 0 0 0 0 0 0 0 0 0 0 0 0 0 0 0 0 0 0 0 0 0 0 0 0 0 0 0 0 0 0
    0 0 0 0 0 0 0 0 0 0 0 0 0 0 0 0 0 0 0 0 0 0 0 0 0 0 0 0 0 0 0 0 0 0
    0 0 0 0 0 0 0 0 0 0 0 0 0 0 0 0 0 0 0 0 0 0 0 0 0 0 0 0 0 0 0 0 0 0
    0 0 0 0 0 0 0 0 0 0 0 0 0 0 0 0 0 0 0 0 0 0 0 0 0 0 0 0 0 0 0 0 0 0
    0 0 0 0 0 0 0 0 0 0 0 0 0 0 0 0 0 0 0 0 0 0 0 0 0 0 0 0 0 0 0 0 0 0
    0 0 0 0 0 0 0 0 0 0 255 255 255 255 255 255 255 255 255 255 255 255
    255 255 255 0 0 0 0 0 0 0 0 0 0 0 0 0 0 0 0 0 0 0 0 0 0 0 0 0 0 0 0
    0 0 0 0 0 0 0 0 0 0 0 0 0 0 0 0 0 255 255 255 255 255 255 255 255
    255 255 255 255 255 255 255 0 0 0 0 0 0 0 0 0 0 0 0 0 0 0 0 0 0 0 0
    0 0 0 0 0 0 0 0 0 0 0 0 0 0 0 0 0 0 0 0 0 0 0 0 0 255 255 255 255
    255 255 255 255 255 255 255 255 255 255 255 0 0 0 0 0 0 0 0 0 0 0 0
    0 0 0 0 0 0 0 0 0 0 0 0 0 0 0 0 0 0 0 0 0 0 0 0 0 0 0 0 0 0 0 0 0
    255 255 255 255 255 255 255 255 255 255 255 255 255 255 255 0 0 0 0
    0 0 0 0 0 0 0 0 0 0 0 0 0 0 0 0 0 0 0 0 0 0 0 0 0 0 0 0 0 0 0 0 0 0
    0 0 0 0 0 0 0 0 0 0 0 0 0 0 0 0 0 0 0 0 0 0 0 0 0 0 0 0 0 0 0 0 0 0
    0 0 0 0 0 0 0 0 0 0 0 0 0 0 0 0 0 0 0 0 0 0 0 0 0 0 0 0 0 0 0 0 0 0
    0 0 0 0 0 0 0 0 0 0 0 0 0 0 0 0 0 0 0 0 0 0 0 0 0 0 0 0 0 0 0 0 0 0
    0 0 0 0 0 0 0 0 0 0 0 0 0 0 0 0 0 0 0 0 0 0 0 0 0 0 0 0 0 0 0 0 0 0
    0 0 0 0 0 0 0 0 0 0 0 0 0 0 0 0 0 0 0 0 0 0 0 0 0 0 0 0 0 0 0 0 0 0
    0 0 0 0 0 0 0 0 0 0 0 0 0 0 0 0 0 0 0 0 0 0 0 0 0 0 0 0 0 0 0 0 0 0
    0 0 0 0 0 0 0 0 0 0 0 0 0 0 0 0 0 0 0 0 0 0 0 0 0 0 0 0 0 0 0 0 0 0
    0 0 0 0 0 0 0 0 0 0 0 0 0 0 0 0 0 0 0 0 0 0 0 0 0 0 0 0 0 0 0 0 0 0
    0 0 0 0 0 0 0 0 0 0 0 0 0 0 0 0 0 0 0 0 0 0 0 0 0 0 0 0 0 0 0 0 0 0
    0 0 0 0 0 0 0 0 0 0 0 0 0 0 0 0 0 0 0 0 0 0 0 0 0 0 0 0 0 0 0 0 0 0
    0 0 0 0 0 0 0 0 0 0 0 0 0 0 0 0 0 0 0 0 0 0 0 0 0 0 0 0 0 0 0 0 0 0
    0 0 0 0 0 0 0 0 0 0 0 0 0 0 0 0 0 0 0 0 0 0 0 0 0 0 0 0 0 0 0 0 0 0
    0 0 0 0 0 0 0 0 0 0 0 0 0 0 0 0 0 0 0 0 0 0 0 0 0 0 0 0 0 0 0 0 0 0
    0 0 0 0 0 0 0 0 0 0 0 0 0 0 0 0 0 0 0 0 0 0 0 0 0 0 0 0 0 0 0 0 0 0
    0 0 0 0 0 0 0 0 0 0 0 0 0 0 0 0 0 0 0 0 0 0 0 0 0 0 0 0 0 0 0 0 0 0
    0 0 0 0 0 0 0 0 0 0 0 0 0 0 0 0 0 0 0 0 0 0 0 0 0 0 0 0 0 0 0 0 0 0
    0 0 0 0 0 0 0 0 0 0 0 0 0 0 0 0 0 0 0 0 0 0 0 0 0 0 0 0 0 0 0 0 0 0
    0 0 0 0 0 0 0 0 0 0 0 0 0 0 0 0 0 0 0 0 0 0 0 0 0 0 0 0 0 0 0 0 0 0
    0 0 0 0 0 0 0 0 0 0 0 0 0 0 0 0 0 0 0 0 0 0 0 0 0 0 0 0 0 0 0 0 0 0
    0 0 0 0 0 0 0 0 0 0 0 0 0 0 0 0 0 0 0 0 0 0 0 0 0 0 0 0 0 0 0 0 0 0
    0 0 0 0 0 0 0 0 0 0 0 0 0 0 0 0 0 0 0 0 0 0 0 0 0 0 0 0 0 0 0 0 0 0
    0 0 0 0 0 0 0 0 0 0 0 0 0 0 0 0 0 0 0 0 0 0 0 0 0 0 0 0 0 0 0 0 0 0
    0 0 0 0 0 0 0 0 0 0 0 0 0 0 0 0 0 0 0 0 0 0 0 0 0 0 0</data></test_mask>
<my_img type_id="opencv-matrix">
  <rows>30</rows>
  <cols>20</cols>
  <dt>"3u"</dt>
  <data>
    180 250 241 220 137 206 225 137 242 143 172 146 188 200 143 215 206
    227 139 196 252 152 151 224 177 128 176 184 177 246 253 196 212 154
    163 246 171 185 245 238 186 245 161 238 183 235 134 178 141 168 193
    214 239 229 148 130 166 218 128 251 183 171 227 164 248 220 231 222
    223 235 234 233 188 240 159 204 166 233 204 230 226 155 214 188 227
    242 243 216 238 210 239 254 190 182 226 199 151 245 131 251 142 156
    154 158 232 209 154 185 129 202 248 243 170 187 144 155 192 218 247
    178 237 224 179 158 181 138 198 225 240 215 212 246 158 175 182 246
    182 147 165 205 211 155 162 169 165 129 245 133 218 199 211 222 186
    156 229 169 150 225 183 183 209 214 144 139 177 132 132 226 171 128
    222 136 167 253 130 242 229 237 130 163 228 249 212 183 220 188 238
    227 135 166 150 230 174 231 215 196 230 174 212 166 182 167 188 184
    186 245 170 181 130 139 153 224 214 164 251 154 254 238 136 231 218
    132 187 164 253 172 190 130 165 234 166 208 232 226 134 204 167 187
    160 236 167 135 167 167 233 174 144 224 233 153 131 205 236 229 190
    172 146 236 230 188 242 203 246 248 217 232 194 252 227 236 224 185
    177 241 221 231 165 153 155 183 149 232 164 196 129 226 227 233 226
    255 200 138 178 149 186 237 206 164 148 185 189 225 246 159 188 187
    232 219 218 174 229 224 142 235 128 168 247 206 169 205 145 147 168
    183 178 240 247 204 191 179 138 142 161 184 176 141 147 161 239 128
    205 244 229 183 190 181 208 212 210 224 128 204 165 196 138 224 220
    163 143 164 129 133 220 198 198 206 236 208 160 209 240 227 137 133
    210 232 174 206 156 188 180 161 215 180 211 136 162 159 155 252 223
    186 219 147 139 134 226 152 143 214 196 143 132 223 159 165 146 144
    144 135 136 253 224 129 145 206 166 192 227 194 135 207 217 224 184
    129 162 200 132 197 167 148 243 221 250 237 162 250 149 230 165 228
    236 134 221 155 171 135 212 210 134 128 130 137 209 152 235 247 128
    190 226 196 238 221 208 177 154 204 222 162 253 152 135 142 206 254
    163 167 243 168 216 143 182 166 141 137 191 225 150 233 141 246 149
    148 179 169 235 243 186 235 242 174 181 180 198 192 179 221 137 189
    135 229 197 156 172 251 227 167 232 169 191 142 155 251 251 227 212
    243 228 164 239 244 251 135 138 241 162 251 247 237 230 170 246 197
    130 249 250 232 232 205 156 140 213 194 242 161 172 178 231 231 218
    141 179 194 219 184 230 132 248 222 147 204 191 183 200 153 174 214
    199 245 140 128 239 137 231 251 173 141 169 129 255 206 166 138 227
    189 242 230 144 239 150 219 216 198 236 148 248 181 157 234 179 196
    250 186 169 163 186 169 148 199 166 181 203 169 222 231 196 224 214
    152 211 149 228 235 173 217 255 192 153 160 209 233 250 227 245 249
    141 188 180 181 198 220 226 201 249 239 221 214 135 182 180 166 129
    138 181 183 181 162 220 241 253 130 155 217 173 245 134 171 203 236
    221 146 225 246 208 210 253 207 155 178 213 194 228 129 160 243 143
    175 184 215 217 171 239 132 240 190 151 152 194 172 157 166 237 137
    253 227 224 216 254 241 209 252 227 139 200 223 152 150 199 245 225
    168 210 245 220 154 237 230 241 187 226 241 140 143 250 152 188 169
    212 183 143 209 141 179 212 215 232 171 163 145 185 241 189 164 145
    254 165 243 176 213 221 243 148 213 140 128 232 137 173 138 192 225
    214 253 158 184 208 150 189 254 194 194 100 94 22 97 96 2 87 27 70
    35 109 125 89 84 114 241 139 248 157 223 219 252 135 194 156 247 163
    198 147 145 227 213 162 234 206 183 159 186 153 176 134 140 231 205
    220 213 234 212 189 135 222 142 189 150 244 159 202 186 144 195 39
    121 67 123 83 62 50 67 104 28 37 69 127 72 94 200 188 160 138 169
    158 217 164 218 201 191 180 231 165 233 137 145 224 231 132 139 183
    214 152 196 214 243 163 207 141 128 203 194 198 156 150 214 181 140
    240 162 139 135 241 167 24 98 112 27 83 120 17 2 61 22 59 117 11 101
    113 212 143 189 191 167 179 153 200 221 227 175 176 249 192 198 221
    156 249 128 231 186 210 179 175 179 200 149 253 138 242 151 169 155
    155 156 184 128 132 197 220 130 250 253 207 245 69 59 6 88 103 92
    119 61 94 24 109 60 37 67 104 157 235 230 245 156 175 231 183 156
    162 156 183 148 141 185 222 147 215 197 140 153 248 238 179 250 228
    157 169 179 141 134 145 248 228 199 130 177 150 184 244 151 242 213
    226 154 211 180 229 242 190 194 128 158 249 191 241 196 227 148 138
    194 134 138 159 170 186 170 232 206 156 229 160 151 170 190 247 220
    254 204 172 157 227 211 205 162 219 255 140 251 249 227 179 224 196
    198 196 240 149 246 253 255 192 173 203 248 196 192 209 149 173 153
    142 153 148 252 137 255 244 237 151 212 219 244 159 208 131 194 225
    189 224 168 191 247 230 212 144 141 226 245 181 128 220 219 224 143
    194 205 139 250 245 135 203 248 182 213 162 251 215 229 145 160 165
    214 180 225 159 152 194 133 199 225 241 199 145 146 164 146 145 207
    141 247 139 158 149 161 174 159 235 195 130 164 170 157 218 166 162
    157 137 222 206 229 206 166 187 142 242 247 170 202 160 147 185 230
    186 161 162 222 131 130 186 211 246 238 227 190 164 188 217 184 188
    225 231 187 218 230 140 145 162 174 131 175 162 225 252 236 175 201
    225 146 212 132 145 156 220 161 250 226 166 236 136 182 153 208 214
    253 134 247 147 137 144 208 238 241 192 161 211 244 202 214 172 160
    222 243 203 233 205 235 146 254 142 167 246 145 206 182 193 216 137
    228 250 201 217 192 149 178 193 131 177 207 156 243 146 212 196 188
    190 249 221 138 209 244 234 206 157 130 214 174 250 133 128 169 136
    172 147 210 252 252 133 142 152 178 251 238 238 130 176 155 148 245
    134 236 201 173 254 161 163 129 174 150 144 183 208 253 215 182 128
    192 199 161 161 214 187 134 137 177 165 169 237 231 177 254 249 155
    253 137 130 245 169 186 221 186 221 179 227 160 155 190 234 180 194
    174 220 228 129 141 226 233 170 172 155 181 164 195 252 170 159 214
    200 204 202 241 153 137 249 211 207 223 143 149 174 136 170 228 220
    216 191 169 239 218 134 216 251 137 142 136 172 144 248 140 255 243
    230 174 173 171 176 143 208 133 202 203 206 146 147 191 170 237 221
    131 198 186 144 223 227 177 223 248 183 167 130 162 211 160 164 186
    144 139 241 188 137 217 208 161 199 166 182 215 172 138 183 222 130
    164 155 232 237 216 141 142 235 255 204 145 141 201 234 247 163 229
    220 236 179 218 239 215 212 236 169 154 225 189 253 153 172 128 223
    153 220 168 210 131 171 206 225 219 228 148 218 209 191 252 211 146
    247 161 229 138 162 190 247 203 199 154 167 133 166 226 174 173 220
    203 154 181 200 250 236 182 131 227 239 245 161 179 169 214 172 191
    147 235 186 236 180 205 192 209 179 163 153 216 193 216 193 220 182
    220 157 156 178 189 139 207 226 161 172 137 250 218 134 225 181 225
    213 225 132 202 170 240 254 196 214 214 159 251 244 225 211 237 163
    254 226 214 156 133 151 165 192 241 138 198 205 245 135 202 148 246
    184 215 182 180 176 241 168 237 194 169 200 250 154 252 139 208 142
    200 143 240 176 168 140 148 239 225 213 153 165 167 229 152 220 163
    227 215 175 208 170 254 153 152 249 153 178 247 190 202 193 189 189
    190 187 155 183 157 240 203 179 190 245 173 179 159 246 158 226 230
    208 210 135 219 233 191 187 181 252 183 164 205 165 137 212 210 193
    246 183 159 164 222 214 137 182 192 136 233 178 144 164 159 242 248
    133 155 146 167 225 176 253 150 139 207 251 204 206 180 151 253 142
    208 212 231 165 209 210 179 135 218 232 193 208 200 222 143 132 177
    240 191 142 236 218 143 128 163 196 246 227 245 186 214 162 246 214
    185 253 227 185 148</data></my_img>
<your_img type_id="opencv-matrix">
  <rows>30</rows>
  <cols>20</cols>
  <dt>"3u"</dt>
  <data>
    68 119 61 117 57 61 25 89 96 53 55 74 16 6 116 107 120 26 22 120 93
    22 2 9 40 1 66 85 59 123 112 62 116 74 64 117 21 4 52 124 34 74 26
    67 89 1 29 114 112 94 60 119 119 95 74 76 32 120 17 74 90 29 127 49
    124 105 32 26 3 21 20 10 58 38 24 87 40 4 115 4 105 55 103 120 120
    102 30 47 125 104 112 87 47 92 19 45 41 84 117 107 23 15 110 43 101
    119 80 73 33 56 74 22 116 97 31 62 77 71 55 46 76 89 35 101 83 123
    107 101 24 106 53 75 70 73 90 86 70 126 41 29 42 117 108 29 71 88 37
    57 94 115 62 125 83 1 109 4 117 91 119 36 97 8 79 18 90 4 65 23 93
    99 59 93 88 27 101 20 51 10 100 86 66 80 82 64 86 67 102 15 23 96 96
    98 61 12 54 62 113 32 14 107 37 113 12 118 114 16 91 85 103 4 41 81
    48 119 104 61 88 98 2 66 48 26 34 80 120 14 100 4 37 126 107 31 123
    18 116 52 84 4 7 68 65 108 73 30 72 51 81 114 47 79 105 44 7 94 91
    63 98 1 53 107 27 70 37 52 106 23 93 104 20 18 10 16 18 73 85 11 3
    12 68 7 67 19 62 82 107 99 31 53 10 63 66 42 49 58 62 77 80 124 116
    8 55 106 13 16 32 88 85 73 89 105 91 79 93 11 120 17 52 61 31 34 41
    113 114 61 26 74 10 8 56 58 92 19 81 53 82 58 17 39 11 114 113 0 22
    51 83 19 9 5 11 117 125 97 117 16 18 105 13 66 11 13 93 64 64 60 113
    79 15 43 99 118 13 89 69 29 67 53 120 61 25 62 125 85 66 17 71 3 88
    7 101 58 107 48 112 12 114 112 93 70 73 111 100 55 32 6 95 54 1 60
    45 72 9 114 66 97 55 64 103 67 106 91 106 90 40 20 16 22 70 50 40
    120 19 96 62 126 82 79 122 46 120 53 94 40 30 47 26 74 23 84 115 121
    85 9 61 112 115 41 98 104 26 49 33 14 59 27 7 10 7 58 44 58 109 4 61
    122 14 55 7 29 113 18 60 31 66 74 15 18 6 48 37 20 31 81 85 43 74 45
    21 24 10 96 15 33 75 29 63 70 6 64 5 117 114 9 52 34 97 81 88 88 26
    14 123 108 104 55 116 77 122 115 65 67 1 121 9 123 59 125 65 38 21
    90 8 25 96 96 59 121 67 100 78 35 44 2 16 92 77 127 88 48 44 68 63
    47 39 20 93 1 107 18 41 19 36 77 1 84 123 72 110 56 17 75 94 75 13
    39 112 94 51 17 123 93 22 27 59 112 74 10 90 68 61 67 96 116 65 127
    65 2 54 123 58 38 19 84 100 64 72 64 50 68 50 75 28 28 80 36 64 107
    116 103 30 10 46 55 63 27 64 57 67 3 96 75 66 35 87 82 89 102 45 113
    33 9 54 51 28 117 80 43 63 68 72 19 43 9 11 126 37 65 66 50 4 23 106
    12 5 69 99 57 108 43 123 52 13 41 34 82 44 114 81 1 80 26 37 103 22
    77 24 13 2 1 105 107 26 58 92 41 100 86 69 95 53 61 82 84 51 92 32
    121 39 17 97 86 74 19 0 22 38 29 66 116 84 8 47 91 105 87 78 106 33
    37 32 11 22 67 36 45 44 57 102 120 107 91 85 76 30 107 120 112 23 46
    41 90 117 96 77 49 19 8 40 71 127 120 94 40 69 57 61 53 125 69 119
    116 8 67 65 100 87 52 98 9 83 105 89 16 208 230 195 226 188 148 241
    246 194 239 236 131 250 240 173 79 4 4 79 105 107 70 87 117 61 69 78
    14 76 56 111 3 84 117 53 100 85 69 120 11 12 91 58 58 49 67 97 11 47
    38 79 122 99 49 123 12 76 90 1 40 221 200 144 177 183 195 188 176
    222 255 154 224 231 162 184 44 89 4 6 84 19 110 9 48 109 72 23 91
    125 34 79 41 9 125 37 37 106 101 68 61 11 29 50 114 81 77 79 101 1
    79 88 45 34 103 51 13 118 65 92 21 200 205 148 146 215 205 197 250
    243 243 188 154 243 137 142 55 52 69 5 42 102 96 12 125 51 52 34 15
    114 105 39 39 72 22 12 55 79 27 120 84 109 122 68 84 111 52 65 85 21
    77 87 82 86 8 11 29 100 60 79 70 140 174 164 183 148 255 160 176 206
    139 252 242 242 165 194 92 120 56 112 93 113 32 10 43 99 2 0 26 71
    42 88 122 65 15 49 126 88 66 70 105 105 1 106 86 105 123 60 86 46 40
    103 81 75 110 86 15 84 35 75 100 108 120 81 63 105 60 72 112 111 68
    67 114 47 93 74 75 21 106 1 106 38 37 24 57 56 69 43 66 7 49 60 4
    101 8 47 15 27 16 44 104 116 0 83 123 102 87 123 75 20 127 115 33 88
    45 98 105 26 24 115 30 100 105 57 88 15 37 62 15 114 53 5 83 92 71
    104 62 23 69 109 64 86 21 91 106 23 107 41 5 110 71 1 103 109 12 96
    91 67 20 27 19 119 45 25 118 12 19 1 23 55 37 21 105 22 67 43 80 118
    70 37 107 21 115 24 16 102 97 3 40 60 29 33 50 3 7 47 114 76 8 103
    46 83 44 92 24 105 111 75 68 70 68 126 17 38 57 78 20 23 21 47 77
    121 7 15 27 109 33 108 10 120 83 56 92 7 32 76 87 40 97 51 124 20 32
    24 103 61 54 12 107 21 55 108 60 77 82 81 36 19 27 44 31 46 91 59 45
    66 103 29 92 53 102 92 34 39 109 51 61 45 90 35 13 90 23 81 97 72 51
    27 86 41 1 50 117 27 96 30 109 120 85 73 112 27 44 72 34 119 3 31 5
    52 43 17 122 49 64 81 20 106 38 63 63 75 61 83 109 66 61 112 16 61
    86 37 21 55 121 24 114 43 106 22 110 101 111 121 74 104 19 14 12 99
    100 43 90 126 42 95 17 61 113 56 88 103 87 39 110 108 105 110 117 75
    70 44 106 91 32 12 71 33 84 118 125 76 7 90 58 33 22 5 25 24 124 26
    71 37 13 82 21 80 22 15 58 104 20 70 81 12 88 88 18 14 75 21 23 48
    42 60 106 97 14 14 7 62 78 50 117 87 6 0 5 29 123 84 80 5 106 24 9
    112 79 70 45 73 118 11 97 114 127 97 11 54 78 66 8 73 85 92 98 66 10
    97 106 39 90 98 54 31 111 123 56 106 19 91 42 50 117 25 51 61 65 50
    121 18 117 120 88 122 7 11 64 67 104 117 115 44 84 27 58 127 114 9
    75 90 32 95 4 1 30 68 18 27 71 69 30 24 109 97 78 17 44 114 18 34 22
    54 50 17 75 105 85 92 7 41 93 101 0 106 72 104 2 126 84 93 15 89 69
    37 15 61 93 73 42 57 68 68 76 23 65 71 43 71 116 18 90 82 20 110 88
    106 79 42 78 32 33 56 44 122 48 82 20 29 51 120 89 52 14 114 103 93
    67 56 49 77 6 64 95 90 8 62 2 16 15 125 0 44 63 37 107 25 20 125 100
    120 48 55 15 117 12 50 31 49 72 109 11 21 80 81 98 95 19 19 1 87 78
    20 24 125 68 38 88 27 87 55 68 113 116 73 25 80 113 0 121 32 27 89 2
    31 115 47 97 120 16 108 49 28 21 20 58 21 102 17 44 97 72 114 62 4
    77 46 22 69 11 66 4 109 42 68 53 47 89 55 34 4 57 49 62 55 121 31 5
    64 59 32 93 85 114 100 101 77 31 19 121 3 11 82 36 79 101 61 107 80
    27 107 45 16 95 58 110 0 109 55 22 71 62 98 48 77 103 16 65 92 115
    122 70 127 17 33 99 84 53 122 17 84 34 50 81 76 60 127 32 30 24 90
    58 125 15 20 16 81 126 108 31 80 49 78 108 85 68 122 88 61 82 118
    111 20 72 56 76 98 101 16 76 47 96 97 51 89 120 33 72 50 3 96 107 92
    94 61 9 50 47 121 38 39 103 69 37 19 10 52 64 89 84 59 41 97 5 25 70
    18 50</data></your_img>
</opencv_storage>
