<?xml version="1.0"?>
<opencv_storage>
<L2_diff>5.7795029198020138e+03</L2_diff>
<test_img1 type_id="opencv-matrix">
  <rows>30</rows>
  <cols>20</cols>
  <dt>"3u"</dt>
  <data>
    68 35 92 106 89 69 46 16 23 107 124 82 59 31 113 36 21 52 82 110 4
    123 44 6 56 31 103 53 8 76 122 104 29 97 19 55 110 86 72 63 69 111
    59 46 85 66 56 120 113 29 71 107 3 30 18 19 118 106 66 19 1 17 81 54
    28 86 74 51 62 2 17 103 45 29 89 55 25 11 122 105 22 89 56 71 20 8
    43 81 2 124 27 13 103 29 12 8 44 127 25 98 103 50 79 41 41 32 93 109
    20 53 102 51 43 76 34 16 67 84 61 46 59 25 66 108 59 74 101 43 55 96
    124 0 104 24 0 94 63 109 52 78 75 27 112 26 112 111 16 91 67 126 15
    113 10 116 108 12 99 26 12 107 25 66 50 80 37 81 77 72 45 34 71 9
    125 6 52 87 58 122 108 65 78 8 41 104 18 67 121 123 68 27 28 19 111
    7 29 93 52 95 49 25 2 3 13 13 85 35 56 76 124 22 110 75 22 103 7 116
    106 96 109 45 88 91 122 13 3 115 125 99 28 43 93 78 13 77 41 52 4 50
    30 14 68 110 77 109 33 8 55 67 115 39 109 123 14 37 32 104 23 0 5 66
    122 87 19 7 60 70 33 56 21 111 22 4 122 109 59 86 119 56 91 84 125
    70 1 106 125 44 45 1 123 15 6 117 121 62 88 56 79 98 126 15 113 111
    5 112 112 119 81 19 53 76 48 65 108 46 89 59 120 79 86 22 22 80 5 26
    13 21 98 96 72 17 21 49 34 24 85 33 21 121 108 97 5 15 63 42 19 16
    71 14 41 61 115 43 49 81 59 67 117 0 105 50 6 127 64 78 59 82 77 100
    52 52 89 48 38 95 65 46 91 127 103 27 56 36 42 64 35 35 56 104 115
    63 80 101 70 37 64 57 65 86 100 105 21 87 0 38 116 83 64 105 41 92
    51 65 85 34 110 103 72 56 53 49 103 41 125 44 78 44 119 80 97 127
    114 47 157 222 210 238 170 251 156 184 245 201 139 164 209 234 169
    233 190 250 203 137 248 118 23 24 100 44 114 103 60 80 106 54 37 46
    62 0 99 24 92 76 73 86 60 126 51 112 18 79 101 126 55 100 105 29 57
    82 80 33 65 80 208 157 146 201 215 201 241 195 129 167 147 195 229
    168 150 219 150 236 227 220 211 98 82 93 61 70 21 100 37 64 5 16 22
    98 75 38 3 22 115 36 1 7 97 106 127 2 105 84 26 94 77 71 60 125 88
    126 34 101 107 95 236 233 149 212 238 177 240 194 235 167 151 140
    146 179 149 174 246 178 220 186 198 82 58 6 58 22 26 121 47 87 36 86
    117 41 112 121 78 24 98 43 107 82 48 34 38 99 90 63 115 15 55 23 25
    111 88 43 48 110 103 87 36 70 49 86 29 87 119 127 15 99 54 47 122
    120 104 105 19 21 27 59 72 71 53 71 116 31 47 29 21 34 59 114 127
    116 40 2 6 93 86 1 20 127 6 43 98 7 107 121 91 71 13 50 55 11 96 114
    13 41 127 36 94 127 42 12 118 14 39 69 74 15 25 107 21 72 42 77 12
    87 14 12 51 73 33 92 58 70 117 108 3 64 11 8 116 32 32 109 17 50 71
    21 108 75 33 17 121 120 100 37 111 76 3 64 110 31 63 71 28 116 118
    18 118 122 79 27 95 61 108 8 73 5 6 67 5 47 5 1 113 3 61 100 66 28
    53 121 103 100 63 39 89 55 53 53 88 86 31 74 106 65 95 109 125 98 41
    82 52 98 83 17 107 24 10 25 92 52 25 75 16 72 76 118 63 49 65 86 38
    71 107 42 27 124 55 124 111 106 71 120 98 19 57 2 11 36 44 119 79 82
    34 63 125 63 126 21 127 101 23 31 16 5 94 91 115 16 88 125 51 114
    102 23 101 41 118 85 115 51 49 93 13 56 122 20 52 25 55 31 117 62 50
    97 117 23 79 61 48 25 6 19 69 94 116 89 16 120 115 77 86 116 113 49
    59 124 94 42 10 82 50 33 19 61 111 28 18 97 121 99 21 96 27 16 82 24
    13 52 65 98 8 53 40 94 103 42 10 55 84 61 120 93 120 118 113 88 16
    127 60 106 85 19 53 88 11 60 83 70 116 87 55 56 26 40 6 100 72 76 91
    96 0 60 108 38 69 33 100 46 114 90 54 85 65 27 36 61 54 74 97 117 14
    29 101 36 126 46 16 48 58 33 106 120 6 0 55 29 110 20 21 79 36 90 31
    118 49 72 115 102 67 96 11 117 46 51 7 43 120 28 50 45 44 38 62 65
    66 107 120 70 73 55 94 11 90 85 46 75 123 7 30 66 27 92 125 107 114
    122 115 4 112 58 67 75 35 22 76 122 81 73 29 92 87 82 51 11 114 42
    22 95 83 105 82 55 81 16 98 83 94 4 111 53 44 71 0 126 34 50 46 22
    109 101 17 73 103 9 92 57 11 123 65 2 125 104 120 16 22 32 101 83 55
    47 21 112 125 54 126 73 55 116 68 55 111 125 65 23 66 79 122 92 102
    118 102 22 82 25 63 108 68 7 90 6 74 84 35 36 61 82 84 12 104 25 40
    70 17 15 109 76 78 18 114 71 44 117 9 103 92 27 102 107 2 40 114 59
    95 89 72 126 92 42 28 0 39 105 103 58 42 51 58 10 9 103 57 7 51 29
    88 25 113 19 102 43 54 78 53 37 8 55 97 111 74 106 60 98 105 37 47
    46 66 11 28 44 28 101 71 15 121 15 50 20 122 120 59 13 127 99 55 13
    105 99 57 0 64 33 45 65 86 5 105 1 50 116 59 92 31 115 110 33 22 107
    102 63 54 72 95 19 102 63 29 63 2 52 49 113 65 113 90 104 82 69 77
    40 94 50 5 39 16 85 10 82 112 103 100 104 61 77 11 99 5 6 47 106 62
    32 113 13 30 102 56 40 120 51 65 82 95 35 42 36 30 75 37 97 72 85 38
    11 10 45 7 16 24 83 20 56 59 18 97 6 81 54 63 86 78 12 29 99 103 88
    58 55 20 37 18 84 124 46 34 4 115 73 91 117 40 118 71 98 26 74 119
    12 51 127 9 27 21 88 106 82 36 17 23 120 79 54 110 0 84 64 56 46 83
    17 0 22 27 9 69 13 48 29 83 101 40 43 88 3 30 62 60 123 120 73 49 24
    94 93 53 31 40 10 101 126 110 27 23 93 107 123 69 94 43 115 39 107
    80 76 69 112 9 80 126 3 114 41 116 88 35 69 84 84 111 44 28 72 90 82
    18 81 5 94 121 71 117 111 41 90 121 123 79 23 71 20 16 24 124 59 93
    32 66 1 30 40 48 30 31 92 82 11 55 56 112 64 55 46 36 68 75 107 110
    14 46 116 41 99 31 12 125 24 88 98 45 85 32 106 2 8 38 69 59 48 46
    92 90 79 58 22 18 21 125 0 56 107 50 62 63 67 44 17 81 114 94 54 90
    29 27 76 9 109 126 105 57 44 108 118 68 99 93 70 10 70 32 84 24 81
    93 66 104 57 29 53 117 106 75 56 61 126 23 59 91 59 44 22 75 7 20 76
    55 115 93 92 15 8 53 80 33 85 19 47 77 83 69 46 37 60 33 96 27 70 8
    109 48 45 76 64 51 123 43 33 101 119 20 97 112 11 126 19 83 63 13
    103 56 78 118 100 73 11 26 66 59 40 123 88 84 125 46 8 121 61 116 48
    12 99 52 89 91 29 74 109 104 49 86 69 6 57 98 47 117 4 54 110 81 83
    73 33 5 47 105 66 43 89 110 125 110 111 70 113 18 47 94 114 33 103
    117 115 81 16 84 126 66 118 34 16 73 46 32 22 32 107 73 44 49 55 82
    49 96 55 64 16 9 87 4 118 54 30 4 78 66 121 19 85 10 22 67 67 99 118
    54 2 114 45 0 40 55 71 73 121 7 110 91 59 9 34 113 3 30 101 123 103
    39 82 119 6 3 39 55 22 46 93 64 63 115 123 101 112 17 79 87 46 109
    30 69 105 69 106 112 111 53 120 14 106 107 43 41 27 111 48 96 85 11
    31 73 72 94 101 88 61 107 97 47 126 11 39 5 61 73 94</data></test_img1>
<test_img2 type_id="opencv-matrix">
  <rows>30</rows>
  <cols>20</cols>
  <dt>"3u"</dt>
  <data>
    195 213 183 252 249 197 173 238 209 176 176 230 220 140 174 185 158
    217 236 153 203 254 180 191 245 131 156 155 128 179 159 213 242 173
    141 217 148 171 226 164 252 187 197 178 212 153 210 196 151 207 140
    229 183 156 159 232 181 241 217 139 165 247 246 193 128 241 134 229
    135 145 147 172 137 156 138 164 188 168 130 187 157 158 220 255 151
    147 159 133 168 156 153 251 203 242 223 215 131 248 229 192 193 238
    220 184 212 221 208 198 164 160 147 152 162 195 139 177 157 240 189
    206 239 220 196 203 210 237 159 165 208 216 221 218 161 189 210 205
    226 240 154 178 228 185 147 151 225 196 241 162 141 188 238 163 239
    161 165 186 174 152 175 185 168 236 178 202 175 250 156 172 222 216
    129 159 211 161 190 177 178 146 238 173 197 146 146 150 175 152 234
    222 183 188 164 232 178 199 207 192 207 162 159 215 147 203 233 170
    138 168 128 232 145 157 185 128 218 157 179 193 254 250 232 139 201
    223 133 155 197 171 187 133 236 247 139 207 235 221 232 188 234 226
    212 215 214 152 219 128 147 226 242 141 128 128 240 131 173 191 230
    132 221 137 246 144 132 153 144 217 215 201 146 159 218 196 214 244
    154 147 185 181 157 224 170 205 148 140 148 139 204 222 230 247 145
    221 229 165 151 145 231 252 253 181 174 212 238 152 153 185 224 236
    243 161 203 208 160 170 145 217 182 230 131 234 204 224 242 245 172
    255 210 135 157 143 195 192 201 165 181 255 172 171 195 174 211 211
    174 163 250 229 131 133 178 146 209 233 133 148 222 235 181 249 248
    144 200 162 226 253 229 165 232 148 213 216 201 184 197 149 220 235
    238 211 176 185 199 182 208 241 206 173 142 132 139 255 199 246 128
    245 198 133 142 209 136 132 147 197 238 184 255 204 236 229 139 188
    156 183 137 162 147 136 247 238 145 182 152 145 218 171 251 134 152
    226 158 239 243 224 162 207 157 222 210 238 170 251 156 184 245 201
    139 164 209 234 169 233 190 250 203 137 248 142 167 239 154 178 203
    248 197 218 132 238 151 248 232 208 156 185 131 248 223 168 147 240
    248 248 190 227 132 153 226 136 193 158 241 129 251 191 145 146 208
    157 146 201 215 201 241 195 129 167 147 195 229 168 150 219 150 236
    227 220 211 237 145 254 206 188 158 128 164 159 169 234 162 195 192
    196 212 146 238 147 224 167 218 244 156 160 237 130 194 136 135 241
    159 215 181 207 129 254 158 160 236 233 149 212 238 177 240 194 235
    167 151 140 146 179 149 174 246 178 220 186 198 191 169 247 144 244
    147 219 222 128 195 198 198 245 135 195 196 171 210 140 138 134 254
    169 249 225 166 148 164 245 185 175 183 221 200 170 220 150 130 165
    145 189 176 171 219 246 173 247 203 194 136 128 253 161 129 207 203
    213 238 142 136 159 144 255 205 241 183 159 183 254 251 240 239 196
    158 188 255 154 192 176 201 173 160 194 146 141 184 178 148 187 157
    166 167 199 155 234 227 189 164 216 224 253 234 145 220 240 195 190
    163 158 189 214 235 172 222 226 154 250 241 218 231 234 167 220 135
    236 185 172 229 146 205 247 247 136 130 179 232 174 134 239 209 239
    223 197 189 212 132 148 172 254 135 139 162 157 137 229 203 244 212
    209 210 182 130 155 153 206 213 165 148 146 146 161 141 243 206 196
    249 136 239 134 239 186 192 188 225 142 206 211 212 215 150 205 167
    213 184 209 242 168 177 205 214 213 229 239 214 165 205 247 226 201
    241 139 214 224 233 213 244 240 238 199 136 205 205 146 226 231 185
    182 143 145 236 145 249 179 238 181 178 208 147 199 156 166 135 209
    223 242 162 213 234 209 131 162 223 213 146 196 139 187 206 188 150
    169 155 141 169 139 174 253 246 245 230 182 174 210 218 240 217 185
    230 133 153 154 185 214 153 224 131 190 222 237 225 185 179 188 222
    166 207 201 168 147 149 231 232 216 198 231 181 211 206 195 169 151
    238 211 165 201 162 179 229 171 249 183 162 162 166 226 216 240 171
    243 169 198 251 199 132 255 212 228 212 242 212 252 245 215 153 227
    181 193 171 135 149 242 167 194 238 247 157 155 235 237 188 200 154
    234 209 150 171 237 201 160 244 229 208 250 175 197 141 163 213 136
    248 182 208 237 168 229 156 155 138 209 148 203 252 193 148 165 230
    255 192 239 243 139 249 197 247 160 247 172 159 145 248 211 174 151
    197 236 217 219 145 181 247 231 138 151 200 209 203 145 219 154 140
    161 139 174 165 201 182 246 135 143 250 188 187 222 197 208 154 211
    205 137 237 229 150 146 243 198 164 159 235 228 188 245 180 195 181
    236 135 201 195 255 244 244 188 253 228 236 172 156 218 156 231 159
    251 154 155 141 235 191 133 201 151 146 155 255 129 242 170 159 134
    133 197 212 210 140 168 199 219 194 135 170 220 179 215 185 162 215
    197 223 191 235 132 208 235 204 142 208 190 246 192 189 141 193 162
    201 157 179 205 193 128 180 173 168 232 170 211 148 160 211 132 231
    170 239 188 136 183 251 230 188 231 220 209 205 158 223 166 220 210
    158 241 212 159 130 176 129 232 176 227 161 151 192 169 162 186 189
    239 247 189 244 189 173 195 247 174 175 222 132 156 217 230 233 207
    207 186 247 182 178 186 213 138 219 202 153 134 190 138 246 164 183
    131 186 174 190 247 139 161 215 250 246 234 134 232 137 171 189 183
    161 190 160 187 184 187 250 240 211 133 240 232 139 227 188 167 140
    134 214 239 241 151 179 224 131 137 135 209 208 170 150 129 162 201
    153 210 183 245 129 136 247 177 191 166 250 166 193 236 191 176 170
    231 198 166 201 173 246 159 159 132 131 140 215 163 170 237 250 189
    255 200 241 187 193 242 244 189 220 229 177 140 210 145 142 129 193
    194 197 235 207 158 138 229 130 181 181 239 170 220 222 233 202 145
    174 138 215 235 224 196 189 152 144 232 226 172 243 206 222 207 254
    247 217 248 139 190 250 178 247 247 206 211 175 183 129 170 187 245
    189 142 130 153 249 130 249 239 175 147 182 151 217 146 205 255 144
    149 165 204 239 210 168 160 129 140 152 245 194 230 180 138 238 128
    129 182 230 247 172 235 219 148 148 154 188 150 128 140 189 168 200
    179 200 220 180 152 145 172 175 139 244 181 219 177 169 161 246 146
    142 233 136 171 180 162 207 157 165 192 138 211 224 192 237 151 188
    248 157 238 169 187 193 129 165 209 153 148 205 173 208 229 214 221
    183 251 253 201 221 181 180 220 134 159 244 249 147 241 162 200 169
    245 185 171 217 251 229 215 211 154 251 234 182 179 171 173 190 174
    169 198 169 135 227 148 201 232 245 251 190 154 194 172 155 212 230
    231 218 185 154 211 205 195 164 203 253 254 246 238 147 137 226 246
    200 212 167 201 167 236 215 166 212 170 244 154 232 132 226 229 149
    153 195 210 165 254 159 221 177 156 149 168 146 195 201 211 137 194
    181 175 202 253 229 218 238 161 186 205 241 222 187 189 248 211 137
    218 250 215 146 220 146 136 221 191 148 220 174 138 163 216 154 186
    152 137 154 206 158 216 233 134 236 187 130 223 207 135 254 134 149
    135 132 211 155 184 221 155 165 152 174 133 212 135 231 230 138 230
    173 139 168 169 172 211 150 243 211 241 234 142 250 211 167 162 247
    205 247 134 191 235 211 249 218 191 179 146 220 167 254 227 159 246
    148 192 183 197 233 178 132 166 142 188 158 254 159 194 232 191 204
    182 147 197 219 232 193 251 201 160 252 139 135 129 133 235 220 164
    149 228 143 165 234 145 242 216 138 149 137 129 223 229 217 238 223
    238 179 222 209 202 180 220 213 146 231 189 247 148 164 150 131 224
    166 222 232 137 251 208 145 148 136 197 173 250 205 136 228 156 251
    212 140 155 201 159 193 130 223 189 136 156 134 196 164 163 229 184
    175 170 222 207 236 149 145 242 146 251 181 147 235 194 139 183 173
    175 195 185 221 153 237 157 134 189 178 186 215 202 148 219 181 188
    223 184 135 223 249 138 143 249 178 140 227 129 196 142 167</data></test_img2>
<test_mask type_id="opencv-matrix">
  <rows>30</rows>
  <cols>20</cols>
  <dt>"3u"</dt>
  <data>
    0 0 0 0 0 0 0 0 0 0 0 0 0 0 0 0 0 0 0 0 0 0 0 0 0 0 0 0 0 0 0 0 0 0
    0 0 0 0 0 0 0 0 0 0 0 0 0 0 0 0 0 0 0 0 0 0 0 0 0 0 0 0 0 0 0 0 0 0
    0 0 0 0 0 0 0 0 0 0 0 0 0 0 0 0 0 0 0 0 0 0 0 0 0 0 0 0 0 0 0 0 0 0
    0 0 0 0 0 0 0 0 0 0 0 0 0 0 0 0 0 0 0 0 0 0 0 0 0 0 0 0 0 0 0 0 0 0
    0 0 0 0 0 0 0 0 0 0 0 0 0 0 0 0 0 0 0 0 0 0 0 0 0 0 0 0 0 0 0 0 0 0
    0 0 0 0 0 0 0 0 0 0 0 0 0 0 0 0 0 0 0 0 0 0 0 0 0 0 0 0 0 0 0 0 0 0
    0 0 0 0 0 0 0 0 0 0 0 0 0 0 0 0 0 0 0 0 0 0 0 0 0 0 0 0 0 0 0 0 0 0
    0 0 0 0 0 0 0 0 0 0 0 0 0 0 0 0 0 0 0 0 0 0 0 0 0 0 0 0 0 0 0 0 0 0
    0 0 0 0 0 0 0 0 0 0 0 0 0 0 0 0 0 0 0 0 0 0 0 0 0 0 0 0 0 0 0 0 0 0
    0 0 0 0 0 0 0 0 0 0 0 0 0 0 0 0 0 0 0 0 0 0 0 0 0 0 0 0 0 0 0 0 0 0
    0 0 0 0 0 0 0 0 0 0 0 0 0 0 0 0 0 0 0 0 0 0 0 0 0 0 0 0 0 0 0 0 0 0
    0 0 0 0 0 0 0 0 0 0 0 0 0 0 0 0 0 0 0 0 0 0 0 0 0 0 0 0 0 0 0 0 0 0
    0 0 0 0 0 0 0 0 0 0 0 0 0 0 0 0 0 0 0 0 0 0 0 0 255 255 255 255 255
    255 255 255 255 255 255 255 255 255 255 255 255 255 255 255 255 0 0
    0 0 0 0 0 0 0 0 0 0 0 0 0 0 0 0 0 0 0 0 0 0 0 0 0 0 0 0 0 0 0 0 0 0
    0 0 0 255 255 255 255 255 255 255 255 255 255 255 255 255 255 255
    255 255 255 255 255 255 0 0 0 0 0 0 0 0 0 0 0 0 0 0 0 0 0 0 0 0 0 0
    0 0 0 0 0 0 0 0 0 0 0 0 0 0 0 0 0 255 255 255 255 255 255 255 255
    255 255 255 255 255 255 255 255 255 255 255 255 255 0 0 0 0 0 0 0 0
    0 0 0 0 0 0 0 0 0 0 0 0 0 0 0 0 0 0 0 0 0 0 0 0 0 0 0 0 0 0 0 0 0 0
    0 0 0 0 0 0 0 0 0 0 0 0 0 0 0 0 0 0 0 0 0 0 0 0 0 0 0 0 0 0 0 0 0 0
    0 0 0 0 0 0 0 0 0 0 0 0 0 0 0 0 0 0 0 0 0 0 0 0 0 0 0 0 0 0 0 0 0 0
    0 0 0 0 0 0 0 0 0 0 0 0 0 0 0 0 0 0 0 0 0 0 0 0 0 0 0 0 0 0 0 0 0 0
    0 0 0 0 0 0 0 0 0 0 0 0 0 0 0 0 0 0 0 0 0 0 0 0 0 0 0 0 0 0 0 0 0 0
    0 0 0 0 0 0 0 0 0 0 0 0 0 0 0 0 0 0 0 0 0 0 0 0 0 0 0 0 0 0 0 0 0 0
    0 0 0 0 0 0 0 0 0 0 0 0 0 0 0 0 0 0 0 0 0 0 0 0 0 0 0 0 0 0 0 0 0 0
    0 0 0 0 0 0 0 0 0 0 0 0 0 0 0 0 0 0 0 0 0 0 0 0 0 0 0 0 0 0 0 0 0 0
    0 0 0 0 0 0 0 0 0 0 0 0 0 0 0 0 0 0 0 0 0 0 0 0 0 0 0 0 0 0 0 0 0 0
    0 0 0 0 0 0 0 0 0 0 0 0 0 0 0 0 0 0 0 0 0 0 0 0 0 0 0 0 0 0 0 0 0 0
    0 0 0 0 0 0 0 0 0 0 0 0 0 0 0 0 0 0 0 0 0 0 0 0 0 0 0 0 0 0 0 0 0 0
    0 0 0 0 0 0 0 0 0 0 0 0 0 0 0 0 0 0 0 0 0 0 0 0 0 0 0 0 0 0 0 0 0 0
    0 0 0 0 0 0 0 0 0 0 0 0 0 0 0 0 0 0 0 0 0 0 0 0 0 0 0 0 0 0 0 0 0 0
    0 0 0 0 0 0 0 0 0 0 0 0 0 0 0 0 0 0 0 0 0 0 0 0 0 0 0 0 0 0 0 0 0 0
    0 0 0 0 0 0 0 0 0 0 0 0 0 0 0 0 0 0 0 0 0 0 0 0 0 0 0 0 0 0 0 0 0 0
    0 0 0 0 0 0 0 0 0 0 0 0 0 0 0 0 0 0 0 0 0 0 0 0 0 0 0 0 0 0 0 0 0 0
    0 0 0 0 0 0 0 0 0 0 0 0 0 0 0 0 0 0 0 0 0 0 0 0 0 0 0 0 0 0 0 0 0 0
    0 0 0 0 0 0 0 0 0 0 0 0 0 0 0 0 0 0 0 0 0 0 0 0 0 0 0 0 0 0 0 0 0 0
    0 0 0 0 0 0 0 0 0 0 0 0 0 0 0 0 0 0 0 0 0 0 0 0 0 0 0 0 0 0 0 0 0 0
    0 0 0 0 0 0 0 0 0 0 0 0 0 0 0 0 0 0 0 0 0 0 0 0 0 0 0 0 0 0 0 0 0 0
    0 0 0 0 0 0 0 0 0 0 0 0 0 0 0 0 0 0 0 0 0 0 0 0 0 0 0 0 0 0 0 0 0 0
    0 0 0 0 0 0 0 0 0 0 0 0 0 0 0 0 0 0 0 0 0 0 0 0 0 0 0 0 0 0 0 0 0 0
    0 0 0 0 0 0 0 0 0 0 0 0 0 0 0 0 0 0 0 0 0 0 0 0 0 0 0 0 0 0 0 0 0 0
    0 0 0 0 0 0 0 0 0 0 0 0 0 0 0 0 0 0 0 0 0 0 0 0 0 0 0 0 0 0 0 0 0 0
    0 0 0 0 0 0 0 0 0 0 0 0 0 0 0 0 0 0 0 0 0 0 0 0 0 0 0 0 0 0 0 0 0 0
    0 0 0 0 0 0 0 0 0 0 0 0 0 0 0 0 0 0 0 0 0 0 0 0 0 0 0 0 0 0 0 0 0 0
    0 0 0 0 0 0 0 0 0 0 0 0 0 0 0 0 0 0 0 0 0 0 0 0 0 0 0 0 0 0 0 0 0 0
    0 0 0 0 0 0 0 0 0 0 0 0 0 0 0 0 0 0 0 0 0 0 0 0 0 0 0 0 0 0 0 0 0 0
    0 0 0 0 0 0 0 0 0 0 0 0 0 0 0 0 0 0 0 0 0 0 0 0 0 0 0 0 0 0 0 0 0 0
    0 0 0 0 0 0 0 0 0 0 0 0 0 0 0 0 0 0 0 0 0 0 0 0 0 0 0 0 0 0 0 0 0 0
    0 0 0 0 0 0 0 0 0 0 0 0 0 0 0 0 0 0 0 0 0 0 0 0 0 0 0 0 0 0 0 0 0 0
    0 0 0 0 0 0 0 0 0 0 0 0 0 0 0 0 0 0 0 0 0 0 0 0 0 0 0 0 0 0 0 0 0 0
    0 0 0 0 0 0 0 0 0 0 0 0 0 0 0 0 0 0 0 0 0 0 0 0 0 0 0 0 0 0 0 0 0 0
    0 0 0 0 0 0 0 0 0 0 0 0 0 0 0 0 0 0 0 0 0 0 0 0 0 0 0 0 0 0 0 0 0 0
    0 0 0 0 0 0 0 0 0 0 0 0 0 0 0 0 0 0 0 0 0 0 0 0 0 0 0 0 0 0 0 0 0 0
    0 0 0 0 0 0 0 0 0 0 0 0 0 0 0 0 0 0 0 0 0 0 0 0 0 0 0 0 0</data></test_mask>
<my_img type_id="opencv-matrix">
  <rows>30</rows>
  <cols>20</cols>
  <dt>"3u"</dt>
  <data>
    195 213 183 252 249 197 173 238 209 176 176 230 220 140 174 185 158
    217 236 153 203 254 180 191 245 131 156 155 128 179 159 213 242 173
    141 217 148 171 226 164 252 187 197 178 212 153 210 196 151 207 140
    229 183 156 159 232 181 241 217 139 165 247 246 193 128 241 134 229
    135 145 147 172 137 156 138 164 188 168 130 187 157 158 220 255 151
    147 159 133 168 156 153 251 203 242 223 215 131 248 229 192 193 238
    220 184 212 221 208 198 164 160 147 152 162 195 139 177 157 240 189
    206 239 220 196 203 210 237 159 165 208 216 221 218 161 189 210 205
    226 240 154 178 228 185 147 151 225 196 241 162 141 188 238 163 239
    161 165 186 174 152 175 185 168 236 178 202 175 250 156 172 222 216
    129 159 211 161 190 177 178 146 238 173 197 146 146 150 175 152 234
    222 183 188 164 232 178 199 207 192 207 162 159 215 147 203 233 170
    138 168 128 232 145 157 185 128 218 157 179 193 254 250 232 139 201
    223 133 155 197 171 187 133 236 247 139 207 235 221 232 188 234 226
    212 215 214 152 219 128 147 226 242 141 128 128 240 131 173 191 230
    132 221 137 246 144 132 153 144 217 215 201 146 159 218 196 214 244
    154 147 185 181 157 224 170 205 148 140 148 139 204 222 230 247 145
    221 229 165 151 145 231 252 253 181 174 212 238 152 153 185 224 236
    243 161 203 208 160 170 145 217 182 230 131 234 204 224 242 245 172
    255 210 135 157 143 195 192 201 165 181 255 172 171 195 174 211 211
    174 163 250 229 131 133 178 146 209 233 133 148 222 235 181 249 248
    144 200 162 226 253 229 165 232 148 213 216 201 184 197 149 220 235
    238 211 176 185 199 182 208 241 206 173 142 132 139 255 199 246 128
    245 198 133 142 209 136 132 147 197 238 184 255 204 236 229 139 188
    156 183 137 162 147 136 247 238 145 182 152 145 218 171 251 134 152
    226 158 239 243 224 162 207 125 41 62 66 7 119 11 56 101 44 20 37 24
    20 74 105 102 119 38 20 106 142 167 239 154 178 203 248 197 218 132
    238 151 248 232 208 156 185 131 248 223 168 147 240 248 248 190 227
    132 153 226 136 193 158 241 129 251 191 145 146 27 105 94 11 61 85
    27 100 87 104 98 51 111 51 127 7 49 29 125 94 118 237 145 254 206
    188 158 128 164 159 169 234 162 195 192 196 212 146 238 147 224 167
    218 244 156 160 237 130 194 136 135 241 159 215 181 207 129 254 158
    160 0 59 45 21 3 24 25 56 74 72 6 80 62 117 107 59 117 116 101 24 26
    191 169 247 144 244 147 219 222 128 195 198 198 245 135 195 196 171
    210 140 138 134 254 169 249 225 166 148 164 245 185 175 183 221 200
    170 220 150 130 165 145 189 176 171 219 246 173 247 203 194 136 128
    253 161 129 207 203 213 238 142 136 159 144 255 205 241 183 159 183
    254 251 240 239 196 158 188 255 154 192 176 201 173 160 194 146 141
    184 178 148 187 157 166 167 199 155 234 227 189 164 216 224 253 234
    145 220 240 195 190 163 158 189 214 235 172 222 226 154 250 241 218
    231 234 167 220 135 236 185 172 229 146 205 247 247 136 130 179 232
    174 134 239 209 239 223 197 189 212 132 148 172 254 135 139 162 157
    137 229 203 244 212 209 210 182 130 155 153 206 213 165 148 146 146
    161 141 243 206 196 249 136 239 134 239 186 192 188 225 142 206 211
    212 215 150 205 167 213 184 209 242 168 177 205 214 213 229 239 214
    165 205 247 226 201 241 139 214 224 233 213 244 240 238 199 136 205
    205 146 226 231 185 182 143 145 236 145 249 179 238 181 178 208 147
    199 156 166 135 209 223 242 162 213 234 209 131 162 223 213 146 196
    139 187 206 188 150 169 155 141 169 139 174 253 246 245 230 182 174
    210 218 240 217 185 230 133 153 154 185 214 153 224 131 190 222 237
    225 185 179 188 222 166 207 201 168 147 149 231 232 216 198 231 181
    211 206 195 169 151 238 211 165 201 162 179 229 171 249 183 162 162
    166 226 216 240 171 243 169 198 251 199 132 255 212 228 212 242 212
    252 245 215 153 227 181 193 171 135 149 242 167 194 238 247 157 155
    235 237 188 200 154 234 209 150 171 237 201 160 244 229 208 250 175
    197 141 163 213 136 248 182 208 237 168 229 156 155 138 209 148 203
    252 193 148 165 230 255 192 239 243 139 249 197 247 160 247 172 159
    145 248 211 174 151 197 236 217 219 145 181 247 231 138 151 200 209
    203 145 219 154 140 161 139 174 165 201 182 246 135 143 250 188 187
    222 197 208 154 211 205 137 237 229 150 146 243 198 164 159 235 228
    188 245 180 195 181 236 135 201 195 255 244 244 188 253 228 236 172
    156 218 156 231 159 251 154 155 141 235 191 133 201 151 146 155 255
    129 242 170 159 134 133 197 212 210 140 168 199 219 194 135 170 220
    179 215 185 162 215 197 223 191 235 132 208 235 204 142 208 190 246
    192 189 141 193 162 201 157 179 205 193 128 180 173 168 232 170 211
    148 160 211 132 231 170 239 188 136 183 251 230 188 231 220 209 205
    158 223 166 220 210 158 241 212 159 130 176 129 232 176 227 161 151
    192 169 162 186 189 239 247 189 244 189 173 195 247 174 175 222 132
    156 217 230 233 207 207 186 247 182 178 186 213 138 219 202 153 134
    190 138 246 164 183 131 186 174 190 247 139 161 215 250 246 234 134
    232 137 171 189 183 161 190 160 187 184 187 250 240 211 133 240 232
    139 227 188 167 140 134 214 239 241 151 179 224 131 137 135 209 208
    170 150 129 162 201 153 210 183 245 129 136 247 177 191 166 250 166
    193 236 191 176 170 231 198 166 201 173 246 159 159 132 131 140 215
    163 170 237 250 189 255 200 241 187 193 242 244 189 220 229 177 140
    210 145 142 129 193 194 197 235 207 158 138 229 130 181 181 239 170
    220 222 233 202 145 174 138 215 235 224 196 189 152 144 232 226 172
    243 206 222 207 254 247 217 248 139 190 250 178 247 247 206 211 175
    183 129 170 187 245 189 142 130 153 249 130 249 239 175 147 182 151
    217 146 205 255 144 149 165 204 239 210 168 160 129 140 152 245 194
    230 180 138 238 128 129 182 230 247 172 235 219 148 148 154 188 150
    128 140 189 168 200 179 200 220 180 152 145 172 175 139 244 181 219
    177 169 161 246 146 142 233 136 171 180 162 207 157 165 192 138 211
    224 192 237 151 188 248 157 238 169 187 193 129 165 209 153 148 205
    173 208 229 214 221 183 251 253 201 221 181 180 220 134 159 244 249
    147 241 162 200 169 245 185 171 217 251 229 215 211 154 251 234 182
    179 171 173 190 174 169 198 169 135 227 148 201 232 245 251 190 154
    194 172 155 212 230 231 218 185 154 211 205 195 164 203 253 254 246
    238 147 137 226 246 200 212 167 201 167 236 215 166 212 170 244 154
    232 132 226 229 149 153 195 210 165 254 159 221 177 156 149 168 146
    195 201 211 137 194 181 175 202 253 229 218 238 161 186 205 241 222
    187 189 248 211 137 218 250 215 146 220 146 136 221 191 148 220 174
    138 163 216 154 186 152 137 154 206 158 216 233 134 236 187 130 223
    207 135 254 134 149 135 132 211 155 184 221 155 165 152 174 133 212
    135 231 230 138 230 173 139 168 169 172 211 150 243 211 241 234 142
    250 211 167 162 247 205 247 134 191 235 211 249 218 191 179 146 220
    167 254 227 159 246 148 192 183 197 233 178 132 166 142 188 158 254
    159 194 232 191 204 182 147 197 219 232 193 251 201 160 252 139 135
    129 133 235 220 164 149 228 143 165 234 145 242 216 138 149 137 129
    223 229 217 238 223 238 179 222 209 202 180 220 213 146 231 189 247
    148 164 150 131 224 166 222 232 137 251 208 145 148 136 197 173 250
    205 136 228 156 251 212 140 155 201 159 193 130 223 189 136 156 134
    196 164 163 229 184 175 170 222 207 236 149 145 242 146 251 181 147
    235 194 139 183 173 175 195 185 221 153 237 157 134 189 178 186 215
    202 148 219 181 188 223 184 135 223 249 138 143 249 178 140 227 129
    196 142 167</data></my_img>
<your_img type_id="opencv-matrix">
  <rows>30</rows>
  <cols>20</cols>
  <dt>"3u"</dt>
  <data>
    68 35 92 106 89 69 46 16 23 107 124 82 59 31 113 36 21 52 82 110 4
    123 44 6 56 31 103 53 8 76 122 104 29 97 19 55 110 86 72 63 69 111
    59 46 85 66 56 120 113 29 71 107 3 30 18 19 118 106 66 19 1 17 81 54
    28 86 74 51 62 2 17 103 45 29 89 55 25 11 122 105 22 89 56 71 20 8
    43 81 2 124 27 13 103 29 12 8 44 127 25 98 103 50 79 41 41 32 93 109
    20 53 102 51 43 76 34 16 67 84 61 46 59 25 66 108 59 74 101 43 55 96
    124 0 104 24 0 94 63 109 52 78 75 27 112 26 112 111 16 91 67 126 15
    113 10 116 108 12 99 26 12 107 25 66 50 80 37 81 77 72 45 34 71 9
    125 6 52 87 58 122 108 65 78 8 41 104 18 67 121 123 68 27 28 19 111
    7 29 93 52 95 49 25 2 3 13 13 85 35 56 76 124 22 110 75 22 103 7 116
    106 96 109 45 88 91 122 13 3 115 125 99 28 43 93 78 13 77 41 52 4 50
    30 14 68 110 77 109 33 8 55 67 115 39 109 123 14 37 32 104 23 0 5 66
    122 87 19 7 60 70 33 56 21 111 22 4 122 109 59 86 119 56 91 84 125
    70 1 106 125 44 45 1 123 15 6 117 121 62 88 56 79 98 126 15 113 111
    5 112 112 119 81 19 53 76 48 65 108 46 89 59 120 79 86 22 22 80 5 26
    13 21 98 96 72 17 21 49 34 24 85 33 21 121 108 97 5 15 63 42 19 16
    71 14 41 61 115 43 49 81 59 67 117 0 105 50 6 127 64 78 59 82 77 100
    52 52 89 48 38 95 65 46 91 127 103 27 56 36 42 64 35 35 56 104 115
    63 80 101 70 37 64 57 65 86 100 105 21 87 0 38 116 83 64 105 41 92
    51 65 85 34 110 103 72 56 53 49 103 41 125 44 78 44 119 80 97 127
    114 47 157 222 210 238 170 251 156 184 245 201 139 164 209 234 169
    233 190 250 203 137 248 118 23 24 100 44 114 103 60 80 106 54 37 46
    62 0 99 24 92 76 73 86 60 126 51 112 18 79 101 126 55 100 105 29 57
    82 80 33 65 80 208 157 146 201 215 201 241 195 129 167 147 195 229
    168 150 219 150 236 227 220 211 98 82 93 61 70 21 100 37 64 5 16 22
    98 75 38 3 22 115 36 1 7 97 106 127 2 105 84 26 94 77 71 60 125 88
    126 34 101 107 95 236 233 149 212 238 177 240 194 235 167 151 140
    146 179 149 174 246 178 220 186 198 82 58 6 58 22 26 121 47 87 36 86
    117 41 112 121 78 24 98 43 107 82 48 34 38 99 90 63 115 15 55 23 25
    111 88 43 48 110 103 87 36 70 49 86 29 87 119 127 15 99 54 47 122
    120 104 105 19 21 27 59 72 71 53 71 116 31 47 29 21 34 59 114 127
    116 40 2 6 93 86 1 20 127 6 43 98 7 107 121 91 71 13 50 55 11 96 114
    13 41 127 36 94 127 42 12 118 14 39 69 74 15 25 107 21 72 42 77 12
    87 14 12 51 73 33 92 58 70 117 108 3 64 11 8 116 32 32 109 17 50 71
    21 108 75 33 17 121 120 100 37 111 76 3 64 110 31 63 71 28 116 118
    18 118 122 79 27 95 61 108 8 73 5 6 67 5 47 5 1 113 3 61 100 66 28
    53 121 103 100 63 39 89 55 53 53 88 86 31 74 106 65 95 109 125 98 41
    82 52 98 83 17 107 24 10 25 92 52 25 75 16 72 76 118 63 49 65 86 38
    71 107 42 27 124 55 124 111 106 71 120 98 19 57 2 11 36 44 119 79 82
    34 63 125 63 126 21 127 101 23 31 16 5 94 91 115 16 88 125 51 114
    102 23 101 41 118 85 115 51 49 93 13 56 122 20 52 25 55 31 117 62 50
    97 117 23 79 61 48 25 6 19 69 94 116 89 16 120 115 77 86 116 113 49
    59 124 94 42 10 82 50 33 19 61 111 28 18 97 121 99 21 96 27 16 82 24
    13 52 65 98 8 53 40 94 103 42 10 55 84 61 120 93 120 118 113 88 16
    127 60 106 85 19 53 88 11 60 83 70 116 87 55 56 26 40 6 100 72 76 91
    96 0 60 108 38 69 33 100 46 114 90 54 85 65 27 36 61 54 74 97 117 14
    29 101 36 126 46 16 48 58 33 106 120 6 0 55 29 110 20 21 79 36 90 31
    118 49 72 115 102 67 96 11 117 46 51 7 43 120 28 50 45 44 38 62 65
    66 107 120 70 73 55 94 11 90 85 46 75 123 7 30 66 27 92 125 107 114
    122 115 4 112 58 67 75 35 22 76 122 81 73 29 92 87 82 51 11 114 42
    22 95 83 105 82 55 81 16 98 83 94 4 111 53 44 71 0 126 34 50 46 22
    109 101 17 73 103 9 92 57 11 123 65 2 125 104 120 16 22 32 101 83 55
    47 21 112 125 54 126 73 55 116 68 55 111 125 65 23 66 79 122 92 102
    118 102 22 82 25 63 108 68 7 90 6 74 84 35 36 61 82 84 12 104 25 40
    70 17 15 109 76 78 18 114 71 44 117 9 103 92 27 102 107 2 40 114 59
    95 89 72 126 92 42 28 0 39 105 103 58 42 51 58 10 9 103 57 7 51 29
    88 25 113 19 102 43 54 78 53 37 8 55 97 111 74 106 60 98 105 37 47
    46 66 11 28 44 28 101 71 15 121 15 50 20 122 120 59 13 127 99 55 13
    105 99 57 0 64 33 45 65 86 5 105 1 50 116 59 92 31 115 110 33 22 107
    102 63 54 72 95 19 102 63 29 63 2 52 49 113 65 113 90 104 82 69 77
    40 94 50 5 39 16 85 10 82 112 103 100 104 61 77 11 99 5 6 47 106 62
    32 113 13 30 102 56 40 120 51 65 82 95 35 42 36 30 75 37 97 72 85 38
    11 10 45 7 16 24 83 20 56 59 18 97 6 81 54 63 86 78 12 29 99 103 88
    58 55 20 37 18 84 124 46 34 4 115 73 91 117 40 118 71 98 26 74 119
    12 51 127 9 27 21 88 106 82 36 17 23 120 79 54 110 0 84 64 56 46 83
    17 0 22 27 9 69 13 48 29 83 101 40 43 88 3 30 62 60 123 120 73 49 24
    94 93 53 31 40 10 101 126 110 27 23 93 107 123 69 94 43 115 39 107
    80 76 69 112 9 80 126 3 114 41 116 88 35 69 84 84 111 44 28 72 90 82
    18 81 5 94 121 71 117 111 41 90 121 123 79 23 71 20 16 24 124 59 93
    32 66 1 30 40 48 30 31 92 82 11 55 56 112 64 55 46 36 68 75 107 110
    14 46 116 41 99 31 12 125 24 88 98 45 85 32 106 2 8 38 69 59 48 46
    92 90 79 58 22 18 21 125 0 56 107 50 62 63 67 44 17 81 114 94 54 90
    29 27 76 9 109 126 105 57 44 108 118 68 99 93 70 10 70 32 84 24 81
    93 66 104 57 29 53 117 106 75 56 61 126 23 59 91 59 44 22 75 7 20 76
    55 115 93 92 15 8 53 80 33 85 19 47 77 83 69 46 37 60 33 96 27 70 8
    109 48 45 76 64 51 123 43 33 101 119 20 97 112 11 126 19 83 63 13
    103 56 78 118 100 73 11 26 66 59 40 123 88 84 125 46 8 121 61 116 48
    12 99 52 89 91 29 74 109 104 49 86 69 6 57 98 47 117 4 54 110 81 83
    73 33 5 47 105 66 43 89 110 125 110 111 70 113 18 47 94 114 33 103
    117 115 81 16 84 126 66 118 34 16 73 46 32 22 32 107 73 44 49 55 82
    49 96 55 64 16 9 87 4 118 54 30 4 78 66 121 19 85 10 22 67 67 99 118
    54 2 114 45 0 40 55 71 73 121 7 110 91 59 9 34 113 3 30 101 123 103
    39 82 119 6 3 39 55 22 46 93 64 63 115 123 101 112 17 79 87 46 109
    30 69 105 69 106 112 111 53 120 14 106 107 43 41 27 111 48 96 85 11
    31 73 72 94 101 88 61 107 97 47 126 11 39 5 61 73 94</data></your_img>
</opencv_storage>
