<?xml version="1.0"?>
<opencv_storage>
<L2_diff>3.0979104247863593e+03</L2_diff>
<hue>60</hue>
<sensitivity>10</sensitivity>
<test_foreg type_id="opencv-matrix">
  <rows>30</rows>
  <cols>20</cols>
  <dt>"3u"</dt>
  <data>
    217 60 103 61 152 193 187 123 12 143 38 145 22 193 195 224 20 88 124
    220 246 118 204 153 214 212 86 128 108 58 129 221 108 241 171 29 80
    59 116 135 204 43 240 114 111 189 223 72 86 115 197 244 32 142 37
    228 68 208 169 86 217 77 37 12 142 236 0 155 215 76 61 60 193 107 84
    214 94 37 225 187 192 169 55 122 203 130 66 201 91 204 166 227 125
    112 26 155 249 175 13 236 54 47 69 160 70 111 39 215 128 31 55 117
    189 52 121 118 208 146 78 4 225 236 234 161 4 115 84 116 22 183 198
    254 17 70 201 155 127 230 51 153 164 172 124 102 190 96 142 40 0 105
    29 231 114 18 21 101 210 133 32 243 93 225 184 211 85 121 6 62 13 35
    103 238 163 6 238 166 239 60 41 3 237 185 221 58 169 165 243 103 14
    51 65 254 52 46 138 170 230 7 158 206 186 87 52 150 190 155 26 171
    102 117 174 238 154 44 61 36 5 103 253 35 123 49 28 188 227 228 103
    184 131 157 217 83 195 30 121 204 51 48 237 158 180 145 188 249 148
    109 31 131 244 6 51 144 38 139 225 242 144 68 206 79 229 255 136 45
    1 35 14 225 68 191 125 3 29 48 218 143 184 198 166 241 36 232 35 162
    114 99 94 35 232 230 109 104 80 239 250 73 67 156 77 184 211 108 176
    218 5 171 159 167 164 172 171 13 58 89 96 235 12 156 204 166 173 90
    138 143 208 245 202 166 140 156 94 138 19 44 110 198 54 252 51 34
    176 152 70 146 59 219 72 56 47 253 253 8 236 148 250 159 121 92 45
    118 141 196 113 189 249 104 192 206 108 131 24 65 64 125 217 197 8
    130 206 231 182 218 45 106 148 96 242 228 5 184 51 56 250 156 109 49
    130 212 2 90 63 0 55 8 217 102 8 6 110 64 120 11 85 176 136 100 196
    23 146 145 2 9 159 73 95 178 89 21 15 0 65 186 183 251 244 9 66 176
    143 15 146 51 172 134 213 134 176 10 194 205 12 184 198 183 45 193
    106 185 14 246 40 91 177 90 0 56 161 62 11 117 230 234 149 131 180
    254 203 45 100 95 93 59 146 91 142 243 14 49 120 195 131 139 74 172
    215 241 166 137 141 119 7 99 33 2 181 74 65 153 11 201 12 249 40 78
    145 98 210 146 64 248 207 29 144 156 64 61 213 167 106 133 150 175
    226 85 79 57 12 12 51 168 93 40 46 30 240 163 103 177 131 103 198
    247 17 8 13 117 160 113 21 1 143 235 168 189 91 139 239 60 178 60
    143 47 123 90 246 218 64 163 0 109 125 255 60 130 92 237 165 14 127
    48 53 197 103 96 74 75 99 244 196 244 176 134 147 15 202 186 132 59
    180 47 60 94 172 202 207 75 51 18 52 45 204 128 35 19 231 142 59 248
    239 11 255 191 118 13 28 138 55 198 133 152 134 98 87 70 47 7 101 45
    0 135 128 104 98 98 63 46 171 32 250 220 122 66 85 59 117 205 88 172
    232 142 64 52 161 0 2 148 213 195 156 224 174 155 204 126 252 217
    211 205 17 148 140 55 154 141 135 56 139 6 210 223 213 82 194 113
    239 124 21 43 106 185 72 179 32 184 104 155 32 105 6 143 132 104 123
    134 232 192 106 29 182 26 70 42 164 32 98 194 227 19 207 155 214 192
    35 180 221 121 185 56 239 118 113 181 251 203 63 251 35 225 23 135
    224 87 64 198 254 163 159 195 149 13 105 140 168 61 185 137 229 233
    148 120 139 63 45 57 80 90 122 123 240 116 214 20 191 123 102 126
    149 156 17 34 210 80 123 127 104 221 201 31 6 229 184 6 179 177 23
    15 246 241 54 234 108 70 228 79 192 188 217 61 207 139 56 95 115 194
    49 194 175 108 199 114 149 53 51 158 151 83 177 242 156 112 210 129
    154 154 128 53 31 154 153 140 84 215 28 14 200 130 105 154 248 226
    153 210 21 56 141 109 11 137 152 213 229 137 229 32 225 153 198 163
    151 136 137 41 52 173 43 83 69 101 195 75 105 139 109 154 154 25 128
    181 197 233 141 179 61 90 110 244 60 13 86 52 124 37 70 161 23 189
    128 249 221 42 52 245 5 162 242 86 108 131 36 223 134 122 36 34 221
    58 43 64 132 142 242 238 164 97 76 83 154 96 208 153 161 242 43 222
    168 176 82 239 96 116 85 100 211 8 11 131 212 145 16 88 62 209 73
    155 215 1 117 128 88 45 199 150 182 245 137 207 98 68 105 207 26 155
    237 92 105 114 202 168 200 67 27 28 197 231 44 182 241 155 30 120
    120 230 119 16 195 195 179 218 75 82 167 61 209 55 229 217 234 92
    194 151 235 32 104 120 188 7 203 77 113 177 242 9 248 147 88 172 40
    66 92 176 97 137 40 64 208 235 153 160 2 206 155 146 136 178 251 56
    242 205 130 205 100 146 144 242 28 254 39 16 85 222 240 172 149 76
    249 5 99 198 185 124 184 5 34 119 88 59 197 240 112 206 213 251 140
    15 58 188 128 58 241 53 44 163 18 129 160 111 247 59 216 63 95 253
    170 147 183 235 243 132 207 47 234 94 230 34 129 18 167 173 46 108
    69 12 5 221 66 43 212 219 54 212 149 14 71 36 97 225 222 161 112 34
    234 21 47 167 254 252 75 243 106 30 111 216 13 9 30 133 13 158 192
    116 43 66 238 10 93 184 177 242 152 175 185 182 42 230 232 83 35 92
    162 93 30 136 244 87 156 99 95 234 41 227 237 3 63 43 129 168 150
    122 21 57 187 166 143 167 110 197 118 128 254 230 139 187 28 30 224
    210 218 248 39 39 108 90 239 54 72 183 221 187 144 122 135 36 108
    199 77 49 109 216 40 216 169 41 237 71 241 18 148 80 247 127 42 208
    156 234 17 165 13 53 174 6 15 84 151 231 111 128 150 207 154 226 112
    83 201 154 61 167 111 203 164 123 37 246 153 201 233 46 53 77 112 1
    14 156 199 1 137 168 252 59 87 96 124 64 13 6 178 213 100 184 6 133
    64 63 103 219 63 171 61 145 6 102 229 134 127 2 188 115 112 215 95
    98 214 132 217 220 181 38 237 30 186 233 239 159 23 117 133 217 60
    124 63 207 197 51 57 43 218 5 181 45 120 166 229 148 150 151 51 4 63
    69 240 75 162 22 190 248 234 24 175 5 20 52 69 178 53 205 70 240 132
    177 9 73 85 16 131 18 239 251 45 12 147 209 253 219 212 152 242 198
    224 79 20 104 121 5 187 84 95 116 32 152 209 112 208 123 189 86 185
    64 223 15 92 28 100 110 96 228 232 48 145 92 22 152 35 106 200 5 98
    0 248 84 53 127 143 71 88 193 60 66 171 80 49 47 143 137 111 172 32
    34 130 110 171 116 94 177 132 29 13 62 11 159 104 78 66 137 120 141
    187 166 16 39 171 160 85 176 105 53 113 88 10 78 233 195 53 124 132
    26 225 222 58 236 250 160 147 233 142 125 158 233 48 171 49 195 228
    161 127 88 124 241 251 68 83 241 143 3 223 172 68 220 75 81 222 191
    131 63 45 247 207 4 160 106 96 70 190 178 10 75 171 73 139 98 128
    243 199 200 196 88 9 119 110 174 160 190 164 225 59 134 173 24 208
    134 4 29 106 234 109 167 20 184 43 136 177 220 44 137 174 35 180 0
    180 27 173 141 51 96 116 172 61 66 175 91 239 157 180 103 27 20 219
    164 159 224 138 168 97 80 72 57 198 235 55 151 143 4 163 149 65 24
    246 28 247 14 24 206 233 173 152 109 64 60 105 159 243 37 112 42 110
    223 112 96 20 107 9 32 81 36 56 252 155 204 60 23 161 197 57 226 116
    162 214 222 184 47 33 235 152 31 31 219 76 98 217 130 2 163 177 210
    108 33 91 121 92 83 96 161 89 42 82 167 94 88 250 143 166 212 86 225
    102 172 24 18 137 23 64 87 112 72 222 197 179 213 221 88 107 230 59
    1 45 73 244 232 49 152 28 45 11 58 238 159 91 100 52 124 72 126 86
    146 250 72 96 118 0 142 105 143 48 34 212 208 229 169 99 166 15 18</data></test_foreg>
<test_backg type_id="opencv-matrix">
  <rows>30</rows>
  <cols>20</cols>
  <dt>"3u"</dt>
  <data>
    128 128 128 128 128 128 128 128 128 128 128 128 128 128 128 128 128
    128 128 128 128 128 128 128 128 128 128 128 128 128 128 128 128 128
    128 128 128 128 128 128 128 128 128 128 128 128 128 128 128 128 128
    128 128 128 128 128 128 128 128 128 128 128 128 128 128 128 128 128
    128 128 128 128 128 128 128 128 128 128 128 128 128 128 128 128 128
    128 128 128 128 128 128 128 128 128 128 128 128 128 128 128 128 128
    128 128 128 128 128 128 128 128 128 128 128 128 128 128 128 128 128
    128 128 128 128 128 128 128 128 128 128 128 128 128 128 128 128 128
    128 128 128 128 128 128 128 128 128 128 128 128 128 128 128 128 128
    128 128 128 128 128 128 128 128 128 128 128 128 128 128 128 128 128
    128 128 128 128 128 128 128 128 128 128 128 128 128 128 128 128 128
    128 128 128 128 128 128 128 128 128 128 128 128 128 128 128 128 128
    128 128 128 128 128 128 128 128 128 128 128 128 128 128 128 128 128
    128 128 128 128 128 128 128 128 128 128 128 128 128 128 128 128 128
    128 128 128 128 128 128 128 128 128 128 128 128 128 128 128 128 128
    128 128 128 128 128 128 128 128 128 128 128 128 128 128 128 128 128
    128 128 128 128 128 128 128 128 128 128 128 128 128 128 128 128 128
    128 128 128 128 128 128 128 128 128 128 128 128 128 128 128 128 128
    128 128 128 128 128 128 128 128 128 128 128 128 128 128 128 128 128
    128 128 128 128 128 128 128 128 128 128 128 128 128 128 128 128 128
    128 128 128 128 128 128 128 128 128 128 128 128 128 128 128 128 128
    128 128 128 128 128 128 128 128 128 128 128 128 128 128 128 128 128
    128 128 128 128 128 128 128 128 128 128 128 128 128 128 128 128 128
    128 128 128 128 128 128 128 128 128 128 128 128 128 128 128 128 128
    128 128 128 128 128 128 128 128 128 128 128 128 128 128 128 128 128
    128 128 128 128 128 128 128 128 128 128 128 128 128 128 128 128 128
    128 128 128 128 128 128 128 128 128 128 128 128 128 128 128 128 128
    128 128 128 128 128 128 128 128 128 128 128 128 128 128 128 128 128
    128 128 128 128 128 128 128 128 128 128 128 128 128 128 128 128 128
    128 128 128 128 128 128 128 128 128 128 128 128 128 128 128 128 128
    128 128 128 128 128 128 128 128 128 128 128 128 128 128 128 128 128
    128 128 128 128 128 128 128 128 128 128 128 128 128 128 128 128 128
    128 128 128 128 128 128 128 128 128 128 128 128 128 128 128 128 128
    128 128 128 128 128 128 128 128 128 128 128 128 128 128 128 128 128
    128 128 128 128 128 128 128 128 128 128 128 128 128 128 128 128 128
    128 128 128 128 128 128 128 128 128 128 128 128 128 128 128 128 128
    128 128 128 128 128 128 128 128 128 128 128 128 128 128 128 128 128
    128 128 128 128 128 128 128 128 128 128 128 128 128 128 128 128 128
    128 128 128 128 128 128 128 128 128 128 128 128 128 128 128 128 128
    128 128 128 128 128 128 128 128 128 128 128 128 128 128 128 128 128
    128 128 128 128 128 128 128 128 128 128 128 128 128 128 128 128 128
    128 128 128 128 128 128 128 128 128 128 128 128 128 128 128 128 128
    128 128 128 128 128 128 128 128 128 128 128 128 128 128 128 128 128
    128 128 128 128 128 128 128 128 128 128 128 128 128 128 128 128 128
    128 128 128 128 128 128 128 128 128 128 128 128 128 128 128 128 128
    128 128 128 128 128 128 128 128 128 128 128 128 128 128 128 128 128
    128 128 128 128 128 128 128 128 128 128 128 128 128 128 128 128 128
    128 128 128 128 128 128 128 128 128 128 128 128 128 128 128 128 128
    128 128 128 128 128 128 128 128 128 128 128 128 128 128 128 128 128
    128 128 128 128 128 128 128 128 128 128 128 128 128 128 128 128 128
    128 128 128 128 128 128 128 128 128 128 128 128 128 128 128 128 128
    128 128 128 128 128 128 128 128 128 128 128 128 128 128 128 128 128
    128 128 128 128 128 128 128 128 128 128 128 128 128 128 128 128 128
    128 128 128 128 128 128 128 128 128 128 128 128 128 128 128 128 128
    128 128 128 128 128 128 128 128 128 128 128 128 128 128 128 128 128
    128 128 128 128 128 128 128 128 128 128 128 128 128 128 128 128 128
    128 128 128 128 128 128 128 128 128 128 128 128 128 128 128 128 128
    128 128 128 128 128 128 128 128 128 128 128 128 128 128 128 128 128
    128 128 128 128 128 128 128 128 128 128 128 128 128 128 128 128 128
    128 128 128 128 128 128 128 128 128 128 128 128 128 128 128 128 128
    128 128 128 128 128 128 128 128 128 128 128 128 128 128 128 128 128
    128 128 128 128 128 128 128 128 128 128 128 128 128 128 128 128 128
    128 128 128 128 128 128 128 128 128 128 128 128 128 128 128 128 128
    128 128 128 128 128 128 128 128 128 128 128 128 128 128 128 128 128
    128 128 128 128 128 128 128 128 128 128 128 128 128 128 128 128 128
    128 128 128 128 128 128 128 128 128 128 128 128 128 128 128 128 128
    128 128 128 128 128 128 128 128 128 128 128 128 128 128 128 128 128
    128 128 128 128 128 128 128 128 128 128 128 128 128 128 128 128 128
    128 128 128 128 128 128 128 128 128 128 128 128 128 128 128 128 128
    128 128 128 128 128 128 128 128 128 128 128 128 128 128 128 128 128
    128 128 128 128 128 128 128 128 128 128 128 128 128 128 128 128 128
    128 128 128 128 128 128 128 128 128 128 128 128 128 128 128 128 128
    128 128 128 128 128 128 128 128 128 128 128 128 128 128 128 128 128
    128 128 128 128 128 128 128 128 128 128 128 128 128 128 128 128 128
    128 128 128 128 128 128 128 128 128 128 128 128 128 128 128 128 128
    128 128 128 128 128 128 128 128 128 128 128 128 128 128 128 128 128
    128 128 128 128 128 128 128 128 128 128 128 128 128 128 128 128 128
    128 128 128 128 128 128 128 128 128 128 128 128 128 128 128 128 128
    128 128 128 128 128 128 128 128 128 128 128 128 128 128 128 128 128
    128 128 128 128 128 128 128 128 128 128 128 128 128 128 128 128 128
    128 128 128 128 128 128 128 128 128 128 128 128 128 128 128 128 128
    128 128 128 128 128 128 128 128 128 128 128 128 128 128 128 128 128
    128 128 128 128 128 128 128 128 128 128 128 128 128 128 128 128 128
    128 128 128 128 128 128 128 128 128 128 128 128 128 128 128 128 128
    128 128 128 128 128 128 128 128 128 128 128 128 128 128 128 128 128
    128 128 128 128 128 128 128 128 128 128 128 128 128 128 128 128 128
    128 128 128 128 128 128 128 128 128 128 128 128 128 128 128 128 128
    128 128 128 128 128 128 128 128 128 128 128 128 128 128 128 128 128
    128 128 128 128 128 128 128 128 128 128 128 128 128 128 128 128 128
    128 128 128 128 128 128 128 128 128 128 128 128 128 128 128 128 128
    128 128 128 128 128 128 128 128 128 128 128 128 128 128 128 128 128
    128 128 128 128 128 128 128 128 128 128 128 128 128 128 128 128 128
    128 128 128 128 128 128 128 128 128 128 128 128 128 128 128 128 128
    128 128 128 128 128 128 128 128 128 128 128 128 128 128 128 128 128
    128 128 128 128 128 128 128 128 128 128 128 128 128 128 128 128 128
    128 128 128 128 128 128 128 128 128 128 128 128 128 128 128 128 128
    128 128 128 128 128 128 128 128 128 128 128 128 128 128 128 128 128
    128 128 128 128 128 128 128 128 128 128 128 128 128 128 128 128 128
    128 128 128 128 128 128 128 128 128 128 128 128 128 128 128 128 128
    128 128 128 128 128 128 128 128 128 128 128 128 128 128 128 128 128
    128 128 128 128 128 128 128 128 128 128 128 128 128 128 128 128 128
    128 128 128 128 128 128 128 128 128 128 128 128 128 128 128 128 128
    128 128 128 128 128 128 128 128 128 128 128 128 128 128 128 128 128
    128 128 128 128 128 128 128 128 128 128 128 128 128 128 128 128 128
    128 128 128 128 128 128 128 128 128 128 128 128 128 128 128 128 128
    128 128 128 128 128 128 128 128 128 128 128 128 128 128 128</data></test_backg>
<my_img type_id="opencv-matrix">
  <rows>30</rows>
  <cols>20</cols>
  <dt>"3u"</dt>
  <data>
    217 60 103 61 152 193 187 123 12 143 38 145 22 193 195 224 20 88 124
    220 246 118 204 153 214 212 86 128 108 58 128 128 128 241 171 29 80
    59 116 135 204 43 240 114 111 189 223 72 86 115 197 244 32 142 128
    128 128 208 169 86 217 77 37 12 142 236 0 155 215 76 61 60 193 107
    84 214 94 37 225 187 192 169 55 122 203 130 66 201 91 204 166 227
    125 112 26 155 249 175 13 236 54 47 128 128 128 111 39 215 128 31 55
    117 189 52 121 118 208 146 78 4 225 236 234 161 4 115 84 116 22 183
    198 254 17 70 201 155 127 230 51 153 164 172 124 102 190 96 142 40 0
    105 29 231 114 18 21 101 210 133 32 243 93 225 184 211 85 121 6 62
    13 35 103 238 163 6 238 166 239 60 41 3 237 185 221 58 169 165 243
    103 14 51 65 254 52 46 138 170 230 7 158 206 186 87 52 150 190 155
    26 171 102 117 128 128 128 128 128 128 5 103 253 128 128 128 28 188
    227 228 103 184 131 157 217 128 128 128 121 204 51 48 237 158 180
    145 188 249 148 109 31 131 244 6 51 144 38 139 225 242 144 68 206 79
    229 255 136 45 1 35 14 225 68 191 125 3 29 48 218 143 184 198 166
    241 36 232 35 162 114 99 94 35 232 230 109 104 80 239 250 73 67 156
    77 184 211 108 176 218 5 171 159 167 164 172 171 13 58 89 96 235 12
    156 204 166 173 90 138 143 128 128 128 166 140 156 94 138 19 44 110
    198 128 128 128 34 176 152 128 128 128 219 72 56 47 253 253 8 236
    148 250 159 121 92 45 118 128 128 128 189 249 104 192 206 108 131 24
    65 64 125 217 197 8 130 206 231 182 218 45 106 148 96 242 228 5 184
    51 56 250 156 109 49 130 212 2 90 63 0 55 8 217 102 8 6 110 64 120
    11 85 176 136 100 196 23 146 145 2 9 159 73 95 178 89 21 15 0 65 186
    183 251 244 9 66 176 143 15 146 51 172 134 213 134 176 10 194 205 12
    184 198 183 45 193 106 185 14 246 40 91 177 90 0 128 128 128 11 117
    230 234 149 131 128 128 128 45 100 95 93 59 146 91 142 243 14 49 120
    195 131 139 74 172 215 241 166 137 141 119 7 99 33 2 181 74 65 153
    11 201 128 128 128 128 128 128 210 146 64 248 207 29 144 156 64 61
    213 167 106 133 150 175 226 85 79 57 12 12 51 168 93 40 46 30 240
    163 103 177 131 103 198 247 17 8 13 128 128 128 21 1 143 235 168 189
    91 139 239 128 128 128 143 47 123 90 246 218 64 163 0 109 125 255 60
    130 92 237 165 14 127 48 53 197 103 96 74 75 99 244 196 244 176 134
    147 15 202 186 132 59 180 47 60 94 172 202 207 75 51 18 52 45 204
    128 35 19 231 142 59 248 239 11 255 191 118 13 28 138 55 198 133 152
    134 98 87 70 47 7 101 45 0 135 128 104 98 98 63 46 171 32 250 220
    122 66 85 59 117 205 88 172 232 142 64 52 161 0 2 148 213 195 128
    128 128 155 204 126 252 217 211 205 17 148 140 55 154 141 135 56 139
    6 210 223 213 82 194 113 239 124 21 43 128 128 128 179 32 184 104
    155 32 105 6 143 132 104 123 134 232 192 106 29 182 26 70 42 164 32
    98 194 227 19 207 155 214 192 35 180 221 121 185 128 128 128 113 181
    251 203 63 251 128 128 128 135 224 87 64 198 254 163 159 195 149 13
    105 140 168 61 185 137 229 233 148 120 139 63 45 57 80 90 122 123
    240 116 214 20 191 123 102 126 149 156 17 34 210 80 123 127 104 221
    201 31 6 229 184 6 179 177 23 15 246 241 54 234 108 70 228 79 192
    188 217 61 207 139 56 95 115 194 49 194 175 128 128 128 149 53 51
    158 151 83 128 128 128 128 128 128 154 154 128 53 31 154 153 140 84
    215 28 14 200 130 105 154 248 226 153 210 21 56 141 109 11 137 152
    213 229 137 229 32 225 128 128 128 151 136 137 41 52 173 43 83 69
    128 128 128 128 128 128 154 154 25 128 181 197 233 141 179 61 90 110
    244 60 13 86 52 124 37 70 161 23 189 128 249 221 42 128 128 128 162
    242 86 108 131 36 223 134 122 36 34 221 58 43 64 132 142 242 238 164
    97 76 83 154 96 208 153 161 242 43 222 168 176 128 128 128 116 85
    100 211 8 11 128 128 128 16 88 62 209 73 155 215 1 117 128 88 45 199
    150 182 245 137 207 98 68 105 207 26 155 237 92 105 114 202 168 200
    67 27 28 197 231 44 182 241 155 30 120 128 128 128 16 195 195 179
    218 75 128 128 128 209 55 229 217 234 92 194 151 235 32 104 120 188
    7 203 77 113 177 242 9 248 147 88 172 40 66 92 176 97 137 40 64 208
    235 153 160 2 206 155 146 136 178 251 56 242 205 130 205 100 146 144
    242 28 254 39 16 85 222 240 172 149 76 249 5 99 198 185 124 184 5 34
    119 88 59 197 240 112 206 213 251 140 15 58 188 128 58 241 53 44 163
    18 129 160 128 128 128 216 63 95 253 170 147 183 235 243 132 207 47
    234 94 230 128 128 128 167 173 46 108 69 12 128 128 128 43 212 219
    54 212 149 14 71 36 97 225 222 161 112 34 234 21 47 167 254 252 128
    128 128 30 111 216 13 9 30 133 13 158 192 116 43 128 128 128 93 184
    177 242 152 175 185 182 42 230 232 83 35 92 162 93 30 136 244 87 156
    99 95 234 41 227 237 3 63 43 129 168 150 122 21 57 187 166 143 167
    110 197 118 128 254 230 139 187 28 30 224 210 218 248 39 39 108 128
    128 128 72 183 221 187 144 122 135 36 108 199 77 49 109 216 40 216
    169 41 237 71 241 18 148 80 247 127 42 208 156 234 128 128 128 128
    128 128 15 84 151 231 111 128 128 128 128 226 112 83 201 154 61 167
    111 203 164 123 37 246 153 201 233 46 53 77 112 1 14 156 199 1 137
    168 252 59 87 96 124 64 13 6 178 213 100 184 6 133 64 63 103 219 128
    128 128 145 6 102 229 134 127 2 188 115 128 128 128 128 128 128 217
    220 181 128 128 128 186 233 239 159 23 117 133 217 60 124 63 207 197
    51 57 128 128 128 181 45 120 128 128 128 150 151 51 4 63 69 240 75
    162 22 190 248 234 24 175 5 20 52 128 128 128 205 70 240 132 177 9
    73 85 16 131 18 239 251 45 12 147 209 253 219 212 152 242 198 224 79
    20 104 121 5 187 84 95 116 32 152 209 128 128 128 189 86 185 128 128
    128 92 28 100 110 96 228 232 48 145 92 22 152 35 106 200 128 128 128
    248 84 53 127 143 71 128 128 128 128 128 128 49 47 143 137 111 172
    32 34 130 128 128 128 94 177 132 29 13 62 11 159 104 78 66 137 120
    141 187 166 16 39 171 160 85 176 105 53 113 88 10 78 233 195 53 124
    132 26 225 222 58 236 250 160 147 233 142 125 158 233 48 171 49 195
    228 161 127 88 124 241 251 68 83 241 143 3 223 172 68 220 75 81 222
    191 131 63 45 247 207 4 160 106 96 70 190 178 10 75 171 73 139 98
    128 243 199 200 196 88 9 119 110 174 160 190 164 225 59 134 173 24
    208 134 4 29 106 234 109 167 128 128 128 136 177 220 44 137 174 128
    128 128 180 27 173 141 51 96 116 172 61 128 128 128 239 157 180 103
    27 20 219 164 159 224 138 168 97 80 72 57 198 235 55 151 143 4 163
    149 65 24 246 128 128 128 24 206 233 173 152 109 64 60 105 159 243
    37 112 42 110 223 112 96 128 128 128 128 128 128 56 252 155 204 60
    23 161 197 57 226 116 162 214 222 184 47 33 235 152 31 31 219 76 98
    217 130 2 163 177 210 108 33 91 121 92 83 128 128 128 42 82 167 94
    88 250 143 166 212 128 128 128 172 24 18 137 23 64 87 112 72 222 197
    179 213 221 88 128 128 128 1 45 73 244 232 49 152 28 45 11 58 238
    159 91 100 128 128 128 126 86 146 250 72 96 118 0 142 105 143 48 34
    212 208 229 169 99 166 15 18</data></my_img>
<your_img type_id="opencv-matrix">
  <rows>30</rows>
  <cols>20</cols>
  <dt>"3u"</dt>
  <data>
    128 128 128 128 128 128 128 128 128 128 128 128 128 128 128 128 128
    128 128 128 128 128 128 128 128 128 128 128 128 128 129 221 108 128
    128 128 128 128 128 128 128 128 128 128 128 128 128 128 128 128 128
    128 128 128 37 228 68 128 128 128 128 128 128 128 128 128 128 128
    128 128 128 128 128 128 128 128 128 128 128 128 128 128 128 128 128
    128 128 128 128 128 128 128 128 128 128 128 128 128 128 128 128 128
    69 160 70 128 128 128 128 128 128 128 128 128 128 128 128 128 128
    128 128 128 128 128 128 128 128 128 128 128 128 128 128 128 128 128
    128 128 128 128 128 128 128 128 128 128 128 128 128 128 128 128 128
    128 128 128 128 128 128 128 128 128 128 128 128 128 128 128 128 128
    128 128 128 128 128 128 128 128 128 128 128 128 128 128 128 128 128
    128 128 128 128 128 128 128 128 128 128 128 128 128 128 128 128 128
    128 128 128 128 128 128 174 238 154 44 61 36 128 128 128 35 123 49
    128 128 128 128 128 128 128 128 128 83 195 30 128 128 128 128 128
    128 128 128 128 128 128 128 128 128 128 128 128 128 128 128 128 128
    128 128 128 128 128 128 128 128 128 128 128 128 128 128 128 128 128
    128 128 128 128 128 128 128 128 128 128 128 128 128 128 128 128 128
    128 128 128 128 128 128 128 128 128 128 128 128 128 128 128 128 128
    128 128 128 128 128 128 128 128 128 128 128 128 128 128 128 128 128
    208 245 202 128 128 128 128 128 128 128 128 128 54 252 51 128 128
    128 70 146 59 128 128 128 128 128 128 128 128 128 128 128 128 128
    128 128 141 196 113 128 128 128 128 128 128 128 128 128 128 128 128
    128 128 128 128 128 128 128 128 128 128 128 128 128 128 128 128 128
    128 128 128 128 128 128 128 128 128 128 128 128 128 128 128 128 128
    128 128 128 128 128 128 128 128 128 128 128 128 128 128 128 128 128
    128 128 128 128 128 128 128 128 128 128 128 128 128 128 128 128 128
    128 128 128 128 128 128 128 128 128 128 128 128 128 128 128 128 128
    128 128 128 128 128 56 161 62 128 128 128 128 128 128 180 254 203
    128 128 128 128 128 128 128 128 128 128 128 128 128 128 128 128 128
    128 128 128 128 128 128 128 128 128 128 128 128 128 128 128 128 12
    249 40 78 145 98 128 128 128 128 128 128 128 128 128 128 128 128 128
    128 128 128 128 128 128 128 128 128 128 128 128 128 128 128 128 128
    128 128 128 128 128 128 128 128 128 117 160 113 128 128 128 128 128
    128 128 128 128 60 178 60 128 128 128 128 128 128 128 128 128 128
    128 128 128 128 128 128 128 128 128 128 128 128 128 128 128 128 128
    128 128 128 128 128 128 128 128 128 128 128 128 128 128 128 128 128
    128 128 128 128 128 128 128 128 128 128 128 128 128 128 128 128 128
    128 128 128 128 128 128 128 128 128 128 128 128 128 128 128 128 128
    128 128 128 128 128 128 128 128 128 128 128 128 128 128 128 128 128
    128 128 128 128 128 128 128 128 128 128 128 128 128 156 224 174 128
    128 128 128 128 128 128 128 128 128 128 128 128 128 128 128 128 128
    128 128 128 128 128 128 128 128 128 106 185 72 128 128 128 128 128
    128 128 128 128 128 128 128 128 128 128 128 128 128 128 128 128 128
    128 128 128 128 128 128 128 128 128 128 128 128 128 128 56 239 118
    128 128 128 128 128 128 35 225 23 128 128 128 128 128 128 128 128
    128 128 128 128 128 128 128 128 128 128 128 128 128 128 128 128 128
    128 128 128 128 128 128 128 128 128 128 128 128 128 128 128 128 128
    128 128 128 128 128 128 128 128 128 128 128 128 128 128 128 128 128
    128 128 128 128 128 128 128 128 128 128 128 128 128 128 128 128 128
    128 128 108 199 114 128 128 128 128 128 128 177 242 156 112 210 129
    128 128 128 128 128 128 128 128 128 128 128 128 128 128 128 128 128
    128 128 128 128 128 128 128 128 128 128 128 128 128 128 128 128 153
    198 163 128 128 128 128 128 128 128 128 128 101 195 75 105 139 109
    128 128 128 128 128 128 128 128 128 128 128 128 128 128 128 128 128
    128 128 128 128 128 128 128 128 128 128 52 245 5 128 128 128 128 128
    128 128 128 128 128 128 128 128 128 128 128 128 128 128 128 128 128
    128 128 128 128 128 128 128 128 128 128 128 82 239 96 128 128 128
    128 128 128 131 212 145 128 128 128 128 128 128 128 128 128 128 128
    128 128 128 128 128 128 128 128 128 128 128 128 128 128 128 128 128
    128 128 128 128 128 128 128 128 128 128 128 128 128 128 120 230 119
    128 128 128 128 128 128 82 167 61 128 128 128 128 128 128 128 128
    128 128 128 128 128 128 128 128 128 128 128 128 128 128 128 128 128
    128 128 128 128 128 128 128 128 128 128 128 128 128 128 128 128 128
    128 128 128 128 128 128 128 128 128 128 128 128 128 128 128 128 128
    128 128 128 128 128 128 128 128 128 128 128 128 128 128 128 128 128
    128 128 128 128 128 128 128 128 128 128 128 128 128 128 128 128 128
    111 247 59 128 128 128 128 128 128 128 128 128 128 128 128 128 128
    128 34 129 18 128 128 128 128 128 128 5 221 66 128 128 128 128 128
    128 128 128 128 128 128 128 128 128 128 128 128 128 128 128 128 75
    243 106 128 128 128 128 128 128 128 128 128 128 128 128 66 238 10
    128 128 128 128 128 128 128 128 128 128 128 128 128 128 128 128 128
    128 128 128 128 128 128 128 128 128 128 128 128 128 128 128 128 128
    128 128 128 128 128 128 128 128 128 128 128 128 128 128 128 128 128
    128 128 128 128 128 128 90 239 54 128 128 128 128 128 128 128 128
    128 128 128 128 128 128 128 128 128 128 128 128 128 128 128 128 128
    128 128 128 128 128 17 165 13 53 174 6 128 128 128 128 128 128 150
    207 154 128 128 128 128 128 128 128 128 128 128 128 128 128 128 128
    128 128 128 128 128 128 128 128 128 128 128 128 128 128 128 128 128
    128 128 128 128 128 128 128 128 128 128 128 128 128 63 171 61 128
    128 128 128 128 128 128 128 128 112 215 95 98 214 132 128 128 128 38
    237 30 128 128 128 128 128 128 128 128 128 128 128 128 128 128 128
    43 218 5 128 128 128 166 229 148 128 128 128 128 128 128 128 128 128
    128 128 128 128 128 128 128 128 128 69 178 53 128 128 128 128 128
    128 128 128 128 128 128 128 128 128 128 128 128 128 128 128 128 128
    128 128 128 128 128 128 128 128 128 128 128 128 128 128 112 208 123
    128 128 128 64 223 15 128 128 128 128 128 128 128 128 128 128 128
    128 128 128 128 5 98 0 128 128 128 128 128 128 88 193 60 66 171 80
    128 128 128 128 128 128 128 128 128 110 171 116 128 128 128 128 128
    128 128 128 128 128 128 128 128 128 128 128 128 128 128 128 128 128
    128 128 128 128 128 128 128 128 128 128 128 128 128 128 128 128 128
    128 128 128 128 128 128 128 128 128 128 128 128 128 128 128 128 128
    128 128 128 128 128 128 128 128 128 128 128 128 128 128 128 128 128
    128 128 128 128 128 128 128 128 128 128 128 128 128 128 128 128 128
    128 128 128 128 128 128 128 128 128 128 128 128 128 128 128 128 128
    128 128 128 128 128 128 128 20 184 43 128 128 128 128 128 128 35 180
    0 128 128 128 128 128 128 128 128 128 66 175 91 128 128 128 128 128
    128 128 128 128 128 128 128 128 128 128 128 128 128 128 128 128 128
    128 128 128 128 128 28 247 14 128 128 128 128 128 128 128 128 128
    128 128 128 128 128 128 128 128 128 20 107 9 32 81 36 128 128 128
    128 128 128 128 128 128 128 128 128 128 128 128 128 128 128 128 128
    128 128 128 128 128 128 128 128 128 128 128 128 128 128 128 128 96
    161 89 128 128 128 128 128 128 128 128 128 86 225 102 128 128 128
    128 128 128 128 128 128 128 128 128 128 128 128 107 230 59 128 128
    128 128 128 128 128 128 128 128 128 128 128 128 128 52 124 72 128
    128 128 128 128 128 128 128 128 128 128 128 128 128 128 128 128 128
    128 128 128</data></your_img>
</opencv_storage>
