<?xml version="1.0"?>
<opencv_storage>
<L2_diff>3.1623372685404697e+03</L2_diff>
<hue>60</hue>
<sensitivity>10</sensitivity>
<test_foreg type_id="opencv-matrix">
  <rows>30</rows>
  <cols>20</cols>
  <dt>"3u"</dt>
  <data>
    78 174 41 67 176 0 10 212 249 24 25 19 227 117 136 158 160 110 77
    244 93 165 233 79 95 237 221 48 83 36 86 123 183 155 57 169 64 215
    26 245 254 221 35 145 224 150 112 41 201 51 157 214 192 21 209 203
    97 135 241 251 42 209 77 77 179 198 147 58 174 130 160 8 81 14 110
    90 153 131 34 30 234 80 149 120 199 140 238 42 142 246 169 207 61 69
    144 61 102 93 204 29 98 25 231 57 33 63 219 237 38 113 63 205 157
    103 61 28 196 10 35 56 18 178 38 96 121 195 61 49 244 184 5 127 37
    156 139 64 43 103 30 67 70 227 65 171 32 5 199 42 228 206 179 139
    102 165 159 241 180 175 197 56 7 245 69 50 26 216 67 80 13 183 94
    238 154 198 133 226 223 22 20 140 170 208 43 194 239 9 20 25 98 86
    187 112 22 229 40 36 66 218 235 87 143 158 236 109 20 191 2 175 36
    164 132 182 229 83 58 91 54 134 17 77 8 56 87 121 117 87 199 76 66
    51 17 106 16 166 48 163 140 153 233 244 114 172 52 239 112 195 75
    132 240 51 16 248 136 254 17 189 149 167 39 172 249 105 94 92 111
    121 227 17 248 0 188 110 58 189 24 150 79 94 204 154 142 93 114 99
    23 225 179 72 38 26 43 116 239 249 165 186 55 181 154 244 83 90 167
    247 127 16 23 244 117 51 176 123 169 9 70 231 170 13 1 175 181 99
    110 43 70 62 30 238 75 50 155 76 210 57 224 241 193 200 21 30 79 150
    136 227 145 249 19 88 234 122 158 233 230 115 184 174 112 216 43 96
    164 183 103 35 20 226 175 236 231 206 141 104 227 103 235 132 167 27
    159 24 133 159 230 148 170 229 77 50 137 255 21 220 120 225 44 230
    203 4 230 234 114 41 0 214 148 178 223 242 195 90 189 32 161 204 0
    171 123 204 136 112 100 171 131 108 51 193 40 163 105 177 21 127 106
    106 131 89 131 161 155 172 45 113 148 235 76 84 5 181 71 209 244 100
    200 157 129 150 219 171 50 247 135 60 72 69 221 221 41 65 218 67 1
    177 245 165 32 137 23 72 100 214 193 74 110 178 255 201 156 204 141
    135 5 11 240 95 192 75 81 165 93 129 192 230 250 180 190 3 188 95
    185 126 12 30 41 86 219 197 16 196 29 150 157 81 201 223 120 232 161
    87 223 236 195 87 170 9 29 218 71 167 208 37 170 32 210 240 171 131
    88 137 51 118 252 144 119 24 79 79 96 114 110 137 153 218 19 135 32
    187 59 125 41 93 143 141 7 94 40 23 146 80 239 248 175 114 228 159
    22 161 188 73 10 179 32 99 100 218 122 139 191 108 253 243 56 169 54
    219 75 47 245 132 31 21 230 34 206 65 183 18 162 196 36 125 106 126
    126 129 23 137 68 63 151 218 236 123 12 254 75 192 117 179 86 131
    198 124 13 229 187 244 221 45 29 168 114 224 149 40 27 191 186 218
    18 38 51 26 106 132 65 112 191 51 66 24 74 38 117 189 178 64 30 232
    43 195 185 215 153 8 103 212 56 224 49 75 12 210 104 117 12 200 49
    185 43 18 29 201 95 107 84 237 69 228 56 34 78 37 159 65 109 53 6
    251 242 168 92 50 218 90 238 195 120 22 238 144 40 180 132 65 254 9
    61 131 116 101 74 128 1 115 243 158 67 183 162 28 111 68 218 166 254
    81 19 104 123 48 197 104 65 242 164 212 144 145 184 19 43 209 36 70
    191 123 8 47 74 187 53 222 13 204 88 106 34 18 15 37 0 54 24 20 157
    226 195 147 45 255 104 118 169 184 37 46 116 154 76 0 143 220 4 50
    46 51 247 164 2 226 69 99 80 236 151 21 173 114 70 160 109 231 156
    102 177 31 223 214 107 24 9 86 235 175 126 91 92 221 61 215 150 155
    98 71 204 79 168 86 148 53 220 1 8 214 198 30 33 62 79 134 120 110
    22 68 86 190 94 71 61 72 127 214 178 221 32 190 61 233 210 241 203
    157 209 56 87 221 170 175 212 108 199 231 182 65 101 255 72 136 234
    126 50 127 62 233 203 238 1 128 196 32 143 13 253 164 160 77 24 76
    125 231 85 25 129 196 109 143 60 14 152 121 53 156 75 185 82 2 81
    185 210 237 236 70 21 221 155 15 245 215 135 231 35 10 64 32 148 219
    141 77 215 213 38 108 7 32 84 113 212 91 69 8 219 32 74 140 200 54
    132 107 40 8 156 23 196 125 90 109 23 182 76 46 79 191 29 251 70 205
    123 25 137 21 245 38 138 16 84 106 163 21 107 145 54 165 197 185 174
    91 13 242 147 100 171 155 14 66 125 111 98 147 214 51 199 154 155
    162 105 181 44 152 62 178 108 54 10 238 255 169 222 240 73 22 6 73
    133 114 101 82 137 226 202 192 34 130 37 197 76 131 28 230 137 171
    196 178 150 71 224 215 152 151 182 197 255 108 128 181 62 182 165 91
    214 114 54 67 37 120 18 154 24 100 119 211 122 59 175 229 236 133
    238 92 210 31 234 82 152 136 63 102 117 116 29 190 22 169 33 53 122
    184 121 188 104 38 164 56 165 77 160 155 246 226 209 60 124 211 107
    76 229 153 125 21 236 242 225 106 135 192 175 10 143 20 48 243 123 2
    98 185 162 116 225 212 146 13 140 216 136 28 21 52 180 0 81 202 4
    252 60 249 10 245 3 251 246 58 17 69 20 108 109 34 221 191 247 228
    148 124 165 49 51 205 24 214 156 88 4 12 208 211 112 228 175 229 40
    58 44 131 2 2 203 40 13 45 102 7 50 141 43 163 154 170 200 109 164
    207 240 173 136 28 134 79 5 16 106 102 155 43 175 26 76 192 41 15
    165 52 147 201 223 16 107 168 235 105 14 238 7 112 172 59 135 253
    160 68 83 239 107 86 4 102 190 173 255 125 173 185 220 0 189 10 47
    40 233 140 86 128 160 33 46 8 181 207 161 235 41 211 30 69 204 51
    115 50 220 227 194 39 164 18 203 79 125 203 14 67 201 197 104 208
    144 100 18 78 164 183 36 51 143 190 132 143 79 250 169 143 225 117
    13 5 176 218 203 236 86 229 190 107 253 84 239 173 183 196 245 195
    171 95 96 12 139 121 222 177 157 237 230 152 112 143 7 133 140 124
    153 127 192 68 157 30 75 56 183 106 20 35 18 166 176 5 174 233 145
    249 89 244 103 68 80 28 120 43 227 175 169 223 171 198 169 182 91
    167 110 47 119 109 145 173 91 60 75 107 137 104 252 243 216 131 11
    254 54 157 48 255 243 20 86 187 123 18 186 34 195 16 89 186 191 235
    159 226 181 126 31 115 123 251 136 15 216 103 130 15 200 34 121 230
    128 223 112 55 171 165 213 176 108 172 65 42 179 65 77 198 137 223
    115 91 186 167 251 220 182 96 38 195 4 171 250 105 202 185 38 199 64
    115 215 144 15 20 219 23 75 42 118 171 129 203 143 140 108 195 84
    204 33 129 196 2 132 131 224 158 174 59 204 71 235 116 241 162 8 19
    26 113 9 24 91 141 246 174 190 207 255 54 185 194 192 236 181 149
    177 35 189 51 245 38 237 251 181 78 203 173 162 48 56 20 217 136 102
    21 62 180 239 117 129 165 19 206 67 196 225 202 130 162 10 56 66 145
    253 255 78 96 170 244 51 244 84 173 223 228 143 13 63 101 23 48 215
    18 185 236 215 115 15 235 198 146 221 215 178 121 21 241 46 176 8
    237 62 43 147 115 240 197 149 7 51 187 136 221 137 1 164 8 14 90 138
    178 189 243 13 60 190 216 114 126 54 84 76 251 66 189 116 217 41 21
    174 26 206 157 241 28 182 19 8 17 164 98 203 15 20 81 247 123 128
    215 64 223 93 51 149 76 186 16 18 69 95 21 54 71 21 45 188 63 98 232
    1 248 119 13 221 202 47 205 159 241 195 144 224 7 50 179 12 153 129
    213 188 116 248 108 26 173 39 0 104 125 143 140 148 151 216 151 245
    246 205 230 117 208 22 92 202 16 29 240 19 173 163 201 13 184 215 20
    119 180 85 227 25 53 162 203 215 137</data></test_foreg>
<test_backg type_id="opencv-matrix">
  <rows>60</rows>
  <cols>40</cols>
  <dt>"3u"</dt>
  <data>
    128 128 128 128 128 128 128 128 128 128 128 128 128 128 128 128 128
    128 128 128 128 128 128 128 128 128 128 128 128 128 128 128 128 128
    128 128 128 128 128 128 128 128 128 128 128 128 128 128 128 128 128
    128 128 128 128 128 128 128 128 128 128 128 128 128 128 128 128 128
    128 128 128 128 128 128 128 128 128 128 128 128 128 128 128 128 128
    128 128 128 128 128 128 128 128 128 128 128 128 128 128 128 128 128
    128 128 128 128 128 128 128 128 128 128 128 128 128 128 128 128 128
    128 128 128 128 128 128 128 128 128 128 128 128 128 128 128 128 128
    128 128 128 128 128 128 128 128 128 128 128 128 128 128 128 128 128
    128 128 128 128 128 128 128 128 128 128 128 128 128 128 128 128 128
    128 128 128 128 128 128 128 128 128 128 128 128 128 128 128 128 128
    128 128 128 128 128 128 128 128 128 128 128 128 128 128 128 128 128
    128 128 128 128 128 128 128 128 128 128 128 128 128 128 128 128 128
    128 128 128 128 128 128 128 128 128 128 128 128 128 128 128 128 128
    128 128 128 128 128 128 128 128 128 128 128 128 128 128 128 128 128
    128 128 128 128 128 128 128 128 128 128 128 128 128 128 128 128 128
    128 128 128 128 128 128 128 128 128 128 128 128 128 128 128 128 128
    128 128 128 128 128 128 128 128 128 128 128 128 128 128 128 128 128
    128 128 128 128 128 128 128 128 128 128 128 128 128 128 128 128 128
    128 128 128 128 128 128 128 128 128 128 128 128 128 128 128 128 128
    128 128 128 128 128 128 128 128 128 128 128 128 128 128 128 128 128
    128 128 128 128 128 128 128 128 128 128 128 128 128 128 128 128 128
    128 128 128 128 128 128 128 128 128 128 128 128 128 128 128 128 128
    128 128 128 128 128 128 128 128 128 128 128 128 128 128 128 128 128
    128 128 128 128 128 128 128 128 128 128 128 128 128 128 128 128 128
    128 128 128 128 128 128 128 128 128 128 128 128 128 128 128 128 128
    128 128 128 128 128 128 128 128 128 128 128 128 128 128 128 128 128
    128 128 128 128 128 128 128 128 128 128 128 128 128 128 128 128 128
    128 128 128 128 128 128 128 128 128 128 128 128 128 128 128 128 128
    128 128 128 128 128 128 128 128 128 128 128 128 128 128 128 128 128
    128 128 128 128 128 128 128 128 128 128 128 128 128 128 128 128 128
    128 128 128 128 128 128 128 128 128 128 128 128 128 128 128 128 128
    128 128 128 128 128 128 128 128 128 128 128 128 128 128 128 128 128
    128 128 128 128 128 128 128 128 128 128 128 128 128 128 128 128 128
    128 128 128 128 128 128 128 128 128 128 128 128 128 128 128 128 128
    128 128 128 128 128 128 128 128 128 128 128 128 128 128 128 128 128
    128 128 128 128 128 128 128 128 128 128 128 128 128 128 128 128 128
    128 128 128 128 128 128 128 128 128 128 128 128 128 128 128 128 128
    128 128 128 128 128 128 128 128 128 128 128 128 128 128 128 128 128
    128 128 128 128 128 128 128 128 128 128 128 128 128 128 128 128 128
    128 128 128 128 128 128 128 128 128 128 128 128 128 128 128 128 128
    128 128 128 128 128 128 128 128 128 128 128 128 128 128 128 128 128
    128 128 128 128 128 128 128 128 128 128 128 128 128 128 128 128 128
    128 128 128 128 128 128 128 128 128 128 128 128 128 128 128 128 128
    128 128 128 128 128 128 128 128 128 128 128 128 128 128 128 128 128
    128 128 128 128 128 128 128 128 128 128 128 128 128 128 128 128 128
    128 128 128 128 128 128 128 128 128 128 128 128 128 128 128 128 128
    128 128 128 128 128 128 128 128 128 128 128 128 128 128 128 128 128
    128 128 128 128 128 128 128 128 128 128 128 128 128 128 128 128 128
    128 128 128 128 128 128 128 128 128 128 128 128 128 128 128 128 128
    128 128 128 128 128 128 128 128 128 128 128 128 128 128 128 128 128
    128 128 128 128 128 128 128 128 128 128 128 128 128 128 128 128 128
    128 128 128 128 128 128 128 128 128 128 128 128 128 128 128 128 128
    128 128 128 128 128 128 128 128 128 128 128 128 128 128 128 128 128
    128 128 128 128 128 128 128 128 128 128 128 128 128 128 128 128 128
    128 128 128 128 128 128 128 128 128 128 128 128 128 128 128 128 128
    128 128 128 128 128 128 128 128 128 128 128 128 128 128 128 128 128
    128 128 128 128 128 128 128 128 128 128 128 128 128 128 128 128 128
    128 128 128 128 128 128 128 128 128 128 128 128 128 128 128 128 128
    128 128 128 128 128 128 128 128 128 128 128 128 128 128 128 128 128
    128 128 128 128 128 128 128 128 128 128 128 128 128 128 128 128 128
    128 128 128 128 128 128 128 128 128 128 128 128 128 128 128 128 128
    128 128 128 128 128 128 128 128 128 128 128 128 128 128 128 128 128
    128 128 128 128 128 128 128 128 128 128 128 128 128 128 128 128 128
    128 128 128 128 128 128 128 128 128 128 128 128 128 128 128 128 128
    128 128 128 128 128 128 128 128 128 128 128 128 128 128 128 128 128
    128 128 128 128 128 128 128 128 128 128 128 128 128 128 128 128 128
    128 128 128 128 128 128 128 128 128 128 128 128 128 128 128 128 128
    128 128 128 128 128 128 128 128 128 128 128 128 128 128 128 128 128
    128 128 128 128 128 128 128 128 128 128 128 128 128 128 128 128 128
    128 128 128 128 128 128 128 128 128 128 128 128 128 128 128 128 128
    128 128 128 128 128 128 128 128 128 128 128 128 128 128 128 128 128
    128 128 128 128 128 128 128 128 128 128 128 128 128 128 128 128 128
    128 128 128 128 128 128 128 128 128 128 128 128 128 128 128 128 128
    128 128 128 128 128 128 128 128 128 128 128 128 128 128 128 128 128
    128 128 128 128 128 128 128 128 128 128 128 128 128 128 128 128 128
    128 128 128 128 128 128 128 128 128 128 128 128 128 128 128 128 128
    128 128 128 128 128 128 128 128 128 128 128 128 128 128 128 128 128
    128 128 128 128 128 128 128 128 128 128 128 128 128 128 128 128 128
    128 128 128 128 128 128 128 128 128 128 128 128 128 128 128 128 128
    128 128 128 128 128 128 128 128 128 128 128 128 128 128 128 128 128
    128 128 128 128 128 128 128 128 128 128 128 128 128 128 128 128 128
    128 128 128 128 128 128 128 128 128 128 128 128 128 128 128 128 128
    128 128 128 128 128 128 128 128 128 128 128 128 128 128 128 128 128
    128 128 128 128 128 128 128 128 128 128 128 128 128 128 128 128 128
    128 128 128 128 128 128 128 128 128 128 128 128 128 128 128 128 128
    128 128 128 128 128 128 128 128 128 128 128 128 128 128 128 128 128
    128 128 128 128 128 128 128 128 128 128 128 128 128 128 128 128 128
    128 128 128 128 128 128 128 128 128 128 128 128 128 128 128 128 128
    128 128 128 128 128 128 128 128 128 128 128 128 128 128 128 128 128
    128 128 128 128 128 128 128 128 128 128 128 128 128 128 128 128 128
    128 128 128 128 128 128 128 128 128 128 128 128 128 128 128 128 128
    128 128 128 128 128 128 128 128 128 128 128 128 128 128 128 128 128
    128 128 128 128 128 128 128 128 128 128 128 128 128 128 128 128 128
    128 128 128 128 128 128 128 128 128 128 128 128 128 128 128 128 128
    128 128 128 128 128 128 128 128 128 128 128 128 128 128 128 128 128
    128 128 128 128 128 128 128 128 128 128 128 128 128 128 128 128 128
    128 128 128 128 128 128 128 128 128 128 128 128 128 128 128 128 128
    128 128 128 128 128 128 128 128 128 128 128 128 128 128 128 128 128
    128 128 128 128 128 128 128 128 128 128 128 128 128 128 128 128 128
    128 128 128 128 128 128 128 128 128 128 128 128 128 128 128 128 128
    128 128 128 128 128 128 128 128 128 128 128 128 128 128 128 128 128
    128 128 128 128 128 128 128 128 128 128 128 128 128 128 128 128 128
    128 128 128 128 128 128 128 128 128 128 128 128 128 128 128 128 128
    128 128 128 128 128 128 128 128 128 128 128 128 128 128 128 128 128
    128 128 128 128 128 128 128 128 128 128 128 128 128 128 128 128 128
    128 128 128 128 128 128 128 128 128 128 128 128 128 128 128 128 128
    128 128 128 128 128 128 128 128 128 128 128 128 128 128 128 128 128
    128 128 128 128 128 128 128 128 128 128 128 128 128 128 128 128 128
    128 128 128 128 128 128 128 128 128 128 128 128 128 128 128 128 128
    128 128 128 128 128 128 128 128 128 128 128 128 128 128 128 128 128
    128 128 128 128 128 128 128 128 128 128 128 128 128 128 128 128 128
    128 128 128 128 128 128 128 128 128 128 128 128 128 128 128 128 128
    128 128 128 128 128 128 128 128 128 128 128 128 128 128 128 128 128
    128 128 128 128 128 128 128 128 128 128 128 128 128 128 128 128 128
    128 128 128 128 128 128 128 128 128 128 128 128 128 128 128 128 128
    128 128 128 128 128 128 128 128 128 128 128 128 128 128 128 128 128
    128 128 128 128 128 128 128 128 128 128 128 128 128 128 128 128 128
    128 128 128 128 128 128 128 128 128 128 128 128 128 128 128 128 128
    128 128 128 128 128 128 128 128 128 128 128 128 128 128 128 128 128
    128 128 128 128 128 128 128 128 128 128 128 128 128 128 128 128 128
    128 128 128 128 128 128 128 128 128 128 128 128 128 128 128 128 128
    128 128 128 128 128 128 128 128 128 128 128 128 128 128 128 128 128
    128 128 128 128 128 128 128 128 128 128 128 128 128 128 128 128 128
    128 128 128 128 128 128 128 128 128 128 128 128 128 128 128 128 128
    128 128 128 128 128 128 128 128 128 128 128 128 128 128 128 128 128
    128 128 128 128 128 128 128 128 128 128 128 128 128 128 128 128 128
    128 128 128 128 128 128 128 128 128 128 128 128 128 128 128 128 128
    128 128 128 128 128 128 128 128 128 128 128 128 128 128 128 128 128
    128 128 128 128 128 128 128 128 128 128 128 128 128 128 128 128 128
    128 128 128 128 128 128 128 128 128 128 128 128 128 128 128 128 128
    128 128 128 128 128 128 128 128 128 128 128 128 128 128 128 128 128
    128 128 128 128 128 128 128 128 128 128 128 128 128 128 128 128 128
    128 128 128 128 128 128 128 128 128 128 128 128 128 128 128 128 128
    128 128 128 128 128 128 128 128 128 128 128 128 128 128 128 128 128
    128 128 128 128 128 128 128 128 128 128 128 128 128 128 128 128 128
    128 128 128 128 128 128 128 128 128 128 128 128 128 128 128 128 128
    128 128 128 128 128 128 128 128 128 128 128 128 128 128 128 128 128
    128 128 128 128 128 128 128 128 128 128 128 128 128 128 128 128 128
    128 128 128 128 128 128 128 128 128 128 128 128 128 128 128 128 128
    128 128 128 128 128 128 128 128 128 128 128 128 128 128 128 128 128
    128 128 128 128 128 128 128 128 128 128 128 128 128 128 128 128 128
    128 128 128 128 128 128 128 128 128 128 128 128 128 128 128 128 128
    128 128 128 128 128 128 128 128 128 128 128 128 128 128 128 128 128
    128 128 128 128 128 128 128 128 128 128 128 128 128 128 128 128 128
    128 128 128 128 128 128 128 128 128 128 128 128 128 128 128 128 128
    128 128 128 128 128 128 128 128 128 128 128 128 128 128 128 128 128
    128 128 128 128 128 128 128 128 128 128 128 128 128 128 128 128 128
    128 128 128 128 128 128 128 128 128 128 128 128 128 128 128 128 128
    128 128 128 128 128 128 128 128 128 128 128 128 128 128 128 128 128
    128 128 128 128 128 128 128 128 128 128 128 128 128 128 128 128 128
    128 128 128 128 128 128 128 128 128 128 128 128 128 128 128 128 128
    128 128 128 128 128 128 128 128 128 128 128 128 128 128 128 128 128
    128 128 128 128 128 128 128 128 128 128 128 128 128 128 128 128 128
    128 128 128 128 128 128 128 128 128 128 128 128 128 128 128 128 128
    128 128 128 128 128 128 128 128 128 128 128 128 128 128 128 128 128
    128 128 128 128 128 128 128 128 128 128 128 128 128 128 128 128 128
    128 128 128 128 128 128 128 128 128 128 128 128 128 128 128 128 128
    128 128 128 128 128 128 128 128 128 128 128 128 128 128 128 128 128
    128 128 128 128 128 128 128 128 128 128 128 128 128 128 128 128 128
    128 128 128 128 128 128 128 128 128 128 128 128 128 128 128 128 128
    128 128 128 128 128 128 128 128 128 128 128 128 128 128 128 128 128
    128 128 128 128 128 128 128 128 128 128 128 128 128 128 128 128 128
    128 128 128 128 128 128 128 128 128 128 128 128 128 128 128 128 128
    128 128 128 128 128 128 128 128 128 128 128 128 128 128 128 128 128
    128 128 128 128 128 128 128 128 128 128 128 128 128 128 128 128 128
    128 128 128 128 128 128 128 128 128 128 128 128 128 128 128 128 128
    128 128 128 128 128 128 128 128 128 128 128 128 128 128 128 128 128
    128 128 128 128 128 128 128 128 128 128 128 128 128 128 128 128 128
    128 128 128 128 128 128 128 128 128 128 128 128 128 128 128 128 128
    128 128 128 128 128 128 128 128 128 128 128 128 128 128 128 128 128
    128 128 128 128 128 128 128 128 128 128 128 128 128 128 128 128 128
    128 128 128 128 128 128 128 128 128 128 128 128 128 128 128 128 128
    128 128 128 128 128 128 128 128 128 128 128 128 128 128 128 128 128
    128 128 128 128 128 128 128 128 128 128 128 128 128 128 128 128 128
    128 128 128 128 128 128 128 128 128 128 128 128 128 128 128 128 128
    128 128 128 128 128 128 128 128 128 128 128 128 128 128 128 128 128
    128 128 128 128 128 128 128 128 128 128 128 128 128 128 128 128 128
    128 128 128 128 128 128 128 128 128 128 128 128 128 128 128 128 128
    128 128 128 128 128 128 128 128 128 128 128 128 128 128 128 128 128
    128 128 128 128 128 128 128 128 128 128 128 128 128 128 128 128 128
    128 128 128 128 128 128 128 128 128 128 128 128 128 128 128 128 128
    128 128 128 128 128 128 128 128 128 128 128 128 128 128 128 128 128
    128 128 128 128 128 128 128 128 128 128 128 128 128 128 128 128 128
    128 128 128 128 128 128 128 128 128 128 128 128 128 128 128 128 128
    128 128 128 128 128 128 128 128 128 128 128 128 128 128 128 128 128
    128 128 128 128 128 128 128 128 128 128 128 128 128 128 128 128 128
    128 128 128 128 128 128 128 128 128 128 128 128 128 128 128 128 128
    128 128 128 128 128 128 128 128 128 128 128 128 128 128 128 128 128
    128 128 128 128 128 128 128 128 128 128 128 128 128 128 128 128 128
    128 128 128 128 128 128 128 128 128 128 128 128 128 128 128 128 128
    128 128 128 128 128 128 128 128 128 128 128 128 128 128 128 128 128
    128 128 128 128 128 128 128 128 128 128 128 128 128 128 128 128 128
    128 128 128 128 128 128 128 128 128 128 128 128 128 128 128 128 128
    128 128 128 128 128 128 128 128 128 128 128 128 128 128 128 128 128
    128 128 128 128 128 128 128 128 128 128 128 128 128 128 128 128 128
    128 128 128 128 128 128 128 128 128 128 128 128 128 128 128 128 128
    128 128 128 128 128 128 128 128 128 128 128 128 128 128 128 128 128
    128 128 128 128 128 128 128 128 128 128 128 128 128 128 128 128 128
    128 128 128 128 128 128 128 128 128 128 128 128 128 128 128 128 128
    128 128 128 128 128 128 128 128 128 128 128 128 128 128 128 128 128
    128 128 128 128 128 128 128 128 128 128 128 128 128 128 128 128 128
    128 128 128 128 128 128 128 128 128 128 128 128 128 128 128 128 128
    128 128 128 128 128 128 128 128 128 128 128 128 128 128 128 128 128
    128 128 128 128 128 128 128 128 128 128 128 128 128 128 128 128 128
    128 128 128 128 128 128 128 128 128 128 128 128 128 128 128 128 128
    128 128 128 128 128 128 128 128 128 128 128 128 128 128 128 128 128
    128 128 128 128 128 128 128 128 128 128 128 128 128 128 128 128 128
    128 128 128 128 128 128 128 128 128 128 128 128 128 128 128 128 128
    128 128 128 128 128 128 128 128 128 128 128 128 128 128 128 128 128
    128 128 128 128 128 128 128 128 128 128 128 128 128 128 128 128 128
    128 128 128 128 128 128 128 128 128 128 128 128 128 128 128 128 128
    128 128 128 128 128 128 128 128 128 128 128 128 128 128 128 128 128
    128 128 128 128 128 128 128 128 128 128 128 128 128 128 128 128 128
    128 128 128 128 128 128 128 128 128 128 128 128 128 128 128 128 128
    128 128 128 128 128 128 128 128 128 128 128 128 128 128 128 128 128
    128 128 128 128 128 128 128 128 128 128 128 128 128 128 128 128 128
    128 128 128 128 128 128 128 128 128 128 128 128 128 128 128 128 128
    128 128 128 128 128 128 128 128 128 128 128 128 128 128 128 128 128
    128 128 128 128 128 128 128 128 128 128 128 128 128 128 128 128 128
    128 128 128 128 128 128 128 128 128 128 128 128 128 128 128 128 128
    128 128 128 128 128 128 128 128 128 128 128 128 128 128 128 128 128
    128 128 128 128 128 128 128 128 128 128 128 128 128 128 128 128 128
    128 128 128 128 128 128 128 128 128 128 128 128 128 128 128 128 128
    128 128 128 128 128 128 128 128 128 128 128 128 128 128 128 128 128
    128 128 128 128 128 128 128 128 128 128 128 128 128 128 128 128 128
    128 128 128 128 128 128 128 128 128 128 128 128 128 128 128 128 128
    128 128 128 128 128 128 128 128 128 128 128 128 128 128 128 128 128
    128 128 128 128 128 128 128 128 128 128 128 128 128 128 128 128 128
    128 128 128 128 128 128 128 128 128 128 128 128 128 128 128 128 128
    128 128 128 128 128 128 128 128 128 128 128 128 128 128 128 128 128
    128 128 128 128 128 128 128 128 128 128 128 128 128 128 128 128 128
    128 128 128 128 128 128 128 128 128 128 128 128 128 128 128 128 128
    128 128 128 128 128 128 128 128 128 128 128 128 128 128 128 128 128
    128 128 128 128 128 128 128 128 128 128 128 128 128 128 128 128 128
    128 128 128 128 128 128 128 128 128 128 128 128 128 128 128 128 128
    128 128 128 128 128 128 128 128 128 128 128 128 128 128 128 128 128
    128 128 128 128 128 128 128 128 128 128 128 128 128 128 128 128 128
    128 128 128 128 128 128 128 128 128 128 128 128 128 128 128 128 128
    128 128 128 128 128 128 128 128 128 128 128 128 128 128 128 128 128
    128 128 128 128 128 128 128 128 128 128 128 128 128 128 128 128 128
    128 128 128 128 128 128 128 128 128 128 128 128 128 128 128 128 128
    128 128 128 128 128 128 128 128 128 128 128 128 128 128 128 128 128
    128 128 128 128 128 128 128 128 128 128 128 128 128 128 128 128 128
    128 128 128 128 128 128 128 128 128 128 128 128 128 128 128 128 128
    128 128 128 128 128 128 128 128 128 128 128 128 128 128 128 128 128
    128 128 128 128 128 128 128 128 128 128 128 128 128 128 128 128 128
    128 128 128 128 128 128 128 128 128 128 128 128 128 128 128 128 128
    128 128 128 128 128 128 128 128 128 128 128 128 128 128 128 128 128
    128 128 128 128 128 128 128 128 128 128 128 128 128 128 128 128 128
    128 128 128 128 128 128 128 128 128 128 128 128 128 128 128 128 128
    128 128 128 128 128 128 128 128 128 128 128 128 128 128 128 128 128
    128 128 128 128 128 128 128 128 128 128 128 128 128 128 128 128 128
    128 128 128 128 128 128 128 128 128 128 128 128 128 128 128 128 128
    128 128 128 128 128 128 128 128 128 128 128 128 128 128 128 128 128
    128 128 128 128 128 128 128 128 128 128 128 128 128 128 128 128 128
    128 128 128 128 128 128 128 128 128 128 128 128 128 128 128 128 128
    128 128 128 128 128 128 128 128 128 128 128 128 128 128 128 128 128
    128 128 128 128 128 128 128 128 128 128 128 128 128 128 128 128 128
    128 128 128 128 128 128 128 128 128 128 128 128 128 128 128 128 128
    128 128 128 128 128 128 128 128 128 128 128 128 128 128 128 128 128
    128 128 128 128 128 128 128 128 128 128 128 128 128 128 128 128 128
    128 128 128 128 128 128 128 128 128 128 128 128 128 128 128 128 128
    128 128 128 128 128 128 128 128 128 128 128 128 128 128 128 128 128
    128 128 128 128 128 128 128 128 128 128 128 128 128 128 128 128 128
    128 128 128 128 128 128 128 128 128 128 128 128 128 128 128 128 128
    128 128 128 128 128 128 128 128 128 128 128 128 128 128 128 128 128
    128 128 128 128 128 128 128 128 128 128 128 128 128 128 128 128 128
    128 128 128 128 128 128 128 128 128 128 128 128 128 128 128 128 128
    128 128 128 128 128 128 128 128 128 128 128 128 128 128 128 128 128
    128 128 128 128 128 128 128 128 128 128 128 128 128 128 128 128 128
    128 128 128 128 128 128 128 128 128 128 128 128 128 128 128 128 128
    128 128 128 128 128 128 128 128 128 128 128 128 128 128 128 128 128
    128 128 128 128 128 128 128 128 128 128 128 128 128 128 128 128 128
    128 128 128 128 128 128 128 128 128 128 128 128 128 128 128 128 128
    128 128 128 128 128 128 128 128 128 128 128 128 128 128 128 128 128
    128 128 128 128 128 128 128 128 128 128 128 128 128 128 128 128 128
    128 128 128 128 128 128 128 128 128 128 128 128 128 128 128 128 128
    128 128 128 128 128 128 128 128 128 128 128 128 128 128 128 128 128
    128 128 128 128 128 128 128 128 128 128 128 128 128 128 128 128 128
    128 128 128 128 128 128 128 128 128 128 128 128 128 128 128 128 128
    128 128 128 128 128 128 128 128 128 128 128 128 128 128 128 128 128
    128 128 128 128 128 128 128 128 128 128 128 128 128 128 128 128 128
    128 128 128 128 128 128 128 128 128 128 128 128 128 128 128 128 128
    128 128 128 128 128 128 128 128 128 128 128 128 128 128 128 128 128
    128 128 128 128 128 128 128 128 128 128 128 128 128 128 128 128 128
    128 128 128 128 128 128 128 128 128 128 128 128 128 128 128 128 128
    128 128 128 128 128 128 128 128 128 128 128 128 128 128 128 128 128
    128 128 128 128 128 128 128 128 128 128 128 128 128 128 128 128 128
    128 128 128 128 128 128 128 128 128 128 128 128 128 128 128 128 128
    128 128 128 128 128 128 128 128 128 128 128 128 128 128 128 128 128
    128 128 128 128 128 128 128 128 128 128 128 128 128 128 128 128 128
    128 128 128 128 128 128 128 128 128 128 128 128 128 128 128 128 128
    128 128 128 128 128 128 128 128 128 128 128 128 128 128 128 128 128
    128 128 128 128 128 128 128 128 128 128 128 128 128 128 128 128 128
    128 128 128 128 128 128 128 128 128 128 128 128 128 128 128 128 128
    128 128 128 128 128 128 128 128 128 128 128 128 128 128 128 128 128
    128 128 128 128 128 128 128 128 128 128 128 128 128 128 128 128 128
    128 128 128 128 128 128 128 128 128 128 128 128 128 128 128 128 128
    128 128 128 128 128 128 128 128 128 128 128 128 128 128 128 128 128
    128 128 128 128 128 128 128 128 128 128 128 128 128 128 128 128 128
    128 128 128 128 128 128 128 128 128 128 128 128 128 128 128 128 128
    128 128 128 128 128 128 128 128 128 128 128 128 128 128 128 128 128
    128 128 128 128 128 128 128 128 128 128 128 128 128 128 128 128 128
    128 128 128 128 128 128 128 128 128 128 128 128 128 128 128 128 128
    128 128 128 128 128 128 128 128 128 128 128 128 128 128 128 128 128
    128 128 128 128 128 128 128 128 128 128 128 128 128 128 128 128 128
    128 128 128 128 128 128 128 128 128 128 128 128 128 128 128 128 128
    128 128 128 128 128 128 128 128 128 128 128 128 128 128 128 128 128
    128 128 128 128 128 128 128 128 128 128 128 128 128 128 128 128 128
    128 128 128 128 128 128 128 128 128 128 128 128 128 128 128 128 128
    128 128 128 128 128 128 128 128 128 128 128 128 128 128 128 128 128
    128 128 128 128 128 128 128 128 128 128 128 128 128 128 128 128 128
    128 128 128 128 128 128 128 128 128 128 128 128 128 128 128 128 128
    128 128 128 128 128 128 128 128 128 128 128 128 128 128 128 128 128
    128 128 128 128 128 128 128 128 128 128 128 128 128 128 128 128 128
    128 128 128 128 128 128 128 128 128 128 128 128 128 128 128 128 128
    128 128 128 128 128 128 128 128 128 128 128 128 128 128 128 128 128
    128 128 128 128 128 128 128 128 128 128 128 128 128 128 128 128 128
    128 128 128 128 128 128 128 128 128 128 128 128 128 128 128 128 128
    128 128 128 128 128 128 128 128 128 128 128 128 128 128 128 128 128
    128 128 128 128 128 128 128 128 128 128 128 128 128 128 128 128 128
    128 128 128 128 128 128 128 128 128 128 128 128 128 128 128 128 128
    128 128 128 128 128 128 128 128 128 128 128 128 128 128 128 128 128
    128 128 128 128 128 128 128 128 128 128 128 128 128 128 128 128 128
    128 128 128 128 128 128 128 128 128 128 128 128 128 128 128 128 128
    128 128 128 128 128 128 128 128 128 128 128 128 128 128 128 128 128
    128 128 128 128 128 128 128 128 128 128 128 128 128 128 128 128 128
    128 128 128 128 128 128 128 128 128 128 128 128 128 128 128 128 128
    128 128 128 128 128 128 128 128 128 128 128 128 128 128 128 128 128
    128 128 128 128 128 128 128 128 128 128 128 128 128 128 128 128 128
    128 128 128 128 128 128 128 128 128 128 128 128 128 128 128 128 128
    128 128 128 128 128 128 128 128 128 128 128 128 128 128 128 128 128
    128 128 128 128 128 128 128 128 128 128 128 128 128 128 128 128 128
    128 128 128 128 128 128 128 128 128 128 128 128 128 128 128 128 128
    128 128 128 128 128 128 128 128 128 128 128 128 128 128 128 128 128
    128 128 128 128 128 128 128 128 128 128 128 128 128 128 128 128 128
    128 128 128 128 128 128 128 128 128 128 128 128 128 128 128 128 128
    128 128 128 128 128 128 128 128 128 128 128 128 128 128 128 128 128
    128 128 128 128 128 128 128 128 128 128 128 128 128 128 128 128 128
    128 128 128 128 128 128 128 128 128 128 128 128 128 128 128 128 128
    128 128 128 128 128 128 128 128 128 128 128 128 128 128 128 128 128
    128 128 128 128 128 128 128 128 128 128 128 128 128 128 128 128 128
    128 128 128 128 128 128 128 128 128 128 128 128 128 128 128 128 128
    128 128 128 128 128 128 128 128 128 128 128 128 128 128 128 128 128
    128 128 128 128 128 128 128 128 128 128 128 128 128 128 128 128 128
    128 128 128 128 128 128 128 128 128 128 128 128 128 128 128 128 128
    128 128 128 128 128 128 128 128 128 128 128 128 128 128 128 128 128
    128 128 128 128 128 128 128 128 128 128 128 128 128 128 128 128 128
    128 128 128 128 128 128 128 128 128 128 128 128 128 128 128 128 128
    128 128 128 128 128 128 128 128 128 128 128 128 128 128 128 128 128
    128 128 128 128 128 128 128 128 128 128 128 128 128 128 128 128 128
    128 128 128 128 128 128 128 128 128 128 128 128 128 128 128 128 128
    128 128 128 128 128 128 128 128 128 128 128 128 128 128 128 128 128
    128 128 128 128 128 128 128 128 128 128 128 128 128 128 128 128 128
    128 128 128 128 128 128 128 128 128 128 128 128 128 128 128 128 128
    128 128 128 128 128 128 128 128 128 128 128 128 128 128 128 128 128
    128 128 128 128 128 128 128 128 128 128 128 128 128 128 128 128 128
    128 128 128 128 128 128 128 128 128 128 128 128 128 128 128 128 128
    128 128 128 128 128 128 128 128 128 128 128 128 128 128 128 128 128
    128 128 128 128 128 128 128 128 128 128 128 128 128 128 128 128 128
    128 128 128 128 128 128 128 128 128 128 128 128 128 128 128 128 128
    128 128 128 128 128 128 128 128 128 128 128 128 128 128 128 128 128
    128 128 128 128 128 128 128 128 128 128 128 128 128 128 128 128 128
    128 128 128 128 128 128 128 128 128 128 128 128 128 128 128 128 128
    128 128 128 128 128 128 128 128 128 128 128 128 128 128 128 128 128
    128 128 128 128 128 128 128 128 128 128 128 128 128 128 128 128 128
    128 128 128 128 128 128 128 128 128 128 128 128 128 128 128 128 128
    128 128 128 128 128 128 128 128 128 128 128 128 128 128 128 128 128
    128 128 128 128 128 128 128 128 128 128 128 128 128 128 128 128 128
    128 128 128 128 128 128 128 128 128 128 128 128 128 128 128 128 128
    128 128 128 128 128 128 128 128 128 128 128 128 128 128 128 128 128
    128 128 128 128 128 128 128 128 128 128 128 128 128 128 128 128 128
    128 128 128 128 128 128 128 128 128 128 128 128 128 128 128 128 128
    128 128 128 128 128 128 128 128 128 128 128 128 128 128 128 128 128
    128 128 128 128 128 128 128 128 128 128 128 128 128 128 128 128 128
    128 128 128 128 128 128 128 128 128 128 128 128 128 128 128 128 128
    128 128 128 128 128 128 128 128 128 128 128 128 128 128 128 128 128
    128 128 128 128 128 128 128 128 128 128 128 128 128 128 128 128 128
    128 128 128 128 128 128 128 128 128 128 128 128 128 128 128 128 128
    128 128 128 128 128 128 128 128 128 128 128 128 128 128 128 128 128
    128 128 128 128 128 128 128 128 128 128 128 128 128 128 128 128 128
    128 128 128 128 128 128 128 128 128 128 128 128 128 128 128 128 128
    128 128 128 128 128 128 128 128 128 128 128 128 128 128 128 128 128
    128 128 128 128 128 128 128 128 128 128 128 128 128 128 128 128 128
    128 128 128 128 128 128 128 128 128 128 128 128 128 128 128 128 128
    128 128 128 128 128 128 128 128 128 128 128 128 128 128 128 128 128
    128 128 128 128 128 128 128 128 128 128 128 128 128 128 128 128 128
    128 128 128 128 128 128 128 128 128 128 128 128 128 128 128 128 128
    128 128 128 128 128 128 128 128 128 128 128 128 128 128 128 128 128
    128 128 128 128 128 128 128 128 128 128 128 128 128 128 128 128 128
    128 128 128 128 128 128 128 128 128 128 128 128 128 128 128 128 128
    128 128 128 128 128 128 128 128 128 128 128 128 128 128 128 128 128
    128 128 128 128 128 128 128 128 128 128 128 128 128 128 128 128 128
    128 128 128 128 128 128 128 128 128 128 128 128 128 128 128 128 128
    128 128 128 128 128 128 128 128 128 128 128 128 128 128 128 128 128
    128 128 128 128 128 128 128 128 128 128 128 128 128 128 128 128 128
    128 128 128 128 128 128 128 128 128 128 128 128 128 128 128 128 128
    128 128 128 128 128 128 128 128 128 128 128 128 128 128 128 128 128
    128 128 128 128 128 128 128 128 128 128 128 128 128 128 128 128 128
    128 128 128 128 128 128 128 128 128 128 128 128 128 128 128 128 128
    128 128 128 128 128 128 128 128 128 128 128 128 128 128 128 128 128
    128 128 128 128 128 128 128 128 128 128 128 128 128 128 128 128 128
    128 128 128 128 128 128 128 128 128 128 128 128 128 128 128 128 128
    128 128 128 128 128 128 128 128 128 128 128 128 128 128 128 128 128
    128 128 128 128 128 128 128 128 128 128 128 128 128 128 128 128 128
    128 128 128 128 128 128 128 128 128 128 128 128 128 128 128 128 128
    128 128 128 128 128 128 128 128 128 128 128 128 128 128 128 128 128
    128 128 128 128 128 128 128 128 128 128 128 128 128 128 128 128 128
    128 128 128 128 128 128 128 128 128 128 128 128 128 128 128 128 128
    128 128 128 128 128 128 128 128 128 128 128 128 128 128 128 128 128
    128 128 128 128 128 128 128 128 128 128 128 128 128 128 128 128 128
    128 128 128 128 128 128 128 128 128 128 128 128 128 128 128 128 128
    128 128 128 128 128 128 128 128 128 128 128 128 128 128 128 128 128
    128 128 128 128 128 128 128 128 128 128 128 128 128 128 128 128 128
    128 128 128 128 128 128 128 128 128 128 128 128 128 128 128 128 128
    128 128 128 128 128 128 128 128 128 128 128 128 128 128 128 128 128
    128 128 128 128 128 128 128 128 128 128 128 128 128 128 128 128 128
    128 128 128 128 128 128 128 128 128 128 128 128 128 128 128 128 128
    128 128 128 128 128 128 128 128 128 128 128 128 128 128 128 128 128
    128 128 128 128 128 128 128 128 128 128 128 128 128 128 128 128 128
    128 128 128 128 128 128 128 128 128 128 128 128 128 128 128 128 128
    128 128 128 128 128 128 128 128 128 128 128 128 128 128 128 128 128
    128 128 128 128 128 128 128 128 128</data></test_backg>
<my_img type_id="opencv-matrix">
  <rows>30</rows>
  <cols>20</cols>
  <dt>"3u"</dt>
  <data>
    128 128 128 67 176 0 10 212 249 24 25 19 227 117 136 158 160 110 128
    128 128 165 233 79 95 237 221 128 128 128 86 123 183 155 57 169 128
    128 128 245 254 221 35 145 224 150 112 41 201 51 157 214 192 21 209
    203 97 135 241 251 128 128 128 77 179 198 147 58 174 130 160 8 81 14
    110 90 153 131 34 30 234 80 149 120 199 140 238 42 142 246 169 207
    61 128 128 128 102 93 204 128 128 128 231 57 33 63 219 237 128 128
    128 205 157 103 61 28 196 10 35 56 128 128 128 96 121 195 61 49 244
    184 5 127 37 156 139 64 43 103 30 67 70 227 65 171 32 5 199 42 228
    206 179 139 102 165 159 241 180 175 197 56 7 245 69 50 26 216 67 80
    13 183 94 238 154 198 133 226 223 22 20 140 170 208 43 194 239 9 20
    25 98 128 128 128 128 128 128 36 66 218 235 87 143 158 236 109 128
    128 128 175 36 164 132 182 229 83 58 91 128 128 128 77 8 56 87 121
    117 128 128 128 66 51 17 106 16 166 48 163 140 153 233 244 114 172
    52 239 112 195 75 132 240 51 16 248 136 254 17 189 149 167 39 172
    249 105 94 92 111 121 227 128 128 128 188 110 58 189 24 150 79 94
    204 154 142 93 114 99 23 225 179 72 38 26 43 116 239 249 165 186 55
    181 154 244 83 90 167 247 127 16 23 244 117 51 176 123 169 9 70 231
    170 13 1 175 181 99 110 43 70 62 30 238 75 50 155 76 210 57 224 241
    193 200 21 30 79 150 128 128 128 249 19 88 234 122 158 233 230 115
    184 174 112 216 43 96 164 183 103 35 20 226 175 236 231 206 141 104
    227 103 235 132 167 27 159 24 133 128 128 128 170 229 77 50 137 255
    21 220 120 225 44 230 203 4 230 234 114 41 0 214 148 178 223 242 195
    90 189 32 161 204 0 171 123 204 136 112 100 171 131 108 51 193 40
    163 105 177 21 127 106 106 131 89 131 161 155 172 45 113 148 235 76
    84 5 181 71 209 244 100 200 157 129 150 219 171 50 247 135 60 72 69
    221 221 41 65 218 67 1 128 128 128 128 128 128 72 100 214 193 74 110
    128 128 128 128 128 128 135 5 11 240 95 192 75 81 165 93 129 192 230
    250 180 190 3 188 128 128 128 12 30 41 86 219 197 128 128 128 150
    157 81 201 223 120 232 161 87 223 236 195 87 170 9 128 128 128 167
    208 37 170 32 210 240 171 131 88 137 51 128 128 128 119 24 79 79 96
    114 110 137 153 218 19 135 128 128 128 125 41 93 143 141 7 94 40 23
    146 80 239 248 175 114 228 159 22 161 188 73 128 128 128 99 100 218
    122 139 191 108 253 243 128 128 128 219 75 47 245 132 31 128 128 128
    206 65 183 18 162 196 36 125 106 126 126 129 23 137 68 63 151 218
    236 123 12 254 75 192 128 128 128 128 128 128 13 229 187 244 221 45
    29 168 114 224 149 40 27 191 186 218 18 38 51 26 106 132 65 112 191
    51 66 128 128 128 117 189 178 64 30 232 43 195 185 215 153 8 128 128
    128 224 49 75 12 210 104 117 12 200 128 128 128 18 29 201 95 107 84
    237 69 228 56 34 78 128 128 128 109 53 6 251 242 168 92 50 218 90
    238 195 120 22 238 144 40 180 132 65 254 9 61 131 116 101 74 128 1
    115 243 158 67 183 162 28 111 68 218 166 254 81 19 104 123 48 197
    104 65 242 164 212 144 145 184 19 43 209 36 70 191 123 8 47 74 187
    128 128 128 204 88 106 34 18 15 37 0 54 24 20 157 226 195 147 128
    128 128 118 169 184 37 46 116 154 76 0 143 220 4 50 46 51 247 164 2
    226 69 99 80 236 151 21 173 114 70 160 109 231 156 102 177 31 223
    214 107 24 9 86 235 175 126 91 128 128 128 215 150 155 98 71 204 128
    128 128 148 53 220 1 8 214 198 30 33 62 79 134 120 110 22 68 86 190
    94 71 61 72 127 214 178 221 32 190 61 233 128 128 128 157 209 56 87
    221 170 175 212 108 128 128 128 65 101 255 72 136 234 126 50 127 62
    233 203 238 1 128 196 32 143 13 253 164 160 77 24 76 125 231 85 25
    129 196 109 143 60 14 152 121 53 156 128 128 128 2 81 185 210 237
    236 70 21 221 155 15 245 215 135 231 35 10 64 32 148 219 141 77 215
    213 38 108 7 32 84 128 128 128 69 8 219 32 74 140 200 54 132 107 40
    8 156 23 196 125 90 109 128 128 128 46 79 191 128 128 128 205 123 25
    137 21 245 128 128 128 84 106 163 21 107 145 54 165 197 185 174 91
    13 242 147 100 171 155 14 66 125 111 98 147 214 51 199 154 155 162
    105 181 44 152 62 178 108 54 10 238 255 169 222 240 73 22 6 73 133
    114 101 82 137 226 202 192 34 130 37 197 76 131 28 230 137 171 196
    178 150 71 224 215 152 151 182 197 255 108 128 181 62 182 165 91 214
    114 54 67 37 120 128 128 128 100 119 211 122 59 175 229 236 133 238
    92 210 128 128 128 152 136 63 102 117 116 128 128 128 169 33 53 128
    128 128 188 104 38 164 56 165 77 160 155 246 226 209 60 124 211 107
    76 229 153 125 21 236 242 225 106 135 192 175 10 143 20 48 243 123 2
    98 185 162 116 225 212 146 13 140 216 136 28 21 128 128 128 81 202 4
    252 60 249 128 128 128 251 246 58 128 128 128 108 109 34 221 191 247
    228 148 124 165 49 51 205 24 214 156 88 4 12 208 211 112 228 175 229
    40 58 128 128 128 128 128 128 13 45 102 7 50 141 43 163 154 170 200
    109 164 207 240 173 136 28 134 79 5 16 106 102 155 43 175 26 76 192
    41 15 165 52 147 201 223 16 107 168 235 105 128 128 128 112 172 59
    128 128 128 68 83 239 107 86 4 102 190 173 255 125 173 185 220 0 189
    10 47 40 233 140 86 128 160 33 46 8 181 207 161 235 41 211 30 69 204
    128 128 128 220 227 194 128 128 128 203 79 125 203 14 67 201 197 104
    208 144 100 18 78 164 183 36 51 128 128 128 143 79 250 169 143 225
    117 13 5 176 218 203 236 86 229 190 107 253 84 239 173 183 196 245
    195 171 95 96 12 139 121 222 177 157 237 230 152 112 143 7 133 140
    128 128 128 192 68 157 30 75 56 183 106 20 35 18 166 176 5 174 233
    145 249 128 128 128 68 80 28 120 43 227 175 169 223 128 128 128 182
    91 167 110 47 119 109 145 173 91 60 75 128 128 128 252 243 216 131
    11 254 128 128 128 255 243 20 86 187 123 128 128 128 195 16 89 186
    191 235 128 128 128 126 31 115 128 128 128 15 216 103 130 15 200 34
    121 230 128 128 128 55 171 165 213 176 108 172 65 42 179 65 77 198
    137 223 115 91 186 167 251 220 182 96 38 195 4 171 250 105 202 185
    38 199 64 115 215 144 15 20 219 23 75 42 118 171 128 128 128 140 108
    195 128 128 128 129 196 2 132 131 224 158 174 59 204 71 235 116 241
    162 8 19 26 113 9 24 91 141 246 174 190 207 255 54 185 194 192 236
    181 149 177 128 128 128 245 38 237 251 181 78 203 173 162 48 56 20
    217 136 102 21 62 180 239 117 129 165 19 206 67 196 225 202 130 162
    10 56 66 145 253 255 78 96 170 244 51 244 84 173 223 228 143 13 63
    101 23 128 128 128 185 236 215 115 15 235 198 146 221 215 178 121
    128 128 128 176 8 237 62 43 147 115 240 197 149 7 51 187 136 221 137
    1 164 8 14 90 138 178 189 243 13 60 190 216 114 126 54 84 128 128
    128 189 116 217 41 21 174 26 206 157 241 28 182 19 8 17 164 98 203
    15 20 81 247 123 128 215 64 223 93 51 149 76 186 16 18 69 95 21 54
    71 21 45 188 63 98 232 1 248 119 13 221 202 47 205 159 241 195 144
    224 7 50 179 12 153 129 213 188 128 128 128 128 128 128 0 104 125
    143 140 148 128 128 128 245 246 205 230 117 208 22 92 202 16 29 240
    19 173 163 201 13 184 215 20 119 180 85 227 25 53 162 203 215 137</data></my_img>
<your_img type_id="opencv-matrix">
  <rows>30</rows>
  <cols>20</cols>
  <dt>"3u"</dt>
  <data>
    78 174 41 128 128 128 128 128 128 128 128 128 128 128 128 128 128
    128 77 244 93 128 128 128 128 128 128 48 83 36 128 128 128 128 128
    128 64 215 26 128 128 128 128 128 128 128 128 128 128 128 128 128
    128 128 128 128 128 128 128 128 42 209 77 128 128 128 128 128 128
    128 128 128 128 128 128 128 128 128 128 128 128 128 128 128 128 128
    128 128 128 128 128 128 128 69 144 61 128 128 128 29 98 25 128 128
    128 128 128 128 38 113 63 128 128 128 128 128 128 128 128 128 18 178
    38 128 128 128 128 128 128 128 128 128 128 128 128 128 128 128 128
    128 128 128 128 128 128 128 128 128 128 128 128 128 128 128 128 128
    128 128 128 128 128 128 128 128 128 128 128 128 128 128 128 128 128
    128 128 128 128 128 128 128 128 128 128 128 128 128 128 128 128 86
    187 112 22 229 40 128 128 128 128 128 128 128 128 128 20 191 2 128
    128 128 128 128 128 128 128 128 54 134 17 128 128 128 128 128 128 87
    199 76 128 128 128 128 128 128 128 128 128 128 128 128 128 128 128
    128 128 128 128 128 128 128 128 128 128 128 128 128 128 128 128 128
    128 128 128 128 128 128 128 17 248 0 128 128 128 128 128 128 128 128
    128 128 128 128 128 128 128 128 128 128 128 128 128 128 128 128 128
    128 128 128 128 128 128 128 128 128 128 128 128 128 128 128 128 128
    128 128 128 128 128 128 128 128 128 128 128 128 128 128 128 128 128
    128 128 128 128 128 128 128 128 128 128 128 128 128 136 227 145 128
    128 128 128 128 128 128 128 128 128 128 128 128 128 128 128 128 128
    128 128 128 128 128 128 128 128 128 128 128 128 128 128 128 128 128
    128 159 230 148 128 128 128 128 128 128 128 128 128 128 128 128 128
    128 128 128 128 128 128 128 128 128 128 128 128 128 128 128 128 128
    128 128 128 128 128 128 128 128 128 128 128 128 128 128 128 128 128
    128 128 128 128 128 128 128 128 128 128 128 128 128 128 128 128 128
    128 128 128 128 128 128 128 128 128 128 128 128 128 128 128 128 128
    128 128 128 128 128 128 177 245 165 32 137 23 128 128 128 128 128
    128 178 255 201 156 204 141 128 128 128 128 128 128 128 128 128 128
    128 128 128 128 128 128 128 128 95 185 126 128 128 128 128 128 128
    16 196 29 128 128 128 128 128 128 128 128 128 128 128 128 128 128
    128 29 218 71 128 128 128 128 128 128 128 128 128 128 128 128 118
    252 144 128 128 128 128 128 128 128 128 128 128 128 128 32 187 59
    128 128 128 128 128 128 128 128 128 128 128 128 128 128 128 128 128
    128 128 128 128 10 179 32 128 128 128 128 128 128 128 128 128 56 169
    54 128 128 128 128 128 128 21 230 34 128 128 128 128 128 128 128 128
    128 128 128 128 128 128 128 128 128 128 128 128 128 128 128 128 117
    179 86 131 198 124 128 128 128 128 128 128 128 128 128 128 128 128
    128 128 128 128 128 128 128 128 128 128 128 128 128 128 128 24 74 38
    128 128 128 128 128 128 128 128 128 128 128 128 103 212 56 128 128
    128 128 128 128 128 128 128 49 185 43 128 128 128 128 128 128 128
    128 128 128 128 128 37 159 65 128 128 128 128 128 128 128 128 128
    128 128 128 128 128 128 128 128 128 128 128 128 128 128 128 128 128
    128 128 128 128 128 128 128 128 128 128 128 128 128 128 128 128 128
    128 128 128 128 128 128 128 128 128 128 128 128 128 128 128 128 128
    128 128 128 128 128 128 53 222 13 128 128 128 128 128 128 128 128
    128 128 128 128 128 128 128 45 255 104 128 128 128 128 128 128 128
    128 128 128 128 128 128 128 128 128 128 128 128 128 128 128 128 128
    128 128 128 128 128 128 128 128 128 128 128 128 128 128 128 128 128
    128 128 128 128 92 221 61 128 128 128 128 128 128 79 168 86 128 128
    128 128 128 128 128 128 128 128 128 128 128 128 128 128 128 128 128
    128 128 128 128 128 128 128 128 128 128 128 210 241 203 128 128 128
    128 128 128 128 128 128 199 231 182 128 128 128 128 128 128 128 128
    128 128 128 128 128 128 128 128 128 128 128 128 128 128 128 128 128
    128 128 128 128 128 128 128 128 128 128 128 128 128 128 75 185 82
    128 128 128 128 128 128 128 128 128 128 128 128 128 128 128 128 128
    128 128 128 128 128 128 128 128 128 128 128 128 128 113 212 91 128
    128 128 128 128 128 128 128 128 128 128 128 128 128 128 128 128 128
    23 182 76 128 128 128 29 251 70 128 128 128 128 128 128 38 138 16
    128 128 128 128 128 128 128 128 128 128 128 128 128 128 128 128 128
    128 128 128 128 128 128 128 128 128 128 128 128 128 128 128 128 128
    128 128 128 128 128 128 128 128 128 128 128 128 128 128 128 128 128
    128 128 128 128 128 128 128 128 128 128 128 128 128 128 128 128 128
    128 128 128 128 128 128 128 128 128 128 128 128 128 128 128 128 128
    128 128 128 128 128 18 154 24 128 128 128 128 128 128 128 128 128
    128 128 128 31 234 82 128 128 128 128 128 128 29 190 22 128 128 128
    122 184 121 128 128 128 128 128 128 128 128 128 128 128 128 128 128
    128 128 128 128 128 128 128 128 128 128 128 128 128 128 128 128 128
    128 128 128 128 128 128 128 128 128 128 128 128 128 128 128 128 128
    52 180 0 128 128 128 128 128 128 10 245 3 128 128 128 17 69 20 128
    128 128 128 128 128 128 128 128 128 128 128 128 128 128 128 128 128
    128 128 128 128 128 128 128 128 128 44 131 2 2 203 40 128 128 128
    128 128 128 128 128 128 128 128 128 128 128 128 128 128 128 128 128
    128 128 128 128 128 128 128 128 128 128 128 128 128 128 128 128 128
    128 128 128 128 128 14 238 7 128 128 128 135 253 160 128 128 128 128
    128 128 128 128 128 128 128 128 128 128 128 128 128 128 128 128 128
    128 128 128 128 128 128 128 128 128 128 128 128 128 128 128 51 115
    50 128 128 128 39 164 18 128 128 128 128 128 128 128 128 128 128 128
    128 128 128 128 128 128 128 143 190 132 128 128 128 128 128 128 128
    128 128 128 128 128 128 128 128 128 128 128 128 128 128 128 128 128
    128 128 128 128 128 128 128 128 128 128 128 128 128 128 128 128 128
    128 124 153 127 128 128 128 128 128 128 128 128 128 128 128 128 128
    128 128 128 128 128 89 244 103 128 128 128 128 128 128 128 128 128
    171 198 169 128 128 128 128 128 128 128 128 128 128 128 128 107 137
    104 128 128 128 128 128 128 54 157 48 128 128 128 128 128 128 18 186
    34 128 128 128 128 128 128 159 226 181 128 128 128 123 251 136 128
    128 128 128 128 128 128 128 128 128 223 112 128 128 128 128 128 128
    128 128 128 128 128 128 128 128 128 128 128 128 128 128 128 128 128
    128 128 128 128 128 128 128 128 128 128 128 128 128 128 128 128 128
    128 128 128 128 128 129 203 143 128 128 128 84 204 33 128 128 128
    128 128 128 128 128 128 128 128 128 128 128 128 128 128 128 128 128
    128 128 128 128 128 128 128 128 128 128 128 128 128 128 128 128 35
    189 51 128 128 128 128 128 128 128 128 128 128 128 128 128 128 128
    128 128 128 128 128 128 128 128 128 128 128 128 128 128 128 128 128
    128 128 128 128 128 128 128 128 128 128 128 128 128 128 128 128 128
    128 128 48 215 18 128 128 128 128 128 128 128 128 128 128 128 128 21
    241 46 128 128 128 128 128 128 128 128 128 128 128 128 128 128 128
    128 128 128 128 128 128 128 128 128 128 128 128 128 128 128 128 128
    128 76 251 66 128 128 128 128 128 128 128 128 128 128 128 128 128
    128 128 128 128 128 128 128 128 128 128 128 128 128 128 128 128 128
    128 128 128 128 128 128 128 128 128 128 128 128 128 128 128 128 128
    128 128 128 128 128 128 128 128 128 128 128 128 128 128 128 128 128
    128 128 116 248 108 26 173 39 128 128 128 128 128 128 151 216 151
    128 128 128 128 128 128 128 128 128 128 128 128 128 128 128 128 128
    128 128 128 128 128 128 128 128 128 128 128 128 128</data></your_img>
</opencv_storage>
