<?xml version="1.0"?>
<opencv_storage>
<L2_diff>1.</L2_diff>
<test_hist type_id="opencv-matrix">
  <rows>256</rows>
  <cols>1</cols>
  <dt>f</dt>
  <data>
    156. 622. 680. 237. 936. 73. 351. 770. 373. 945. 844. 794. 295. 969.
    427. 326. 228. 132. 506. 239. 353. 916. 771. 85. 591. 509. 524. 831.
    372. 443. 366. 764. 815. 627. 819. 248. 251. 483. 464. 391. 515.
    436. 949. 886. 120. 689. 736. 592. 199. 31. 318. 363. 602. 893. 11.
    29. 365. 775. 618. 431. 361. 940. 964. 571. 947. 31. 637. 206. 941.
    361. 904. 507. 114. 528. 343. 644. 87. 776. 401. 575. 484. 506. 559.
    897. 442. 156. 876. 231. 803. 379. 46. 301. 827. 738. 600. 189. 358.
    999. 6. 656. 515. 611. 287. 864. 985. 441. 151. 198. 743. 782. 539.
    147. 388. 424. 271. 583. 877. 606. 330. 359. 212. 477. 5. 770. 992.
    786. 57. 436. 660. 156. 782. 98. 313. 876. 197. 1. 599. 62. 317.
    495. 162. 278. 946. 560. 79. 839. 27. 103. 179. 201. 795. 760. 30.
    134. 949. 195. 575. 36. 176. 635. 259. 93. 349. 218. 334. 436. 651.
    110. 473. 953. 447. 167. 89. 82. 433. 82. 575. 662. 931. 757. 862.
    291. 454. 415. 143. 841. 28. 782. 272. 132. 94. 787. 243. 146. 684.
    882. 404. 676. 818. 624. 527. 937. 318. 979. 473. 223. 793. 10. 357.
    269. 369. 236. 979. 935. 391. 536. 187. 110. 923. 452. 49. 882. 642.
    133. 154. 601. 979. 709. 586. 478. 379. 745. 224. 609. 923. 117.
    495. 367. 167. 666. 829. 102. 428. 411. 784. 335. 634. 870. 285.
    144. 668. 642. 708. 958. 641. 238.</data></test_hist>
<s>3.</s>
<my_cl>1443.</my_cl>
<your_cl>1444.</your_cl>
</opencv_storage>
