<?xml version="1.0"?>
<opencv_storage>
<L2_diff>1.</L2_diff>
<test_hist type_id="opencv-matrix">
  <rows>256</rows>
  <cols>1</cols>
  <dt>f</dt>
  <data>
    589. 536. 55. 413. 781. 18. 497. 874. 174. 320. 774. 997. 98. 171.
    613. 98. 98. 216. 843. 357. 345. 415. 168. 786. 444. 417. 279. 874.
    460. 43. 262. 596. 961. 859. 736. 169. 6. 529. 655. 792. 685. 670.
    72. 985. 18. 690. 588. 640. 364. 421. 846. 753. 204. 226. 11. 260.
    432. 162. 619. 853. 515. 500. 555. 563. 932. 115. 438. 571. 363. 95.
    307. 796. 682. 552. 237. 487. 619. 158. 259. 488. 640. 762. 108.
    721. 942. 4. 649. 663. 673. 500. 370. 41. 462. 432. 895. 50. 183.
    777. 138. 8. 497. 770. 891. 511. 930. 670. 544. 377. 517. 844. 447.
    892. 152. 987. 391. 172. 257. 418. 51. 209. 638. 469. 854. 29. 391.
    531. 683. 573. 205. 395. 748. 565. 495. 533. 649. 767. 865. 541.
    210. 559. 651. 877. 733. 878. 63. 73. 308. 586. 733. 407. 765. 430.
    527. 994. 733. 664. 546. 476. 748. 440. 57. 307. 673. 597. 396. 593.
    983. 839. 177. 826. 409. 311. 493. 158. 216. 686. 745. 261. 923.
    354. 763. 733. 706. 597. 543. 666. 658. 178. 759. 94. 823. 190. 202.
    110. 546. 88. 422. 183. 262. 779. 289. 269. 753. 410. 825. 769. 340.
    452. 658. 473. 330. 132. 971. 697. 811. 259. 539. 63. 940. 195. 105.
    512. 436. 377. 460. 646. 300. 690. 704. 854. 453. 646. 705. 752.
    510. 431. 79. 289. 600. 966. 784. 0. 206. 808. 405. 538. 731. 484.
    225. 786. 277. 706. 492. 62. 326. 51.</data></test_hist>
<s>3.</s>
<my_cl>1473.</my_cl>
<your_cl>1474.</your_cl>
</opencv_storage>
