<?xml version="1.0"?>
<opencv_storage>
<L2_diff>1.</L2_diff>
<test_hist type_id="opencv-matrix">
  <rows>256</rows>
  <cols>1</cols>
  <dt>f</dt>
  <data>
    371. 959. 46. 81. 955. 828. 466. 442. 619. 450. 142. 270. 426. 621.
    593. 830. 826. 683. 940. 539. 400. 769. 896. 119. 328. 822. 808.
    411. 529. 142. 384. 738. 78. 824. 533. 294. 14. 413. 542. 467. 382.
    656. 979. 841. 963. 236. 151. 905. 647. 769. 621. 743. 191. 841.
    280. 564. 915. 29. 276. 222. 272. 455. 854. 799. 502. 586. 321. 224.
    783. 966. 495. 293. 678. 928. 991. 761. 542. 818. 158. 915. 799.
    164. 833. 463. 975. 640. 788. 602. 179. 699. 874. 116. 957. 104.
    585. 573. 944. 466. 746. 43. 268. 946. 507. 330. 628. 128. 158. 338.
    538. 4. 727. 896. 921. 457. 211. 124. 25. 557. 555. 524. 447. 788.
    444. 890. 167. 705. 46. 334. 68. 493. 969. 253. 503. 902. 96. 319.
    324. 839. 445. 807. 401. 46. 861. 484. 148. 248. 333. 382. 967. 858.
    558. 381. 381. 216. 94. 216. 959. 557. 855. 529. 447. 40. 663. 971.
    642. 878. 731. 633. 971. 887. 497. 899. 992. 5. 668. 481. 392. 869.
    424. 536. 86. 159. 713. 270. 668. 907. 389. 567. 461. 82. 779. 799.
    880. 505. 688. 232. 224. 691. 956. 782. 450. 78. 913. 760. 22. 198.
    353. 559. 205. 608. 282. 893. 133. 455. 443. 562. 907. 759. 61. 925.
    652. 822. 316. 915. 930. 922. 283. 153. 728. 583. 380. 808. 231.
    367. 566. 897. 202. 962. 378. 615. 517. 689. 657. 773. 212. 981.
    201. 269. 836. 872. 221. 407. 553. 43. 469. 718.</data></test_hist>
<s>3.</s>
<my_cl>1604.</my_cl>
<your_cl>1605.</your_cl>
</opencv_storage>
