<?xml version="1.0"?>
<opencv_storage>
<L2_diff>8.0916525423526764e-01</L2_diff>
<test_hist type_id="opencv-matrix">
  <rows>256</rows>
  <cols>1</cols>
  <dt>f</dt>
  <data>
    747. 453. 537. 992. 627. 50. 348. 306. 208. 48. 519. 241. 522. 566.
    164. 245. 886. 560. 340. 109. 320. 674. 112. 873. 790. 125. 983.
    332. 257. 172. 977. 696. 479. 927. 805. 211. 507. 953. 647. 805. 49.
    1. 294. 676. 606. 151. 547. 661. 726. 340. 841. 795. 525. 411. 694.
    307. 146. 567. 854. 516. 406. 242. 645. 301. 550. 329. 699. 550.
    886. 601. 693. 638. 543. 670. 995. 313. 306. 634. 554. 620. 480.
    551. 254. 277. 40. 440. 514. 170. 984. 327. 282. 52. 834. 543. 847.
    631. 169. 439. 19. 360. 140. 628. 138. 507. 886. 799. 591. 398. 324.
    373. 60. 803. 670. 145. 47. 456. 477. 178. 473. 87. 80. 384. 886. 8.
    734. 458. 909. 655. 859. 79. 101. 740. 898. 922. 40. 644. 260. 545.
    85. 500. 162. 258. 277. 933. 143. 939. 251. 645. 770. 595. 605. 407.
    795. 111. 526. 458. 772. 171. 265. 367. 332. 539. 758. 932. 993.
    220. 164. 394. 420. 25. 844. 33. 455. 31. 839. 929. 688. 92. 565.
    307. 4. 596. 547. 608. 659. 999. 4. 715. 958. 963. 979. 395. 352.
    851. 571. 583. 984. 940. 184. 988. 907. 318. 96. 135. 517. 911. 178.
    368. 445. 904. 855. 537. 920. 573. 405. 710. 908. 166. 393. 963.
    239. 933. 601. 249. 998. 438. 370. 653. 152. 91. 528. 335. 877. 613.
    865. 74. 747. 690. 883. 334. 813. 123. 136. 658. 503. 727. 270. 573.
    725. 378. 133. 269. 295. 381. 725. 203.</data></test_hist>
<s>2.</s>
<my_cl>997.</my_cl>
<your_cl>9.9789953613281250e+02</your_cl>
</opencv_storage>
