<?xml version="1.0"?>
<opencv_storage>
<L2_diff>3.5818989377144632e+01</L2_diff>
<test_hist type_id="opencv-matrix">
  <rows>256</rows>
  <cols>1</cols>
  <dt>f</dt>
  <data>
    265. 173. 200. 50. 159. 650. 433. 755. 233. 220. 628. 575. 101. 222.
    829. 893. 84. 738. 176. 98. 785. 941. 680. 166. 896. 455. 838. 8.
    484. 418. 12. 952. 504. 921. 103. 661. 396. 839. 987. 207. 480. 36.
    144. 825. 933. 958. 667. 442. 745. 141. 617. 676. 895. 997. 877.
    144. 811. 990. 305. 502. 902. 378. 105. 757. 124. 794. 960. 423.
    170. 234. 951. 52. 755. 119. 370. 975. 395. 807. 640. 703. 112. 103.
    516. 972. 47. 737. 804. 270. 27. 81. 579. 763. 846. 135. 328. 346.
    230. 597. 668. 523. 931. 443. 558. 934. 295. 475. 598. 466. 244. 34.
    59. 465. 920. 217. 657. 705. 270. 454. 392. 612. 702. 914. 334. 217.
    971. 737. 573. 610. 384. 539. 278. 455. 396. 276. 270. 824. 983.
    779. 126. 101. 510. 67. 586. 696. 860. 706. 639. 67. 183. 291. 76.
    839. 633. 953. 154. 789. 303. 607. 701. 43. 815. 938. 369. 138. 273.
    545. 316. 420. 589. 895. 666. 722. 890. 19. 215. 919. 593. 57. 641.
    854. 128. 962. 198. 824. 221. 697. 199. 603. 673. 25. 657. 672. 901.
    242. 840. 918. 889. 17. 687. 368. 103. 940. 883. 86. 958. 774. 379.
    243. 500. 859. 34. 975. 248. 879. 885. 656. 287. 611. 725. 624. 94.
    630. 468. 11. 751. 251. 702. 906. 660. 487. 919. 588. 276. 383. 219.
    727. 431. 540. 447. 710. 680. 884. 828. 648. 964. 200. 131. 610. 74.
    86. 991. 822. 414. 218. 924. 389.</data></test_hist>
<my_lkt type_id="opencv-matrix">
  <rows>256</rows>
  <cols>1</cols>
  <dt>u</dt>
  <data>
    1 2 3 4 5 6 7 8 9 10 11 12 13 14 15 16 17 18 19 20 21 22 23 24 25 26
    27 28 29 30 31 32 33 34 35 36 37 38 39 40 41 42 43 44 45 46 47 48 49
    50 51 52 53 54 55 56 57 58 59 60 61 62 63 64 65 66 67 68 69 70 71 72
    73 74 75 76 77 78 79 80 81 82 83 84 85 86 87 88 89 90 91 92 93 94 95
    96 97 98 99 100 101 102 103 104 105 106 107 108 109 110 111 112 113
    114 115 116 117 118 119 120 121 122 123 124 125 126 127 128 128 129
    130 131 132 133 134 135 136 137 138 139 140 141 142 143 144 145 146
    147 148 149 150 151 152 153 154 155 156 157 158 159 160 161 162 163
    164 165 166 167 168 169 170 171 172 173 174 175 176 177 178 179 180
    181 182 183 184 185 186 187 188 189 190 191 192 193 194 195 196 197
    198 199 200 201 202 203 204 205 206 207 208 209 210 211 212 213 214
    215 216 217 218 219 220 221 222 223 224 225 226 227 228 229 230 231
    232 233 234 235 236 237 238 239 240 241 242 243 244 245 246 247 248
    249 250 251 252 253 254 255</data></my_lkt>
<your_lkt type_id="opencv-matrix">
  <rows>256</rows>
  <cols>1</cols>
  <dt>u</dt>
  <data>
    1 1 2 2 3 4 5 7 7 8 9 10 11 12 13 14 14 16 16 17 18 19 21 21 22 23
    25 25 26 27 28 29 30 31 32 33 34 35 37 37 38 39 39 40 42 43 44 45 47
    47 48 50 51 52 53 54 55 56 57 59 60 61 61 62 63 64 65 67 67 68 69 69
    71 71 72 73 74 76 77 78 79 79 80 82 82 83 84 85 86 86 87 88 90 90 91
    92 93 94 95 97 98 99 100 101 102 103 105 106 107 107 107 108 110 110
    112 113 114 115 116 117 118 119 120 121 122 124 125 126 127 128 129
    130 131 132 133 134 135 137 137 138 139 139 140 142 143 144 145 146
    146 147 148 149 150 151 152 153 154 155 157 157 158 159 160 161 162
    163 164 165 166 167 169 170 171 171 172 173 175 175 176 177 178 179
    180 181 182 183 184 185 186 187 188 189 190 191 192 194 195 195 196
    197 198 199 200 201 202 203 204 205 206 207 208 209 210 211 212 213
    214 215 217 218 218 220 221 221 222 223 224 226 227 228 229 231 231
    232 233 234 235 237 238 239 240 242 243 244 245 246 246 248 248 249
    250 251 252 253 254 255</data></your_lkt>
</opencv_storage>
