<?xml version="1.0"?>
<opencv_storage>
<L2_diff>2.7258026340878022e+01</L2_diff>
<test_hist type_id="opencv-matrix">
  <rows>256</rows>
  <cols>1</cols>
  <dt>f</dt>
  <data>
    912. 416. 612. 803. 139. 822. 264. 179. 823. 140. 486. 278. 70. 816.
    235. 580. 507. 805. 117. 936. 139. 7. 108. 713. 514. 490. 205. 798.
    545. 893. 728. 163. 714. 545. 938. 829. 110. 863. 119. 586. 830.
    910. 670. 254. 426. 304. 544. 335. 607. 434. 308. 923. 81. 242. 384.
    705. 311. 893. 942. 298. 792. 202. 440. 197. 681. 560. 874. 392.
    668. 290. 367. 805. 516. 688. 567. 450. 993. 583. 823. 232. 444.
    732. 511. 595. 721. 955. 342. 343. 125. 528. 947. 723. 202. 313.
    994. 994. 220. 793. 921. 935. 428. 293. 453. 623. 282. 833. 510.
    236. 218. 284. 393. 664. 91. 120. 63. 947. 636. 97. 909. 993. 338.
    340. 941. 543. 690. 354. 331. 473. 168. 76. 179. 30. 189. 978. 219.
    477. 369. 64. 528. 500. 412. 353. 716. 32. 672. 270. 171. 941. 17.
    134. 304. 261. 579. 818. 839. 465. 279. 56. 230. 687. 357. 886. 128.
    801. 269. 75. 982. 892. 890. 757. 589. 559. 539. 810. 852. 524. 625.
    859. 136. 648. 299. 577. 230. 514. 256. 130. 775. 629. 313. 382.
    220. 72. 218. 0. 354. 158. 203. 385. 758. 551. 776. 798. 11. 39.
    743. 593. 552. 782. 913. 601. 910. 539. 650. 760. 412. 592. 346.
    262. 29. 598. 563. 160. 386. 190. 568. 198. 463. 460. 584. 946. 71.
    609. 530. 173. 594. 382. 457. 200. 245. 604. 835. 642. 922. 371.
    280. 922. 878. 293. 744. 769. 712. 662. 423. 411. 472. 652.</data></test_hist>
<my_lkt type_id="opencv-matrix">
  <rows>256</rows>
  <cols>1</cols>
  <dt>u</dt>
  <data>
    1 2 3 4 5 6 7 8 9 10 11 12 13 14 15 16 17 18 19 20 21 22 23 24 25 26
    27 28 29 30 31 32 33 34 35 36 37 38 39 40 41 42 43 44 45 46 47 48 49
    50 51 52 53 54 55 56 57 58 59 60 61 62 63 64 65 66 67 68 69 70 71 72
    73 74 75 76 77 78 79 80 81 82 83 84 85 86 87 88 89 90 91 92 93 94 95
    96 97 98 99 100 101 102 103 104 105 106 107 108 109 110 111 112 113
    114 115 116 117 118 119 120 121 122 123 124 125 126 127 128 128 129
    130 131 132 133 134 135 136 137 138 139 140 141 142 143 144 145 146
    147 148 149 150 151 152 153 154 155 156 157 158 159 160 161 162 163
    164 165 166 167 168 169 170 171 172 173 174 175 176 177 178 179 180
    181 182 183 184 185 186 187 188 189 190 191 192 193 194 195 196 197
    198 199 200 201 202 203 204 205 206 207 208 209 210 211 212 213 214
    215 216 217 218 219 220 221 222 223 224 225 226 227 228 229 230 231
    232 233 234 235 236 237 238 239 240 241 242 243 244 245 246 247 248
    249 250 251 252 253 254 255</data></my_lkt>
<your_lkt type_id="opencv-matrix">
  <rows>256</rows>
  <cols>1</cols>
  <dt>u</dt>
  <data>
    1 2 4 5 5 7 7 8 9 10 11 12 12 13 14 15 16 18 18 19 20 20 21 22 23 24
    25 26 27 29 30 30 32 33 34 35 36 37 38 39 40 41 43 43 44 45 46 47 49
    50 51 52 52 53 54 55 56 57 59 59 61 61 62 63 64 65 67 68 69 70 71 72
    73 74 76 77 78 79 81 81 82 84 85 86 87 89 89 90 91 92 93 95 95 96 97
    99 99 100 102 103 104 105 106 107 108 109 111 111 112 113 114 115
    115 116 116 117 119 119 120 122 123 123 125 126 127 128 129 130 131
    131 132 132 133 134 135 136 137 137 138 140 141 142 143 143 144 145
    146 147 147 148 149 149 151 152 153 154 155 155 156 157 158 160 160
    161 162 162 164 165 166 167 169 170 171 172 174 175 176 177 178 179
    180 181 182 183 184 184 186 187 188 189 189 190 190 191 192 192 193
    194 195 196 197 199 199 199 201 202 203 204 205 207 208 209 210 212
    213 214 215 216 216 217 218 219 220 221 222 222 224 225 226 227 228
    229 230 231 232 233 234 235 235 237 238 239 240 241 242 243 245 245
    247 248 249 250 252 253 254 255</data></your_lkt>
</opencv_storage>
