<?xml version="1.0"?>
<opencv_storage>
<L2_diff>1.</L2_diff>
<test_hist type_id="opencv-matrix">
  <rows>256</rows>
  <cols>1</cols>
  <dt>f</dt>
  <data>
    541. 587. 508. 739. 765. 325. 237. 391. 362. 97. 242. 594. 500. 910.
    781. 216. 667. 642. 769. 247. 447. 243. 986. 46. 698. 988. 654. 704.
    439. 609. 468. 824. 778. 289. 727. 637. 747. 210. 973. 454. 382.
    281. 527. 553. 822. 573. 771. 756. 214. 701. 500. 638. 562. 440.
    621. 351. 659. 808. 809. 522. 289. 45. 816. 91. 840. 515. 947. 73.
    86. 322. 272. 527. 459. 33. 456. 409. 349. 86. 994. 356. 305. 658.
    813. 63. 647. 125. 572. 638. 161. 113. 565. 450. 651. 38. 964. 503.
    934. 672. 531. 713. 766. 195. 116. 986. 167. 607. 983. 847. 973.
    822. 64. 314. 951. 218. 77. 288. 712. 549. 174. 396. 895. 302. 159.
    259. 806. 447. 256. 838. 486. 901. 458. 33. 803. 188. 650. 999. 682.
    636. 527. 845. 570. 268. 539. 36. 993. 142. 155. 579. 861. 316. 298.
    420. 89. 286. 656. 655. 784. 69. 672. 278. 376. 263. 423. 640. 481.
    427. 850. 609. 694. 426. 901. 241. 731. 795. 903. 899. 506. 316.
    561. 498. 297. 576. 922. 717. 767. 720. 924. 411. 621. 200. 249.
    785. 415. 43. 676. 717. 293. 15. 681. 93. 993. 692. 349. 962. 992.
    214. 622. 249. 984. 632. 818. 833. 178. 678. 180. 871. 579. 492.
    141. 846. 541. 517. 643. 816. 285. 737. 329. 797. 803. 634. 474.
    501. 535. 507. 8. 911. 912. 565. 566. 894. 618. 547. 741. 820. 113.
    353. 71. 32. 899. 305. 702. 450. 732. 676. 54. 589.</data></test_hist>
<s>2.</s>
<my_cl>1056.</my_cl>
<your_cl>1057.</your_cl>
</opencv_storage>
