<?xml version="1.0"?>
<opencv_storage>
<L2_diff>5.2240850031375885e-01</L2_diff>
<test_hist type_id="opencv-matrix">
  <rows>256</rows>
  <cols>1</cols>
  <dt>f</dt>
  <data>
    436. 760. 118. 357. 869. 209. 931. 498. 516. 934. 447. 923. 621.
    226. 398. 72. 19. 460. 551. 716. 404. 555. 985. 57. 785. 997. 8.
    733. 533. 782. 924. 763. 439. 984. 370. 225. 233. 799. 378. 55. 163.
    736. 686. 88. 691. 947. 370. 730. 920. 659. 154. 906. 924. 637. 364.
    98. 157. 404. 946. 117. 138. 982. 969. 220. 745. 753. 940. 422. 74.
    756. 813. 723. 8. 92. 437. 244. 534. 296. 397. 300. 602. 300. 97.
    60. 722. 298. 838. 214. 870. 999. 298. 699. 576. 743. 786. 471. 628.
    331. 79. 524. 303. 256. 37. 958. 237. 406. 474. 199. 407. 904. 492.
    3. 292. 571. 40. 762. 491. 785. 103. 170. 268. 504. 47. 925. 611.
    463. 640. 427. 199. 701. 509. 377. 234. 24. 920. 269. 78. 675. 170.
    161. 720. 753. 328. 980. 531. 233. 968. 984. 981. 903. 773. 24. 659.
    807. 593. 560. 851. 863. 827. 905. 355. 616. 448. 770. 287. 337.
    967. 554. 364. 951. 710. 784. 600. 381. 175. 170. 612. 146. 120.
    590. 997. 897. 84. 664. 940. 759. 828. 895. 894. 900. 679. 119. 784.
    229. 306. 448. 212. 883. 218. 155. 156. 274. 702. 674. 61. 519. 132.
    806. 327. 549. 812. 994. 513. 643. 297. 191. 58. 155. 970. 311. 595.
    77. 366. 662. 652. 368. 182. 91. 992. 10. 160. 2. 132. 58. 384. 164.
    881. 997. 295. 524. 934. 448. 691. 586. 552. 466. 903. 472. 898.
    552. 763. 381. 779. 466. 210. 797.</data></test_hist>
<s>4.</s>
<my_cl>2038.</my_cl>
<your_cl>2.0387227783203125e+03</your_cl>
</opencv_storage>
