<?xml version="1.0"?>
<opencv_storage>
<L2_diff>265225.</L2_diff>
<test_hist type_id="opencv-matrix">
  <rows>256</rows>
  <cols>1</cols>
  <dt>f</dt>
  <data>
    986. 758. 569. 711. 566. 2. 274. 212. 657. 735. 685. 164. 677. 335.
    699. 632. 197. 512. 831. 470. 528. 236. 661. 574. 932. 473. 303.
    328. 221. 34. 927. 328. 495. 866. 869. 101. 496. 613. 640. 790. 23.
    719. 905. 749. 99. 739. 491. 408. 360. 663. 517. 46. 878. 508. 98.
    850. 204. 813. 462. 321. 391. 363. 958. 258. 634. 329. 639. 948.
    585. 200. 552. 151. 641. 787. 808. 332. 210. 160. 945. 86. 507. 769.
    296. 515. 130. 729. 684. 642. 985. 690. 698. 178. 537. 145. 380.
    873. 834. 882. 972. 716. 27. 261. 109. 671. 608. 319. 658. 185. 530.
    506. 515. 256. 158. 175. 994. 321. 472. 393. 297. 473. 212. 224.
    906. 290. 159. 74. 66. 455. 972. 893. 930. 188. 368. 437. 927. 151.
    453. 162. 679. 510. 457. 362. 928. 775. 545. 936. 898. 676. 941. 78.
    116. 876. 53. 619. 401. 744. 351. 549. 105. 554. 861. 372. 944. 584.
    711. 417. 249. 879. 580. 410. 810. 941. 802. 86. 23. 745. 331. 931.
    325. 720. 195. 960. 371. 917. 942. 530. 484. 748. 287. 156. 357.
    722. 923. 88. 576. 934. 619. 288. 203. 7. 711. 53. 832. 240. 417.
    273. 121. 327. 295. 301. 802. 698. 558. 620. 382. 199. 824. 398.
    462. 712. 931. 543. 640. 797. 830. 355. 412. 426. 807. 220. 484.
    939. 463. 964. 736. 672. 15. 874. 512. 328. 190. 750. 950. 820. 483.
    102. 405. 317. 491. 269. 328. 904. 631. 391. 761. 189.</data></test_hist>
<s>1.</s>
<my_cl>0.</my_cl>
<your_cl>515.</your_cl>
</opencv_storage>
