<?xml version="1.0"?>
<opencv_storage>
<L2_diff>1.</L2_diff>
<test_hist type_id="opencv-matrix">
  <rows>256</rows>
  <cols>1</cols>
  <dt>f</dt>
  <data>
    149. 811. 827. 316. 792. 473. 716. 824. 777. 764. 20. 144. 326. 801.
    413. 503. 48. 236. 529. 306. 709. 440. 317. 928. 741. 92. 938. 888.
    807. 908. 709. 138. 648. 182. 389. 358. 347. 542. 375. 542. 634.
    406. 215. 765. 716. 355. 497. 344. 257. 322. 903. 828. 53. 778. 484.
    347. 273. 72. 937. 373. 820. 22. 706. 820. 402. 492. 307. 104. 912.
    816. 458. 37. 302. 10. 115. 874. 434. 625. 388. 126. 74. 55. 563.
    511. 30. 152. 683. 647. 684. 413. 241. 254. 136. 554. 416. 900. 352.
    371. 294. 587. 722. 203. 353. 202. 367. 571. 268. 783. 838. 307. 93.
    317. 22. 970. 671. 187. 220. 154. 616. 927. 321. 367. 455. 514. 98.
    153. 837. 109. 743. 530. 428. 786. 76. 580. 838. 669. 597. 761. 278.
    821. 232. 82. 455. 553. 863. 903. 468. 924. 41. 568. 272. 348. 311.
    898. 207. 508. 729. 986. 374. 345. 322. 278. 646. 936. 235. 226. 82.
    339. 603. 69. 543. 701. 205. 0. 14. 321. 314. 279. 27. 652. 223.
    612. 34. 563. 365. 978. 746. 279. 91. 367. 340. 22. 230. 825. 563.
    709. 964. 785. 863. 456. 527. 99. 712. 137. 714. 950. 920. 108. 847.
    610. 167. 312. 421. 151. 140. 316. 161. 575. 725. 315. 587. 21. 518.
    28. 770. 579. 394. 410. 783. 765. 981. 537. 780. 49. 660. 654. 41.
    446. 253. 64. 709. 848. 926. 220. 870. 638. 688. 271. 536. 913. 102.
    296. 600. 999. 219. 801.</data></test_hist>
<s>2.</s>
<my_cl>940.</my_cl>
<your_cl>941.</your_cl>
</opencv_storage>
