<?xml version="1.0"?>
<opencv_storage>
<L2_diff>247009.</L2_diff>
<test_hist type_id="opencv-matrix">
  <rows>256</rows>
  <cols>1</cols>
  <dt>f</dt>
  <data>
    713. 50. 180. 318. 926. 77. 637. 308. 896. 927. 41. 978. 647. 902.
    312. 728. 40. 639. 867. 704. 870. 427. 727. 572. 579. 567. 958. 49.
    237. 497. 265. 992. 920. 504. 259. 692. 392. 604. 839. 287. 543. 17.
    515. 419. 107. 34. 675. 945. 73. 163. 766. 680. 908. 270. 877. 256.
    271. 134. 765. 476. 178. 464. 906. 129. 837. 499. 671. 685. 210.
    518. 176. 365. 778. 946. 453. 787. 678. 823. 267. 702. 1. 337. 45.
    260. 50. 252. 762. 120. 278. 804. 16. 786. 387. 186. 892. 285. 499.
    648. 80. 514. 386. 3. 133. 378. 776. 199. 937. 655. 363. 416. 840.
    98. 994. 634. 772. 881. 520. 305. 230. 578. 765. 841. 398. 647. 46.
    134. 607. 686. 997. 458. 700. 661. 892. 378. 360. 219. 144. 398.
    504. 863. 873. 381. 288. 497. 75. 962. 721. 151. 216. 358. 434. 74.
    327. 48. 389. 846. 853. 856. 987. 297. 188. 788. 106. 611. 639. 524.
    976. 668. 798. 420. 723. 936. 939. 37. 903. 146. 257. 601. 142. 249.
    658. 493. 305. 670. 811. 105. 284. 436. 338. 283. 422. 875. 174.
    239. 731. 486. 279. 254. 467. 288. 563. 54. 449. 731. 123. 705. 112.
    56. 204. 775. 392. 744. 206. 38. 545. 437. 782. 376. 952. 351. 664.
    743. 301. 822. 635. 743. 449. 872. 893. 347. 933. 295. 232. 942. 83.
    115. 91. 974. 492. 299. 797. 359. 6. 577. 226. 888. 655. 227. 968.
    409. 231. 842. 687. 717. 444. 749.</data></test_hist>
<s>1.</s>
<my_cl>0.</my_cl>
<your_cl>497.</your_cl>
</opencv_storage>
