<?xml version="1.0"?>
<opencv_storage>
<L2_diff>239121.</L2_diff>
<test_hist type_id="opencv-matrix">
  <rows>256</rows>
  <cols>1</cols>
  <dt>f</dt>
  <data>
    202. 373. 935. 224. 248. 267. 856. 735. 70. 445. 524. 333. 967. 823.
    449. 855. 79. 513. 827. 538. 48. 539. 202. 486. 251. 672. 523. 146.
    332. 76. 966. 985. 199. 906. 843. 596. 486. 233. 939. 249. 585. 668.
    776. 142. 729. 388. 831. 57. 946. 261. 164. 246. 53. 252. 820. 310.
    718. 470. 5. 165. 357. 310. 267. 303. 647. 103. 739. 17. 203. 390.
    568. 218. 72. 309. 587. 71. 443. 899. 238. 738. 368. 218. 812. 297.
    634. 210. 40. 505. 644. 100. 36. 901. 912. 946. 10. 921. 184. 672.
    901. 530. 816. 896. 694. 971. 273. 429. 931. 652. 777. 793. 575.
    414. 780. 677. 668. 111. 572. 568. 596. 121. 89. 212. 862. 218. 862.
    264. 463. 579. 253. 254. 805. 264. 929. 176. 472. 805. 777. 411.
    281. 48. 477. 596. 857. 316. 570. 975. 229. 594. 988. 71. 704. 834.
    252. 387. 383. 728. 637. 396. 241. 117. 716. 511. 857. 694. 550.
    792. 632. 370. 570. 144. 191. 305. 503. 749. 306. 711. 653. 305.
    849. 349. 799. 954. 377. 667. 410. 935. 164. 950. 336. 457. 125.
    470. 309. 246. 539. 44. 356. 567. 270. 185. 794. 716. 351. 735. 126.
    519. 164. 879. 810. 814. 177. 941. 978. 359. 110. 187. 627. 10. 674.
    1. 934. 123. 525. 735. 489. 6. 925. 747. 191. 209. 987. 819. 2. 698.
    889. 959. 50. 436. 625. 645. 258. 96. 588. 474. 725. 32. 480. 886.
    794. 23. 80. 756. 687. 390. 496. 303.</data></test_hist>
<s>1.</s>
<my_cl>0.</my_cl>
<your_cl>489.</your_cl>
</opencv_storage>
