<?xml version="1.0"?>
<opencv_storage>
<L2_diff>1.</L2_diff>
<test_hist type_id="opencv-matrix">
  <rows>256</rows>
  <cols>1</cols>
  <dt>f</dt>
  <data>
    866. 945. 66. 276. 89. 233. 754. 477. 936. 791. 550. 903. 113. 202.
    566. 803. 127. 93. 38. 575. 601. 298. 930. 244. 127. 68. 44. 918.
    928. 542. 135. 730. 890. 759. 270. 871. 819. 469. 197. 200. 701.
    902. 885. 763. 12. 787. 538. 323. 810. 947. 114. 972. 794. 498. 360.
    30. 623. 516. 593. 347. 922. 832. 594. 460. 74. 854. 250. 753. 39.
    83. 288. 981. 604. 806. 113. 501. 814. 413. 807. 376. 599. 597. 852.
    86. 21. 680. 407. 292. 72. 510. 69. 595. 189. 386. 521. 574. 617.
    29. 242. 766. 621. 664. 375. 730. 523. 487. 656. 705. 723. 177. 338.
    78. 723. 637. 955. 717. 487. 901. 216. 161. 15. 798. 29. 438. 343.
    584. 544. 700. 853. 147. 473. 908. 398. 429. 241. 846. 238. 532.
    981. 206. 967. 683. 749. 228. 857. 756. 895. 170. 152. 959. 719.
    209. 750. 336. 868. 500. 800. 892. 26. 710. 646. 472. 314. 195. 941.
    779. 665. 605. 128. 619. 40. 375. 455. 828. 200. 170. 489. 906. 710.
    668. 83. 831. 847. 700. 862. 193. 722. 661. 281. 181. 359. 540. 769.
    179. 534. 787. 913. 382. 62. 805. 512. 22. 379. 18. 831. 908. 816.
    403. 814. 183. 180. 718. 673. 28. 779. 185. 232. 163. 970. 77. 499.
    124. 425. 899. 68. 534. 397. 666. 176. 383. 220. 372. 180. 883. 685.
    904. 572. 174. 767. 506. 292. 561. 416. 238. 460. 962. 379. 836.
    958. 444. 732. 285. 416. 764. 124. 358.</data></test_hist>
<s>2.</s>
<my_cl>1013.</my_cl>
<your_cl>1014.</your_cl>
</opencv_storage>
