<?xml version="1.0"?>
<opencv_storage>
<L2_diff>1.</L2_diff>
<test_hist type_id="opencv-matrix">
  <rows>256</rows>
  <cols>1</cols>
  <dt>f</dt>
  <data>
    902. 835. 520. 227. 443. 287. 317. 718. 7. 752. 168. 361. 914. 934.
    706. 175. 123. 259. 190. 665. 819. 486. 897. 337. 635. 800. 466.
    857. 905. 398. 689. 542. 523. 640. 860. 931. 267. 733. 753. 548.
    191. 190. 200. 911. 933. 722. 308. 185. 497. 755. 153. 719. 237.
    795. 597. 525. 686. 171. 240. 789. 994. 327. 314. 585. 287. 481.
    283. 142. 517. 965. 62. 451. 368. 918. 383. 16. 710. 601. 461. 621.
    737. 423. 743. 980. 682. 397. 492. 966. 571. 507. 380. 263. 881.
    679. 108. 519. 854. 471. 483. 644. 947. 187. 815. 279. 262. 874.
    864. 880. 13. 974. 986. 738. 981. 907. 724. 721. 577. 502. 330. 464.
    112. 655. 387. 78. 553. 250. 656. 900. 528. 788. 32. 943. 275. 815.
    337. 448. 515. 557. 129. 729. 748. 49. 833. 512. 549. 267. 399. 526.
    342. 56. 893. 112. 741. 484. 548. 167. 845. 840. 597. 518. 679. 498.
    343. 541. 535. 797. 580. 57. 979. 733. 756. 160. 468. 110. 979. 16.
    2. 450. 0. 272. 772. 154. 423. 619. 323. 274. 51. 73. 689. 327. 575.
    490. 882. 202. 181. 119. 567. 84. 958. 571. 751. 660. 212. 893. 28.
    75. 230. 868. 916. 594. 801. 644. 841. 716. 509. 348. 417. 705. 747.
    261. 845. 518. 116. 441. 656. 197. 727. 684. 507. 760. 677. 515.
    620. 471. 802. 110. 757. 66. 662. 283. 82. 445. 27. 666. 485. 193.
    92. 313. 529. 906. 553. 911. 172. 110. 58. 591.</data></test_hist>
<s>4.</s>
<my_cl>2052.</my_cl>
<your_cl>2053.</your_cl>
</opencv_storage>
