<?xml version="1.0"?>
<opencv_storage>
<L2_diff>247009.</L2_diff>
<test_hist type_id="opencv-matrix">
  <rows>256</rows>
  <cols>1</cols>
  <dt>f</dt>
  <data>
    46. 181. 753. 139. 103. 256. 156. 982. 991. 8. 523. 100. 277. 317.
    381. 974. 334. 541. 475. 594. 956. 724. 747. 711. 691. 875. 523.
    779. 257. 464. 758. 914. 81. 879. 553. 829. 803. 127. 158. 293. 537.
    413. 258. 939. 930. 257. 149. 310. 277. 750. 394. 975. 769. 578.
    336. 395. 644. 311. 765. 357. 64. 199. 490. 946. 179. 324. 858. 666.
    453. 98. 868. 714. 313. 615. 705. 53. 842. 622. 728. 239. 464. 572.
    245. 511. 540. 880. 616. 819. 267. 607. 414. 409. 606. 152. 705.
    196. 976. 952. 704. 354. 139. 255. 428. 300. 928. 851. 682. 812.
    633. 650. 571. 213. 201. 130. 834. 399. 952. 797. 731. 702. 651.
    254. 707. 93. 941. 637. 519. 92. 645. 467. 669. 916. 643. 216. 135.
    760. 9. 4. 576. 699. 560. 100. 644. 276. 672. 803. 404. 229. 416.
    952. 197. 541. 217. 877. 62. 47. 427. 71. 568. 4. 964. 426. 513.
    775. 652. 239. 500. 37. 810. 231. 347. 322. 977. 222. 172. 835. 270.
    676. 942. 400. 776. 687. 145. 987. 317. 247. 631. 509. 207. 72. 254.
    543. 271. 455. 592. 519. 626. 308. 445. 500. 427. 583. 666. 286.
    604. 872. 457. 378. 779. 534. 77. 738. 297. 920. 733. 115. 885. 413.
    1. 876. 153. 682. 323. 501. 43. 781. 926. 259. 285. 484. 265. 529.
    470. 705. 773. 853. 606. 739. 783. 706. 132. 356. 403. 5. 444. 367.
    240. 768. 1. 359. 993. 128. 189. 689. 511. 652.</data></test_hist>
<s>1.</s>
<my_cl>0.</my_cl>
<your_cl>497.</your_cl>
</opencv_storage>
