<?xml version="1.0"?>
<opencv_storage>
<L2_diff>4.2396122217178345e-01</L2_diff>
<test_hist type_id="opencv-matrix">
  <rows>256</rows>
  <cols>1</cols>
  <dt>f</dt>
  <data>
    800. 280. 963. 944. 684. 233. 250. 71. 899. 766. 706. 243. 422. 867.
    499. 960. 594. 446. 257. 504. 185. 458. 350. 588. 275. 52. 306. 237.
    471. 202. 993. 689. 51. 577. 100. 147. 793. 488. 713. 833. 46. 794.
    367. 665. 776. 117. 479. 735. 390. 925. 617. 454. 259. 533. 416.
    278. 541. 459. 499. 412. 186. 315. 855. 649. 673. 51. 890. 685. 107.
    670. 161. 946. 311. 735. 680. 405. 304. 734. 208. 713. 355. 553.
    861. 22. 380. 963. 932. 626. 374. 223. 195. 756. 573. 326. 156. 472.
    502. 605. 84. 75. 886. 182. 171. 264. 582. 130. 120. 546. 40. 836.
    69. 115. 166. 570. 514. 364. 968. 160. 659. 606. 20. 812. 600. 916.
    534. 618. 477. 590. 225. 859. 346. 968. 371. 614. 180. 970. 679.
    941. 378. 759. 554. 368. 533. 247. 903. 336. 499. 590. 688. 331.
    162. 770. 126. 705. 605. 512. 637. 353. 927. 466. 123. 51. 536. 866.
    679. 601. 462. 309. 779. 54. 2. 259. 958. 406. 378. 981. 716. 600.
    520. 913. 922. 951. 234. 758. 977. 69. 862. 297. 898. 186. 155. 60.
    280. 908. 298. 391. 765. 689. 357. 298. 811. 554. 624. 247. 207.
    132. 719. 297. 192. 732. 342. 468. 315. 565. 678. 535. 215. 319.
    317. 346. 189. 920. 533. 165. 775. 693. 297. 199. 352. 766. 581.
    106. 105. 370. 170. 201. 397. 391. 671. 285. 752. 708. 685. 893.
    667. 191. 807. 66. 893. 633. 279. 228. 267. 489. 982. 175.</data></test_hist>
<s>3.</s>
<my_cl>1465.</my_cl>
<your_cl>1.4656511230468750e+03</your_cl>
</opencv_storage>
