<?xml version="1.0"?>
<opencv_storage>
<L2_diff>281961.</L2_diff>
<test_hist type_id="opencv-matrix">
  <rows>256</rows>
  <cols>1</cols>
  <dt>f</dt>
  <data>
    938. 102. 118. 853. 232. 131. 306. 961. 673. 150. 758. 448. 63. 404.
    491. 938. 637. 726. 28. 932. 822. 670. 989. 686. 606. 586. 361. 592.
    313. 826. 399. 814. 210. 154. 930. 293. 2. 202. 69. 645. 0. 268.
    403. 57. 763. 731. 902. 794. 63. 42. 58. 855. 781. 715. 377. 317.
    351. 889. 200. 289. 881. 152. 782. 834. 539. 716. 662. 541. 906.
    654. 726. 422. 84. 664. 480. 722. 579. 579. 299. 51. 730. 486. 316.
    179. 572. 242. 356. 52. 917. 841. 570. 705. 395. 498. 443. 545. 772.
    752. 371. 787. 258. 715. 136. 746. 592. 78. 600. 503. 493. 679. 737.
    243. 585. 226. 790. 290. 662. 620. 903. 334. 250. 697. 228. 106.
    274. 47. 606. 40. 693. 709. 845. 335. 460. 877. 91. 445. 421. 922.
    147. 986. 648. 57. 799. 599. 969. 704. 945. 91. 970. 742. 998. 235.
    705. 632. 894. 158. 999. 601. 520. 732. 149. 422. 734. 889. 983.
    574. 775. 849. 139. 325. 634. 579. 243. 879. 953. 539. 381. 407.
    791. 703. 694. 840. 53. 204. 998. 39. 672. 939. 465. 782. 77. 148.
    510. 350. 548. 803. 479. 740. 95. 787. 210. 765. 869. 868. 587. 225.
    659. 327. 218. 877. 842. 461. 603. 86. 702. 403. 517. 524. 48. 819.
    720. 287. 147. 147. 729. 645. 764. 86. 516. 980. 727. 693. 467. 157.
    879. 678. 271. 838. 146. 887. 421. 655. 482. 578. 432. 706. 666.
    563. 950. 366. 987. 48. 736. 867. 927. 296.</data></test_hist>
<s>1.</s>
<my_cl>0.</my_cl>
<your_cl>531.</your_cl>
</opencv_storage>
