<?xml version="1.0"?>
<opencv_storage>
<L2_diff>4.0975602497095757e+01</L2_diff>
<test_hist type_id="opencv-matrix">
  <rows>256</rows>
  <cols>1</cols>
  <dt>f</dt>
  <data>
    651. 238. 375. 500. 512. 717. 269. 499. 991. 714. 598. 163. 385.
    662. 961. 182. 337. 741. 268. 773. 352. 882. 706. 604. 852. 841.
    778. 542. 534. 776. 489. 832. 531. 874. 207. 470. 365. 419. 421.
    145. 887. 885. 389. 839. 307. 283. 25. 244. 356. 933. 983. 327. 13.
    787. 908. 911. 754. 290. 533. 619. 222. 246. 292. 763. 11. 605. 497.
    103. 199. 414. 342. 32. 346. 580. 765. 122. 75. 775. 443. 867. 496.
    331. 827. 945. 278. 325. 160. 947. 222. 434. 791. 588. 666. 773. 50.
    550. 566. 982. 237. 750. 803. 480. 689. 421. 735. 738. 508. 768.
    931. 552. 740. 124. 94. 890. 389. 117. 899. 881. 601. 915. 439. 989.
    600. 763. 426. 865. 885. 238. 61. 536. 859. 703. 892. 29. 495. 388.
    469. 711. 987. 993. 426. 781. 481. 744. 354. 814. 937. 217. 254.
    910. 624. 576. 580. 384. 834. 896. 179. 178. 619. 358. 614. 240.
    305. 89. 608. 327. 523. 650. 449. 245. 862. 917. 851. 24. 252. 151.
    312. 179. 990. 999. 534. 37. 707. 144. 478. 165. 920. 850. 801. 80.
    697. 325. 405. 395. 413. 966. 784. 994. 663. 106. 784. 769. 69. 24.
    350. 343. 85. 773. 176. 143. 634. 436. 454. 457. 36. 801. 452. 632.
    286. 566. 285. 778. 114. 766. 824. 868. 634. 973. 837. 194. 314.
    594. 721. 822. 909. 383. 705. 898. 820. 294. 40. 30. 502. 553. 322.
    688. 803. 157. 236. 305. 409. 818. 229. 604. 194. 108.</data></test_hist>
<my_lkt type_id="opencv-matrix">
  <rows>256</rows>
  <cols>1</cols>
  <dt>u</dt>
  <data>
    1 2 3 4 5 6 7 8 9 10 11 12 13 14 15 16 17 18 19 20 21 22 23 24 25 26
    27 28 29 30 31 32 33 34 35 36 37 38 39 40 41 42 43 44 45 46 47 48 49
    50 51 52 53 54 55 56 57 58 59 60 61 62 63 64 65 66 67 68 69 70 71 72
    73 74 75 76 77 78 79 80 81 82 83 84 85 86 87 88 89 90 91 92 93 94 95
    96 97 98 99 100 101 102 103 104 105 106 107 108 109 110 111 112 113
    114 115 116 117 118 119 120 121 122 123 124 125 126 127 128 128 129
    130 131 132 133 134 135 136 137 138 139 140 141 142 143 144 145 146
    147 148 149 150 151 152 153 154 155 156 157 158 159 160 161 162 163
    164 165 166 167 168 169 170 171 172 173 174 175 176 177 178 179 180
    181 182 183 184 185 186 187 188 189 190 191 192 193 194 195 196 197
    198 199 200 201 202 203 204 205 206 207 208 209 210 211 212 213 214
    215 216 217 218 219 220 221 222 223 224 225 226 227 228 229 230 231
    232 233 234 235 236 237 238 239 240 241 242 243 244 245 246 247 248
    249 250 251 252 253 254 255</data></my_lkt>
<your_lkt type_id="opencv-matrix">
  <rows>256</rows>
  <cols>1</cols>
  <dt>u</dt>
  <data>
    1 2 3 4 5 6 7 8 10 11 12 13 14 15 16 17 17 19 19 21 22 23 24 25 27
    28 29 30 31 33 34 35 36 37 38 39 40 41 42 43 44 45 46 47 48 49 49 50
    51 52 53 54 54 56 57 58 59 60 61 63 63 64 65 66 66 67 69 69 70 71 72
    72 73 74 75 76 76 77 78 80 81 82 83 84 85 86 86 87 88 89 90 92 93 94
    94 96 97 98 99 100 101 102 104 105 106 107 108 109 111 112 113 114
    114 115 116 117 118 119 120 122 123 124 125 126 127 129 130 131 131
    132 133 135 136 136 137 138 139 141 142 143 144 145 146 148 149 150
    151 152 152 154 155 156 157 158 160 161 161 162 163 164 165 166 167
    167 168 169 170 172 173 173 175 176 177 177 178 179 179 180 181 183
    184 184 185 186 187 187 189 190 191 192 193 194 195 196 197 198 199
    200 202 202 203 204 205 205 206 207 207 208 209 210 211 212 213 214
    214 216 217 218 219 220 221 222 222 224 225 226 227 228 230 230 231
    232 234 235 236 237 238 239 241 241 242 242 243 245 245 247 248 248
    249 250 251 252 253 254 255 255</data></your_lkt>
</opencv_storage>
