<?xml version="1.0"?>
<opencv_storage>
<L2_diff>2.0784609690826528e+01</L2_diff>
<test_hist type_id="opencv-matrix">
  <rows>256</rows>
  <cols>1</cols>
  <dt>f</dt>
  <data>
    628. 564. 124. 62. 77. 235. 374. 464. 780. 232. 232. 324. 712. 695.
    821. 401. 478. 637. 138. 129. 172. 434. 171. 475. 213. 626. 639.
    655. 482. 537. 719. 490. 31. 433. 239. 605. 796. 301. 470. 915. 51.
    43. 581. 263. 458. 620. 442. 258. 230. 242. 812. 320. 392. 550. 884.
    272. 931. 700. 947. 845. 542. 443. 593. 134. 972. 269. 240. 291.
    149. 463. 230. 991. 806. 406. 700. 277. 948. 336. 664. 678. 794.
    347. 54. 706. 16. 21. 492. 137. 713. 888. 560. 488. 875. 176. 931.
    346. 305. 3. 583. 770. 549. 139. 759. 445. 983. 861. 664. 412. 658.
    401. 697. 85. 82. 524. 783. 826. 389. 211. 16. 135. 134. 514. 326.
    111. 389. 97. 913. 332. 37. 29. 808. 684. 547. 622. 622. 433. 739.
    117. 794. 98. 117. 722. 876. 357. 94. 397. 201. 711. 215. 214. 697.
    793. 851. 987. 73. 868. 604. 711. 531. 722. 693. 199. 609. 566. 350.
    988. 667. 831. 81. 164. 693. 111. 593. 49. 619. 698. 182. 549. 983.
    135. 259. 234. 156. 793. 110. 591. 987. 51. 424. 705. 131. 432. 69.
    543. 241. 310. 673. 175. 438. 285. 928. 230. 694. 982. 405. 930.
    251. 795. 955. 275. 189. 482. 348. 382. 550. 185. 868. 463. 506.
    682. 709. 542. 978. 461. 338. 411. 989. 452. 659. 148. 2. 927. 957.
    183. 217. 805. 414. 333. 767. 554. 728. 444. 596. 459. 190. 345.
    752. 72. 190. 960. 337. 815. 358. 670. 161. 723.</data></test_hist>
<my_lkt type_id="opencv-matrix">
  <rows>256</rows>
  <cols>1</cols>
  <dt>u</dt>
  <data>
    1 2 3 4 5 6 7 8 9 10 11 12 13 14 15 16 17 18 19 20 21 22 23 24 25 26
    27 28 29 30 31 32 33 34 35 36 37 38 39 40 41 42 43 44 45 46 47 48 49
    50 51 52 53 54 55 56 57 58 59 60 61 62 63 64 65 66 67 68 69 70 71 72
    73 74 75 76 77 78 79 80 81 82 83 84 85 86 87 88 89 90 91 92 93 94 95
    96 97 98 99 100 101 102 103 104 105 106 107 108 109 110 111 112 113
    114 115 116 117 118 119 120 121 122 123 124 125 126 127 128 128 129
    130 131 132 133 134 135 136 137 138 139 140 141 142 143 144 145 146
    147 148 149 150 151 152 153 154 155 156 157 158 159 160 161 162 163
    164 165 166 167 168 169 170 171 172 173 174 175 176 177 178 179 180
    181 182 183 184 185 186 187 188 189 190 191 192 193 194 195 196 197
    198 199 200 201 202 203 204 205 206 207 208 209 210 211 212 213 214
    215 216 217 218 219 220 221 222 223 224 225 226 227 228 229 230 231
    232 233 234 235 236 237 238 239 240 241 242 243 244 245 246 247 248
    249 250 251 252 253 254 255</data></my_lkt>
<your_lkt type_id="opencv-matrix">
  <rows>256</rows>
  <cols>1</cols>
  <dt>u</dt>
  <data>
    1 2 3 3 4 5 6 7 8 9 10 10 12 13 14 15 17 18 18 19 19 21 21 22 23 24
    26 27 28 29 31 32 32 33 34 35 37 37 39 40 40 41 42 43 44 45 46 47 48
    49 50 51 52 53 54 55 56 58 59 60 61 63 64 64 66 66 67 68 69 70 70 72
    73 74 75 76 77 78 80 81 82 83 83 85 85 85 86 87 88 90 91 92 93 94 95
    96 97 97 98 100 101 102 103 104 105 106 108 109 110 111 112 113 113
    114 116 117 118 119 119 120 120 121 122 123 124 124 125 126 127 127
    128 130 131 132 133 134 136 136 137 138 138 140 141 142 142 143 144
    145 146 147 148 149 150 152 152 153 155 156 157 158 160 160 162 163
    164 165 166 167 168 168 170 170 171 172 173 174 175 176 177 178 179
    180 180 181 182 183 184 185 186 187 188 189 189 190 191 192 193 194
    195 196 197 198 199 200 201 203 203 205 206 207 207 209 210 211 212
    213 214 215 216 218 219 220 221 222 223 225 226 227 228 229 229 230
    232 232 233 234 235 236 237 239 240 241 242 244 244 245 246 247 247
    249 250 251 252 253 254 255</data></your_lkt>
</opencv_storage>
