<?xml version="1.0"?>
<opencv_storage>
<L2_diff>280900.</L2_diff>
<test_hist type_id="opencv-matrix">
  <rows>256</rows>
  <cols>1</cols>
  <dt>f</dt>
  <data>
    167. 936. 4. 648. 859. 207. 643. 3. 903. 369. 608. 948. 256. 812.
    563. 164. 210. 894. 295. 51. 687. 658. 989. 532. 387. 763. 575. 664.
    191. 653. 850. 629. 407. 451. 573. 325. 348. 445. 954. 455. 107.
    151. 42. 551. 448. 535. 256. 971. 271. 85. 690. 919. 796. 12. 520.
    965. 692. 798. 949. 166. 129. 788. 239. 237. 786. 488. 169. 41. 889.
    551. 956. 342. 682. 929. 851. 386. 625. 840. 580. 92. 188. 577. 560.
    456. 524. 993. 462. 892. 727. 345. 262. 184. 984. 955. 481. 245.
    717. 721. 362. 39. 838. 448. 996. 327. 96. 792. 869. 171. 55. 123.
    438. 801. 279. 951. 311. 328. 495. 984. 280. 618. 230. 96. 482. 682.
    952. 76. 739. 859. 904. 310. 393. 455. 287. 875. 935. 598. 401. 449.
    375. 184. 573. 242. 37. 955. 706. 838. 967. 309. 524. 722. 786. 923.
    847. 206. 708. 869. 264. 11. 961. 591. 568. 216. 934. 319. 400. 542.
    484. 488. 702. 507. 680. 54. 764. 12. 614. 984. 835. 756. 386. 615.
    390. 762. 180. 201. 771. 990. 755. 318. 885. 218. 134. 26. 549. 581.
    680. 480. 922. 112. 157. 4. 281. 611. 473. 875. 397. 844. 393. 956.
    414. 333. 946. 263. 919. 705. 883. 981. 709. 699. 598. 253. 811.
    310. 267. 333. 100. 942. 937. 350. 305. 415. 684. 51. 942. 607. 471.
    99. 845. 902. 542. 383. 550. 999. 655. 158. 905. 130. 784. 383. 852.
    128. 396. 489. 127. 789. 557. 388.</data></test_hist>
<s>1.</s>
<my_cl>0.</my_cl>
<your_cl>530.</your_cl>
</opencv_storage>
