<?xml version="1.0"?>
<opencv_storage>
<L2_diff>247009.</L2_diff>
<test_hist type_id="opencv-matrix">
  <rows>256</rows>
  <cols>1</cols>
  <dt>f</dt>
  <data>
    143. 991. 543. 367. 938. 952. 905. 628. 932. 636. 654. 795. 786.
    714. 323. 773. 167. 73. 572. 704. 37. 256. 778. 523. 640. 100. 886.
    856. 235. 664. 102. 655. 161. 666. 755. 710. 345. 819. 431. 389.
    837. 334. 316. 362. 419. 996. 685. 333. 910. 837. 586. 195. 881.
    890. 374. 602. 179. 595. 254. 813. 148. 258. 21. 413. 489. 231. 346.
    699. 103. 366. 716. 661. 145. 801. 570. 672. 863. 995. 293. 490.
    343. 339. 533. 434. 870. 829. 410. 303. 558. 77. 154. 362. 703. 711.
    564. 541. 526. 415. 575. 498. 373. 537. 886. 762. 144. 822. 209.
    599. 102. 522. 112. 497. 68. 838. 715. 521. 626. 50. 223. 486. 940.
    175. 256. 295. 500. 596. 842. 9. 384. 903. 322. 590. 956. 697. 609.
    246. 426. 724. 927. 15. 264. 941. 954. 472. 513. 289. 999. 725. 657.
    689. 486. 139. 288. 98. 554. 149. 37. 838. 275. 289. 247. 311. 14.
    291. 574. 193. 484. 703. 374. 818. 808. 147. 605. 123. 444. 886.
    332. 212. 981. 582. 319. 7. 553. 16. 984. 103. 250. 191. 855. 436.
    478. 539. 472. 151. 909. 116. 393. 288. 568. 741. 27. 301. 448. 694.
    558. 703. 450. 76. 199. 770. 849. 746. 553. 773. 772. 281. 608. 328.
    853. 899. 933. 329. 8. 512. 82. 738. 483. 19. 462. 84. 205. 921.
    801. 215. 351. 69. 607. 963. 149. 668. 428. 551. 588. 403. 605. 524.
    369. 774. 719. 871. 31. 949. 424. 720. 154. 1.</data></test_hist>
<s>1.</s>
<my_cl>0.</my_cl>
<your_cl>497.</your_cl>
</opencv_storage>
