<?xml version="1.0"?>
<opencv_storage>
<L2_diff>1.</L2_diff>
<test_hist type_id="opencv-matrix">
  <rows>256</rows>
  <cols>1</cols>
  <dt>f</dt>
  <data>
    662. 179. 956. 765. 56. 892. 966. 418. 264. 123. 625. 342. 180. 274.
    802. 733. 880. 559. 430. 488. 505. 599. 228. 84. 871. 486. 239. 296.
    364. 852. 82. 371. 690. 188. 435. 330. 689. 375. 727. 671. 731. 186.
    389. 952. 368. 111. 376. 261. 347. 719. 739. 696. 702. 990. 810.
    610. 601. 792. 465. 457. 249. 957. 701. 163. 148. 945. 525. 587. 28.
    290. 436. 53. 616. 786. 975. 873. 778. 0. 420. 780. 824. 71. 692.
    978. 386. 650. 79. 934. 827. 96. 924. 883. 122. 416. 153. 405. 741.
    656. 70. 165. 815. 744. 575. 31. 256. 327. 642. 572. 731. 85. 296.
    950. 210. 920. 828. 385. 334. 718. 540. 426. 211. 493. 437. 298.
    661. 218. 10. 287. 86. 232. 235. 849. 222. 400. 529. 631. 126. 980.
    923. 497. 215. 31. 835. 905. 500. 877. 792. 142. 337. 48. 113. 432.
    733. 837. 750. 203. 417. 275. 625. 797. 213. 505. 156. 676. 143.
    283. 435. 336. 349. 524. 146. 383. 441. 841. 940. 60. 425. 795. 228.
    71. 883. 883. 57. 847. 46. 147. 531. 483. 226. 560. 307. 309. 593.
    240. 414. 318. 171. 268. 154. 708. 334. 634. 482. 532. 653. 361.
    312. 933. 777. 24. 513. 253. 541. 768. 996. 810. 479. 982. 579. 957.
    969. 376. 836. 470. 964. 848. 705. 231. 979. 555. 39. 631. 842. 185.
    934. 919. 98. 311. 450. 112. 768. 743. 179. 143. 442. 567. 252. 583.
    700. 799. 927. 227. 567. 819. 775. 808.</data></test_hist>
<s>4.</s>
<my_cl>2009.</my_cl>
<your_cl>2010.</your_cl>
</opencv_storage>
