<?xml version="1.0"?>
<opencv_storage>
<L2_diff>4.</L2_diff>
<test_hist type_id="opencv-matrix">
  <rows>256</rows>
  <cols>1</cols>
  <dt>f</dt>
  <data>
    909. 65. 110. 596. 928. 738. 988. 970. 711. 694. 421. 380. 77. 150.
    246. 52. 408. 939. 123. 208. 189. 276. 206. 239. 144. 74. 485. 32.
    61. 953. 639. 199. 935. 175. 984. 788. 538. 558. 868. 403. 357. 646.
    528. 556. 302. 649. 126. 511. 576. 407. 434. 198. 917. 652. 199.
    298. 334. 697. 842. 796. 848. 501. 802. 256. 960. 2. 303. 710. 323.
    480. 668. 829. 493. 543. 169. 489. 504. 158. 501. 524. 106. 103.
    457. 104. 350. 108. 509. 16. 494. 500. 752. 556. 917. 521. 195. 967.
    697. 164. 811. 440. 418. 303. 38. 55. 976. 836. 140. 716. 39. 295.
    737. 632. 656. 357. 907. 106. 684. 823. 264. 872. 989. 61. 718. 314.
    916. 598. 240. 510. 533. 715. 88. 56. 936. 812. 602. 768. 503. 754.
    25. 511. 399. 678. 53. 239. 888. 398. 654. 46. 551. 31. 642. 620.
    111. 728. 344. 412. 258. 96. 909. 980. 656. 21. 715. 893. 360. 836.
    755. 469. 176. 119. 230. 205. 548. 310. 37. 706. 699. 844. 339. 768.
    582. 492. 45. 188. 962. 614. 275. 443. 454. 695. 313. 170. 313. 422.
    495. 747. 666. 887. 699. 890. 12. 646. 445. 83. 621. 325. 394. 207.
    559. 555. 486. 211. 476. 911. 578. 320. 238. 853. 578. 820. 606. 12.
    71. 278. 227. 811. 328. 586. 243. 656. 539. 629. 377. 24. 416. 218.
    485. 2. 498. 207. 327. 785. 907. 1. 788. 98. 47. 275. 813. 414. 487.
    12. 326. 456. 982. 172.</data></test_hist>
<s>2.</s>
<my_cl>937.</my_cl>
<your_cl>939.</your_cl>
</opencv_storage>
