<?xml version="1.0"?>
<opencv_storage>
<L2_diff>1.</L2_diff>
<test_hist type_id="opencv-matrix">
  <rows>256</rows>
  <cols>1</cols>
  <dt>f</dt>
  <data>
    677. 649. 805. 81. 673. 394. 837. 779. 438. 399. 853. 14. 584. 45.
    620. 302. 301. 989. 732. 675. 214. 428. 396. 853. 47. 506. 605. 906.
    761. 400. 365. 250. 694. 796. 208. 874. 185. 863. 835. 206. 201.
    652. 413. 641. 15. 688. 680. 870. 373. 987. 508. 491. 652. 984. 703.
    598. 131. 753. 676. 847. 773. 954. 350. 412. 62. 829. 913. 197. 976.
    174. 892. 557. 95. 893. 87. 619. 154. 481. 315. 315. 313. 25. 193.
    842. 819. 682. 960. 409. 824. 67. 616. 65. 832. 944. 821. 704. 454.
    715. 546. 671. 593. 74. 739. 587. 937. 986. 552. 438. 533. 898. 177.
    11. 163. 416. 744. 384. 422. 671. 564. 392. 706. 328. 125. 520. 936.
    969. 439. 805. 373. 185. 257. 244. 720. 923. 74. 633. 520. 870. 818.
    164. 273. 305. 788. 876. 311. 339. 631. 152. 276. 111. 731. 468.
    331. 352. 638. 786. 429. 492. 944. 830. 906. 545. 150. 397. 29. 736.
    449. 567. 135. 461. 71. 3. 689. 686. 489. 740. 717. 569. 33. 959.
    306. 307. 73. 877. 477. 449. 412. 548. 391. 388. 633. 316. 628. 242.
    793. 754. 880. 411. 524. 207. 43. 222. 273. 977. 872. 810. 697. 316.
    11. 102. 446. 755. 538. 800. 239. 662. 112. 249. 709. 92. 577. 776.
    357. 188. 194. 693. 129. 874. 521. 87. 799. 637. 218. 856. 984. 225.
    176. 738. 310. 867. 332. 893. 346. 881. 433. 74. 78. 398. 613. 646.
    765. 130. 602. 3. 677. 773.</data></test_hist>
<s>2.</s>
<my_cl>1024.</my_cl>
<your_cl>1025.</your_cl>
</opencv_storage>
