<?xml version="1.0"?>
<opencv_storage>
<L2_diff>1.</L2_diff>
<test_hist type_id="opencv-matrix">
  <rows>256</rows>
  <cols>1</cols>
  <dt>f</dt>
  <data>
    691. 742. 701. 973. 822. 271. 61. 289. 40. 628. 56. 679. 179. 501.
    932. 213. 122. 666. 588. 486. 373. 875. 801. 353. 420. 905. 336.
    498. 114. 661. 980. 320. 459. 217. 801. 190. 741. 979. 198. 528.
    539. 607. 685. 315. 445. 270. 677. 324. 852. 90. 249. 64. 365. 297.
    232. 85. 565. 256. 286. 701. 925. 429. 598. 249. 938. 526. 328. 807.
    777. 708. 368. 982. 632. 219. 476. 127. 872. 448. 621. 814. 743.
    463. 132. 82. 576. 588. 365. 762. 285. 80. 231. 78. 131. 427. 323.
    540. 778. 213. 427. 281. 85. 858. 195. 111. 558. 2. 760. 500. 545.
    460. 586. 419. 842. 688. 403. 339. 755. 780. 939. 492. 503. 94. 512.
    948. 628. 256. 889. 526. 693. 785. 751. 668. 467. 63. 245. 82. 504.
    263. 653. 373. 767. 51. 574. 533. 95. 2. 190. 947. 894. 69. 237. 33.
    964. 216. 346. 356. 511. 277. 31. 71. 0. 410. 560. 466. 981. 360.
    401. 810. 357. 74. 554. 612. 646. 709. 934. 962. 250. 427. 724. 526.
    87. 658. 679. 192. 642. 751. 746. 359. 591. 489. 166. 206. 675. 963.
    420. 792. 926. 541. 782. 963. 843. 779. 480. 665. 239. 870. 921.
    868. 527. 380. 331. 429. 8. 162. 802. 296. 431. 990. 81. 156. 781.
    264. 4. 996. 638. 21. 706. 189. 778. 556. 251. 280. 642. 525. 843.
    684. 851. 855. 31. 817. 366. 102. 403. 753. 91. 96. 456. 821. 230.
    638. 435. 928. 883. 795. 414. 681.</data></test_hist>
<s>2.</s>
<my_cl>987.</my_cl>
<your_cl>988.</your_cl>
</opencv_storage>
