<?xml version="1.0"?>
<opencv_storage>
<L2_diff>255025.</L2_diff>
<test_hist type_id="opencv-matrix">
  <rows>256</rows>
  <cols>1</cols>
  <dt>f</dt>
  <data>
    580. 639. 63. 33. 588. 997. 985. 636. 675. 434. 181. 853. 712. 901.
    14. 943. 529. 384. 239. 581. 161. 785. 819. 283. 362. 845. 238. 722.
    391. 737. 459. 79. 541. 253. 32. 206. 140. 904. 447. 66. 897. 837.
    167. 133. 722. 45. 402. 733. 525. 91. 899. 164. 128. 321. 523. 10.
    442. 276. 116. 212. 266. 85. 618. 769. 965. 406. 48. 493. 282. 936.
    336. 831. 819. 253. 691. 971. 956. 271. 507. 203. 636. 321. 278.
    424. 975. 761. 834. 926. 750. 261. 593. 793. 108. 726. 93. 224. 612.
    505. 119. 812. 765. 724. 928. 145. 193. 838. 85. 444. 27. 601. 977.
    310. 353. 146. 142. 168. 482. 241. 916. 751. 274. 529. 19. 987. 647.
    398. 826. 521. 409. 277. 803. 541. 752. 633. 850. 781. 489. 120.
    565. 521. 796. 940. 776. 631. 464. 908. 385. 67. 60. 804. 849. 944.
    445. 592. 877. 548. 682. 824. 329. 960. 597. 297. 186. 595. 928.
    345. 67. 769. 661. 548. 933. 250. 360. 497. 947. 232. 119. 30. 268.
    47. 375. 232. 701. 642. 677. 502. 217. 482. 869. 352. 443. 80. 808.
    53. 709. 141. 517. 488. 539. 40. 876. 144. 377. 270. 187. 484. 299.
    484. 818. 40. 895. 281. 994. 180. 747. 969. 166. 455. 5. 879. 632.
    991. 573. 394. 75. 73. 241. 412. 355. 848. 964. 856. 727. 616. 190.
    142. 724. 850. 432. 986. 981. 5. 726. 478. 826. 680. 761. 892. 285.
    32. 472. 960. 748. 797. 719. 343.</data></test_hist>
<s>1.</s>
<my_cl>0.</my_cl>
<your_cl>505.</your_cl>
</opencv_storage>
