<?xml version="1.0"?>
<opencv_storage>
<L2_diff>1.</L2_diff>
<test_hist type_id="opencv-matrix">
  <rows>256</rows>
  <cols>1</cols>
  <dt>f</dt>
  <data>
    220. 117. 160. 681. 841. 19. 497. 745. 730. 802. 439. 29. 681. 718.
    979. 792. 348. 385. 391. 839. 186. 712. 700. 59. 633. 531. 436. 765.
    622. 221. 201. 450. 688. 65. 852. 622. 287. 138. 431. 245. 122. 373.
    249. 661. 750. 268. 811. 721. 801. 487. 695. 42. 411. 994. 232. 992.
    380. 487. 492. 698. 826. 807. 333. 866. 381. 963. 557. 399. 720. 29.
    517. 43. 670. 777. 20. 448. 771. 588. 782. 932. 297. 257. 561. 837.
    84. 251. 599. 12. 257. 149. 976. 669. 556. 351. 816. 705. 566. 494.
    931. 103. 387. 809. 267. 300. 567. 190. 365. 490. 781. 648. 160.
    276. 973. 293. 593. 677. 124. 824. 900. 907. 688. 383. 435. 522. 15.
    228. 404. 207. 511. 603. 600. 35. 622. 702. 418. 300. 569. 26. 623.
    562. 302. 232. 243. 837. 925. 805. 472. 410. 49. 662. 250. 388. 881.
    292. 29. 677. 982. 207. 691. 536. 336. 378. 745. 418. 61. 313. 250.
    108. 103. 522. 703. 301. 484. 68. 182. 105. 684. 971. 664. 873. 557.
    23. 822. 727. 689. 142. 792. 375. 635. 963. 113. 592. 251. 855. 851.
    647. 851. 894. 913. 86. 164. 45. 202. 129. 971. 626. 135. 414. 717.
    86. 968. 646. 656. 596. 159. 63. 360. 485. 403. 819. 601. 960. 477.
    317. 469. 977. 978. 563. 55. 581. 398. 665. 654. 263. 542. 73. 186.
    225. 534. 171. 63. 521. 726. 878. 413. 59. 436. 786. 713. 925. 433.
    554. 996. 923. 115. 680.</data></test_hist>
<s>2.</s>
<my_cl>993.</my_cl>
<your_cl>994.</your_cl>
</opencv_storage>
