<?xml version="1.0"?>
<opencv_storage>
<L2_diff>4.</L2_diff>
<test_hist type_id="opencv-matrix">
  <rows>256</rows>
  <cols>1</cols>
  <dt>f</dt>
  <data>
    367. 735. 811. 591. 794. 737. 590. 57. 162. 533. 568. 93. 977. 176.
    295. 256. 290. 590. 862. 738. 348. 546. 522. 6. 226. 94. 121. 712.
    465. 578. 371. 42. 699. 943. 10. 719. 731. 3. 65. 159. 926. 198.
    531. 211. 82. 438. 419. 23. 780. 579. 306. 158. 944. 518. 283. 894.
    399. 301. 456. 744. 518. 957. 657. 204. 792. 717. 44. 398. 445. 856.
    526. 55. 816. 782. 819. 275. 332. 1. 625. 815. 508. 212. 203. 431.
    550. 912. 377. 762. 59. 842. 877. 386. 705. 101. 195. 75. 492. 262.
    493. 922. 346. 167. 267. 223. 956. 969. 424. 659. 361. 681. 676.
    345. 810. 117. 969. 504. 189. 770. 176. 474. 703. 941. 394. 221.
    675. 690. 129. 141. 686. 350. 418. 633. 710. 243. 84. 229. 792. 582.
    870. 417. 329. 655. 267. 734. 449. 918. 42. 822. 360. 189. 253. 501.
    522. 578. 890. 681. 283. 336. 412. 422. 750. 658. 449. 253. 151.
    487. 109. 374. 696. 941. 283. 91. 745. 841. 2. 6. 518. 310. 92. 573.
    119. 797. 168. 271. 205. 255. 171. 363. 659. 916. 387. 806. 76. 839.
    432. 722. 415. 759. 862. 851. 513. 190. 21. 684. 10. 681. 536. 361.
    96. 510. 319. 991. 637. 583. 161. 127. 0. 383. 64. 384. 300. 42.
    928. 749. 384. 299. 625. 184. 533. 989. 838. 496. 264. 56. 602. 696.
    715. 514. 980. 342. 814. 89. 354. 360. 34. 145. 296. 27. 521. 572.
    986. 98. 53. 789. 489. 681.</data></test_hist>
<s>2.</s>
<my_cl>926.</my_cl>
<your_cl>928.</your_cl>
</opencv_storage>
