<?xml version="1.0"?>
<opencv_storage>
<L2_diff>254016.</L2_diff>
<test_hist type_id="opencv-matrix">
  <rows>256</rows>
  <cols>1</cols>
  <dt>f</dt>
  <data>
    93. 55. 623. 727. 585. 142. 559. 609. 303. 935. 218. 917. 45. 775.
    90. 591. 944. 473. 477. 235. 532. 568. 329. 806. 4. 474. 200. 54.
    402. 874. 369. 675. 938. 231. 184. 426. 160. 587. 353. 353. 932.
    121. 330. 945. 514. 397. 810. 992. 524. 854. 220. 960. 14. 662. 3.
    505. 924. 56. 306. 68. 240. 369. 575. 854. 312. 380. 451. 266. 297.
    127. 215. 921. 243. 575. 303. 703. 30. 773. 269. 680. 912. 635. 888.
    43. 748. 682. 371. 898. 492. 545. 550. 119. 572. 590. 229. 746. 760.
    200. 302. 995. 95. 673. 641. 105. 241. 838. 646. 336. 488. 838. 524.
    93. 260. 863. 702. 451. 400. 108. 893. 48. 443. 127. 259. 515. 450.
    926. 412. 655. 293. 694. 19. 64. 13. 432. 765. 710. 669. 545. 827.
    5. 541. 836. 602. 840. 524. 512. 310. 933. 725. 773. 506. 495. 970.
    841. 971. 112. 874. 880. 458. 734. 541. 155. 144. 35. 791. 170. 839.
    858. 821. 961. 786. 748. 588. 848. 278. 317. 275. 896. 430. 55. 911.
    556. 814. 377. 713. 817. 671. 92. 687. 596. 90. 297. 210. 307. 129.
    447. 41. 263. 219. 267. 761. 259. 981. 538. 686. 518. 445. 630. 964.
    931. 515. 603. 952. 178. 472. 410. 182. 994. 791. 775. 140. 385.
    284. 355. 603. 634. 179. 507. 941. 801. 837. 449. 429. 416. 906.
    497. 4. 339. 428. 685. 456. 296. 678. 859. 769. 135. 687. 795. 694.
    665. 834. 329. 580. 130. 34. 657.</data></test_hist>
<s>1.</s>
<my_cl>0.</my_cl>
<your_cl>504.</your_cl>
</opencv_storage>
