<?xml version="1.0"?>
<opencv_storage>
<L2_diff>1.</L2_diff>
<test_hist type_id="opencv-matrix">
  <rows>256</rows>
  <cols>1</cols>
  <dt>f</dt>
  <data>
    978. 825. 155. 992. 250. 822. 897. 524. 607. 121. 937. 702. 739.
    311. 774. 107. 394. 765. 992. 974. 237. 268. 821. 565. 869. 744.
    998. 75. 966. 91. 277. 213. 890. 519. 972. 164. 617. 355. 165. 610.
    691. 369. 805. 333. 790. 762. 488. 1. 240. 365. 203. 987. 515. 229.
    677. 384. 446. 859. 672. 690. 611. 968. 812. 492. 826. 667. 331. 55.
    547. 264. 73. 663. 40. 876. 9. 859. 176. 504. 44. 245. 508. 624.
    653. 832. 5. 68. 291. 501. 986. 897. 384. 531. 275. 426. 698. 168.
    110. 131. 169. 870. 588. 103. 297. 695. 11. 397. 465. 982. 481. 253.
    799. 904. 816. 276. 624. 889. 221. 783. 810. 93. 678. 482. 637. 309.
    996. 746. 367. 316. 525. 103. 675. 884. 565. 636. 281. 272. 630.
    841. 218. 566. 57. 354. 78. 580. 362. 305. 819. 411. 364. 245. 819.
    340. 674. 326. 696. 279. 871. 579. 766. 784. 147. 395. 170. 493.
    338. 971. 783. 483. 616. 906. 980. 635. 762. 212. 631. 697. 125. 6.
    796. 546. 677. 183. 908. 927. 628. 150. 395. 473. 656. 250. 147.
    836. 396. 841. 232. 681. 314. 995. 999. 259. 979. 730. 348. 744.
    283. 353. 906. 556. 936. 650. 377. 414. 733. 810. 121. 999. 58. 981.
    387. 823. 153. 64. 414. 225. 101. 305. 145. 328. 760. 733. 124. 964.
    396. 780. 811. 433. 809. 391. 734. 31. 780. 824. 839. 966. 874. 308.
    658. 449. 376. 665. 322. 926. 644. 660. 489. 643.</data></test_hist>
<s>3.</s>
<my_cl>1591.</my_cl>
<your_cl>1592.</your_cl>
</opencv_storage>
