<?xml version="1.0"?>
<opencv_storage>
<L2_diff>257049.</L2_diff>
<test_hist type_id="opencv-matrix">
  <rows>256</rows>
  <cols>1</cols>
  <dt>f</dt>
  <data>
    432. 985. 121. 402. 65. 781. 742. 594. 308. 754. 645. 150. 269. 928.
    940. 694. 511. 941. 863. 54. 395. 971. 327. 605. 911. 256. 438. 198.
    485. 917. 737. 222. 72. 871. 575. 947. 66. 664. 917. 226. 9. 711.
    564. 410. 788. 219. 796. 193. 49. 226. 853. 856. 562. 331. 497. 559.
    670. 862. 620. 982. 341. 688. 830. 994. 722. 85. 189. 757. 17. 793.
    609. 867. 920. 746. 31. 658. 672. 501. 443. 282. 548. 240. 551. 494.
    652. 646. 810. 446. 973. 648. 80. 205. 390. 934. 484. 95. 345. 136.
    485. 448. 818. 874. 461. 519. 107. 894. 445. 834. 475. 688. 124.
    862. 756. 267. 515. 938. 748. 777. 569. 120. 736. 385. 352. 49. 699.
    470. 992. 173. 188. 965. 770. 855. 970. 564. 522. 246. 810. 524.
    316. 975. 996. 171. 73. 302. 301. 21. 854. 884. 196. 358. 228. 99.
    525. 585. 939. 857. 144. 343. 571. 230. 939. 870. 431. 111. 817.
    299. 347. 955. 764. 481. 235. 680. 594. 231. 186. 334. 101. 696.
    924. 778. 57. 926. 99. 867. 793. 390. 247. 393. 461. 85. 231. 933.
    315. 107. 757. 4. 113. 430. 470. 774. 770. 134. 872. 837. 501. 99.
    176. 500. 346. 860. 479. 631. 611. 179. 50. 129. 871. 826. 653. 444.
    353. 344. 745. 914. 296. 541. 170. 942. 816. 654. 291. 10. 629. 854.
    155. 1. 127. 434. 443. 301. 754. 101. 113. 552. 431. 194. 665. 573.
    191. 533. 73. 180. 159. 372. 985. 433.</data></test_hist>
<s>1.</s>
<my_cl>0.</my_cl>
<your_cl>507.</your_cl>
</opencv_storage>
