<?xml version="1.0"?>
<opencv_storage>
<L2_diff>4.5760244754590204e+01</L2_diff>
<test_hist type_id="opencv-matrix">
  <rows>256</rows>
  <cols>1</cols>
  <dt>f</dt>
  <data>
    120. 480. 199. 544. 334. 622. 903. 845. 640. 471. 716. 590. 497.
    816. 35. 813. 627. 934. 613. 256. 373. 371. 940. 890. 681. 177. 914.
    960. 371. 7. 964. 918. 435. 658. 672. 715. 709. 224. 59. 510. 96.
    542. 938. 41. 884. 722. 599. 18. 647. 949. 10. 151. 578. 793. 611.
    931. 280. 828. 892. 363. 367. 773. 358. 19. 650. 955. 266. 521. 81.
    459. 598. 616. 470. 358. 291. 368. 485. 719. 87. 710. 271. 898. 118.
    23. 621. 819. 20. 683. 906. 567. 675. 538. 985. 153. 159. 559. 575.
    669. 600. 64. 744. 165. 339. 449. 947. 699. 140. 582. 820. 323. 195.
    802. 97. 96. 761. 531. 645. 492. 866. 928. 582. 182. 723. 871. 935.
    62. 187. 948. 610. 169. 549. 107. 171. 940. 292. 433. 919. 124. 691.
    99. 706. 213. 71. 627. 828. 416. 665. 858. 527. 225. 86. 522. 305.
    896. 985. 586. 640. 873. 215. 727. 647. 214. 669. 237. 102. 143.
    444. 767. 791. 931. 316. 26. 312. 468. 0. 866. 438. 355. 655. 637.
    724. 833. 821. 943. 473. 764. 514. 284. 568. 120. 73. 359. 581. 82.
    601. 729. 124. 482. 23. 462. 710. 797. 200. 898. 549. 67. 464. 346.
    674. 649. 816. 49. 22. 331. 8. 596. 614. 588. 197. 1. 198. 184. 440.
    950. 835. 905. 904. 944. 279. 410. 116. 821. 208. 86. 717. 275. 934.
    88. 63. 378. 995. 699. 398. 35. 437. 173. 809. 166. 227. 778. 61.
    628. 534. 389. 718. 640.</data></test_hist>
<my_lkt type_id="opencv-matrix">
  <rows>256</rows>
  <cols>1</cols>
  <dt>u</dt>
  <data>
    1 2 3 4 5 6 7 8 9 10 11 12 13 14 15 16 17 18 19 20 21 22 23 24 25 26
    27 28 29 30 31 32 33 34 35 36 37 38 39 40 41 42 43 44 45 46 47 48 49
    50 51 52 53 54 55 56 57 58 59 60 61 62 63 64 65 66 67 68 69 70 71 72
    73 74 75 76 77 78 79 80 81 82 83 84 85 86 87 88 89 90 91 92 93 94 95
    96 97 98 99 100 101 102 103 104 105 106 107 108 109 110 111 112 113
    114 115 116 117 118 119 120 121 122 123 124 125 126 127 127 128 129
    130 131 132 133 134 135 136 137 138 139 140 141 142 143 144 145 146
    147 148 149 150 151 152 153 154 155 156 157 158 159 160 161 162 163
    164 165 166 167 168 169 170 171 172 173 174 175 176 177 178 179 180
    181 182 183 184 185 186 187 188 189 190 191 192 193 194 195 196 197
    198 199 200 201 202 203 204 205 206 207 208 209 210 211 212 213 214
    215 216 217 218 219 220 221 222 223 224 225 226 227 228 229 230 231
    232 233 234 235 236 237 238 239 240 241 242 243 244 245 246 247 248
    249 250 251 252 253 254 255</data></my_lkt>
<your_lkt type_id="opencv-matrix">
  <rows>256</rows>
  <cols>1</cols>
  <dt>u</dt>
  <data>
    0 2 2 4 5 6 7 8 10 11 12 13 14 16 16 17 19 20 21 22 23 24 25 26 28
    28 29 31 32 32 33 34 36 37 38 39 41 41 42 43 43 45 46 46 47 49 50 50
    51 53 53 54 55 56 57 59 59 61 62 63 64 65 66 66 68 69 70 71 71 72 74
    75 76 77 78 79 80 81 82 83 84 85 86 86 87 88 89 90 91 92 94 95 96 97
    97 99 100 101 102 103 104 105 105 107 108 109 110 111 112 113 114
    115 115 116 117 118 120 121 122 123 125 125 126 128 129 129 130 131
    132 133 134 135 135 137 137 139 140 140 142 142 143 144 144 146 147
    148 149 150 152 152 153 154 155 156 157 159 160 161 162 163 164 165
    166 167 168 168 169 170 172 173 174 174 175 176 176 178 179 180 181
    182 184 185 186 187 188 190 191 192 193 194 194 195 196 197 198 199
    200 201 201 202 204 205 205 207 208 208 210 210 212 213 214 215 215
    216 216 217 219 220 220 221 221 222 223 224 226 227 228 229 230 231
    232 233 234 234 235 236 237 238 238 239 240 242 243 243 244 245 246
    247 247 249 249 250 251 252 254 255</data></your_lkt>
</opencv_storage>
