<?xml version="1.0"?>
<opencv_storage>
<L2_diff>2.7946377224964241e+01</L2_diff>
<test_hist type_id="opencv-matrix">
  <rows>256</rows>
  <cols>1</cols>
  <dt>f</dt>
  <data>
    224. 979. 363. 924. 947. 49. 575. 684. 372. 634. 120. 945. 652. 694.
    431. 401. 313. 785. 398. 673. 417. 697. 200. 524. 642. 176. 53. 822.
    51. 590. 505. 557. 641. 734. 253. 940. 61. 272. 900. 946. 820. 815.
    77. 1. 348. 360. 922. 469. 655. 505. 962. 932. 618. 699. 213. 38.
    830. 733. 890. 517. 93. 410. 177. 401. 861. 894. 132. 124. 975. 489.
    232. 331. 757. 302. 242. 865. 967. 183. 359. 453. 563. 411. 57. 758.
    132. 51. 150. 612. 221. 495. 815. 752. 173. 583. 864. 89. 893. 403.
    872. 700. 972. 274. 288. 792. 828. 29. 383. 100. 641. 271. 242. 27.
    541. 355. 838. 501. 61. 156. 638. 272. 100. 477. 177. 941. 960. 695.
    873. 597. 362. 709. 971. 613. 465. 595. 214. 197. 422. 393. 224.
    913. 522. 62. 602. 793. 796. 151. 864. 524. 963. 513. 59. 883. 490.
    962. 814. 486. 163. 779. 219. 804. 747. 375. 441. 519. 693. 727.
    435. 279. 596. 621. 323. 98. 713. 914. 172. 673. 815. 251. 547. 391.
    842. 39. 496. 188. 555. 904. 960. 219. 42. 313. 438. 13. 150. 78.
    93. 976. 734. 590. 981. 745. 672. 10. 3. 68. 973. 131. 403. 942. 82.
    847. 118. 961. 948. 409. 330. 934. 152. 919. 172. 641. 528. 101.
    595. 840. 601. 892. 444. 176. 128. 893. 154. 631. 684. 272. 938.
    476. 446. 867. 739. 519. 125. 11. 421. 169. 159. 231. 709. 784. 348.
    398. 281. 641. 849. 780. 778. 26.</data></test_hist>
<my_lkt type_id="opencv-matrix">
  <rows>256</rows>
  <cols>1</cols>
  <dt>u</dt>
  <data>
    1 2 3 4 5 6 7 8 9 10 11 12 13 14 15 16 17 18 19 20 21 22 23 24 25 26
    27 28 29 30 31 32 33 34 35 36 37 38 39 40 41 42 43 44 45 46 47 48 49
    50 51 52 53 54 55 56 57 58 59 60 61 62 63 64 65 66 67 68 69 70 71 72
    73 74 75 76 77 78 79 80 81 82 83 84 85 86 87 88 89 90 91 92 93 94 95
    96 97 98 99 100 101 102 103 104 105 106 107 108 109 110 111 112 113
    114 115 116 117 118 119 120 121 122 123 124 125 126 127 128 128 129
    130 131 132 133 134 135 136 137 138 139 140 141 142 143 144 145 146
    147 148 149 150 151 152 153 154 155 156 157 158 159 160 161 162 163
    164 165 166 167 168 169 170 171 172 173 174 175 176 177 178 179 180
    181 182 183 184 185 186 187 188 189 190 191 192 193 194 195 196 197
    198 199 200 201 202 203 204 205 206 207 208 209 210 211 212 213 214
    215 216 217 218 219 220 221 222 223 224 225 226 227 228 229 230 231
    232 233 234 235 236 237 238 239 240 241 242 243 244 245 246 247 248
    249 250 251 252 253 254 255</data></my_lkt>
<your_lkt type_id="opencv-matrix">
  <rows>256</rows>
  <cols>1</cols>
  <dt>u</dt>
  <data>
    1 2 3 4 5 6 7 8 9 11 11 12 14 15 16 17 18 19 20 21 22 24 24 26 27 28
    28 29 30 31 32 33 35 36 37 38 38 39 40 41 43 44 44 45 46 47 48 49 50
    52 53 54 55 57 57 58 59 60 61 63 63 64 65 66 67 68 69 69 71 72 72 73
    75 75 76 77 79 79 80 81 83 84 84 85 86 86 87 88 89 90 91 93 93 94 96
    96 97 98 100 101 102 103 104 105 106 107 108 108 109 110 111 111 112
    113 115 116 116 117 118 119 119 121 121 122 124 125 126 127 128 130
    131 132 133 135 135 136 137 138 139 140 141 142 143 144 145 146 147
    149 150 151 151 153 154 155 156 158 158 159 160 161 163 164 165 166
    167 169 170 171 172 173 174 174 176 177 177 179 180 181 182 183 184
    185 186 186 188 189 190 191 191 192 193 194 194 195 195 196 198 199
    200 201 203 203 203 203 205 205 206 208 208 209 210 211 212 213 214
    215 216 217 218 219 220 221 222 223 225 226 227 228 228 229 230 231
    232 233 234 236 237 238 239 241 241 241 242 243 244 244 246 247 248
    249 250 251 252 253 255 255</data></your_lkt>
</opencv_storage>
