<?xml version="1.0"?>
<opencv_storage>
<L2_diff>1.</L2_diff>
<test_hist type_id="opencv-matrix">
  <rows>256</rows>
  <cols>1</cols>
  <dt>f</dt>
  <data>
    194. 954. 489. 910. 39. 583. 211. 440. 626. 716. 652. 17. 15. 935.
    737. 945. 995. 865. 696. 919. 816. 826. 865. 305. 976. 154. 189.
    921. 391. 953. 711. 18. 291. 574. 871. 885. 283. 798. 808. 337. 551.
    731. 34. 249. 997. 12. 157. 967. 357. 42. 850. 987. 622. 269. 627.
    56. 438. 30. 299. 68. 646. 999. 12. 514. 986. 663. 945. 640. 906.
    527. 599. 162. 126. 213. 815. 978. 535. 810. 143. 101. 67. 276. 33.
    568. 752. 930. 574. 375. 807. 286. 635. 847. 173. 440. 672. 674.
    899. 16. 654. 65. 156. 130. 922. 793. 283. 433. 573. 495. 459. 245.
    88. 639. 38. 914. 772. 55. 387. 422. 968. 58. 306. 732. 603. 770.
    429. 352. 998. 669. 991. 14. 717. 239. 538. 661. 609. 738. 319. 921.
    368. 712. 899. 231. 707. 631. 701. 699. 296. 967. 887. 60. 580. 246.
    725. 618. 691. 587. 325. 274. 571. 450. 189. 41. 123. 984. 189. 930.
    769. 231. 706. 998. 758. 642. 328. 613. 664. 406. 476. 114. 932.
    888. 316. 93. 545. 707. 202. 859. 728. 4. 314. 233. 106. 773. 335.
    906. 972. 605. 256. 983. 615. 75. 621. 933. 114. 441. 981. 201. 181.
    873. 398. 243. 504. 437. 485. 205. 814. 472. 917. 72. 581. 313. 682.
    215. 709. 159. 703. 855. 233. 56. 154. 416. 124. 806. 274. 529. 572.
    105. 828. 433. 329. 830. 340. 936. 437. 312. 991. 882. 818. 951.
    331. 985. 288. 479. 179. 812. 363. 253.</data></test_hist>
<s>4.</s>
<my_cl>2088.</my_cl>
<your_cl>2089.</your_cl>
</opencv_storage>
