<?xml version="1.0"?>
<opencv_storage>
<L2_diff>5.8412327466040935e+01</L2_diff>
<test_hist type_id="opencv-matrix">
  <rows>256</rows>
  <cols>1</cols>
  <dt>f</dt>
  <data>
    428. 675. 421. 151. 785. 534. 347. 17. 184. 936. 194. 139. 576. 322.
    202. 237. 24. 268. 655. 717. 396. 346. 188. 397. 437. 73. 252. 584.
    999. 608. 606. 561. 739. 438. 142. 85. 480. 588. 81. 741. 279. 866.
    48. 467. 500. 991. 227. 670. 184. 483. 818. 13. 451. 647. 288. 28.
    307. 755. 431. 126. 470. 927. 453. 918. 167. 819. 210. 487. 829.
    513. 328. 577. 853. 437. 196. 46. 558. 304. 19. 288. 538. 672. 795.
    984. 738. 469. 758. 912. 446. 708. 422. 824. 995. 286. 35. 96. 631.
    485. 224. 228. 866. 926. 138. 173. 719. 457. 480. 204. 317. 176.
    587. 611. 874. 451. 14. 877. 352. 483. 135. 287. 456. 64. 349. 773.
    897. 999. 920. 494. 271. 270. 826. 861. 216. 427. 420. 530. 784.
    859. 926. 35. 901. 473. 647. 917. 690. 63. 959. 247. 326. 825. 636.
    898. 231. 773. 650. 449. 868. 705. 593. 897. 744. 706. 919. 47. 828.
    152. 607. 369. 580. 557. 708. 144. 545. 510. 417. 258. 476. 562.
    576. 815. 673. 963. 653. 603. 716. 248. 953. 801. 468. 419. 353.
    364. 230. 289. 135. 711. 296. 963. 710. 979. 645. 947. 192. 673.
    172. 431. 476. 727. 932. 279. 748. 371. 299. 309. 964. 126. 452.
    742. 530. 762. 412. 263. 247. 404. 974. 627. 216. 26. 762. 192. 420.
    890. 309. 975. 234. 670. 172. 717. 42. 494. 601. 671. 514. 364. 901.
    516. 294. 407. 60. 652. 909. 994. 409. 583. 550. 509.</data></test_hist>
<my_lkt type_id="opencv-matrix">
  <rows>256</rows>
  <cols>1</cols>
  <dt>u</dt>
  <data>
    1 2 3 4 5 6 7 8 9 10 11 12 13 14 15 16 17 18 19 20 21 22 23 24 25 26
    27 28 29 30 31 32 33 34 35 36 37 38 39 40 41 42 43 44 45 46 47 48 49
    50 51 52 53 54 55 56 57 58 59 60 61 62 63 64 65 66 67 68 69 70 71 72
    73 74 75 76 77 78 79 80 81 82 83 84 85 86 87 88 89 90 91 92 93 94 95
    96 97 98 99 100 101 102 103 104 105 106 107 108 109 110 111 112 113
    114 115 116 117 118 119 120 121 122 123 124 125 126 127 128 128 129
    130 131 132 133 134 135 136 137 138 139 140 141 142 143 144 145 146
    147 148 149 150 151 152 153 154 155 156 157 158 159 160 161 162 163
    164 165 166 167 168 169 170 171 172 173 174 175 176 177 178 179 180
    181 182 183 184 185 186 187 188 189 190 191 192 193 194 195 196 197
    198 199 200 201 202 203 204 205 206 207 208 209 210 211 212 213 214
    215 216 217 218 219 220 221 222 223 224 225 226 227 228 229 230 231
    232 233 234 235 236 237 238 239 240 241 242 243 244 245 246 247 248
    249 250 251 252 253 254 255</data></my_lkt>
<your_lkt type_id="opencv-matrix">
  <rows>256</rows>
  <cols>1</cols>
  <dt>u</dt>
  <data>
    1 2 3 4 5 6 7 8 8 9 10 10 12 13 13 14 14 15 16 17 18 19 20 21 22 22
    23 24 26 27 28 29 30 32 32 32 34 35 35 36 37 38 39 40 41 42 43 44 45
    46 47 48 49 50 51 51 52 53 54 55 56 57 58 59 60 61 62 63 64 65 66 67
    69 70 70 71 72 73 73 74 75 76 78 79 80 81 82 84 85 86 87 88 89 90 91
    91 92 93 94 95 96 97 98 98 99 101 102 102 103 104 105 106 108 109
    109 110 111 112 113 114 115 115 116 117 118 120 121 122 123 124 125
    126 127 128 129 130 131 132 134 134 135 136 138 139 140 140 142 142
    143 144 146 147 148 149 150 151 152 154 155 156 157 158 160 160 161
    162 163 164 165 166 168 168 169 171 172 172 174 175 176 177 178 180
    181 182 183 184 185 187 188 189 190 191 191 192 193 194 195 196 197
    198 200 201 201 203 203 204 205 207 208 209 210 211 212 213 214 214
    215 217 218 219 220 221 222 223 224 225 226 226 227 228 229 230 231
    232 233 234 235 236 236 237 239 240 241 242 243 244 245 246 247 248
    249 250 251 253 254 255</data></your_lkt>
</opencv_storage>
