<?xml version="1.0"?>
<opencv_storage>
<L2_diff>1.</L2_diff>
<test_hist type_id="opencv-matrix">
  <rows>256</rows>
  <cols>1</cols>
  <dt>f</dt>
  <data>
    981. 615. 619. 625. 231. 232. 79. 586. 872. 859. 72. 898. 328. 568.
    266. 526. 275. 613. 214. 278. 457. 427. 528. 63. 31. 766. 18. 128.
    388. 304. 988. 985. 846. 178. 319. 924. 569. 853. 97. 199. 644. 604.
    561. 27. 642. 406. 852. 791. 813. 268. 257. 77. 119. 287. 680. 950.
    814. 637. 827. 232. 621. 780. 164. 672. 641. 610. 999. 548. 92. 382.
    276. 679. 641. 223. 249. 926. 528. 496. 216. 25. 978. 581. 411. 499.
    555. 37. 454. 192. 602. 166. 961. 175. 435. 125. 43. 96. 717. 568.
    373. 725. 803. 674. 172. 666. 925. 350. 522. 254. 744. 150. 234.
    631. 363. 107. 560. 337. 6. 546. 782. 772. 57. 511. 726. 728. 398.
    766. 126. 797. 426. 899. 353. 87. 501. 879. 959. 366. 573. 581. 734.
    739. 12. 808. 307. 390. 803. 398. 445. 282. 591. 901. 233. 247. 763.
    27. 93. 966. 288. 66. 607. 50. 411. 428. 423. 816. 759. 758. 509.
    684. 757. 812. 329. 832. 434. 332. 730. 320. 781. 301. 988. 236.
    548. 483. 601. 934. 848. 144. 252. 856. 887. 477. 498. 78. 443. 663.
    993. 199. 781. 524. 265. 216. 514. 687. 750. 96. 146. 547. 957. 661.
    147. 347. 231. 11. 381. 331. 531. 74. 999. 977. 694. 38. 702. 744.
    737. 785. 795. 439. 248. 327. 261. 854. 717. 161. 894. 368. 341.
    626. 198. 100. 102. 730. 763. 593. 196. 454. 179. 161. 964. 321.
    373. 291. 652. 43. 544. 624. 268. 895.</data></test_hist>
<s>3.</s>
<my_cl>1472.</my_cl>
<your_cl>1473.</your_cl>
</opencv_storage>
