<?xml version="1.0"?>
<opencv_storage>
<L2_diff>2.6283300895240145e+03</L2_diff>
<test_hist type_id="opencv-matrix">
  <rows>256</rows>
  <cols>1</cols>
  <dt>f</dt>
  <data>
    4.29444794e+02 7.99640137e+02 6.54650879e+02 6.60921326e+02
    3.86408936e+02 7.46502319e+02 6.23659973e+01 8.98819763e+02
    5.28686157e+02 5.98096680e+02 2.99069458e+02 9.09128174e+02
    3.25923157e+02 3.72650848e+02 1.69436798e+02 1.43220154e+02
    2.13072083e+02 2.23241730e+02 8.80546631e+02 7.19684692e+02
    6.92770569e+02 4.53512665e+02 4.94421387e+00 6.20642273e+02
    9.88651733e+02 3.34383301e+02 9.71834961e+02 2.29623108e+02
    8.52636902e+02 6.54593384e+02 4.94050598e+01 4.52929901e+02
    9.17299194e+01 5.65677734e+02 2.47841797e+01 2.43899292e+02
    6.09770081e+02 6.83767822e+02 5.13457153e+02 4.41165649e+02
    7.10592896e+02 7.83951538e+02 5.13967041e+02 3.77242432e+01
    7.18129272e+01 7.44276489e+02 2.57338165e+02 2.38744720e+02
    9.60479126e+02 7.13275879e+02 4.23045837e+02 7.83335083e+02
    1.35163666e+02 4.31203125e+02 7.83761047e+02 7.74431396e+02
    7.79266968e+02 8.52912842e+02 8.66456177e+02 9.70022278e+01
    4.40004150e+02 2.62395691e+02 4.93793030e+01 4.67318085e+02
    3.81002258e+02 9.54230347e+02 3.54273560e+02 1.87270264e+02
    7.18545471e+02 1.84044556e+02 7.31985474e+02 4.52620178e+02
    5.30010742e+02 6.29338867e+02 1.18709076e+02 8.39905762e+02
    8.29217529e+02 9.21871826e+02 4.88304291e+02 3.41149963e+02
    3.60573364e+02 6.13596008e+02 9.46684814e+02 3.99204041e+02
    1.48348389e+02 2.32682281e+02 8.00931763e+02 2.71703796e+01
    2.73432617e+01 6.07967529e+02 5.90754578e+02 6.72102234e+02
    3.00021973e+02 1.63829559e+02 2.75544464e+02 8.90677734e+02
    6.25821533e+02 9.01049683e+02 3.52277344e+02 7.47188782e+02
    6.31090698e+02 2.03014008e+02 9.20751831e+02 1.74441528e+02
    6.59659424e+01 7.30580017e+02 9.94044128e+02 2.31330048e+02
    8.71368042e+02 1.56580566e+02 4.89018188e+02 1.65049286e+02
    3.23710297e+02 2.53498962e+02 1.64406464e+02 6.77766602e+02
    1.38589783e+01 9.65050049e+02 7.25983154e+02 8.89997192e+02
    9.97293091e+02 6.30110474e+02 3.36274445e+02 6.05570740e+02
    7.82998962e+01 7.07851807e+02 9.03657837e+01 7.64234253e+02
    5.46430481e+02 1.92132935e+02 6.49171509e+02 3.06386292e+02
    4.40633545e+01 8.84005859e+02 8.86202026e+02 2.48773819e+02
    9.47970703e+02 8.79644470e+02 2.51743439e+02 6.61994080e+02
    5.74408264e+01 4.85719086e+02 1.33366760e+02 8.02095337e+01
    5.32660950e+02 6.17329102e+02 1.22786560e+01 9.41991821e+02
    6.36414062e+02 1.13244934e+02 3.64008301e+02 4.67773621e+02
    4.03404968e+02 9.12905884e+02 3.16341370e+02 3.93041290e+02
    5.50762146e+02 6.37549500e+02 3.98492157e+02 3.38402405e+02
    4.58974182e+02 8.49760376e+02 3.08582336e+02 5.58489075e+01
    4.44019714e+02 9.13481506e+02 1.47112823e+02 3.98584076e+02
    3.05613953e+02 4.89998108e+02 7.52848633e+02 7.59411011e+01
    1.31738800e+02 3.34358521e+01 7.78795227e+02 4.95134766e+02
    6.79875244e+02 3.95207520e+02 2.76793915e+02 3.81402557e+02
    4.09879944e+02 5.90601196e+02 8.69360962e+01 9.08344910e+02
    7.91584839e+02 7.80812561e+02 4.82973755e+02 1.24483276e+02
    5.50201233e+02 2.62310852e+02 6.58283691e+02 8.40241211e+02
    5.69021301e+01 3.84264282e+02 5.28650818e+01 1.70541260e+02
    6.77924988e+02 4.19007080e+02 2.23586853e+02 5.33973938e+02
    9.34145813e+01 3.46043182e+02 1.34950653e+02 1.00626495e+02
    6.55449707e+02 8.60112915e+01 8.62700806e+02 2.18417969e+02
    4.23310303e+02 7.43665344e+02 2.67198853e+02 2.77865540e+02
    6.42125610e+02 4.21749817e+02 3.70667358e+02 7.11234741e+02
    4.76628113e+01 3.78088593e+02 3.25960876e+02 8.04283569e+02
    4.77042603e+02 1.39827576e+02 4.83312592e+02 2.88555725e+02
    6.31364746e+02 1.51048737e+02 9.55870972e+02 4.86256653e+02
    8.50283936e+02 2.70785583e+02 4.38728271e+02 5.63739868e+02
    7.73704834e+02 8.97977600e+02 1.85606689e+01 6.59345764e+02
    5.83244934e+02 2.36768799e+02 5.06334564e+02 2.27602997e+02
    6.64568298e+02 5.36744507e+02 5.84725952e+01 4.68401184e+01
    5.50816040e+01 1.37366943e+01 1.27088409e+02 1.91705963e+02
    7.08721313e+02 1.53146973e+01 3.85085144e+01 7.83714172e+02
    2.57978699e+02 3.43450256e+02 5.60669800e+02 5.64865112e+02</data></test_hist>
<CL>463</CL>
<my_hist type_id="opencv-matrix">
  <rows>256</rows>
  <cols>1</cols>
  <dt>f</dt>
  <data>
    5.53015015e+02 5.86570251e+02 5.86570251e+02 5.86570251e+02
    5.09979187e+02 5.86570251e+02 1.85936234e+02 5.86570251e+02
    5.86570251e+02 5.86570251e+02 4.22639709e+02 5.86570251e+02
    4.49493408e+02 4.96221069e+02 2.93007019e+02 2.66790405e+02
    3.36642334e+02 3.46811951e+02 5.86570251e+02 5.86570251e+02
    5.86570251e+02 5.77082886e+02 1.28514450e+02 5.86570251e+02
    5.86570251e+02 4.57953552e+02 5.86570251e+02 3.53193359e+02
    5.86570251e+02 5.86570251e+02 1.72975296e+02 5.76500122e+02
    2.15300156e+02 5.86570251e+02 1.48354416e+02 3.67469543e+02
    5.86570251e+02 5.86570251e+02 5.86570251e+02 5.64735901e+02
    5.86570251e+02 5.86570251e+02 5.86570251e+02 1.61294479e+02
    1.95383163e+02 5.86570251e+02 3.80908386e+02 3.62314941e+02
    5.86570251e+02 5.86570251e+02 5.46616089e+02 5.86570251e+02
    2.58733887e+02 5.54773376e+02 5.86570251e+02 5.86570251e+02
    5.86570251e+02 5.86570251e+02 5.86570251e+02 2.20572464e+02
    5.63574402e+02 3.85965942e+02 1.72949539e+02 5.86570251e+02
    5.04572510e+02 5.86570251e+02 4.77843811e+02 3.10840515e+02
    5.86570251e+02 3.07614807e+02 5.86570251e+02 5.76190430e+02
    5.86570251e+02 5.86570251e+02 2.42279312e+02 5.86570251e+02
    5.86570251e+02 5.86570251e+02 5.86570251e+02 4.64720215e+02
    4.84143616e+02 5.86570251e+02 5.86570251e+02 5.22774292e+02
    2.71918640e+02 3.56252502e+02 5.86570251e+02 1.50740616e+02
    1.50913498e+02 5.86570251e+02 5.86570251e+02 5.86570251e+02
    4.23592224e+02 2.87399780e+02 3.99114685e+02 5.86570251e+02
    5.86570251e+02 5.86570251e+02 4.75847595e+02 5.86570251e+02
    5.86570251e+02 3.26584229e+02 5.86570251e+02 2.98011780e+02
    1.89536179e+02 5.86570251e+02 5.86570251e+02 3.54900269e+02
    5.86570251e+02 2.80150818e+02 5.86570251e+02 2.88619507e+02
    4.47280518e+02 3.77069214e+02 2.87976685e+02 5.86570251e+02
    1.37429214e+02 5.86570251e+02 5.86570251e+02 5.86570251e+02
    5.86570251e+02 5.86570251e+02 4.59844666e+02 5.86570251e+02
    2.01870132e+02 5.86570251e+02 2.13936020e+02 5.86570251e+02
    5.86570251e+02 3.15703186e+02 5.86570251e+02 4.29956543e+02
    1.67633591e+02 5.86570251e+02 5.86570251e+02 3.72344055e+02
    5.86570251e+02 5.86570251e+02 3.75313660e+02 5.86570251e+02
    1.81011063e+02 5.86570251e+02 2.56937012e+02 2.03779770e+02
    5.86570251e+02 5.86570251e+02 1.35848892e+02 5.86570251e+02
    5.86570251e+02 2.36815170e+02 4.87578552e+02 5.86570251e+02
    5.26975220e+02 5.86570251e+02 4.39911621e+02 5.16611511e+02
    5.86570251e+02 5.86570251e+02 5.22062378e+02 4.61972656e+02
    5.82544434e+02 5.86570251e+02 4.32152588e+02 1.79419144e+02
    5.67589966e+02 5.86570251e+02 2.70683044e+02 5.22154297e+02
    4.29184204e+02 5.86570251e+02 5.86570251e+02 1.99511337e+02
    2.55309036e+02 1.57006088e+02 5.86570251e+02 5.86570251e+02
    5.86570251e+02 5.18777771e+02 4.00364136e+02 5.04972778e+02
    5.33450195e+02 5.86570251e+02 2.10506332e+02 5.86570251e+02
    5.86570251e+02 5.86570251e+02 5.86570251e+02 2.48053513e+02
    5.86570251e+02 3.85881104e+02 5.86570251e+02 5.86570251e+02
    1.80472366e+02 5.07834534e+02 1.76435318e+02 2.94111511e+02
    5.86570251e+02 5.42577332e+02 3.47157104e+02 5.86570251e+02
    2.16984818e+02 4.69613403e+02 2.58520874e+02 2.24196732e+02
    5.86570251e+02 2.09581528e+02 5.86570251e+02 3.41988220e+02
    5.46880554e+02 5.86570251e+02 3.90769104e+02 4.01435791e+02
    5.86570251e+02 5.45320068e+02 4.94237610e+02 5.86570251e+02
    1.71233047e+02 5.01658813e+02 4.49531128e+02 5.86570251e+02
    5.86570251e+02 2.63397827e+02 5.86570251e+02 4.12125977e+02
    5.86570251e+02 2.74618958e+02 5.86570251e+02 5.86570251e+02
    5.86570251e+02 3.94355835e+02 5.62298523e+02 5.86570251e+02
    5.86570251e+02 5.86570251e+02 1.42130905e+02 5.86570251e+02
    5.86570251e+02 3.60339050e+02 5.86570251e+02 3.51173218e+02
    5.86570251e+02 5.86570251e+02 1.82042831e+02 1.70410355e+02
    1.78651840e+02 1.37306931e+02 2.50658646e+02 3.15276184e+02
    5.86570251e+02 1.38884933e+02 1.62078751e+02 5.86570251e+02
    3.81548950e+02 4.67020508e+02 5.86570251e+02 5.86570251e+02</data></my_hist>
<your_hist type_id="opencv-matrix">
  <rows>256</rows>
  <cols>1</cols>
  <dt>f</dt>
  <data>
    4.29444794e+02 7.99640137e+02 6.54650879e+02 6.60921326e+02
    3.86408936e+02 7.46502319e+02 6.23659973e+01 8.98819763e+02
    5.28686157e+02 5.98096680e+02 2.99069458e+02 9.09128174e+02
    3.25923157e+02 3.72650848e+02 1.69436798e+02 1.43220154e+02
    2.13072083e+02 2.23241730e+02 8.80546631e+02 7.19684692e+02
    6.92770569e+02 4.53512665e+02 4.94421387e+00 6.20642273e+02
    9.88651733e+02 3.34383301e+02 9.71834961e+02 2.29623108e+02
    8.52636902e+02 6.54593384e+02 4.94050598e+01 4.52929901e+02
    9.17299194e+01 5.65677734e+02 2.47841797e+01 2.43899292e+02
    6.09770081e+02 6.83767822e+02 5.13457153e+02 4.41165649e+02
    7.10592896e+02 7.83951538e+02 5.13967041e+02 3.77242432e+01
    7.18129272e+01 7.44276489e+02 2.57338165e+02 2.38744720e+02
    9.60479126e+02 7.13275879e+02 4.23045837e+02 7.83335083e+02
    1.35163666e+02 4.31203125e+02 7.83761047e+02 7.74431396e+02
    7.79266968e+02 8.52912842e+02 8.66456177e+02 9.70022278e+01
    4.40004150e+02 2.62395691e+02 4.93793030e+01 4.67318085e+02
    3.81002258e+02 9.54230347e+02 3.54273560e+02 1.87270264e+02
    7.18545471e+02 1.84044556e+02 7.31985474e+02 4.52620178e+02
    5.30010742e+02 6.29338867e+02 1.18709076e+02 8.39905762e+02
    8.29217529e+02 9.21871826e+02 4.88304291e+02 3.41149963e+02
    3.60573364e+02 6.13596008e+02 9.46684814e+02 3.99204041e+02
    1.48348389e+02 2.32682281e+02 8.00931763e+02 2.71703796e+01
    2.73432617e+01 6.07967529e+02 5.90754578e+02 6.72102234e+02
    3.00021973e+02 1.63829559e+02 2.75544464e+02 8.90677734e+02
    6.25821533e+02 9.01049683e+02 3.52277344e+02 7.47188782e+02
    6.31090698e+02 2.03014008e+02 9.20751831e+02 1.74441528e+02
    6.59659424e+01 7.30580017e+02 9.94044128e+02 2.31330048e+02
    8.71368042e+02 1.56580566e+02 4.89018188e+02 1.65049286e+02
    3.23710297e+02 2.53498962e+02 1.64406464e+02 6.77766602e+02
    1.38589783e+01 9.65050049e+02 7.25983154e+02 8.89997192e+02
    9.97293091e+02 6.30110474e+02 3.36274445e+02 6.05570740e+02
    7.82998962e+01 7.07851807e+02 9.03657837e+01 7.64234253e+02
    5.46430481e+02 1.92132935e+02 6.49171509e+02 3.06386292e+02
    4.40633545e+01 8.84005859e+02 8.86202026e+02 2.48773819e+02
    9.47970703e+02 8.79644470e+02 2.51743439e+02 6.61994080e+02
    5.74408264e+01 4.85719086e+02 1.33366760e+02 8.02095337e+01
    5.32660950e+02 6.17329102e+02 1.22786560e+01 9.41991821e+02
    6.36414062e+02 1.13244934e+02 3.64008301e+02 4.67773621e+02
    4.03404968e+02 9.12905884e+02 3.16341370e+02 3.93041290e+02
    5.50762146e+02 6.37549500e+02 3.98492157e+02 3.38402405e+02
    4.58974182e+02 8.49760376e+02 3.08582336e+02 5.58489075e+01
    4.44019714e+02 9.13481506e+02 1.47112823e+02 3.98584076e+02
    3.05613953e+02 4.89998108e+02 7.52848633e+02 7.59411011e+01
    1.31738800e+02 3.34358521e+01 7.78795227e+02 4.95134766e+02
    6.79875244e+02 3.95207520e+02 2.76793915e+02 3.81402557e+02
    4.09879944e+02 5.90601196e+02 8.69360962e+01 9.08344910e+02
    7.91584839e+02 7.80812561e+02 4.82973755e+02 1.24483276e+02
    5.50201233e+02 2.62310852e+02 6.58283691e+02 8.40241211e+02
    5.69021301e+01 3.84264282e+02 5.28650818e+01 1.70541260e+02
    6.77924988e+02 4.19007080e+02 2.23586853e+02 5.33973938e+02
    9.34145813e+01 3.46043182e+02 1.34950653e+02 1.00626495e+02
    6.55449707e+02 8.60112915e+01 8.62700806e+02 2.18417969e+02
    4.23310303e+02 7.43665344e+02 2.67198853e+02 2.77865540e+02
    6.42125610e+02 4.21749817e+02 3.70667358e+02 7.11234741e+02
    4.76628113e+01 3.78088593e+02 3.25960876e+02 8.04283569e+02
    4.77042603e+02 1.39827576e+02 4.83312592e+02 2.88555725e+02
    6.31364746e+02 1.51048737e+02 9.55870972e+02 4.86256653e+02
    8.50283936e+02 2.70785583e+02 4.38728271e+02 5.63739868e+02
    7.73704834e+02 8.97977600e+02 1.85606689e+01 6.59345764e+02
    5.83244934e+02 2.36768799e+02 5.06334564e+02 2.27602997e+02
    6.64568298e+02 5.36744507e+02 5.84725952e+01 4.68401184e+01
    5.50816040e+01 1.37366943e+01 1.27088409e+02 1.91705963e+02
    7.08721313e+02 1.53146973e+01 3.85085144e+01 7.83714172e+02
    2.57978699e+02 3.43450256e+02 5.60669800e+02 5.64865112e+02</data></your_hist>
</opencv_storage>
