<?xml version="1.0"?>
<opencv_storage>
<L2_diff>5.2311457693576813e-01</L2_diff>
<test_hist type_id="opencv-matrix">
  <rows>256</rows>
  <cols>1</cols>
  <dt>f</dt>
  <data>
    2.21596344e+02 8.12169800e+01 1.25220612e+02 5.17231323e+02
    4.25015686e+02 5.06053802e+02 9.65710754e+01 3.73103790e+02
    2.25290741e+02 2.24866882e+02 2.69763763e+02 2.89726074e+02
    8.13347046e+02 1.02981628e+02 9.85556824e+02 8.30077881e+02
    9.05684448e+02 5.16482727e+02 5.41357666e+02 6.12737427e+02
    5.85104248e+02 1.38404846e+01 3.30969391e+02 3.26968658e+02
    9.58527710e+02 2.25988770e+00 1.87090942e+02 7.60479004e+02
    6.92359253e+02 5.88167664e+02 2.38154449e+02 2.19027496e+02
    2.20405060e+02 7.55651306e+02 3.22487976e+02 3.10970276e+02
    8.52462769e+00 9.27697998e+02 7.92005066e+02 5.36390076e+02
    9.51868530e+02 3.12924652e+02 3.97979126e+02 4.30083252e+02
    6.23062134e+00 4.41924042e+02 8.04213867e+02 6.24481140e+02
    6.14823792e+02 9.81360046e+02 5.53604370e+02 6.12921753e+02
    7.24077454e+01 8.52523926e+02 1.64254242e+02 2.76496277e+01
    5.13143921e+00 6.64332642e+02 7.75498474e+02 8.33985352e+02
    2.49242249e+01 8.56270020e+02 8.11108643e+02 2.15265228e+02
    3.73857727e+01 3.59672974e+02 2.41341919e+02 2.29461182e+02
    9.78948730e+02 4.37461853e+02 9.01881470e+02 4.59295563e+02
    1.79993134e+02 9.44051270e+02 3.81622559e+02 6.96319336e+02
    3.01634521e+01 6.54208374e+02 5.75682190e+02 9.84535034e+02
    5.70252991e+02 3.20968384e+02 9.62056335e+02 2.42724487e+02
    4.67706055e+02 2.01605713e+02 1.11915588e+02 4.60064178e+02
    7.05283081e+02 6.17049683e+02 7.11421204e+01 7.88048340e+02
    7.07048828e+02 1.36700989e+02 7.35260498e+02 5.46768677e+02
    1.36515778e+02 3.00819122e+02 4.47726013e+02 5.37335632e+02
    6.81092712e+02 2.30487946e+02 4.66833008e+02 5.15793335e+02
    9.23748718e+02 9.88871704e+02 9.91815063e+02 3.39295776e+02
    8.66352905e+02 8.42552185e+01 8.57159058e+02 8.40154663e+02
    2.34137665e+02 4.82505829e+02 2.87719482e+02 9.69684753e+01
    5.21735046e+02 5.21714294e+02 5.86060608e+02 2.93681885e+02
    3.45485321e+02 2.95099457e+02 8.39872192e+02 2.90499817e+02
    7.08621277e+02 9.04532166e+02 8.18625977e+02 9.59471802e+02
    1.10387268e+02 6.28587708e+02 5.40748535e+02 1.09180603e+02
    9.48536255e+02 2.01226410e+02 7.93904419e+02 2.52028702e+02
    4.03571136e+02 7.23512024e+02 8.02384399e+02 4.31528381e+02
    3.37196045e+02 2.74665344e+02 7.99369751e+02 9.05442810e+01
    7.58958252e+02 1.12777710e+02 3.90387543e+02 6.04187134e+02
    2.04817444e+02 9.89929199e+00 2.76860992e+02 7.78000366e+02
    2.47400436e+02 6.54553528e+02 5.13950073e+02 2.83595947e+02
    8.09223022e+02 9.49373901e+02 7.49211182e+02 7.83725220e+02
    7.55413696e+02 2.18849823e+02 3.08768250e+02 5.69180420e+02
    2.26946960e+02 5.20680847e+02 6.26120605e+02 1.41769592e+02
    3.00856232e+02 1.32002411e+02 8.60543701e+02 6.47931335e+02
    9.74787842e+02 9.76828308e+01 4.89250671e+02 8.60155029e+02
    5.17797668e+02 1.85581970e+02 8.02900940e+02 5.93291748e+02
    5.95151123e+02 3.72918152e+02 2.10662384e+02 5.74571838e+02
    3.18521667e+02 8.77906494e+02 9.75514526e+01 1.88765259e+02
    3.23321533e+02 3.35674011e+02 7.27002686e+02 9.85250122e+02
    7.82199585e+02 1.43778687e+01 4.09656586e+02 2.46903275e+02
    2.96886627e+02 8.99962463e+02 2.89418884e+02 8.16227539e+02
    9.55801758e+02 4.80897308e+02 7.83462891e+02 7.21196472e+02
    9.99063354e+02 8.05847168e-01 9.67822021e+02 1.62532959e+01
    8.39972656e+02 6.60428467e+02 4.23481384e+02 8.60444580e+02
    3.82182587e+02 4.41278168e+02 7.88256836e+02 2.16427124e+02
    1.56207977e+02 1.04882172e+02 4.48650421e+02 7.85863159e+02
    3.77852173e+02 7.35679199e+02 5.97177246e+02 7.20599060e+01
    8.78866577e+01 3.00355225e+02 4.12916870e+02 3.24155457e+02
    3.06255432e+02 2.26737366e+01 4.62580353e+02 9.25272644e+02
    4.54107849e+02 6.59512329e+02 1.47656525e+02 7.66844482e+01
    4.25070953e+02 9.73380737e+02 3.65635803e+02 7.61786865e+02
    9.11191528e+02 6.55489563e+02 4.24897125e+02 8.49683899e+02
    5.37800049e+02 9.56536133e+02 8.62176758e+02 8.20229614e+02
    9.41993164e+02 4.53265564e+02 5.86249390e+02 1.22359955e+02
    3.22682495e+01 9.81776306e+02 1.37303619e+02 2.29982056e+02</data></test_hist>
<s>3.</s>
<my_cl>1.4805426025390625e+03</my_cl>
<your_cl>1.4812658691406250e+03</your_cl>
</opencv_storage>
