<?xml version="1.0"?>
<opencv_storage>
<L2_diff>2.6986399138745264e+03</L2_diff>
<test_hist type_id="opencv-matrix">
  <rows>256</rows>
  <cols>1</cols>
  <dt>f</dt>
  <data>
    7.00366455e+02 5.71831970e+01 7.08044189e+02 3.67666504e+02
    2.17975525e+02 6.37156799e+02 8.18640747e+02 1.36507660e+02
    5.85351318e+02 8.47673401e+02 3.08325989e+02 7.12525024e+02
    3.45485962e+02 4.84811218e+02 1.69728790e+02 8.09796509e+02
    9.32549316e+02 1.15607269e+02 8.91290527e+02 9.11013306e+02
    4.71837585e+02 6.49787720e+02 3.45372406e+02 1.90087311e+02
    3.82557373e+02 8.81994507e+02 3.30620361e+02 1.04637970e+02
    4.54115509e+02 7.11917542e+02 9.58946655e+02 6.27358704e+01
    3.15955933e+02 6.44418335e+02 9.85400513e+02 2.21738586e+02
    4.09218445e+01 2.61361938e+02 5.39634644e+02 7.24783020e+02
    2.27355194e+02 9.53612061e+01 2.45521072e+02 5.33215332e+00
    9.25588745e+02 2.40870880e+02 4.13105042e+02 9.57354126e+02
    9.27704346e+02 4.70363922e+02 8.20892090e+02 7.49138733e+02
    1.46200562e+02 5.53026855e+02 6.07122070e+02 8.24741821e+02
    3.69667633e+02 6.00634277e+02 5.87847534e+02 8.67254150e+02
    9.86562622e+02 2.63728821e+02 8.47841675e+02 4.97398773e+02
    1.99160217e+02 3.11973328e+02 3.12757080e+02 4.22116272e+02
    8.73031006e+02 9.97991699e+02 6.65660461e+02 2.74068970e+02
    9.78943542e+02 9.45076599e+01 2.40950989e+02 3.26364746e+02
    4.69493225e+02 7.69507324e+02 1.16396973e+02 3.43566620e+02
    7.78552368e+02 4.99026184e+01 2.71889893e+02 3.11670105e+02
    8.76719116e+02 6.61831665e+00 9.65291565e+02 7.74693604e+02
    1.97825684e+02 1.60588196e+02 2.01728638e+02 1.67565735e+02
    3.16461426e+02 5.93611145e+02 7.97529358e+02 8.30749634e+02
    8.32968628e+02 2.81575378e+02 1.00251801e+02 6.51637878e+02
    2.23904663e+02 3.23686035e+02 4.94904785e+01 8.52197266e+00
    1.71190857e+02 3.07726746e+02 9.69309143e+02 5.51141968e+01
    3.17904480e+02 7.27582825e+02 6.97846130e+02 1.37924805e+01
    6.60718323e+02 9.10306641e+02 1.31632751e+02 9.87234863e+02
    8.59499268e+02 6.39552002e+02 5.08871704e+02 2.92977509e+02
    8.67171204e+02 6.75122559e+02 5.46702332e+02 7.67752502e+02
    4.82406311e+02 7.61126831e+02 9.58853516e+02 7.39163757e+02
    2.16153503e+02 8.42733582e+02 2.25814056e+02 4.67509796e+02
    9.44520630e+02 7.58181396e+02 5.72258545e+02 2.21678467e+01
    9.35122437e+02 5.14778076e+02 7.97998047e+02 1.28398163e+02
    3.99117249e+02 2.98256409e+02 5.62125793e+02 4.35105408e+02
    4.98580688e+02 1.33744202e+01 4.62090973e+02 3.48688751e+02
    3.19090179e+02 6.16523315e+02 8.60268250e+02 3.00627960e+02
    5.34008789e+02 7.12864258e+02 5.69744019e+02 9.66023254e+02
    7.14126892e+01 4.93927155e+02 6.08815918e+02 9.34150757e+02
    5.37989685e+02 3.36063934e+02 1.28248718e+02 3.56935577e+02
    1.27273010e+02 3.60431152e+02 7.74831848e+02 5.37324829e+02
    2.15415955e+02 9.35905212e+02 4.38964783e+02 2.49646042e+02
    5.98619263e+02 9.09027222e+02 1.12355652e+02 9.44005127e+01
    7.26358887e+02 5.55747314e+02 7.83572998e+01 4.67180939e+02
    7.92542419e+02 9.49767700e+02 2.65370911e+02 2.08083191e+01
    6.79405151e+02 2.27626465e+02 6.30348999e+02 2.57385071e+02
    3.58104797e+02 1.52387390e+02 8.89744385e+02 1.00133118e+02
    4.12651794e+02 5.44851746e+02 2.68584717e+02 5.43152832e+02
    3.39698425e+02 2.78040344e+02 6.35635315e+02 4.53290436e+02
    2.38279694e+02 7.94800293e+02 3.37695129e+02 6.49125977e+01
    9.06425049e+02 9.03467651e+02 6.32326538e+02 1.03744720e+02
    2.86737122e+02 2.51718765e+02 3.05372681e+02 3.44837341e+02
    7.74545776e+02 8.09725220e+02 5.65208069e+02 2.27838470e+02
    6.11864807e+02 5.55686340e+02 9.72949219e+02 8.38351196e+02
    2.97093323e+02 9.25927856e+02 3.04538025e+02 3.30042969e+02
    2.43083496e+01 7.17398193e+02 2.73703735e+02 9.48812012e+02
    6.93163757e+02 1.21656189e+02 5.12027649e+02 9.75842163e+02
    4.83408478e+02 9.99642029e+01 6.39925354e+02 5.84141846e+02
    4.48676819e+02 2.42437378e+02 1.68574036e+02 2.37892670e+02
    9.07169800e+02 4.70634674e+02 9.09263977e+02 6.23247192e+02
    1.60741058e+02 8.17276306e+01 8.14096436e+02 4.04586365e+02
    2.97984863e+02 8.43932617e+02 5.84915527e+02 1.38347015e+02
    2.64259583e+02 3.30418701e+01 8.15185242e+02 9.62947754e+02</data></test_hist>
<CL>492</CL>
<my_hist type_id="opencv-matrix">
  <rows>256</rows>
  <cols>1</cols>
  <dt>f</dt>
  <data>
    6.20309875e+02 1.85493073e+02 6.20309875e+02 4.95976379e+02
    3.46285400e+02 6.20309875e+02 6.20309875e+02 2.64817535e+02
    6.20309875e+02 6.20309875e+02 4.36635864e+02 6.20309875e+02
    4.73795837e+02 6.13121094e+02 2.98038666e+02 6.20309875e+02
    6.20309875e+02 2.43917145e+02 6.20309875e+02 6.20309875e+02
    6.00147461e+02 6.20309875e+02 4.73682281e+02 3.18397186e+02
    5.10867249e+02 6.20309875e+02 4.58930237e+02 2.32947845e+02
    5.82425415e+02 6.20309875e+02 6.20309875e+02 1.91045746e+02
    4.44265808e+02 6.20309875e+02 6.20309875e+02 3.50048462e+02
    1.69231720e+02 3.89671814e+02 6.20309875e+02 6.20309875e+02
    3.55665070e+02 2.23671082e+02 3.73830933e+02 1.33642029e+02
    6.20309875e+02 3.69180756e+02 5.41414917e+02 6.20309875e+02
    6.20309875e+02 5.98673828e+02 6.20309875e+02 6.20309875e+02
    2.74510437e+02 6.20309875e+02 6.20309875e+02 6.20309875e+02
    4.97977509e+02 6.20309875e+02 6.20309875e+02 6.20309875e+02
    6.20309875e+02 3.92038696e+02 6.20309875e+02 6.20309875e+02
    3.27470093e+02 4.40283203e+02 4.41066956e+02 5.50426147e+02
    6.20309875e+02 6.20309875e+02 6.20309875e+02 4.02378845e+02
    6.20309875e+02 2.22817535e+02 3.69260864e+02 4.54674622e+02
    5.97803101e+02 6.20309875e+02 2.44706848e+02 4.71876495e+02
    6.20309875e+02 1.78212494e+02 4.00199768e+02 4.39979980e+02
    6.20309875e+02 1.34928192e+02 6.20309875e+02 6.20309875e+02
    3.26135559e+02 2.88898071e+02 3.30038513e+02 2.95875610e+02
    4.44771301e+02 6.20309875e+02 6.20309875e+02 6.20309875e+02
    6.20309875e+02 4.09885254e+02 2.28561676e+02 6.20309875e+02
    3.52214539e+02 4.51995911e+02 1.77800354e+02 1.36831848e+02
    2.99500732e+02 4.36036621e+02 6.20309875e+02 1.83424072e+02
    4.46214355e+02 6.20309875e+02 6.20309875e+02 1.42102356e+02
    6.20309875e+02 6.20309875e+02 2.59942627e+02 6.20309875e+02
    6.20309875e+02 6.20309875e+02 6.20309875e+02 4.21287384e+02
    6.20309875e+02 6.20309875e+02 6.20309875e+02 6.20309875e+02
    6.10716187e+02 6.20309875e+02 6.20309875e+02 6.20309875e+02
    3.44463379e+02 6.20309875e+02 3.54123932e+02 5.95819702e+02
    6.20309875e+02 6.20309875e+02 6.20309875e+02 1.50477722e+02
    6.20309875e+02 6.20309875e+02 6.20309875e+02 2.56708038e+02
    5.27427124e+02 4.26566284e+02 6.20309875e+02 5.63415283e+02
    6.20309875e+02 1.41684296e+02 5.90400879e+02 4.76998627e+02
    4.47400055e+02 6.20309875e+02 6.20309875e+02 4.28937836e+02
    6.20309875e+02 6.20309875e+02 6.20309875e+02 6.20309875e+02
    1.99722565e+02 6.20309875e+02 6.20309875e+02 6.20309875e+02
    6.20309875e+02 4.64373810e+02 2.56558594e+02 4.85245453e+02
    2.55582886e+02 4.88741028e+02 6.20309875e+02 6.20309875e+02
    3.43725830e+02 6.20309875e+02 5.67274658e+02 3.77955933e+02
    6.20309875e+02 6.20309875e+02 2.40665527e+02 2.22710388e+02
    6.20309875e+02 6.20309875e+02 2.06667175e+02 5.95490845e+02
    6.20309875e+02 6.20309875e+02 3.93680786e+02 1.49118195e+02
    6.20309875e+02 3.55936340e+02 6.20309875e+02 3.85694946e+02
    4.86414673e+02 2.80697266e+02 6.20309875e+02 2.28442993e+02
    5.40961670e+02 6.20309875e+02 3.96894592e+02 6.20309875e+02
    4.68008301e+02 4.06350220e+02 6.20309875e+02 5.81600342e+02
    3.66589569e+02 6.20309875e+02 4.66005005e+02 1.93222473e+02
    6.20309875e+02 6.20309875e+02 6.20309875e+02 2.32054596e+02
    4.15046997e+02 3.80028625e+02 4.33682556e+02 4.73147217e+02
    6.20309875e+02 6.20309875e+02 6.20309875e+02 3.56148346e+02
    6.20309875e+02 6.20309875e+02 6.20309875e+02 6.20309875e+02
    4.25403198e+02 6.20309875e+02 4.32847900e+02 4.58352844e+02
    1.52618225e+02 6.20309875e+02 4.02013611e+02 6.20309875e+02
    6.20309875e+02 2.49966064e+02 6.20309875e+02 6.20309875e+02
    6.11718384e+02 2.28274078e+02 6.20309875e+02 6.20309875e+02
    5.76986694e+02 3.70747253e+02 2.96883911e+02 3.66202545e+02
    6.20309875e+02 5.98944580e+02 6.20309875e+02 6.20309875e+02
    2.89050934e+02 2.10037506e+02 6.20309875e+02 5.32896240e+02
    4.26294739e+02 6.20309875e+02 6.20309875e+02 2.66656891e+02
    3.92569458e+02 1.61351746e+02 6.20309875e+02 6.20309875e+02</data></my_hist>
<your_hist type_id="opencv-matrix">
  <rows>256</rows>
  <cols>1</cols>
  <dt>f</dt>
  <data>
    7.00366455e+02 5.71831970e+01 7.08044189e+02 3.67666504e+02
    2.17975525e+02 6.37156799e+02 8.18640747e+02 1.36507660e+02
    5.85351318e+02 8.47673401e+02 3.08325989e+02 7.12525024e+02
    3.45485962e+02 4.84811218e+02 1.69728790e+02 8.09796509e+02
    9.32549316e+02 1.15607269e+02 8.91290527e+02 9.11013306e+02
    4.71837585e+02 6.49787720e+02 3.45372406e+02 1.90087311e+02
    3.82557373e+02 8.81994507e+02 3.30620361e+02 1.04637970e+02
    4.54115509e+02 7.11917542e+02 9.58946655e+02 6.27358704e+01
    3.15955933e+02 6.44418335e+02 9.85400513e+02 2.21738586e+02
    4.09218445e+01 2.61361938e+02 5.39634644e+02 7.24783020e+02
    2.27355194e+02 9.53612061e+01 2.45521072e+02 5.33215332e+00
    9.25588745e+02 2.40870880e+02 4.13105042e+02 9.57354126e+02
    9.27704346e+02 4.70363922e+02 8.20892090e+02 7.49138733e+02
    1.46200562e+02 5.53026855e+02 6.07122070e+02 8.24741821e+02
    3.69667633e+02 6.00634277e+02 5.87847534e+02 8.67254150e+02
    9.86562622e+02 2.63728821e+02 8.47841675e+02 4.97398773e+02
    1.99160217e+02 3.11973328e+02 3.12757080e+02 4.22116272e+02
    8.73031006e+02 9.97991699e+02 6.65660461e+02 2.74068970e+02
    9.78943542e+02 9.45076599e+01 2.40950989e+02 3.26364746e+02
    4.69493225e+02 7.69507324e+02 1.16396973e+02 3.43566620e+02
    7.78552368e+02 4.99026184e+01 2.71889893e+02 3.11670105e+02
    8.76719116e+02 6.61831665e+00 9.65291565e+02 7.74693604e+02
    1.97825684e+02 1.60588196e+02 2.01728638e+02 1.67565735e+02
    3.16461426e+02 5.93611145e+02 7.97529358e+02 8.30749634e+02
    8.32968628e+02 2.81575378e+02 1.00251801e+02 6.51637878e+02
    2.23904663e+02 3.23686035e+02 4.94904785e+01 8.52197266e+00
    1.71190857e+02 3.07726746e+02 9.69309143e+02 5.51141968e+01
    3.17904480e+02 7.27582825e+02 6.97846130e+02 1.37924805e+01
    6.60718323e+02 9.10306641e+02 1.31632751e+02 9.87234863e+02
    8.59499268e+02 6.39552002e+02 5.08871704e+02 2.92977509e+02
    8.67171204e+02 6.75122559e+02 5.46702332e+02 7.67752502e+02
    4.82406311e+02 7.61126831e+02 9.58853516e+02 7.39163757e+02
    2.16153503e+02 8.42733582e+02 2.25814056e+02 4.67509796e+02
    9.44520630e+02 7.58181396e+02 5.72258545e+02 2.21678467e+01
    9.35122437e+02 5.14778076e+02 7.97998047e+02 1.28398163e+02
    3.99117249e+02 2.98256409e+02 5.62125793e+02 4.35105408e+02
    4.98580688e+02 1.33744202e+01 4.62090973e+02 3.48688751e+02
    3.19090179e+02 6.16523315e+02 8.60268250e+02 3.00627960e+02
    5.34008789e+02 7.12864258e+02 5.69744019e+02 9.66023254e+02
    7.14126892e+01 4.93927155e+02 6.08815918e+02 9.34150757e+02
    5.37989685e+02 3.36063934e+02 1.28248718e+02 3.56935577e+02
    1.27273010e+02 3.60431152e+02 7.74831848e+02 5.37324829e+02
    2.15415955e+02 9.35905212e+02 4.38964783e+02 2.49646042e+02
    5.98619263e+02 9.09027222e+02 1.12355652e+02 9.44005127e+01
    7.26358887e+02 5.55747314e+02 7.83572998e+01 4.67180939e+02
    7.92542419e+02 9.49767700e+02 2.65370911e+02 2.08083191e+01
    6.79405151e+02 2.27626465e+02 6.30348999e+02 2.57385071e+02
    3.58104797e+02 1.52387390e+02 8.89744385e+02 1.00133118e+02
    4.12651794e+02 5.44851746e+02 2.68584717e+02 5.43152832e+02
    3.39698425e+02 2.78040344e+02 6.35635315e+02 4.53290436e+02
    2.38279694e+02 7.94800293e+02 3.37695129e+02 6.49125977e+01
    9.06425049e+02 9.03467651e+02 6.32326538e+02 1.03744720e+02
    2.86737122e+02 2.51718765e+02 3.05372681e+02 3.44837341e+02
    7.74545776e+02 8.09725220e+02 5.65208069e+02 2.27838470e+02
    6.11864807e+02 5.55686340e+02 9.72949219e+02 8.38351196e+02
    2.97093323e+02 9.25927856e+02 3.04538025e+02 3.30042969e+02
    2.43083496e+01 7.17398193e+02 2.73703735e+02 9.48812012e+02
    6.93163757e+02 1.21656189e+02 5.12027649e+02 9.75842163e+02
    4.83408478e+02 9.99642029e+01 6.39925354e+02 5.84141846e+02
    4.48676819e+02 2.42437378e+02 1.68574036e+02 2.37892670e+02
    9.07169800e+02 4.70634674e+02 9.09263977e+02 6.23247192e+02
    1.60741058e+02 8.17276306e+01 8.14096436e+02 4.04586365e+02
    2.97984863e+02 8.43932617e+02 5.84915527e+02 1.38347015e+02
    2.64259583e+02 3.30418701e+01 8.15185242e+02 9.62947754e+02</data></your_hist>
</opencv_storage>
