<?xml version="1.0"?>
<opencv_storage>
<L2_diff>9.8989382758736610e-01</L2_diff>
<test_hist type_id="opencv-matrix">
  <rows>256</rows>
  <cols>1</cols>
  <dt>f</dt>
  <data>
    6.89823486e+02 6.82617432e+02 4.80125153e+02 9.19349365e+02
    9.00623840e+02 1.34703857e+02 9.29328308e+01 2.67098145e+02
    3.18248657e+02 4.27199951e+02 3.46179230e+02 9.19791260e+02
    4.87677490e+02 8.26132690e+02 9.07085205e+02 8.33682068e+02
    2.14655762e+02 9.95668640e+02 9.02222046e+02 6.41024292e+02
    5.50389404e+02 2.38772522e+02 8.74171692e+02 6.38127808e+02
    1.24900177e+02 8.73081421e+02 3.39666199e+02 2.23738983e+02
    7.43677673e+01 5.61413086e+02 9.97756958e+02 6.28233276e+02
    4.42274017e+02 9.18447021e+02 1.34748627e+02 3.07815186e+02
    3.78404633e+02 8.36678894e+02 1.82157196e+02 6.48603149e+02
    4.97145355e+02 1.00794189e+02 6.42580627e+02 2.25425720e+02
    3.69325836e+02 9.16809082e+02 5.78714905e+02 2.91684875e+02
    8.21834595e+02 6.44362122e+02 1.92449188e+02 5.67038635e+02
    1.05262299e+02 9.49047363e+02 5.59422119e+02 1.28214661e+02
    6.74283203e+02 5.69126099e+02 7.31666870e+01 9.57765015e+02
    1.62070038e+02 6.96777954e+01 2.84896912e+02 8.78944702e+02
    6.63209717e+02 6.56442810e+02 1.59595886e+02 6.69059204e+02
    6.27026794e+02 7.47089783e+02 9.93071777e+02 5.47376709e+02
    2.07450928e+02 9.72538513e+02 7.11392822e+01 2.20789978e+02
    7.95191345e+02 7.96352417e+02 9.70645264e+02 4.54198608e+02
    4.70092407e+02 2.45888138e+02 1.63720703e+00 2.23863770e+02
    9.57493530e+02 3.49122864e+02 7.43065674e+02 4.35369751e+02
    8.00730469e+02 1.20979065e+02 6.71839478e+02 6.45379700e+02
    7.08016663e+01 6.80321838e+02 9.57296448e+02 6.60642700e+02
    1.61630371e+02 9.60794556e+02 5.72972717e+02 3.54460693e+02
    9.60702026e+02 4.77543640e+01 3.02619385e+02 8.65293945e+02
    3.36448181e+02 2.66994324e+02 1.08746613e+02 4.47354340e+02
    7.72023621e+01 7.32620605e+02 1.89590759e+02 5.67429199e+02
    8.67809814e+02 4.46424225e+02 8.17318604e+02 9.70059814e+01
    9.02622681e+02 8.59316406e+02 4.19605621e+02 1.19764923e+02
    3.44829620e+02 5.28380005e+02 2.66921326e+02 9.17549255e+02
    7.48681824e+02 4.36709900e+02 1.09653229e+02 6.54518677e+02
    2.60259521e+02 6.14892700e+02 2.80128906e+02 6.78350220e+02
    2.42600464e+02 1.11692657e+02 2.76882996e+02 3.62739197e+02
    3.75915253e+02 4.55880432e+02 8.01625854e+02 4.22411499e+02
    1.88066925e+02 2.71929932e+02 6.54490906e+02 5.50518738e+02
    9.51757812e+00 8.91328125e+02 7.39367188e+02 5.62204529e+02
    5.23055847e+02 8.35674988e+02 6.11158447e+02 1.14443939e+02
    3.43381470e+02 4.70699890e+02 3.03615082e+02 4.87444122e+02
    3.10083252e+02 1.88912170e+02 9.34888794e+02 8.24746704e+02
    2.00630493e+01 5.95307129e+02 7.17900391e+01 9.61736938e+02
    5.16715637e+02 3.24765442e+02 3.35569031e+02 8.83980713e+01
    5.21969543e+02 2.30618134e+02 5.96582092e+02 8.53697876e+02
    8.64030029e+02 8.93391357e+02 3.85627106e+02 7.43247192e+02
    5.85982727e+02 7.31834106e+01 7.01184937e+02 5.24494019e+02
    3.04201508e+02 3.89757080e+02 7.79235107e+02 9.23721313e+02
    1.38078674e+02 6.00699097e+02 5.13876892e+02 2.37714355e+02
    7.13456421e+02 9.63880249e+02 6.05833191e+02 9.21181030e+02
    1.06167664e+02 5.91594604e+02 2.55655991e+02 2.72844116e+02
    8.73209534e+01 6.58022034e+02 9.55958618e+02 7.46533691e+02
    6.81954956e+01 7.08848145e+02 6.80452637e+02 7.27797180e+02
    7.43040710e+02 8.76402710e+02 6.45226807e+02 1.28142120e+02
    9.37053101e+02 1.87685394e+02 1.56429779e+02 2.03110382e+02
    3.82785522e+02 4.53888580e+02 9.82803162e+02 2.83177490e+02
    8.60361084e+02 7.46581848e+02 7.06527100e+02 1.41328613e+02
    8.99448242e+02 2.57833282e+02 5.74778564e+02 2.41987000e+02
    7.48454956e+02 6.09751709e+02 6.41320496e+01 6.91027100e+02
    6.13478394e+02 4.67316772e+02 9.97520569e+02 5.06075653e+02
    3.75689697e+01 7.18109436e+02 9.87574646e+02 9.63562317e+02
    9.02021484e+01 3.62177002e+02 8.18468689e+02 4.00382538e+02
    3.68581604e+02 5.81040833e+02 9.84749084e+02 2.70429688e+01
    9.18360474e+02 3.60427216e+02 7.69005737e+01 1.74460541e+02
    2.16734619e+01 3.22413330e+01 9.39750488e+02 4.57432526e+02
    2.23300079e+02 6.43900146e+02 8.85531738e+02 3.95934570e+02</data></test_hist>
<s>2.</s>
<my_cl>1.0178337402343750e+03</my_cl>
<your_cl>1.0188286743164062e+03</your_cl>
</opencv_storage>
