<?xml version="1.0"?>
<opencv_storage>
<L2_diff>2.4343262593605314e+03</L2_diff>
<test_hist type_id="opencv-matrix">
  <rows>256</rows>
  <cols>1</cols>
  <dt>f</dt>
  <data>
    4.76531067e+01 2.48896271e+02 5.37058350e+02 1.75739655e+02
    3.43015381e+02 5.60076111e+02 4.13637756e+02 8.11651062e+02
    4.19195312e+02 4.69439758e+02 5.75507507e+02 1.97004913e+02
    4.75997070e+02 4.00404663e+02 3.82448090e+02 7.32902832e+01
    4.88465393e+02 3.98809601e+02 8.76649292e+02 8.31345215e+01
    1.27360321e+02 4.99079346e+02 8.43649231e+02 5.72391479e+02
    2.66793365e+02 4.45217438e+02 3.73768219e+02 6.77170349e+02
    1.77466980e+02 7.08038635e+01 6.89454834e+02 2.94815063e+02
    1.20005615e+02 5.68146729e+02 7.41459717e+02 1.51273346e+02
    2.19173309e+02 3.25663788e+02 7.02183228e+01 9.09737854e+02
    6.05024109e+01 8.05636963e+02 4.34843506e+02 7.29549194e+02
    7.25708130e+02 6.34269775e+02 8.60611328e+02 4.66781830e+02
    4.06557373e+02 1.55885315e+02 5.15709106e+02 2.98151337e+02
    7.55290894e+02 4.98049957e+02 1.02151306e+02 5.41293518e+02
    4.79838959e+02 3.32354797e+02 7.70903381e+02 2.64462158e+02
    6.48731079e+02 9.12942932e+02 5.04629547e+02 1.08953796e+02
    5.03401794e+02 1.02320923e+02 8.62148682e+02 3.65936371e+02
    2.31580139e+02 3.94415955e+02 6.48123779e+02 7.98284790e+02
    8.78874329e+02 2.57732361e+02 3.28001556e+02 2.11343719e+02
    1.42306854e+02 3.56898682e+02 3.87571075e+02 8.25350586e+02
    9.45616821e+02 7.21944824e+02 4.14701447e+02 1.19852570e+02
    9.60655518e+02 1.69562775e+02 5.67971802e+01 7.32501038e+02
    5.62418457e+02 7.77612671e+02 7.99450439e+02 5.55493896e+02
    2.45409988e+02 3.96762695e+01 4.48067810e+02 1.74779388e+02
    9.57812195e+01 1.24628204e+02 1.05078033e+02 2.00695435e+02
    1.85811737e+02 5.24682129e+02 3.07609650e+02 2.25250427e+02
    6.25645874e+02 1.34636322e+02 8.36949036e+02 2.43559326e+02
    4.84575867e+02 7.66741211e+02 7.05047913e+02 1.08841156e+02
    6.63799316e+02 1.60091156e+02 3.30020386e+02 7.70076294e+02
    1.60573730e+02 5.59028137e+02 4.23582397e+02 5.13766052e+02
    3.40363068e+02 8.38279297e+02 8.57423584e+02 6.56835449e+02
    1.44818604e+02 7.39707031e+02 4.32210022e+02 7.07116455e+02
    6.38906921e+02 6.25406555e+02 5.86195129e+02 5.07848663e+02
    1.68568237e+02 1.72085571e+02 2.60405609e+02 4.21185211e+02
    7.59367981e+01 1.60919098e+02 6.01934937e+02 1.66750214e+02
    3.35459198e+02 7.51297119e+02 9.18891174e+02 7.64311279e+02
    4.40517944e+02 5.95412354e+02 5.06952454e+02 4.31497498e+02
    8.82186523e+02 2.51937866e+00 3.33159058e+02 3.63645782e+02
    3.51944153e+02 2.67715515e+02 9.89110840e+02 2.31297241e+02
    4.99175720e+01 8.30823792e+02 8.87647827e+02 2.58682404e+02
    6.41468506e+01 3.34665131e+02 8.75409241e+02 5.99611511e+02
    4.24659485e+02 4.42416138e+02 8.59863403e+02 6.41125366e+02
    6.24358032e+02 4.24296265e+02 4.13674652e+02 2.50285019e+02
    7.49253967e+02 6.63568115e+00 4.74779419e+02 5.93789978e+02
    7.07389465e+02 4.00376251e+02 7.74480835e+02 4.60697357e+02
    5.02589996e+02 9.73592957e+02 5.57103821e+02 9.84824097e+02
    8.60282227e+02 5.74400940e+02 5.80506592e+02 2.64417419e+02
    3.66699127e+02 4.35066467e+02 7.41489075e+02 4.23914307e+02
    1.76127716e+02 1.74581543e+02 8.77776001e+02 2.52859390e+02
    8.00999146e+01 3.93182770e+02 4.97254456e+02 8.49733398e+02
    4.55870178e+02 9.15303650e+02 8.40103333e+02 6.50407227e+02
    2.74882385e+02 1.19973816e+02 3.01489929e+02 4.34887390e+02
    8.11702820e+02 7.56591858e+02 6.17053101e+02 3.60186096e+02
    5.25457397e+02 9.23084412e+02 5.90973511e+02 4.58996521e+02
    5.81148254e+02 3.49426849e+02 5.59124329e+02 1.79230682e+02
    1.02756714e+02 6.68574280e+02 9.71730591e+02 3.25834045e+02
    3.25834229e+02 5.94393921e+02 8.76519775e+02 4.05562195e+02
    4.78798920e+02 7.41011414e+02 8.88914124e+02 6.91177734e+02
    5.04041748e+02 7.73469116e+02 1.96381256e+02 5.22960938e+02
    3.23438721e+02 5.72911804e+02 8.99448975e+02 1.39477356e+02
    8.13396545e+02 4.43128937e+02 1.08402405e+01 9.30077759e+02
    7.89925110e+02 3.59396515e+02 6.99722534e+02 8.12859253e+02
    7.43468262e+02 6.71260254e+02 1.71364044e+02 1.85595703e+02
    6.88645630e+02 4.02295563e+02 6.09271484e+02 1.05682343e+02</data></test_hist>
<CL>478</CL>
<my_hist type_id="opencv-matrix">
  <rows>256</rows>
  <cols>1</cols>
  <dt>f</dt>
  <data>
    1.59014404e+02 3.60257568e+02 5.89361328e+02 2.87100952e+02
    4.54376678e+02 5.89361328e+02 5.24999084e+02 5.89361328e+02
    5.30556641e+02 5.80801086e+02 5.89361328e+02 3.08366211e+02
    5.87358398e+02 5.11765961e+02 4.93809387e+02 1.84651581e+02
    5.89361328e+02 5.10170898e+02 5.89361328e+02 1.94495819e+02
    2.38721619e+02 5.89361328e+02 5.89361328e+02 5.89361328e+02
    3.78154663e+02 5.56578735e+02 4.85129517e+02 5.89361328e+02
    2.88828278e+02 1.82165161e+02 5.89361328e+02 4.06176361e+02
    2.31366913e+02 5.89361328e+02 5.89361328e+02 2.62634644e+02
    3.30534607e+02 4.37025085e+02 1.81579620e+02 5.89361328e+02
    1.71863708e+02 5.89361328e+02 5.46204834e+02 5.89361328e+02
    5.89361328e+02 5.89361328e+02 5.89361328e+02 5.78143127e+02
    5.17918701e+02 2.67246613e+02 5.89361328e+02 4.09512634e+02
    5.89361328e+02 5.89361328e+02 2.13512604e+02 5.89361328e+02
    5.89361328e+02 4.43716095e+02 5.89361328e+02 3.75823456e+02
    5.89361328e+02 5.89361328e+02 5.89361328e+02 2.20315094e+02
    5.89361328e+02 2.13682220e+02 5.89361328e+02 4.77297668e+02
    3.42941437e+02 5.05777252e+02 5.89361328e+02 5.89361328e+02
    5.89361328e+02 3.69093658e+02 4.39362854e+02 3.22705017e+02
    2.53668152e+02 4.68259979e+02 4.98932373e+02 5.89361328e+02
    5.89361328e+02 5.89361328e+02 5.26062744e+02 2.31213867e+02
    5.89361328e+02 2.80924072e+02 1.68158478e+02 5.89361328e+02
    5.89361328e+02 5.89361328e+02 5.89361328e+02 5.89361328e+02
    3.56771301e+02 1.51037567e+02 5.59429138e+02 2.86140686e+02
    2.07142517e+02 2.35989502e+02 2.16439331e+02 3.12056732e+02
    2.97173035e+02 5.89361328e+02 4.18970947e+02 3.36611725e+02
    5.89361328e+02 2.45997620e+02 5.89361328e+02 3.54920624e+02
    5.89361328e+02 5.89361328e+02 5.89361328e+02 2.20202454e+02
    5.89361328e+02 2.71452454e+02 4.41381683e+02 5.89361328e+02
    2.71935028e+02 5.89361328e+02 5.34943726e+02 5.89361328e+02
    4.51724365e+02 5.89361328e+02 5.89361328e+02 5.89361328e+02
    2.56179901e+02 5.89361328e+02 5.43571350e+02 5.89361328e+02
    5.89361328e+02 5.89361328e+02 5.89361328e+02 5.89361328e+02
    2.79929535e+02 2.83446869e+02 3.71766907e+02 5.32546509e+02
    1.87298096e+02 2.72280396e+02 5.89361328e+02 2.78111511e+02
    4.46820496e+02 5.89361328e+02 5.89361328e+02 5.89361328e+02
    5.51879272e+02 5.89361328e+02 5.89361328e+02 5.42858826e+02
    5.89361328e+02 1.13880684e+02 4.44520355e+02 4.75007080e+02
    4.63305450e+02 3.79076813e+02 5.89361328e+02 3.42658539e+02
    1.61278870e+02 5.89361328e+02 5.89361328e+02 3.70043701e+02
    1.75508148e+02 4.46026428e+02 5.89361328e+02 5.89361328e+02
    5.36020813e+02 5.53777466e+02 5.89361328e+02 5.89361328e+02
    5.89361328e+02 5.35657593e+02 5.25035950e+02 3.61646332e+02
    5.89361328e+02 1.17996986e+02 5.86140747e+02 5.89361328e+02
    5.89361328e+02 5.11737549e+02 5.89361328e+02 5.72058655e+02
    5.89361328e+02 5.89361328e+02 5.89361328e+02 5.89361328e+02
    5.89361328e+02 5.89361328e+02 5.89361328e+02 3.75778717e+02
    4.78060425e+02 5.46427795e+02 5.89361328e+02 5.35275635e+02
    2.87489014e+02 2.85942841e+02 5.89361328e+02 3.64220703e+02
    1.91461212e+02 5.04544067e+02 5.89361328e+02 5.89361328e+02
    5.67231506e+02 5.89361328e+02 5.89361328e+02 5.89361328e+02
    3.86243683e+02 2.31335114e+02 4.12851227e+02 5.46248718e+02
    5.89361328e+02 5.89361328e+02 5.89361328e+02 4.71547394e+02
    5.89361328e+02 5.89361328e+02 5.89361328e+02 5.70357849e+02
    5.89361328e+02 4.60788147e+02 5.89361328e+02 2.90591980e+02
    2.14118011e+02 5.89361328e+02 5.89361328e+02 4.37195343e+02
    4.37195526e+02 5.89361328e+02 5.89361328e+02 5.16923523e+02
    5.89361328e+02 5.89361328e+02 5.89361328e+02 5.89361328e+02
    5.89361328e+02 5.89361328e+02 3.07742554e+02 5.89361328e+02
    4.34800018e+02 5.89361328e+02 5.89361328e+02 2.50838654e+02
    5.89361328e+02 5.54490234e+02 1.22201546e+02 5.89361328e+02
    5.89361328e+02 4.70757812e+02 5.89361328e+02 5.89361328e+02
    5.89361328e+02 5.89361328e+02 2.82725342e+02 2.96957001e+02
    5.89361328e+02 5.13656860e+02 5.89361328e+02 2.17043640e+02</data></my_hist>
<your_hist type_id="opencv-matrix">
  <rows>256</rows>
  <cols>1</cols>
  <dt>f</dt>
  <data>
    4.76531067e+01 2.48896271e+02 5.37058350e+02 1.75739655e+02
    3.43015381e+02 5.60076111e+02 4.13637756e+02 8.11651062e+02
    4.19195312e+02 4.69439758e+02 5.75507507e+02 1.97004913e+02
    4.75997070e+02 4.00404663e+02 3.82448090e+02 7.32902832e+01
    4.88465393e+02 3.98809601e+02 8.76649292e+02 8.31345215e+01
    1.27360321e+02 4.99079346e+02 8.43649231e+02 5.72391479e+02
    2.66793365e+02 4.45217438e+02 3.73768219e+02 6.77170349e+02
    1.77466980e+02 7.08038635e+01 6.89454834e+02 2.94815063e+02
    1.20005615e+02 5.68146729e+02 7.41459717e+02 1.51273346e+02
    2.19173309e+02 3.25663788e+02 7.02183228e+01 9.09737854e+02
    6.05024109e+01 8.05636963e+02 4.34843506e+02 7.29549194e+02
    7.25708130e+02 6.34269775e+02 8.60611328e+02 4.66781830e+02
    4.06557373e+02 1.55885315e+02 5.15709106e+02 2.98151337e+02
    7.55290894e+02 4.98049957e+02 1.02151306e+02 5.41293518e+02
    4.79838959e+02 3.32354797e+02 7.70903381e+02 2.64462158e+02
    6.48731079e+02 9.12942932e+02 5.04629547e+02 1.08953796e+02
    5.03401794e+02 1.02320923e+02 8.62148682e+02 3.65936371e+02
    2.31580139e+02 3.94415955e+02 6.48123779e+02 7.98284790e+02
    8.78874329e+02 2.57732361e+02 3.28001556e+02 2.11343719e+02
    1.42306854e+02 3.56898682e+02 3.87571075e+02 8.25350586e+02
    9.45616821e+02 7.21944824e+02 4.14701447e+02 1.19852570e+02
    9.60655518e+02 1.69562775e+02 5.67971802e+01 7.32501038e+02
    5.62418457e+02 7.77612671e+02 7.99450439e+02 5.55493896e+02
    2.45409988e+02 3.96762695e+01 4.48067810e+02 1.74779388e+02
    9.57812195e+01 1.24628204e+02 1.05078033e+02 2.00695435e+02
    1.85811737e+02 5.24682129e+02 3.07609650e+02 2.25250427e+02
    6.25645874e+02 1.34636322e+02 8.36949036e+02 2.43559326e+02
    4.84575867e+02 7.66741211e+02 7.05047913e+02 1.08841156e+02
    6.63799316e+02 1.60091156e+02 3.30020386e+02 7.70076294e+02
    1.60573730e+02 5.59028137e+02 4.23582397e+02 5.13766052e+02
    3.40363068e+02 8.38279297e+02 8.57423584e+02 6.56835449e+02
    1.44818604e+02 7.39707031e+02 4.32210022e+02 7.07116455e+02
    6.38906921e+02 6.25406555e+02 5.86195129e+02 5.07848663e+02
    1.68568237e+02 1.72085571e+02 2.60405609e+02 4.21185211e+02
    7.59367981e+01 1.60919098e+02 6.01934937e+02 1.66750214e+02
    3.35459198e+02 7.51297119e+02 9.18891174e+02 7.64311279e+02
    4.40517944e+02 5.95412354e+02 5.06952454e+02 4.31497498e+02
    8.82186523e+02 2.51937866e+00 3.33159058e+02 3.63645782e+02
    3.51944153e+02 2.67715515e+02 9.89110840e+02 2.31297241e+02
    4.99175720e+01 8.30823792e+02 8.87647827e+02 2.58682404e+02
    6.41468506e+01 3.34665131e+02 8.75409241e+02 5.99611511e+02
    4.24659485e+02 4.42416138e+02 8.59863403e+02 6.41125366e+02
    6.24358032e+02 4.24296265e+02 4.13674652e+02 2.50285019e+02
    7.49253967e+02 6.63568115e+00 4.74779419e+02 5.93789978e+02
    7.07389465e+02 4.00376251e+02 7.74480835e+02 4.60697357e+02
    5.02589996e+02 9.73592957e+02 5.57103821e+02 9.84824097e+02
    8.60282227e+02 5.74400940e+02 5.80506592e+02 2.64417419e+02
    3.66699127e+02 4.35066467e+02 7.41489075e+02 4.23914307e+02
    1.76127716e+02 1.74581543e+02 8.77776001e+02 2.52859390e+02
    8.00999146e+01 3.93182770e+02 4.97254456e+02 8.49733398e+02
    4.55870178e+02 9.15303650e+02 8.40103333e+02 6.50407227e+02
    2.74882385e+02 1.19973816e+02 3.01489929e+02 4.34887390e+02
    8.11702820e+02 7.56591858e+02 6.17053101e+02 3.60186096e+02
    5.25457397e+02 9.23084412e+02 5.90973511e+02 4.58996521e+02
    5.81148254e+02 3.49426849e+02 5.59124329e+02 1.79230682e+02
    1.02756714e+02 6.68574280e+02 9.71730591e+02 3.25834045e+02
    3.25834229e+02 5.94393921e+02 8.76519775e+02 4.05562195e+02
    4.78798920e+02 7.41011414e+02 8.88914124e+02 6.91177734e+02
    5.04041748e+02 7.73469116e+02 1.96381256e+02 5.22960938e+02
    3.23438721e+02 5.72911804e+02 8.99448975e+02 1.39477356e+02
    8.13396545e+02 4.43128937e+02 1.08402405e+01 9.30077759e+02
    7.89925110e+02 3.59396515e+02 6.99722534e+02 8.12859253e+02
    7.43468262e+02 6.71260254e+02 1.71364044e+02 1.85595703e+02
    6.88645630e+02 4.02295563e+02 6.09271484e+02 1.05682343e+02</data></your_hist>
</opencv_storage>
