<?xml version="1.0"?>
<opencv_storage>
<L2_diff>4.8261107504367828e-01</L2_diff>
<test_hist type_id="opencv-matrix">
  <rows>256</rows>
  <cols>1</cols>
  <dt>f</dt>
  <data>
    9.12671021e+02 8.48490356e+02 2.41505463e+02 1.61785767e+02
    7.30057373e+02 5.09242371e+02 8.71965332e+02 8.26189026e+02
    3.86892090e+02 9.63006042e+02 3.70301880e+02 1.36430725e+02
    4.66302307e+02 6.31505859e+02 4.69607941e+02 2.79673065e+02
    7.64503296e+02 7.22317993e+02 6.64674683e+01 3.98071014e+02
    4.82472015e+02 4.76628326e+02 3.93198730e+02 6.32246460e+02
    4.11688538e+01 1.90663696e+02 3.32445984e+01 4.56635162e+02
    9.78528015e+02 3.36453796e+02 6.22719055e+02 2.14278503e+02
    2.71965118e+02 3.73830261e+02 9.94724915e+02 3.90029388e+02
    2.07508514e+02 3.39464111e+02 1.11146240e+01 7.39579529e+02
    1.06465454e+01 9.30044922e+02 2.22832642e+01 9.78399292e+02
    9.33107422e+02 8.78283203e+02 4.00155396e+02 4.70947937e+02
    4.34961365e+02 2.53792145e+02 3.01682678e+02 2.57212646e+02
    4.77297668e+02 4.13133881e+02 9.96474243e+02 2.94110687e+02
    7.41719727e+02 1.53716949e+02 1.30144989e+02 5.15454712e+02
    3.76735077e+02 7.38310547e+01 7.88132507e+02 2.05401733e+02
    5.20323181e+02 4.83560120e+02 7.76585266e+02 9.67490051e+02
    9.43324707e+02 7.26281433e+02 2.82531616e+02 1.71185791e+02
    5.86914246e+02 5.44434387e+02 9.99376221e+01 6.29346130e+02
    9.11624146e+01 5.93364563e+02 1.13505524e+02 3.37702728e+02
    4.59742859e+02 5.10487122e+02 2.25217438e+02 1.06141602e+02
    7.69895142e+02 2.88950012e+02 2.70361816e+02 6.16936035e+01
    3.88507233e+02 8.78929077e+02 8.00332886e+02 1.46445221e+02
    9.28872803e+02 3.69710449e+02 4.21412018e+02 5.92708618e+02
    2.68556458e+02 6.81051819e+02 8.70579102e+02 2.57058167e+02
    4.18590698e+02 4.43519073e+02 2.28005066e+01 5.54946045e+02
    4.50203827e+02 1.50844147e+02 9.07100342e+02 4.06286560e+02
    4.68574799e+02 6.56838379e+02 2.34834961e+02 1.57039062e+02
    4.82114929e+02 2.59113159e+01 6.72778931e+01 9.81515808e+02
    7.43140259e+01 4.75377258e+02 6.23089783e+02 4.82167297e+02
    2.90942383e+01 3.90511810e+02 3.23814728e+02 1.56239075e+02
    6.17947083e+01 9.33962097e+01 3.22337463e+02 4.98516846e+02
    6.27586426e+02 9.21447998e+02 8.82035278e+02 3.39598389e+01
    3.53042175e+02 7.48655640e+02 1.10242615e+01 5.84886353e+02
    3.08391602e+02 4.32153625e+02 5.08806427e+02 3.86377411e+02
    2.82856079e+02 4.05995331e+02 9.49847107e+01 8.76224609e+02
    2.68012177e+02 1.01311981e+02 5.47091858e+02 8.56866089e+02
    7.37864868e+02 5.50090820e+02 3.78225891e+02 9.58566101e+02
    4.20050385e+02 6.91516968e+02 5.66254395e+02 2.40346466e+02
    5.72923157e+02 4.70140259e+02 6.66740417e+01 4.11572601e+02
    8.93031677e+02 3.83030182e+02 2.95701721e+02 7.40762939e+02
    4.75872650e+02 5.09242493e+02 3.00381256e+02 6.89768860e+02
    4.77110657e+02 3.68357361e+02 7.09317261e+02 8.15251160e+01
    8.33639160e+02 1.37184692e+02 8.99772522e+02 7.16033691e+02
    3.15167969e+02 8.81717773e+02 8.43130798e+01 7.21107605e+02
    4.75191986e+02 2.67431396e+02 9.89067871e+02 8.32311462e+02
    3.46749390e+02 6.87758179e+02 8.49100159e+02 7.22718689e+02
    5.84710449e+02 5.89491760e+02 9.86398315e+00 8.84046143e+02
    8.63923584e+02 5.48269165e+02 9.24946167e+02 7.98478394e+02
    5.18989990e+02 7.57267395e+02 8.07018677e+02 2.61849091e+02
    7.77158813e+01 4.90491058e+02 1.96642853e+02 5.89733337e+02
    3.55501465e+02 6.19248840e+02 4.57636230e+02 8.60881409e+02
    1.68658752e+02 5.96088318e+02 3.27240234e+02 7.00191528e+02
    9.69169006e+02 6.19246582e+02 5.81162476e+02 3.76243927e+02
    1.15557953e+02 4.29107147e+02 3.74723877e+02 4.83691132e+02
    7.50647400e+02 8.61668152e+02 1.66118195e+02 1.85554504e+01
    8.62258972e+02 8.40211792e+01 6.31621582e+02 2.74180084e+02
    4.51309570e+02 8.06635010e+02 9.29359375e+02 2.41532959e+02
    5.66456360e+02 6.02105347e+02 3.46388550e+01 9.50113403e+02
    1.19740204e+02 3.80431091e+02 2.15802826e+02 8.63795532e+02
    7.40631287e+02 1.60912445e+02 4.85797272e+02 2.73785156e+02
    1.97542084e+02 2.37308960e+02 1.39159180e+02 2.44686813e+02
    2.63198120e+02 2.39166260e-01 6.95115356e+02 9.82786499e+02
    3.39122681e+02 7.22595520e+02 4.42125397e+02 6.37251404e+02</data></test_hist>
<s>3.</s>
<my_cl>1.4219006347656250e+03</my_cl>
<your_cl>1.4225953369140625e+03</your_cl>
</opencv_storage>
