<?xml version="1.0"?>
<opencv_storage>
<L2_diff>5.3251510858535767e-01</L2_diff>
<test_hist type_id="opencv-matrix">
  <rows>256</rows>
  <cols>1</cols>
  <dt>f</dt>
  <data>
    2.53874252e+02 1.19613617e+02 1.55053619e+02 6.14002319e+02
    3.35996704e+02 6.29676880e+02 3.06973846e+02 4.88952881e+02
    2.73615112e+01 3.48651733e+01 5.48830933e+02 7.68185120e+02
    4.81519348e+02 2.45564606e+02 3.15121887e+02 7.54311768e+02
    8.93076538e+02 1.11836243e+01 3.12571716e+01 5.99511719e+02
    6.88059082e+02 1.27879822e+02 9.98590576e+02 7.29031982e+02
    1.93093475e+02 3.47005737e+02 3.21020569e+02 6.43513000e+02
    7.22800903e+02 1.03139038e+02 9.42931641e+02 9.30682251e+02
    8.99350037e+02 7.33379089e+02 5.79674866e+02 8.22740356e+02
    4.35042725e+01 7.27005981e+02 9.01584717e+02 5.60901062e+02
    5.07867157e+02 3.58492859e+02 7.32915588e+02 1.31217865e+02
    3.00950928e+02 5.96344299e+02 6.13356689e+02 1.59836609e+02
    5.20035889e+02 9.26211426e+02 6.23154785e+02 5.67835388e+02
    8.95114136e+02 7.49877197e+02 9.21906738e+02 6.56619446e+02
    2.78624451e+02 7.40833496e+02 4.43899170e+02 4.04338135e+02
    6.95264771e+02 6.64720825e+02 3.65751068e+02 1.46778381e+02
    7.98905518e+02 7.02555908e+02 2.06619263e+01 2.89049805e+02
    7.29699463e+02 7.94445679e+02 5.34401794e+02 5.02527039e+02
    2.38439178e+02 2.47063751e+02 1.39000580e+02 6.22264893e+02
    5.81133118e+02 7.09993591e+01 1.64620270e+02 5.38676086e+02
    6.46569458e+02 4.42962524e+02 7.47979126e+02 2.06482544e+02
    6.63627258e+02 5.69984497e+02 1.88015961e+02 4.42246307e+02
    4.46099884e+02 3.95997589e+02 6.31968872e+02 3.98458313e+02
    5.11005341e+02 9.95446289e+02 1.69499512e+02 4.45476685e+01
    3.30302795e+02 5.37816284e+02 2.57679504e+02 6.47551025e+02
    8.80472046e+02 8.61856750e+02 8.21926575e+01 6.69984314e+02
    9.92040894e+02 3.60035065e+02 5.79236450e+02 1.74762085e+02
    1.42988892e+02 1.75853149e+02 1.61811829e+02 2.05095520e+01
    5.20322632e+02 7.13096558e+02 4.72357605e+02 2.92379791e+02
    3.33686829e+02 3.67064941e+02 3.56075623e+02 9.76306641e+02
    4.63438538e+02 2.90956665e+02 2.65267761e+02 5.08545441e+02
    2.99516174e+02 3.14007568e+02 6.15800537e+02 1.82201141e+02
    8.91662170e+02 1.86898682e+02 1.26546814e+02 4.35865662e+02
    5.20465820e+02 6.22076538e+02 9.53943176e+01 9.62203979e+02
    1.01891571e+02 7.78870850e+02 9.49909302e+02 5.87120850e+02
    4.68181152e+01 6.53726807e+02 4.95474426e+02 9.61456543e+02
    3.06926086e+02 2.66460052e+02 7.30898621e+02 7.60813293e+02
    7.02175537e+02 6.85994751e+02 2.55748840e+02 9.49890503e+02
    9.89420837e+02 1.10870026e+02 4.36881165e+02 8.31944641e+02
    7.75774048e+02 6.44665222e+02 2.19704285e+02 3.17071167e+02
    1.55778656e+02 5.21542603e+02 5.16549683e+02 3.53028198e+02
    7.89205444e+02 6.73818359e+01 7.85015137e+02 5.75873840e+02
    8.92140869e+02 5.97604980e+02 2.77947357e+02 2.56587524e+02
    2.09334625e+02 9.93231079e+02 8.59603577e+01 2.49751724e+02
    6.84536804e+02 9.68915894e+02 2.84458618e+01 5.07882416e+02
    9.54484619e+02 5.19838196e+02 1.19245239e+02 8.18592712e+02
    4.91307587e+02 3.11760742e+02 2.39064789e+02 7.42102478e+02
    7.94135925e+02 6.29635010e+02 5.09261841e+02 6.78171082e+02
    1.70276794e+02 6.59724487e+02 8.57568542e+02 3.25854736e+02
    1.63667603e+02 9.79189697e+02 8.33547363e+02 9.68562683e+02
    4.11672577e+02 1.25607178e+02 5.29609497e+02 9.53075317e+02
    7.41789185e+02 1.02495422e+01 9.04177246e+01 6.28548218e+02
    2.11216339e+02 8.79316040e+02 1.66142883e+01 8.89767456e+02
    2.82796509e+02 6.24289368e+02 2.28906067e+02 5.85610657e+02
    5.97588745e+02 7.25000854e+02 9.10969482e+02 9.58207764e+02
    4.87686218e+02 2.29697449e+02 2.35387207e+02 7.13331909e+02
    6.83230774e+02 8.42548218e+02 6.59588440e+02 4.12379883e+02
    9.99369873e+02 6.97773743e+01 5.67519531e+02 7.21734436e+02
    2.15838623e+02 4.25967896e+02 2.50216339e+02 3.07606567e+02
    1.13920746e+02 3.04090820e+02 8.85699219e+02 9.56166016e+02
    8.75082092e+01 1.11086639e+02 3.30448700e+02 4.37137360e+02
    1.30555084e+02 5.87676025e+02 2.31615875e+02 1.40801971e+02
    7.54187256e+02 8.08368408e+02 5.51876587e+02 2.44914246e+01
    8.74458862e+02 9.07873657e+02 7.17851624e+02 7.25394531e+02</data></test_hist>
<s>3.</s>
<my_cl>1.4939135742187500e+03</my_cl>
<your_cl>1.4946433105468750e+03</your_cl>
</opencv_storage>
