<?xml version="1.0"?>
<opencv_storage>
<L2_diff>1.2866339279663058e+06</L2_diff>
<test_hist type_id="opencv-matrix">
  <rows>256</rows>
  <cols>1</cols>
  <dt>f</dt>
  <data>
    4.94592712e+02 1.06541687e+02 9.28034424e+02 6.68971680e+02
    7.99927429e+02 9.75460632e+02 7.23405945e+02 7.74868774e+02
    8.27678040e+02 6.54501343e+02 6.35625061e+02 8.33281494e+02
    8.05116882e+02 7.98604675e+02 2.54734726e+02 7.62437805e+02
    5.59698730e+02 3.85399902e+02 8.23409546e+02 3.27733948e+02
    8.00945190e+02 7.20554810e+01 4.77523865e+02 9.87282227e+02
    2.25899841e+02 7.61816956e+02 4.78409515e+02 3.30484192e+02
    8.78032654e+02 1.64394775e+02 6.60630310e+02 6.78259644e+02
    1.04361572e+01 8.24383545e+02 8.62226379e+02 9.10836182e+01
    4.26197266e+02 8.85537598e+02 9.34635681e+02 7.12008972e+02
    8.67108154e+00 9.85489746e+02 3.09546204e+01 5.80373657e+02
    4.29610992e+02 1.26072693e+01 3.82845459e+02 9.02169312e+02
    1.89577057e+02 1.46094788e+02 4.24753937e+02 2.43857178e+02
    1.85182373e+02 5.30326050e+02 7.12406982e+02 8.80306763e+02
    1.02194519e+02 5.75653259e+02 2.63827515e+01 7.73163696e+02
    5.85388367e+02 9.86139282e+02 9.82450317e+02 3.84760132e+01
    5.64208252e+02 2.78044861e+02 2.43357758e+02 7.56584351e+02
    9.28258972e+02 5.17104126e+02 8.74635742e+02 7.31350098e+02
    7.14592468e+02 2.75743591e+02 3.50119019e+01 7.84123047e+02
    2.14993042e+02 4.13319916e+02 6.69294067e+02 3.51796143e+02
    2.13215393e+02 6.96119385e+02 5.79492859e+02 4.54303070e+02
    4.42447449e+02 8.83220032e+02 8.75591675e+02 3.79459808e+02
    1.05226440e+01 8.13154297e+01 9.61271606e+02 4.08741364e+02
    3.73231567e+02 5.13518433e+02 2.23696594e+02 9.82509094e+02
    3.19159058e+02 7.02749573e+02 8.16673889e+02 5.14786316e+02
    7.92723999e+02 5.67391052e+02 3.19278687e+02 3.37557129e+02
    3.05442596e+02 7.18623291e+02 8.17463318e+02 9.66439941e+02
    5.86487000e+02 5.43106323e+02 4.53531067e+02 9.12833496e+02
    3.51232788e+02 9.08214111e+02 6.82118774e+02 4.99964905e+02
    9.29462646e+02 6.80162476e+02 2.99263306e+02 9.59799927e+02
    1.02060638e+02 4.11521851e+02 6.38143921e+02 1.99829926e+02
    6.87934448e+02 6.30916809e+02 6.94160522e+02 8.48354614e+02
    7.10282776e+02 9.88111572e+01 9.26049500e+01 1.27758545e+02
    4.55549591e+02 1.69721588e+02 6.71809692e+02 1.60036926e+02
    2.58863464e+02 9.74130066e+02 6.99752014e+02 2.72256195e+02
    8.72040588e+02 5.01144989e+02 6.83949219e+02 8.12139343e+02
    5.75343445e+02 5.14803833e+02 8.71372803e+02 9.35035889e+02
    1.20687256e+02 8.31659241e+02 2.69020264e+02 3.76261963e+02
    8.04886719e+02 5.35015137e+02 8.83896973e+02 5.90329956e+02
    8.17528687e+02 7.06941895e+02 5.36016663e+02 4.75525665e+02
    7.57254883e+02 5.84795227e+02 5.16903381e+01 7.73631226e+02
    2.92532654e+01 4.95846466e+02 6.01928955e+02 6.08099976e+01
    8.78901001e+02 7.98718933e+02 1.72908325e+01 4.03193542e+02
    9.48704834e+02 1.53402405e+01 2.81107758e+02 8.12134155e+02
    9.80186768e+02 4.61487427e+02 3.43835205e+02 6.27645569e+01
    8.77358215e+02 6.17983826e+02 5.84576172e+02 6.04324829e+02
    4.20495117e+02 7.29991333e+02 9.55565857e+02 7.13934204e+02
    4.85006470e+02 7.70401245e+02 9.90566711e+01 1.86504608e+02
    3.46656921e+02 7.82607666e+02 5.31007629e+02 3.55039856e+02
    5.94636108e+02 9.80377075e+02 9.45416748e+02 4.22146484e+02
    1.41377502e+02 8.12501343e+02 2.08403717e+02 8.31625000e+02
    9.20659302e+02 4.64147797e+02 4.89822510e+02 3.83922424e+01
    9.25636902e+02 4.89824280e+02 8.52821716e+02 6.66678101e+02
    1.88718872e+02 4.20246521e+02 1.45369415e+02 2.05151489e+02
    8.43049622e+02 7.74413452e+02 7.00005920e+02 4.81399292e+02
    9.86237244e+02 4.62989136e+02 4.49322235e+02 1.63247864e+02
    9.49939087e+02 2.71138031e+02 1.07387268e+02 7.23260376e+02
    1.56617645e+02 2.93115479e+02 3.97302460e+02 5.07781891e+02
    3.02436707e+02 8.57746826e+02 9.89799561e+02 1.50054291e+02
    1.98958923e+02 6.92045471e+02 9.84888672e+02 3.61966736e+02
    2.24585907e+02 4.37423950e+02 9.99103638e+02 8.60314575e+02
    7.91475342e+02 6.11368774e+02 7.77992126e+02 4.35247162e+02
    7.56785400e+02 9.20491333e+02 4.87362457e+02 3.55028687e+02
    7.64323547e+02 1.10329895e+02 6.03392639e+01 4.55440460e+02</data></test_hist>
<my_hist type_id="opencv-matrix">
  <rows>256</rows>
  <cols>1</cols>
  <dt>f</dt>
  <data>
    4.94592712e+02 6.01134399e+02 1.52916882e+03 2.19814062e+03
    2.99806812e+03 3.97352881e+03 4.69693457e+03 5.47180322e+03
    6.29948145e+03 6.95398291e+03 7.58960791e+03 8.42288965e+03
    9.22800684e+03 1.00266113e+04 1.02813457e+04 1.10437832e+04
    1.16034824e+04 1.19888828e+04 1.28122920e+04 1.31400264e+04
    1.39409717e+04 1.40130273e+04 1.44905508e+04 1.54778330e+04
    1.57037324e+04 1.64655488e+04 1.69439590e+04 1.72744434e+04
    1.81524766e+04 1.83168711e+04 1.89775020e+04 1.96557617e+04
    1.96661973e+04 2.04905801e+04 2.13528066e+04 2.14438906e+04
    2.18700879e+04 2.27556250e+04 2.36902598e+04 2.44022695e+04
    2.44109414e+04 2.53964316e+04 2.54273867e+04 2.60077598e+04
    2.64373711e+04 2.64499785e+04 2.68328242e+04 2.77349941e+04
    2.79245703e+04 2.80706660e+04 2.84954199e+04 2.87392773e+04
    2.89244590e+04 2.94547852e+04 3.01671914e+04 3.10474980e+04
    3.11496934e+04 3.17253457e+04 3.17517285e+04 3.25248926e+04
    3.31102812e+04 3.40964219e+04 3.50788711e+04 3.51173477e+04
    3.56815547e+04 3.59595977e+04 3.62029570e+04 3.69595430e+04
    3.78878008e+04 3.84049062e+04 3.92795430e+04 4.00108945e+04
    4.07254883e+04 4.10012305e+04 4.10362422e+04 4.18203672e+04
    4.20353594e+04 4.24486797e+04 4.31179727e+04 4.34697695e+04
    4.36829844e+04 4.43791055e+04 4.49585977e+04 4.54129023e+04
    4.58553516e+04 4.67385703e+04 4.76141602e+04 4.79936211e+04
    4.80041445e+04 4.80854609e+04 4.90467344e+04 4.94554766e+04
    4.98287070e+04 5.03422266e+04 5.05659219e+04 5.15484297e+04
    5.18675898e+04 5.25703398e+04 5.33870156e+04 5.39018008e+04
    5.46945234e+04 5.52619141e+04 5.55811914e+04 5.59187500e+04
    5.62241914e+04 5.69428164e+04 5.77602812e+04 5.87267227e+04
    5.93132109e+04 5.98563164e+04 6.03098477e+04 6.12226797e+04
    6.15739141e+04 6.24821289e+04 6.31642461e+04 6.36642109e+04
    6.45936719e+04 6.52738359e+04 6.55731016e+04 6.65328984e+04
    6.66349609e+04 6.70464844e+04 6.76846250e+04 6.78844531e+04
    6.85723906e+04 6.92033047e+04 6.98974688e+04 7.07458203e+04
    7.14561016e+04 7.15549141e+04 7.16475156e+04 7.17752734e+04
    7.22308203e+04 7.24005391e+04 7.30723516e+04 7.32323906e+04
    7.34912578e+04 7.44653906e+04 7.51651406e+04 7.54373984e+04
    7.63094375e+04 7.68105859e+04 7.74945312e+04 7.83066719e+04
    7.88820156e+04 7.93968203e+04 8.02681953e+04 8.12032344e+04
    8.13239219e+04 8.21555781e+04 8.24246016e+04 8.28008672e+04
    8.36057500e+04 8.41407656e+04 8.50246641e+04 8.56149922e+04
    8.64325234e+04 8.71394688e+04 8.76754844e+04 8.81510078e+04
    8.89082656e+04 8.94930625e+04 8.95447500e+04 9.03183828e+04
    9.03476328e+04 9.08434766e+04 9.14454062e+04 9.15062188e+04
    9.23851172e+04 9.31838359e+04 9.32011250e+04 9.36043203e+04
    9.45530234e+04 9.45683672e+04 9.48494766e+04 9.56616094e+04
    9.66417969e+04 9.71032812e+04 9.74471172e+04 9.75098828e+04
    9.83872422e+04 9.90052266e+04 9.95898047e+04 1.00194133e+05
    1.00614625e+05 1.01344617e+05 1.02300180e+05 1.03014117e+05
    1.03499125e+05 1.04269523e+05 1.04368578e+05 1.04555086e+05
    1.04901742e+05 1.05684352e+05 1.06215359e+05 1.06570398e+05
    1.07165031e+05 1.08145406e+05 1.09090820e+05 1.09512969e+05
    1.09654344e+05 1.10466844e+05 1.10675250e+05 1.11506875e+05
    1.12427531e+05 1.12891680e+05 1.13381500e+05 1.13419891e+05
    1.14345531e+05 1.14835359e+05 1.15688180e+05 1.16354859e+05
    1.16543578e+05 1.16963828e+05 1.17109195e+05 1.17314344e+05
    1.18157391e+05 1.18931805e+05 1.19631812e+05 1.20113211e+05
    1.21099445e+05 1.21562438e+05 1.22011758e+05 1.22175008e+05
    1.23124945e+05 1.23396086e+05 1.23503477e+05 1.24226734e+05
    1.24383352e+05 1.24676469e+05 1.25073773e+05 1.25581555e+05
    1.25883992e+05 1.26741742e+05 1.27731539e+05 1.27881594e+05
    1.28080555e+05 1.28772602e+05 1.29757492e+05 1.30119461e+05
    1.30344047e+05 1.30781469e+05 1.31780578e+05 1.32640891e+05
    1.33432359e+05 1.34043734e+05 1.34821719e+05 1.35256969e+05
    1.36013750e+05 1.36934234e+05 1.37421594e+05 1.37776625e+05
    1.38540953e+05 1.38651281e+05 1.38711625e+05 1.39167062e+05</data></my_hist>
<your_hist type_id="opencv-matrix">
  <rows>256</rows>
  <cols>1</cols>
  <dt>f</dt>
  <data>
    4.94592712e+02 1.06541687e+02 9.28034424e+02 6.68971680e+02
    7.99927429e+02 9.75460632e+02 7.23405945e+02 7.74868774e+02
    8.27678040e+02 6.54501343e+02 6.35625061e+02 8.33281494e+02
    8.05116882e+02 7.98604675e+02 2.54734726e+02 7.62437805e+02
    5.59698730e+02 3.85399902e+02 8.23409546e+02 3.27733948e+02
    8.00945190e+02 7.20554810e+01 4.77523865e+02 9.87282227e+02
    2.25899841e+02 7.61816956e+02 4.78409515e+02 3.30484192e+02
    8.78032654e+02 1.64394775e+02 6.60630310e+02 6.78259644e+02
    1.04361572e+01 8.24383545e+02 8.62226379e+02 9.10836182e+01
    4.26197266e+02 8.85537598e+02 9.34635681e+02 7.12008972e+02
    8.67108154e+00 9.85489746e+02 3.09546204e+01 5.80373657e+02
    4.29610992e+02 1.26072693e+01 3.82845459e+02 9.02169312e+02
    1.89577057e+02 1.46094788e+02 4.24753937e+02 2.43857178e+02
    1.85182373e+02 5.30326050e+02 7.12406982e+02 8.80306763e+02
    1.02194519e+02 5.75653259e+02 2.63827515e+01 7.73163696e+02
    5.85388367e+02 9.86139282e+02 9.82450317e+02 3.84760132e+01
    5.64208252e+02 2.78044861e+02 2.43357758e+02 7.56584351e+02
    9.28258972e+02 5.17104126e+02 8.74635742e+02 7.31350098e+02
    7.14592468e+02 2.75743591e+02 3.50119019e+01 7.84123047e+02
    2.14993042e+02 4.13319916e+02 6.69294067e+02 3.51796143e+02
    2.13215393e+02 6.96119385e+02 5.79492859e+02 4.54303070e+02
    4.42447449e+02 8.83220032e+02 8.75591675e+02 3.79459808e+02
    1.05226440e+01 8.13154297e+01 9.61271606e+02 4.08741364e+02
    3.73231567e+02 5.13518433e+02 2.23696594e+02 9.82509094e+02
    3.19159058e+02 7.02749573e+02 8.16673889e+02 5.14786316e+02
    7.92723999e+02 5.67391052e+02 3.19278687e+02 3.37557129e+02
    3.05442596e+02 7.18623291e+02 8.17463318e+02 9.66439941e+02
    5.86487000e+02 5.43106323e+02 4.53531067e+02 9.12833496e+02
    3.51232788e+02 9.08214111e+02 6.82118774e+02 4.99964905e+02
    9.29462646e+02 6.80162476e+02 2.99263306e+02 9.59799927e+02
    1.02060638e+02 4.11521851e+02 6.38143921e+02 1.99829926e+02
    6.87934448e+02 6.30916809e+02 6.94160522e+02 8.48354614e+02
    7.10282776e+02 9.88111572e+01 9.26049500e+01 1.27758545e+02
    4.55549591e+02 1.69721588e+02 6.71809692e+02 1.60036926e+02
    2.58863464e+02 9.74130066e+02 6.99752014e+02 2.72256195e+02
    8.72040588e+02 5.01144989e+02 6.83949219e+02 8.12139343e+02
    5.75343445e+02 5.14803833e+02 8.71372803e+02 9.35035889e+02
    1.20687256e+02 8.31659241e+02 2.69020264e+02 3.76261963e+02
    8.04886719e+02 5.35015137e+02 8.83896973e+02 5.90329956e+02
    8.17528687e+02 7.06941895e+02 5.36016663e+02 4.75525665e+02
    7.57254883e+02 5.84795227e+02 5.16903381e+01 7.73631226e+02
    2.92532654e+01 4.95846466e+02 6.01928955e+02 6.08099976e+01
    8.78901001e+02 7.98718933e+02 1.72908325e+01 4.03193542e+02
    9.48704834e+02 1.53402405e+01 2.81107758e+02 8.12134155e+02
    9.80186768e+02 4.61487427e+02 3.43835205e+02 6.27645569e+01
    8.77358215e+02 6.17983826e+02 5.84576172e+02 6.04324829e+02
    4.20495117e+02 7.29991333e+02 9.55565857e+02 7.13934204e+02
    4.85006470e+02 7.70401245e+02 9.90566711e+01 1.86504608e+02
    3.46656921e+02 7.82607666e+02 5.31007629e+02 3.55039856e+02
    5.94636108e+02 9.80377075e+02 9.45416748e+02 4.22146484e+02
    1.41377502e+02 8.12501343e+02 2.08403717e+02 8.31625000e+02
    9.20659302e+02 4.64147797e+02 4.89822510e+02 3.83922424e+01
    9.25636902e+02 4.89824280e+02 8.52821716e+02 6.66678101e+02
    1.88718872e+02 4.20246521e+02 1.45369415e+02 2.05151489e+02
    8.43049622e+02 7.74413452e+02 7.00005920e+02 4.81399292e+02
    9.86237244e+02 4.62989136e+02 4.49322235e+02 1.63247864e+02
    9.49939087e+02 2.71138031e+02 1.07387268e+02 7.23260376e+02
    1.56617645e+02 2.93115479e+02 3.97302460e+02 5.07781891e+02
    3.02436707e+02 8.57746826e+02 9.89799561e+02 1.50054291e+02
    1.98958923e+02 6.92045471e+02 9.84888672e+02 3.61966736e+02
    2.24585907e+02 4.37423950e+02 9.99103638e+02 8.60314575e+02
    7.91475342e+02 6.11368774e+02 7.77992126e+02 4.35247162e+02
    7.56785400e+02 9.20491333e+02 4.87362457e+02 3.55028687e+02
    7.64323547e+02 1.10329895e+02 6.03392639e+01 4.55440460e+02</data></your_hist>
</opencv_storage>
