<?xml version="1.0"?>
<opencv_storage>
<L2_diff>1.1538503155445645e+06</L2_diff>
<test_hist type_id="opencv-matrix">
  <rows>256</rows>
  <cols>1</cols>
  <dt>f</dt>
  <data>
    2.16969360e+02 9.31904907e+02 2.27197968e+02 9.02998413e+02
    3.11231567e+02 8.26693604e+02 2.43136597e+02 9.73682800e+02
    5.65986938e+02 8.43595093e+02 7.16440491e+02 5.52919495e+02
    1.89927521e+02 8.76704041e+02 3.18586121e+01 4.41823090e+02
    2.55308533e+01 9.01489258e+02 4.25485352e+02 9.72854614e+02
    8.16231262e+02 4.88863434e+02 3.82953949e+02 4.60619110e+02
    4.73844421e+02 2.80883911e+02 8.89774963e+02 7.83068848e+00
    5.65791748e+02 6.37333923e+02 9.47703003e+02 2.87475037e+02
    2.79279175e+01 1.89536469e+02 1.57957764e+01 2.57555908e+02
    4.57224915e+02 5.78293945e+02 8.05505249e+02 1.81550262e+02
    1.37207520e+02 8.59206055e+02 4.85047333e+02 3.88223572e+01
    4.56745392e+02 7.77239990e+02 6.96336975e+02 8.86567200e+02
    7.49407227e+02 6.38640991e+02 3.96144409e+02 9.73206665e+02
    1.17768829e+02 7.50109314e+02 7.98085205e+02 2.34600098e+02
    7.58053345e+02 8.16389526e+02 6.71752197e+02 2.43341522e+02
    3.65191376e+02 8.17707947e+02 3.71868591e+02 5.35666260e+02
    2.10461609e+02 6.44780151e+02 4.53572601e+02 8.34352234e+02
    8.12162231e+02 3.20981079e+02 8.79116211e+01 9.26161377e+02
    8.80162842e+02 1.94739838e+02 4.72435608e+01 6.47861694e+02
    2.54725754e+02 3.20761719e+02 7.53421021e+02 4.49004547e+02
    4.48614197e+01 2.21648254e+01 1.29621613e+02 2.93816589e+02
    2.80783875e+02 2.64348480e+02 3.54176849e+02 8.70070679e+02
    2.39124481e+02 7.44403564e+02 2.25193848e+02 9.20685547e+02
    1.60719574e+02 4.80028687e+01 3.37724640e+02 8.95566101e+01
    5.54897949e+02 1.82255371e+02 9.97702148e+02 6.79307251e+02
    9.13749878e+02 3.68717163e+02 3.78156494e+02 4.47369690e+02
    7.21978760e+00 5.85567322e+02 6.75297607e+02 4.57793396e+02
    8.97875061e+01 4.09780548e+02 3.06072662e+02 8.25744995e+02
    3.89778748e+02 6.20497192e+02 6.61729736e+02 2.86334900e+02
    3.18556122e+02 7.13400818e+02 1.16353149e+02 4.19304565e+02
    5.35972656e+02 6.15547729e+02 9.70336670e+02 4.23952393e+02
    4.65536774e+02 7.64987061e+02 3.58246765e+01 2.99712799e+02
    9.16364990e+02 7.60024475e+02 1.73377380e+01 9.58234131e+02
    6.68167053e+02 9.21242737e+02 5.63559875e+02 3.83093414e+02
    4.42814026e+02 6.99012146e+01 9.16334412e+02 6.93514404e+02
    4.20406464e+02 8.38539185e+02 2.51100967e+02 9.62751953e+02
    7.59217773e+02 1.52394165e+02 8.10508057e+02 7.24295654e+02
    3.66636383e+02 5.78283630e+02 9.68842163e+02 1.87164459e+02
    3.91729248e+02 1.71925537e+02 6.89092957e+02 1.51506439e+02
    8.85193604e+02 3.79281311e+02 8.15701904e+01 5.81152954e+02
    9.70184937e+02 4.13650085e+02 6.14982605e+02 2.47132935e+02
    5.17261597e+02 1.15915100e+02 6.33977051e+01 4.45081299e+02
    4.65092438e+02 5.29731140e+02 3.99082336e+02 4.07893341e+02
    6.34734558e+02 7.39340515e+02 8.21929321e+01 4.52753143e+02
    3.04571716e+02 5.29747803e+02 7.80785767e+02 1.69556763e+02
    2.50189209e+01 9.28798523e+02 6.43989380e+02 9.29468689e+02
    1.60369965e+02 7.59205933e+02 5.90121765e+02 6.63056396e+02
    2.92795288e+02 8.49660339e+01 3.25305969e+02 5.26558533e+01
    2.89143188e+02 5.14776306e+02 2.60242859e+02 6.37855408e+02
    2.17797607e+02 2.23634399e+02 3.19293518e+02 5.92606506e+02
    2.67824829e+02 7.85570801e+02 5.18446716e+02 4.33811218e+02
    9.96946655e+02 7.40943115e+02 3.93817322e+02 8.37727295e+02
    5.66454468e+02 4.41254425e+02 4.49119080e+02 4.53857147e+02
    4.96741699e+02 7.31228638e+00 1.29666870e+02 6.96107910e+02
    1.05727936e+02 7.88830566e+02 7.61069519e+02 6.93288330e+02
    8.56601807e+02 7.83227539e+02 5.10834351e+02 5.24848022e+01
    9.38323486e+02 1.70888245e+02 2.10474274e+02 9.07771790e+02
    3.70661224e+02 1.34136841e+02 3.85520996e+02 9.05416138e+02
    5.46188171e+02 4.21843414e+02 7.15271973e+02 5.51760559e+02
    2.73307648e+02 2.71493439e+02 8.88040955e+02 7.36950195e+02
    8.99083374e+02 9.16316162e+02 2.99558105e+01 1.51275360e+02
    1.29481384e+02 7.43298523e+02 9.18478149e+02 2.55161819e+02
    9.20662537e+01 7.01574585e+02 8.90199524e+02 7.70841431e+02
    9.37530273e+02 4.32430756e+02 2.96281921e+02 3.39702454e+01</data></test_hist>
<my_hist type_id="opencv-matrix">
  <rows>256</rows>
  <cols>1</cols>
  <dt>f</dt>
  <data>
    2.16969360e+02 1.14887427e+03 1.37607227e+03 2.27907080e+03
    2.59030225e+03 3.41699585e+03 3.66013232e+03 4.63381494e+03
    5.19980176e+03 6.04339697e+03 6.75983740e+03 7.31275684e+03
    7.50268457e+03 8.37938867e+03 8.41124707e+03 8.85307031e+03
    8.87860156e+03 9.78009082e+03 1.02055762e+04 1.11784307e+04
    1.19946621e+04 1.24835254e+04 1.28664795e+04 1.33270986e+04
    1.38009434e+04 1.40818271e+04 1.49716025e+04 1.49794336e+04
    1.55452256e+04 1.61825596e+04 1.71302617e+04 1.74177363e+04
    1.74456641e+04 1.76352012e+04 1.76509961e+04 1.79085527e+04
    1.83657773e+04 1.89440703e+04 1.97495762e+04 1.99311270e+04
    2.00683340e+04 2.09275391e+04 2.14125859e+04 2.14514082e+04
    2.19081543e+04 2.26853945e+04 2.33817324e+04 2.42682988e+04
    2.50177070e+04 2.56563477e+04 2.60524922e+04 2.70256992e+04
    2.71434688e+04 2.78935781e+04 2.86916641e+04 2.89262637e+04
    2.96843164e+04 3.05007051e+04 3.11724570e+04 3.14157988e+04
    3.17809902e+04 3.25986973e+04 3.29705664e+04 3.35062344e+04
    3.37166953e+04 3.43614766e+04 3.48150508e+04 3.56494023e+04
    3.64615664e+04 3.67825469e+04 3.68704570e+04 3.77966172e+04
    3.86767812e+04 3.88715195e+04 3.89187617e+04 3.95666250e+04
    3.98213516e+04 4.01421133e+04 4.08955352e+04 4.13445391e+04
    4.13894023e+04 4.14115664e+04 4.15411875e+04 4.18350039e+04
    4.21157891e+04 4.23801367e+04 4.27343125e+04 4.36043828e+04
    4.38435078e+04 4.45879102e+04 4.48131055e+04 4.57337891e+04
    4.58945078e+04 4.59425117e+04 4.62802383e+04 4.63697930e+04
    4.69246914e+04 4.71069453e+04 4.81046484e+04 4.87839570e+04
    4.96977070e+04 5.00664258e+04 5.04445820e+04 5.08919531e+04
    5.08991719e+04 5.14847383e+04 5.21600352e+04 5.26178281e+04
    5.27076172e+04 5.31173984e+04 5.34234727e+04 5.42492188e+04
    5.46389961e+04 5.52594922e+04 5.59212227e+04 5.62075586e+04
    5.65261133e+04 5.72395156e+04 5.73558672e+04 5.77751719e+04
    5.83111445e+04 5.89266914e+04 5.98970273e+04 6.03209805e+04
    6.07865156e+04 6.15515039e+04 6.15873281e+04 6.18870391e+04
    6.28034023e+04 6.35634258e+04 6.35807617e+04 6.45389961e+04
    6.52071641e+04 6.61284062e+04 6.66919688e+04 6.70750625e+04
    6.75178750e+04 6.75877734e+04 6.85041094e+04 6.91976250e+04
    6.96180312e+04 7.04565703e+04 7.07076719e+04 7.16704219e+04
    7.24296406e+04 7.25820312e+04 7.33925391e+04 7.41168359e+04
    7.44834688e+04 7.50617500e+04 7.60305938e+04 7.62177578e+04
    7.66094844e+04 7.67814062e+04 7.74705000e+04 7.76220078e+04
    7.85072031e+04 7.88864844e+04 7.89680547e+04 7.95492109e+04
    8.05193984e+04 8.09330469e+04 8.15480312e+04 8.17951641e+04
    8.23124219e+04 8.24283359e+04 8.24917344e+04 8.29368125e+04
    8.34019062e+04 8.39316406e+04 8.43307266e+04 8.47386172e+04
    8.53733516e+04 8.61126953e+04 8.61948906e+04 8.66476406e+04
    8.69522109e+04 8.74819609e+04 8.82627500e+04 8.84323047e+04
    8.84573203e+04 8.93861172e+04 9.00301094e+04 9.09595781e+04
    9.11199453e+04 9.18791484e+04 9.24692734e+04 9.31323281e+04
    9.34251250e+04 9.35100938e+04 9.38353984e+04 9.38880547e+04
    9.41771953e+04 9.46919688e+04 9.49522109e+04 9.55900625e+04
    9.58078594e+04 9.60314922e+04 9.63507891e+04 9.69433984e+04
    9.72112266e+04 9.79967969e+04 9.85152422e+04 9.89490547e+04 99946.
    1.00686945e+05 1.01080766e+05 1.01918492e+05 1.02484945e+05
    1.02926203e+05 1.03375320e+05 1.03829180e+05 1.04325922e+05
    1.04333234e+05 1.04462898e+05 1.05159008e+05 1.05264734e+05
    1.06053562e+05 1.06814633e+05 1.07507922e+05 1.08364523e+05
    1.09147750e+05 1.09658586e+05 1.09711070e+05 1.10649391e+05
    1.10820281e+05 1.11030758e+05 1.11938531e+05 1.12309195e+05
    1.12443336e+05 1.12828859e+05 1.13734273e+05 1.14280461e+05
    1.14702305e+05 1.15417578e+05 1.15969336e+05 1.16242641e+05
    1.16514133e+05 1.17402172e+05 1.18139125e+05 1.19038211e+05
    1.19954523e+05 1.19984477e+05 1.20135750e+05 1.20265234e+05
    1.21008531e+05 1.21927008e+05 1.22182172e+05 1.22274234e+05
    1.22975812e+05 1.23866016e+05 1.24636859e+05 1.25574391e+05
    1.26006820e+05 1.26303102e+05 1.26337070e+05</data></my_hist>
<your_hist type_id="opencv-matrix">
  <rows>256</rows>
  <cols>1</cols>
  <dt>f</dt>
  <data>
    4.33938721e+02 1.86380981e+03 4.54395935e+02 1.80599683e+03
    6.22463135e+02 1.65338721e+03 4.86273193e+02 1.94736560e+03
    1.13197388e+03 1.68719019e+03 1.43288098e+03 1.10583899e+03
    3.79855042e+02 1.75340808e+03 6.37172241e+01 8.83646179e+02
    5.10617065e+01 1.80297852e+03 8.50970703e+02 1.94570923e+03
    1.63246252e+03 9.77726868e+02 7.65907898e+02 9.21238220e+02
    9.47688843e+02 5.61767822e+02 1.77954993e+03 1.56613770e+01
    1.13158350e+03 1.27466785e+03 1.89540601e+03 5.74950073e+02
    5.58558350e+01 3.79072937e+02 3.15915527e+01 5.15111816e+02
    9.14449829e+02 1.15658789e+03 1.61101050e+03 3.63100525e+02
    2.74415039e+02 1.71841211e+03 9.70094666e+02 7.76447144e+01
    9.13490784e+02 1.55447998e+03 1.39267395e+03 1.77313440e+03
    1.49881445e+03 1.27728198e+03 7.92288818e+02 1.94641333e+03
    2.35537659e+02 1.50021863e+03 1.59617041e+03 4.69200195e+02
    1.51610669e+03 1.63277905e+03 1.34350439e+03 4.86683044e+02
    7.30382751e+02 1.63541589e+03 7.43737183e+02 1.07133252e+03
    4.20923218e+02 1.28956030e+03 9.07145203e+02 1.66870447e+03
    1.62432446e+03 6.41962158e+02 1.75823242e+02 1.85232275e+03
    1.76032568e+03 3.89479675e+02 9.44871216e+01 1.29572339e+03
    5.09451508e+02 6.41523438e+02 1.50684204e+03 8.98009094e+02
    8.97228394e+01 4.43296509e+01 2.59243225e+02 5.87633179e+02
    5.61567749e+02 5.28696960e+02 7.08353699e+02 1.74014136e+03
    4.78248962e+02 1.48880713e+03 4.50387695e+02 1.84137109e+03
    3.21439148e+02 9.60057373e+01 6.75449280e+02 1.79113220e+02
    1.10979590e+03 3.64510742e+02 1.99540430e+03 1.35861450e+03
    1.82749976e+03 7.37434326e+02 7.56312988e+02 8.94739380e+02
    1.44395752e+01 1.17113464e+03 1.35059521e+03 9.15586792e+02
    1.79575012e+02 8.19561096e+02 6.12145325e+02 1.65148999e+03
    7.79557495e+02 1.24099438e+03 1.32345947e+03 5.72669800e+02
    6.37112244e+02 1.42680164e+03 2.32706299e+02 8.38609131e+02
    1.07194531e+03 1.23109546e+03 1.94067334e+03 8.47904785e+02
    9.31073547e+02 1.52997412e+03 7.16493530e+01 5.99425598e+02
    1.83272998e+03 1.52004895e+03 3.46754761e+01 1.91646826e+03
    1.33633411e+03 1.84248547e+03 1.12711975e+03 7.66186829e+02
    8.85628052e+02 1.39802429e+02 1.83266882e+03 1.38702881e+03
    8.40812927e+02 1.67707837e+03 5.02201935e+02 1.92550391e+03
    1.51843555e+03 3.04788330e+02 1.62101611e+03 1.44859131e+03
    7.33272766e+02 1.15656726e+03 1.93768433e+03 3.74328918e+02
    7.83458496e+02 3.43851074e+02 1.37818591e+03 3.03012878e+02
    1.77038721e+03 7.58562622e+02 1.63140381e+02 1.16230591e+03
    1.94036987e+03 8.27300171e+02 1.22996521e+03 4.94265869e+02
    1.03452319e+03 2.31830200e+02 1.26795410e+02 8.90162598e+02
    9.30184875e+02 1.05946228e+03 7.98164673e+02 8.15786682e+02
    1.26946912e+03 1.47868103e+03 1.64385864e+02 9.05506287e+02
    6.09143433e+02 1.05949561e+03 1.56157153e+03 3.39113525e+02
    5.00378418e+01 1.85759705e+03 1.28797876e+03 1.85893738e+03
    3.20739929e+02 1.51841187e+03 1.18024353e+03 1.32611279e+03
    5.85590576e+02 1.69932068e+02 6.50611938e+02 1.05311707e+02
    5.78286377e+02 1.02955261e+03 5.20485718e+02 1.27571082e+03
    4.35595215e+02 4.47268799e+02 6.38587036e+02 1.18521301e+03
    5.35649658e+02 1.57114160e+03 1.03689343e+03 8.67622437e+02
    1.99389331e+03 1.48188623e+03 7.87634644e+02 1.67545459e+03
    1.13290894e+03 8.82508850e+02 8.98238159e+02 9.07714294e+02
    9.93483398e+02 1.46245728e+01 2.59333740e+02 1.39221582e+03
    2.11455872e+02 1.57766113e+03 1.52213904e+03 1.38657666e+03
    1.71320361e+03 1.56645508e+03 1.02166870e+03 1.04969604e+02
    1.87664697e+03 3.41776489e+02 4.20948547e+02 1.81554358e+03
    7.41322449e+02 2.68273682e+02 7.71041992e+02 1.81083228e+03
    1.09237634e+03 8.43686829e+02 1.43054395e+03 1.10352112e+03
    5.46615295e+02 5.42986877e+02 1.77608191e+03 1.47390039e+03
    1.79816675e+03 1.83263232e+03 5.99116211e+01 3.02550720e+02
    2.58962769e+02 1.48659705e+03 1.83695630e+03 5.10323639e+02
    1.84132507e+02 1.40314917e+03 1.78039905e+03 1.54168286e+03
    1.87506055e+03 8.64861511e+02 5.92563843e+02 6.79404907e+01</data></your_hist>
</opencv_storage>
