<?xml version="1.0"?>
<opencv_storage>
<L2_diff>2.7302634825853720e+03</L2_diff>
<test_hist type_id="opencv-matrix">
  <rows>256</rows>
  <cols>1</cols>
  <dt>f</dt>
  <data>
    2.11332092e+02 9.87336731e+01 7.20972229e+02 8.12900696e+02
    6.97444153e+02 3.53196716e+01 8.84996338e+02 2.67544617e+02
    2.86800659e+02 5.39816833e+02 1.59686340e+02 3.55063232e+02
    8.73082703e+02 5.20969116e+02 6.38019653e+02 1.11509583e+02
    2.62805359e+02 4.89482117e+02 8.02135864e+02 1.47454193e+02
    8.70677429e+02 1.39070862e+02 6.24005737e+01 7.69917236e+02
    7.90289307e+01 2.62329224e+02 6.47409607e+02 1.75717773e+01
    4.63605469e+02 8.09245483e+02 8.66016479e+02 5.03772491e+02
    1.77602509e+02 4.51949158e+01 8.08610657e+02 7.95155029e+02
    1.16698975e+02 9.51850525e+02 1.28575378e+02 4.46076965e+01
    5.09691193e+02 9.13594910e+02 6.85998230e+01 5.59036011e+02
    6.83802856e+02 1.45492310e+02 7.78568848e+02 5.66201172e+02
    9.37318726e+01 2.91020111e+02 8.75919678e+02 7.98613403e+02
    7.83892456e+02 4.00490387e+02 7.98862122e+02 2.42602295e+02
    1.43900146e+02 7.21217041e+02 3.49675507e+02 3.07190521e+02
    5.64978516e+02 9.41919861e+02 5.28501160e+02 8.29810791e+02
    6.35110168e+02 7.64286133e+02 9.33157043e+01 1.27188324e+02
    9.25026794e+02 2.14632385e+02 6.89989746e+02 2.31278320e+02
    2.28111877e+01 4.28826965e+02 4.17642273e+02 2.34672089e+02
    7.33069763e+01 8.56251770e+02 5.17536987e+02 7.92945740e+02
    1.75340057e+02 2.84734985e+02 9.96451782e+02 3.40006592e+02
    2.92200439e+02 5.84624084e+02 1.47481171e+02 4.90355804e+02
    5.07857147e+02 3.89621674e+02 4.18908203e+02 1.67375305e+02
    4.59480103e+02 8.38722168e+02 2.79480896e+02 7.22229797e+02
    2.65253265e+02 5.75719238e+02 4.95180725e+02 3.87045685e+02
    8.39147095e+02 2.65916077e+02 9.68142578e+02 9.24461670e+02
    3.07074921e+02 1.96022491e+02 4.90129852e+02 7.96324707e+02
    8.08386475e+02 6.78943970e+02 2.73734863e+02 1.04756042e+02
    7.21358276e+02 4.63254700e+02 6.69604248e+02 4.76878113e+02
    5.60958008e+02 8.95214417e+02 2.15429047e+02 2.66182129e+02
    4.55227081e+02 3.01501831e+02 1.27564056e+02 2.97821167e+02
    6.20443787e+02 1.41130676e+02 5.52165344e+02 8.12876709e+02
    5.04401550e+01 8.76318970e+01 2.60030640e+02 2.91717743e+02
    3.70435547e+02 7.07321289e+02 5.30695801e+02 1.78915222e+02
    8.08153687e+01 9.33549561e+02 6.47332153e+02 4.19283997e+02
    5.33639160e+02 8.77763306e+02 3.75325592e+02 1.27500641e+02
    9.20396606e+02 2.24870422e+02 9.19245605e+02 5.87131958e+01
    3.28110168e+02 6.39792236e+02 2.97833557e+02 5.28144836e+02
    2.67484436e+01 8.83928528e+01 1.62722260e+02 9.76417786e+02
    1.48047241e+02 6.17578735e+02 3.06082520e+02 5.48291260e+02
    3.34609680e+01 2.76349243e+02 8.96227478e+02 6.93028442e+02
    8.25694092e+02 4.69135345e+02 8.46146179e+02 6.02269653e+02
    1.01493225e+02 2.02937622e+01 8.88255127e+02 6.25864807e+02
    3.84689453e+02 5.89792725e+02 1.21449158e+02 2.32802338e+02
    8.42921753e+02 5.37828369e+02 4.68623962e+01 4.25670776e+02
    3.21358978e+02 7.36999512e+01 9.63596802e+01 9.40397949e+01
    6.59166138e+02 3.18511688e+02 9.10066406e+02 9.46432800e+02
    1.50017181e+02 2.96027039e+02 9.09089600e+02 2.06061981e+02
    5.43317566e+01 3.55556824e+02 8.82811890e+02 5.32980835e+02
    1.10450958e+02 1.75930420e+02 6.03004150e+02 7.99121704e+01
    5.43006592e+01 2.28368500e+02 3.51069336e+01 2.09854767e+02
    4.76171570e+01 8.92041260e+02 9.67880249e+00 8.40524414e+02
    8.57027344e+02 5.19964111e+02 5.41800781e+02 3.12099640e+02
    2.60047058e+02 3.62498260e+02 3.88901978e+02 2.07058044e+02
    6.51747131e+01 4.11938873e+02 9.29875793e+01 8.40635803e+02
    2.86868103e+02 6.23966003e+02 8.19824219e+02 1.97852631e+02
    8.51255127e+02 2.80730225e+02 6.56273071e+02 7.64508423e+02
    4.69717651e+02 5.50215088e+02 5.55582336e+02 7.20033691e+02
    7.70945435e+02 8.72130615e+02 1.09158142e+02 8.61577454e+02
    1.18598267e+02 1.86763733e+02 5.56319824e+02 2.27432983e+02
    4.22545197e+02 4.02877655e+02 5.80456543e+02 2.94952637e+02
    4.59626312e+02 2.47905350e+02 2.61731018e+02 8.48399414e+02
    9.74407654e+02 3.53196716e+01 8.20461914e+02 3.87836029e+02
    6.19827881e+01 3.02339783e+02 4.26096436e+02 5.69424011e+02</data></test_hist>
<CL>451</CL>
<my_hist type_id="opencv-matrix">
  <rows>256</rows>
  <cols>1</cols>
  <dt>f</dt>
  <data>
    3.38050781e+02 2.25452362e+02 5.77718689e+02 5.77718689e+02
    5.77718689e+02 1.62038361e+02 5.77718689e+02 3.94263306e+02
    4.13519348e+02 5.77718689e+02 2.86405029e+02 4.81781921e+02
    5.77718689e+02 5.77718689e+02 5.77718689e+02 2.38228271e+02
    3.89524048e+02 5.77718689e+02 5.77718689e+02 2.74172882e+02
    5.77718689e+02 2.65789551e+02 1.89119263e+02 5.77718689e+02
    2.05747620e+02 3.89047913e+02 5.77718689e+02 1.44290466e+02
    5.77718689e+02 5.77718689e+02 5.77718689e+02 5.77718689e+02
    3.04321198e+02 1.71913605e+02 5.77718689e+02 5.77718689e+02
    2.43417664e+02 5.77718689e+02 2.55294067e+02 1.71326385e+02
    5.77718689e+02 5.77718689e+02 1.95318512e+02 5.77718689e+02
    5.77718689e+02 2.72210999e+02 5.77718689e+02 5.77718689e+02
    2.20450562e+02 4.17738800e+02 5.77718689e+02 5.77718689e+02
    5.77718689e+02 5.27209106e+02 5.77718689e+02 3.69320984e+02
    2.70618835e+02 5.77718689e+02 4.76394196e+02 4.33909210e+02
    5.77718689e+02 5.77718689e+02 5.77718689e+02 5.77718689e+02
    5.77718689e+02 5.77718689e+02 2.20034393e+02 2.53907013e+02
    5.77718689e+02 3.41351074e+02 5.77718689e+02 3.57997009e+02
    1.49529877e+02 5.55545654e+02 5.44360962e+02 3.61390778e+02
    2.00025665e+02 5.77718689e+02 5.77718689e+02 5.77718689e+02
    3.02058746e+02 4.11453674e+02 5.77718689e+02 4.66725281e+02
    4.18919128e+02 5.77718689e+02 2.74199860e+02 5.77718689e+02
    5.77718689e+02 5.16340393e+02 5.45626892e+02 2.94093994e+02
    5.77718689e+02 5.77718689e+02 4.06199585e+02 5.77718689e+02
    3.91971954e+02 5.77718689e+02 5.77718689e+02 5.13764404e+02
    5.77718689e+02 3.92634766e+02 5.77718689e+02 5.77718689e+02
    4.33793610e+02 3.22741180e+02 5.77718689e+02 5.77718689e+02
    5.77718689e+02 5.77718689e+02 4.00453552e+02 2.31474731e+02
    5.77718689e+02 5.77718689e+02 5.77718689e+02 5.77718689e+02
    5.77718689e+02 5.77718689e+02 3.42147736e+02 3.92900818e+02
    5.77718689e+02 4.28220520e+02 2.54282745e+02 4.24539856e+02
    5.77718689e+02 2.67849365e+02 5.77718689e+02 5.77718689e+02
    1.77158844e+02 2.14350586e+02 3.86749329e+02 4.18436432e+02
    4.97154236e+02 5.77718689e+02 5.77718689e+02 3.05633911e+02
    2.07534058e+02 5.77718689e+02 5.77718689e+02 5.46002686e+02
    5.77718689e+02 5.77718689e+02 5.02044281e+02 2.54219330e+02
    5.77718689e+02 3.51589111e+02 5.77718689e+02 1.85431885e+02
    4.54828857e+02 5.77718689e+02 4.24552246e+02 5.77718689e+02
    1.53467133e+02 2.15111542e+02 2.89440948e+02 5.77718689e+02
    2.74765930e+02 5.77718689e+02 4.32801208e+02 5.77718689e+02
    1.60179657e+02 4.03067932e+02 5.77718689e+02 5.77718689e+02
    5.77718689e+02 5.77718689e+02 5.77718689e+02 5.77718689e+02
    2.28211914e+02 1.47012451e+02 5.77718689e+02 5.77718689e+02
    5.11408142e+02 5.77718689e+02 2.48167847e+02 3.59521027e+02
    5.77718689e+02 5.77718689e+02 1.73581085e+02 5.52389465e+02
    4.48077667e+02 2.00418640e+02 2.23078369e+02 2.20758484e+02
    5.77718689e+02 4.45230377e+02 5.77718689e+02 5.77718689e+02
    2.76735870e+02 4.22745728e+02 5.77718689e+02 3.32780670e+02
    1.81050446e+02 4.82275513e+02 5.77718689e+02 5.77718689e+02
    2.37169647e+02 3.02649109e+02 5.77718689e+02 2.06630859e+02
    1.81019348e+02 3.55087189e+02 1.61825623e+02 3.36573456e+02
    1.74335846e+02 5.77718689e+02 1.36397491e+02 5.77718689e+02
    5.77718689e+02 5.77718689e+02 5.77718689e+02 4.38818329e+02
    3.86765747e+02 4.89216949e+02 5.15620667e+02 3.33776733e+02
    1.91893402e+02 5.38657593e+02 2.19706268e+02 5.77718689e+02
    4.13586792e+02 5.77718689e+02 5.77718689e+02 3.24571320e+02
    5.77718689e+02 4.07448914e+02 5.77718689e+02 5.77718689e+02
    5.77718689e+02 5.77718689e+02 5.77718689e+02 5.77718689e+02
    5.77718689e+02 5.77718689e+02 2.35876831e+02 5.77718689e+02
    2.45316956e+02 3.13482422e+02 5.77718689e+02 3.54151672e+02
    5.49263916e+02 5.29596375e+02 5.77718689e+02 4.21671326e+02
    5.77718689e+02 3.74624054e+02 3.88449707e+02 5.77718689e+02
    5.77718689e+02 1.62038361e+02 5.77718689e+02 5.14554749e+02
    1.88701477e+02 4.29058472e+02 5.52815125e+02 5.77718689e+02</data></my_hist>
<your_hist type_id="opencv-matrix">
  <rows>256</rows>
  <cols>1</cols>
  <dt>f</dt>
  <data>
    2.11332092e+02 9.87336731e+01 7.20972229e+02 8.12900696e+02
    6.97444153e+02 3.53196716e+01 8.84996338e+02 2.67544617e+02
    2.86800659e+02 5.39816833e+02 1.59686340e+02 3.55063232e+02
    8.73082703e+02 5.20969116e+02 6.38019653e+02 1.11509583e+02
    2.62805359e+02 4.89482117e+02 8.02135864e+02 1.47454193e+02
    8.70677429e+02 1.39070862e+02 6.24005737e+01 7.69917236e+02
    7.90289307e+01 2.62329224e+02 6.47409607e+02 1.75717773e+01
    4.63605469e+02 8.09245483e+02 8.66016479e+02 5.03772491e+02
    1.77602509e+02 4.51949158e+01 8.08610657e+02 7.95155029e+02
    1.16698975e+02 9.51850525e+02 1.28575378e+02 4.46076965e+01
    5.09691193e+02 9.13594910e+02 6.85998230e+01 5.59036011e+02
    6.83802856e+02 1.45492310e+02 7.78568848e+02 5.66201172e+02
    9.37318726e+01 2.91020111e+02 8.75919678e+02 7.98613403e+02
    7.83892456e+02 4.00490387e+02 7.98862122e+02 2.42602295e+02
    1.43900146e+02 7.21217041e+02 3.49675507e+02 3.07190521e+02
    5.64978516e+02 9.41919861e+02 5.28501160e+02 8.29810791e+02
    6.35110168e+02 7.64286133e+02 9.33157043e+01 1.27188324e+02
    9.25026794e+02 2.14632385e+02 6.89989746e+02 2.31278320e+02
    2.28111877e+01 4.28826965e+02 4.17642273e+02 2.34672089e+02
    7.33069763e+01 8.56251770e+02 5.17536987e+02 7.92945740e+02
    1.75340057e+02 2.84734985e+02 9.96451782e+02 3.40006592e+02
    2.92200439e+02 5.84624084e+02 1.47481171e+02 4.90355804e+02
    5.07857147e+02 3.89621674e+02 4.18908203e+02 1.67375305e+02
    4.59480103e+02 8.38722168e+02 2.79480896e+02 7.22229797e+02
    2.65253265e+02 5.75719238e+02 4.95180725e+02 3.87045685e+02
    8.39147095e+02 2.65916077e+02 9.68142578e+02 9.24461670e+02
    3.07074921e+02 1.96022491e+02 4.90129852e+02 7.96324707e+02
    8.08386475e+02 6.78943970e+02 2.73734863e+02 1.04756042e+02
    7.21358276e+02 4.63254700e+02 6.69604248e+02 4.76878113e+02
    5.60958008e+02 8.95214417e+02 2.15429047e+02 2.66182129e+02
    4.55227081e+02 3.01501831e+02 1.27564056e+02 2.97821167e+02
    6.20443787e+02 1.41130676e+02 5.52165344e+02 8.12876709e+02
    5.04401550e+01 8.76318970e+01 2.60030640e+02 2.91717743e+02
    3.70435547e+02 7.07321289e+02 5.30695801e+02 1.78915222e+02
    8.08153687e+01 9.33549561e+02 6.47332153e+02 4.19283997e+02
    5.33639160e+02 8.77763306e+02 3.75325592e+02 1.27500641e+02
    9.20396606e+02 2.24870422e+02 9.19245605e+02 5.87131958e+01
    3.28110168e+02 6.39792236e+02 2.97833557e+02 5.28144836e+02
    2.67484436e+01 8.83928528e+01 1.62722260e+02 9.76417786e+02
    1.48047241e+02 6.17578735e+02 3.06082520e+02 5.48291260e+02
    3.34609680e+01 2.76349243e+02 8.96227478e+02 6.93028442e+02
    8.25694092e+02 4.69135345e+02 8.46146179e+02 6.02269653e+02
    1.01493225e+02 2.02937622e+01 8.88255127e+02 6.25864807e+02
    3.84689453e+02 5.89792725e+02 1.21449158e+02 2.32802338e+02
    8.42921753e+02 5.37828369e+02 4.68623962e+01 4.25670776e+02
    3.21358978e+02 7.36999512e+01 9.63596802e+01 9.40397949e+01
    6.59166138e+02 3.18511688e+02 9.10066406e+02 9.46432800e+02
    1.50017181e+02 2.96027039e+02 9.09089600e+02 2.06061981e+02
    5.43317566e+01 3.55556824e+02 8.82811890e+02 5.32980835e+02
    1.10450958e+02 1.75930420e+02 6.03004150e+02 7.99121704e+01
    5.43006592e+01 2.28368500e+02 3.51069336e+01 2.09854767e+02
    4.76171570e+01 8.92041260e+02 9.67880249e+00 8.40524414e+02
    8.57027344e+02 5.19964111e+02 5.41800781e+02 3.12099640e+02
    2.60047058e+02 3.62498260e+02 3.88901978e+02 2.07058044e+02
    6.51747131e+01 4.11938873e+02 9.29875793e+01 8.40635803e+02
    2.86868103e+02 6.23966003e+02 8.19824219e+02 1.97852631e+02
    8.51255127e+02 2.80730225e+02 6.56273071e+02 7.64508423e+02
    4.69717651e+02 5.50215088e+02 5.55582336e+02 7.20033691e+02
    7.70945435e+02 8.72130615e+02 1.09158142e+02 8.61577454e+02
    1.18598267e+02 1.86763733e+02 5.56319824e+02 2.27432983e+02
    4.22545197e+02 4.02877655e+02 5.80456543e+02 2.94952637e+02
    4.59626312e+02 2.47905350e+02 2.61731018e+02 8.48399414e+02
    9.74407654e+02 3.53196716e+01 8.20461914e+02 3.87836029e+02
    6.19827881e+01 3.02339783e+02 4.26096436e+02 5.69424011e+02</data></your_hist>
</opencv_storage>
