<?xml version="1.0"?>
<opencv_storage>
<L2_diff>4.7484077513217926e-01</L2_diff>
<test_hist type_id="opencv-matrix">
  <rows>256</rows>
  <cols>1</cols>
  <dt>f</dt>
  <data>
    1.48472900e+01 5.55251709e+02 4.16302795e+01 4.61982300e+02
    9.00051575e+02 7.09787781e+02 4.30979919e+02 1.22286926e+02
    3.82584778e+02 5.32835022e+02 3.12728577e+02 2.53504349e+02
    8.04269104e+02 6.39795898e+02 4.71803223e+02 2.48176422e+02
    8.35835022e+02 4.03528320e+02 7.18581543e+02 4.53477783e+01
    2.56245331e+02 7.85828186e+02 7.59649292e+02 1.56258484e+02
    9.91002563e+02 8.51226074e+02 7.66399414e+02 3.21998291e+02
    1.82691162e+02 7.72839722e+02 9.11120361e+02 8.97828064e+01
    1.36505402e+02 1.66703186e+01 5.23775330e+02 9.32892456e+02
    3.57264221e+02 1.76330872e+01 8.44622009e+02 2.12438354e+01
    4.61655518e+02 5.42804565e+01 3.28692993e+02 3.52791565e+02
    8.29972778e+02 2.11421600e+02 1.88202179e+02 4.28755737e+02
    3.54976013e+02 6.41001282e+02 2.59830444e+02 8.54710022e+02
    1.16738770e+02 1.64785828e+02 3.65721680e+02 6.81579407e+02
    3.05713440e+02 8.04464722e+02 2.36403229e+02 2.15488525e+02
    5.56716675e+02 9.33622925e+02 4.59632446e+02 5.80522522e+02
    9.33210938e+02 7.35031128e+02 8.07125610e+02 3.59425415e+02
    5.90159912e+02 8.05129761e+02 4.35855347e+02 2.49988373e+02
    5.63313232e+02 4.13358154e+02 3.31512299e+02 8.47876892e+01
    8.63238159e+02 6.83504150e+02 9.90150085e+02 5.41573975e+02
    3.84213684e+02 9.14570557e+02 5.69321960e+02 4.19953186e+02
    3.81515533e+02 9.74765686e+02 6.71057495e+02 1.72863464e+01
    8.01209595e+02 3.33678436e+02 3.73480469e+02 9.84825439e+02
    6.14053467e+02 7.39786987e+02 6.84568115e+02 9.85815979e+02
    2.85276642e+02 7.48788147e+01 1.02878052e+02 4.19884125e+02
    1.69422913e+01 5.30520447e+02 8.40313721e+02 1.10827301e+02
    5.48884827e+02 3.72572693e+02 1.70547943e+02 2.11994629e+01
    2.51446106e+02 3.80294189e+02 9.86585815e+02 8.69105530e+01
    1.32489319e+01 5.78549316e+02 4.14805695e+02 7.37721680e+02
    1.94595215e+02 2.47747330e+02 1.49718597e+02 3.63888550e+02
    4.55770782e+02 5.01657013e+02 6.94808411e+02 4.88480133e+02
    4.34481689e+02 4.57180847e+02 6.99485779e+01 2.87682617e+02
    5.21614624e+02 6.61077820e+02 7.08969238e+02 8.08624146e+02
    9.78934204e+02 1.96476379e+02 3.52636292e+02 1.13446625e+02
    5.31791260e+02 5.41334839e+02 6.10512207e+02 8.72682739e+02
    3.42698547e+02 5.94299316e+01 7.35551636e+02 4.78342712e+02
    6.20719543e+02 1.33774445e+02 7.98139709e+02 1.01953888e+02
    8.85778931e+02 5.98681885e+02 7.24425964e+02 4.31023590e+02
    5.69688599e+02 4.22770294e+02 2.69030457e+01 6.96114990e+02
    9.56259583e+02 4.00531799e+02 6.55113403e+02 5.96920227e+02
    8.07180115e+02 8.99829468e+02 7.12693970e+02 4.53861389e+02
    5.46938232e+02 7.86295166e+02 6.00486511e+02 7.25573242e+02
    3.31158813e+02 3.59972473e+02 8.61637024e+02 6.90899109e+02
    5.95270081e+02 5.65283203e+02 9.76581421e+01 3.72650757e+01
    2.10967896e+02 8.62476990e+02 6.15228882e+02 9.05215942e+02
    4.35265991e+02 6.36129822e+02 6.75988525e+02 2.84007965e+02
    5.03396820e+02 1.12534576e+02 6.76047974e+02 2.75694214e+02
    1.92034332e+02 2.13416931e+02 6.37027588e+02 1.91689453e+02
    1.02502808e+02 7.06477966e+02 5.78439026e+02 3.83251434e+02
    1.60835846e+02 9.34572144e+02 5.96879272e+01 3.70425629e+02
    1.51644287e+01 6.19468872e+02 2.19900269e+02 3.28253845e+02
    4.28810425e+01 1.70172241e+02 1.84429016e+01 1.72027618e+02
    9.25320557e+02 5.81997681e+00 4.39422638e+02 6.28769714e+02
    1.94129150e+02 6.92233887e+02 8.27944946e+01 2.70833130e+01
    2.46319092e+02 9.98211426e+02 5.78418518e+02 2.76726776e+02
    7.53870056e+02 4.63767090e+02 2.37223083e+02 1.76610260e+02
    9.99697510e+02 3.48269958e+02 3.19338165e+02 2.94057739e+02
    5.45657837e+02 6.73080444e+01 4.41774902e+01 3.00870300e+02
    9.58665894e+02 4.90659180e+01 7.83352783e+02 8.86556885e+02
    8.18435547e+02 9.95587891e+02 7.13114746e+02 1.49249420e+02
    9.14471191e+02 3.08902893e+01 3.43743774e+02 3.33996490e+02
    9.00696411e+01 5.08868835e+02 1.16691132e+02 5.99373413e+02
    5.38028259e+02 3.06693024e+02 8.38896606e+02 9.89516479e+02
    1.95224976e+02 7.43883850e+02 6.44027527e+02 2.17332062e+02</data></test_hist>
<s>3.</s>
<my_cl>1.4105207519531250e+03</my_cl>
<your_cl>1.4112098388671875e+03</your_cl>
</opencv_storage>
