<?xml version="1.0"?>
<opencv_storage>
<L2_diff>1.1768040899240763e+06</L2_diff>
<test_hist type_id="opencv-matrix">
  <rows>256</rows>
  <cols>1</cols>
  <dt>f</dt>
  <data>
    2.83535522e+02 6.45215393e+02 2.29729492e+02 4.79822235e+02
    3.94668213e+02 1.19797913e+02 9.17089966e+02 1.70541992e+01
    8.59375000e+02 4.12781769e+02 2.45631607e+02 7.12553406e+01
    6.92945557e+02 4.26835388e+02 9.31593567e+02 6.10590332e+02
    1.01492920e+02 4.51884338e+02 8.67903442e+02 5.96996643e+02
    4.71372253e+02 9.59531006e+02 2.85326355e+02 8.86377930e+02
    6.60653137e+02 9.99769470e+02 7.69700684e+02 4.99067352e+02
    1.21898682e+02 3.99782440e+02 5.02810577e+02 7.22458130e+02
    8.12847290e+02 4.17537140e+02 8.02287903e+02 6.26440430e+02
    5.73229919e+02 7.48488586e+02 3.50743103e+01 5.46184937e+02
    7.83230713e+02 4.58019165e+02 3.64994080e+02 8.18175720e+02
    5.93086243e+01 9.84741882e+02 3.21318359e+02 6.60408997e+02
    3.22445618e+02 4.76312683e+02 5.62063171e+02 4.98752686e+02
    1.75990479e+02 7.46381836e+02 5.02570312e+02 9.02377319e+02
    1.40173279e+02 5.20046021e+02 1.81016785e+02 4.29213013e+02
    5.19066711e+02 5.21685547e+02 1.13409058e+02 2.48347168e+02
    5.69019348e+02 2.89815338e+02 5.58866455e+02 6.74170166e+02
    7.98930176e+02 7.56722534e+02 7.20150146e+02 3.58800171e+02
    1.33730164e+02 3.05753784e+01 3.05241516e+02 6.39056274e+02
    6.48539429e+01 1.93983459e+02 9.98189941e+02 2.39801605e+02
    2.10823700e+02 1.02829895e+01 3.00888428e+02 1.66785583e+01
    5.84127563e+02 4.52733765e+02 1.37327789e+02 4.25605591e+02
    2.60045837e+02 7.60726440e+02 8.50542847e+02 5.79812500e+02
    9.03159973e+02 7.58817261e+02 5.89588806e+02 6.40973267e+02
    5.69249817e+02 6.70424133e+02 6.65864258e+02 6.07313171e+02
    8.81265564e+01 9.45531494e+02 7.36891113e+02 9.13425659e+02
    9.73023560e+02 5.85256531e+02 3.24344177e+02 7.25813232e+02
    6.23487305e+02 9.11022522e+02 3.79602203e+02 8.44354248e+02
    6.48352966e+01 1.67258575e+02 7.29564880e+02 9.79340942e+02
    4.73272369e+02 5.47316467e+02 8.57960815e+02 5.83334045e+02
    1.17608093e+02 4.91936707e+02 1.30033203e+02 3.09572021e+02
    2.28049561e+02 1.66777283e+02 9.00358215e+02 2.87836426e+02
    9.08098755e+02 4.43131500e+02 6.27889160e+02 8.46371460e+02
    1.00003479e+02 3.44598450e+02 3.27441010e+02 3.91179230e+02
    6.22641602e+02 6.85722046e+02 2.05061646e+01 7.04240479e+02
    1.39957520e+02 1.17059479e+02 4.07370514e+02 5.84471985e+02
    5.27378723e+02 5.60188782e+02 6.59991577e+02 4.25090393e+02
    2.87857666e+02 8.07238770e+02 1.18274750e+02 3.81251312e+02
    4.45087708e+02 3.90186615e+02 2.79707886e+02 4.10586365e+02
    3.77254578e+02 8.85711731e+02 3.56599976e+02 8.54295044e+01
    2.16301605e+02 6.59886719e+02 7.03892090e+02 6.01800476e+02
    2.16272308e+02 4.29825592e+02 7.06970642e+02 3.87855957e+02
    8.67305786e+02 2.52817764e+02 2.71295288e+02 2.82838104e+02
    5.20369751e+02 6.98539001e+02 1.87631958e+02 3.69909790e+02
    2.46322632e+00 6.24803711e+02 9.30652283e+02 5.63036682e+02
    4.33971649e+02 1.97743256e+02 3.04581909e+01 6.35850342e+02
    2.98042847e+02 7.14612427e+02 7.70267639e+02 6.51627686e+02
    4.72615784e+02 1.28695312e+02 8.51257935e+02 7.63591309e+02
    2.77994476e+02 3.01354919e+02 5.16605103e+02 8.62361816e+02
    8.12028870e+02 6.92752930e+02 9.79445312e+02 1.99840057e+02
    2.93441223e+02 5.39301758e+01 5.65223938e+02 2.87481995e+01
    6.34357361e+02 8.91512329e+02 2.71615570e+02 5.87838013e+02
    2.38907166e+02 8.24810059e+02 4.01161865e+02 9.28791260e+02
    6.16567749e+02 3.99059021e+02 9.82722046e+02 8.19697266e+02
    5.13231506e+02 6.56052124e+02 1.50645630e+02 8.81666443e+02
    6.50723511e+02 4.43587219e+02 6.87010376e+02 9.46677551e+02
    3.28497559e+02 4.44614990e+02 1.91035248e+02 5.68537598e+02
    6.60932922e+02 4.61401520e+02 6.56780762e+02 1.90224243e+02
    2.82396576e+02 1.54549438e+02 2.54503326e+02 8.72838684e+02
    4.85792755e+02 2.67306030e+02 7.39010010e+02 9.39386230e+02
    2.63098450e+02 8.83706665e+00 6.76430176e+02 7.00388000e+02
    2.01105591e+02 8.08750488e+02 6.15615356e+02 7.75287598e+02
    9.44741089e+02 6.18304932e+02 5.30825317e+02 6.53661377e+02
    6.96888428e+02 5.20368591e+02 3.02036682e+02 4.29461365e+01</data></test_hist>
<my_hist type_id="opencv-matrix">
  <rows>256</rows>
  <cols>1</cols>
  <dt>f</dt>
  <data>
    2.83535522e+02 9.28750916e+02 1.15848047e+03 1.63830273e+03
    2.03297095e+03 2.15276880e+03 3.06985889e+03 3.08691309e+03
    3.94628809e+03 4.35906982e+03 4.60470166e+03 4.67595703e+03
    5.36890234e+03 5.79573779e+03 6.72733154e+03 7.33792188e+03
    7.43941504e+03 7.89129932e+03 8.75920312e+03 9.35620020e+03
    9.82757227e+03 1.07871035e+04 1.10724297e+04 1.19588076e+04
    1.26194609e+04 1.36192305e+04 1.43889316e+04 1.48879990e+04
    1.50098975e+04 1.54096797e+04 1.59124902e+04 1.66349492e+04
    1.74477969e+04 1.78653340e+04 1.86676211e+04 1.92940625e+04
    1.98672930e+04 2.06157812e+04 2.06508555e+04 2.11970410e+04
    2.19802715e+04 2.24382910e+04 2.28032852e+04 2.36214609e+04
    2.36807695e+04 2.46655117e+04 2.49868301e+04 2.56472383e+04
    2.59696836e+04 2.64459961e+04 2.70080586e+04 2.75068105e+04
    2.76828008e+04 2.84291836e+04 2.89317539e+04 2.98341309e+04
    2.99743047e+04 3.04943516e+04 3.06753691e+04 3.11045820e+04
    3.16236484e+04 3.21453340e+04 3.22587422e+04 3.25070898e+04
    3.30761094e+04 3.33659258e+04 3.39247930e+04 3.45989648e+04
    3.53978945e+04 3.61546172e+04 3.68747656e+04 3.72335664e+04
    3.73672969e+04 3.73978711e+04 3.77031133e+04 3.83421680e+04
    3.84070234e+04 3.86010078e+04 3.95991992e+04 39839. 4.00498242e+04
    4.00601055e+04 4.03609922e+04 4.03776719e+04 4.09618008e+04
    4.14145352e+04 4.15518633e+04 4.19774688e+04 4.22375156e+04
    4.29982422e+04 4.38487852e+04 4.44285977e+04 4.53317578e+04
    4.60905742e+04 4.66801641e+04 4.73211367e+04 4.78903867e+04
    4.85608125e+04 4.92266758e+04 4.98339883e+04 4.99221133e+04
    5.08676445e+04 5.16045352e+04 5.25179609e+04 5.34909844e+04
    5.40762422e+04 5.44005859e+04 5.51263984e+04 5.57498867e+04
    5.66609102e+04 5.70405117e+04 5.78848672e+04 5.79497031e+04
    5.81169609e+04 5.88465273e+04 5.98258672e+04 6.02991406e+04
    6.08464570e+04 6.17044180e+04 6.22877539e+04 6.24053633e+04
    6.28973008e+04 6.30273359e+04 6.33369062e+04 6.35649570e+04
    6.37317344e+04 6.46320938e+04 6.49199297e+04 6.58280312e+04
    6.62711641e+04 6.68990547e+04 6.77454297e+04 6.78454297e+04
    6.81900312e+04 6.85174688e+04 6.89086484e+04 6.95312891e+04
    7.02170078e+04 7.02375156e+04 7.09417578e+04 7.10817188e+04
    7.11987812e+04 7.16061484e+04 7.21906172e+04 7.27179922e+04
    7.32781797e+04 7.39381719e+04 7.43632656e+04 7.46511250e+04
    7.54583672e+04 7.55766406e+04 7.59578906e+04 7.64029766e+04
    7.67931641e+04 7.70728750e+04 7.74834609e+04 7.78607188e+04
    7.87464297e+04 7.91030312e+04 7.91884609e+04 7.94047656e+04
    8.00646562e+04 8.07685469e+04 8.13703438e+04 8.15866172e+04
    8.20164453e+04 8.27234141e+04 8.31112734e+04 8.39785781e+04
    8.42313984e+04 8.45026953e+04 8.47855312e+04 8.53058984e+04
    8.60044375e+04 8.61920703e+04 8.65619766e+04 8.65644375e+04
    8.71892422e+04 8.81198906e+04 8.86829297e+04 8.91168984e+04
    8.93146406e+04 8.93451016e+04 8.99809531e+04 9.02789922e+04
    9.09936016e+04 9.17638672e+04 9.24154922e+04 9.28881094e+04
    9.30168047e+04 9.38680625e+04 9.46316562e+04 9.49096484e+04 95211.
    9.57276016e+04 9.65899609e+04 9.74019922e+04 9.80947422e+04
    9.90741875e+04 9.92740312e+04 9.95674688e+04 9.96213984e+04
    1.00186625e+05 1.00215375e+05 1.00849734e+05 1.01741250e+05
    1.02012867e+05 1.02600703e+05 1.02839609e+05 1.03664422e+05
    1.04065586e+05 1.04994375e+05 1.05610945e+05 1.06010008e+05
    1.06992727e+05 1.07812422e+05 1.08325656e+05 1.08981711e+05
    1.09132359e+05 1.10014023e+05 1.10664750e+05 1.11108336e+05
    1.11795344e+05 1.12742023e+05 1.13070523e+05 1.13515141e+05
    1.13706180e+05 1.14274719e+05 1.14935648e+05 1.15397047e+05
    1.16053828e+05 1.16244055e+05 1.16526453e+05 116681. 1.16935500e+05
    1.17808336e+05 1.18294125e+05 1.18561430e+05 1.19300438e+05
    1.20239820e+05 1.20502922e+05 1.20511758e+05 1.21188188e+05
    1.21888578e+05 1.22089688e+05 1.22898438e+05 1.23514055e+05
    1.24289344e+05 1.25234086e+05 1.25852391e+05 1.26383219e+05
    1.27036883e+05 1.27733773e+05 1.28254141e+05 1.28556180e+05
    1.28599125e+05</data></my_hist>
<your_hist type_id="opencv-matrix">
  <rows>256</rows>
  <cols>1</cols>
  <dt>f</dt>
  <data>
    2.83535522e+02 6.45215393e+02 2.29729492e+02 4.79822235e+02
    3.94668213e+02 1.19797913e+02 9.17089966e+02 1.70541992e+01
    8.59375000e+02 4.12781769e+02 2.45631607e+02 7.12553406e+01
    6.92945557e+02 4.26835388e+02 9.31593567e+02 6.10590332e+02
    1.01492920e+02 4.51884338e+02 8.67903442e+02 5.96996643e+02
    4.71372253e+02 9.59531006e+02 2.85326355e+02 8.86377930e+02
    6.60653137e+02 9.99769470e+02 7.69700684e+02 4.99067352e+02
    1.21898682e+02 3.99782440e+02 5.02810577e+02 7.22458130e+02
    8.12847290e+02 4.17537140e+02 8.02287903e+02 6.26440430e+02
    5.73229919e+02 7.48488586e+02 3.50743103e+01 5.46184937e+02
    7.83230713e+02 4.58019165e+02 3.64994080e+02 8.18175720e+02
    5.93086243e+01 9.84741882e+02 3.21318359e+02 6.60408997e+02
    3.22445618e+02 4.76312683e+02 5.62063171e+02 4.98752686e+02
    1.75990479e+02 7.46381836e+02 5.02570312e+02 9.02377319e+02
    1.40173279e+02 5.20046021e+02 1.81016785e+02 4.29213013e+02
    5.19066711e+02 5.21685547e+02 1.13409058e+02 2.48347168e+02
    5.69019348e+02 2.89815338e+02 5.58866455e+02 6.74170166e+02
    7.98930176e+02 7.56722534e+02 7.20150146e+02 3.58800171e+02
    1.33730164e+02 3.05753784e+01 3.05241516e+02 6.39056274e+02
    6.48539429e+01 1.93983459e+02 9.98189941e+02 2.39801605e+02
    2.10823700e+02 1.02829895e+01 3.00888428e+02 1.66785583e+01
    5.84127563e+02 4.52733765e+02 1.37327789e+02 4.25605591e+02
    2.60045837e+02 7.60726440e+02 8.50542847e+02 5.79812500e+02
    9.03159973e+02 7.58817261e+02 5.89588806e+02 6.40973267e+02
    5.69249817e+02 6.70424133e+02 6.65864258e+02 6.07313171e+02
    8.81265564e+01 9.45531494e+02 7.36891113e+02 9.13425659e+02
    9.73023560e+02 5.85256531e+02 3.24344177e+02 7.25813232e+02
    6.23487305e+02 9.11022522e+02 3.79602203e+02 8.44354248e+02
    6.48352966e+01 1.67258575e+02 7.29564880e+02 9.79340942e+02
    4.73272369e+02 5.47316467e+02 8.57960815e+02 5.83334045e+02
    1.17608093e+02 4.91936707e+02 1.30033203e+02 3.09572021e+02
    2.28049561e+02 1.66777283e+02 9.00358215e+02 2.87836426e+02
    9.08098755e+02 4.43131500e+02 6.27889160e+02 8.46371460e+02
    1.00003479e+02 3.44598450e+02 3.27441010e+02 3.91179230e+02
    6.22641602e+02 6.85722046e+02 2.05061646e+01 7.04240479e+02
    1.39957520e+02 1.17059479e+02 4.07370514e+02 5.84471985e+02
    5.27378723e+02 5.60188782e+02 6.59991577e+02 4.25090393e+02
    2.87857666e+02 8.07238770e+02 1.18274750e+02 3.81251312e+02
    4.45087708e+02 3.90186615e+02 2.79707886e+02 4.10586365e+02
    3.77254578e+02 8.85711731e+02 3.56599976e+02 8.54295044e+01
    2.16301605e+02 6.59886719e+02 7.03892090e+02 6.01800476e+02
    2.16272308e+02 4.29825592e+02 7.06970642e+02 3.87855957e+02
    8.67305786e+02 2.52817764e+02 2.71295288e+02 2.82838104e+02
    5.20369751e+02 6.98539001e+02 1.87631958e+02 3.69909790e+02
    2.46322632e+00 6.24803711e+02 9.30652283e+02 5.63036682e+02
    4.33971649e+02 1.97743256e+02 3.04581909e+01 6.35850342e+02
    2.98042847e+02 7.14612427e+02 7.70267639e+02 6.51627686e+02
    4.72615784e+02 1.28695312e+02 8.51257935e+02 7.63591309e+02
    2.77994476e+02 3.01354919e+02 5.16605103e+02 8.62361816e+02
    8.12028870e+02 6.92752930e+02 9.79445312e+02 1.99840057e+02
    2.93441223e+02 5.39301758e+01 5.65223938e+02 2.87481995e+01
    6.34357361e+02 8.91512329e+02 2.71615570e+02 5.87838013e+02
    2.38907166e+02 8.24810059e+02 4.01161865e+02 9.28791260e+02
    6.16567749e+02 3.99059021e+02 9.82722046e+02 8.19697266e+02
    5.13231506e+02 6.56052124e+02 1.50645630e+02 8.81666443e+02
    6.50723511e+02 4.43587219e+02 6.87010376e+02 9.46677551e+02
    3.28497559e+02 4.44614990e+02 1.91035248e+02 5.68537598e+02
    6.60932922e+02 4.61401520e+02 6.56780762e+02 1.90224243e+02
    2.82396576e+02 1.54549438e+02 2.54503326e+02 8.72838684e+02
    4.85792755e+02 2.67306030e+02 7.39010010e+02 9.39386230e+02
    2.63098450e+02 8.83706665e+00 6.76430176e+02 7.00388000e+02
    2.01105591e+02 8.08750488e+02 6.15615356e+02 7.75287598e+02
    9.44741089e+02 6.18304932e+02 5.30825317e+02 6.53661377e+02
    6.96888428e+02 5.20368591e+02 3.02036682e+02 4.29461365e+01</data></your_hist>
</opencv_storage>
