<?xml version="1.0"?>
<opencv_storage>
<L2_diff>1.0774135696193919e+03</L2_diff>
<hue>60</hue>
<sensitivity>10</sensitivity>
<test_foreg type_id="opencv-matrix">
  <rows>30</rows>
  <cols>20</cols>
  <dt>"3u"</dt>
  <data>
    102 245 50 247 82 251 113 101 28 26 137 67 220 98 183 151 193 122 6
    142 34 167 87 206 201 30 38 144 41 240 243 114 147 219 70 49 231 51
    84 52 61 52 254 88 161 40 227 237 225 36 129 113 21 106 92 82 62 122
    222 213 203 171 22 217 215 177 171 253 99 206 231 44 139 124 56 14
    202 76 31 224 241 91 107 127 54 155 100 112 229 127 205 73 140 216
    212 24 126 243 19 122 176 148 7 144 229 108 125 28 147 209 8 206 31
    152 49 140 29 125 48 231 241 219 92 50 254 1 46 89 84 187 233 4 9
    116 185 100 63 168 24 242 121 136 52 207 113 244 94 33 183 113 250
    110 59 118 39 148 8 136 102 184 224 81 63 164 26 207 19 192 117 39
    137 240 98 137 171 55 221 176 50 43 122 85 191 30 74 82 113 148 173
    204 70 173 202 110 112 172 161 239 249 210 255 60 69 125 59 92 162
    130 230 130 1 56 212 176 245 74 33 57 118 11 14 145 133 122 107 114
    223 189 248 147 30 27 250 41 146 68 33 168 195 210 115 231 70 128 14
    62 245 151 215 73 106 24 168 59 249 21 179 79 211 195 158 56 111 120
    36 130 4 116 56 146 38 162 65 118 86 236 105 69 88 90 95 152 79 92
    161 146 5 66 51 244 14 35 244 1 152 231 87 154 188 209 75 70 11 69 1
    100 119 206 159 79 137 19 89 97 127 69 246 19 120 57 38 133 87 43
    155 115 253 85 89 249 199 36 28 251 134 173 23 120 240 9 131 80 196
    223 122 56 174 106 164 248 168 121 68 83 144 144 45 93 140 73 222
    166 198 57 239 142 62 124 58 194 143 248 49 98 123 194 156 152 226
    226 210 248 217 232 149 159 110 235 151 171 128 121 205 142 216 231
    232 150 244 255 99 207 212 89 70 181 20 184 196 141 63 246 147 249
    11 168 252 34 243 243 148 7 0 237 226 120 234 110 222 212 88 151 100
    198 250 33 137 243 227 147 103 216 191 181 66 187 240 226 190 176 78
    171 222 199 63 138 136 78 137 246 29 174 67 84 97 19 47 87 184 178
    234 170 70 84 27 0 192 11 160 197 232 53 38 129 73 205 18 150 113 62
    83 220 248 130 188 51 231 55 178 60 79 242 152 6 149 177 250 203 191
    91 136 252 25 208 156 250 28 108 163 209 60 4 27 17 102 151 191 19
    91 196 184 255 2 91 178 254 178 163 161 57 140 19 104 114 32 195 246
    94 15 38 234 150 20 218 164 179 168 115 10 98 229 170 174 195 125
    162 86 118 32 89 189 242 195 21 126 22 119 203 183 209 118 174 245
    180 20 109 120 30 67 206 73 170 182 44 175 249 247 202 13 117 171
    248 239 20 252 47 33 234 229 251 43 254 44 133 134 168 230 194 14
    247 76 154 248 197 253 227 168 103 33 153 0 80 210 5 226 102 165 211
    86 153 130 130 156 226 204 115 69 3 150 36 114 247 101 135 177 34 53
    49 26 28 89 253 188 207 118 165 130 223 234 157 147 18 14 145 41 53
    11 175 45 123 191 133 188 105 238 215 137 114 42 73 254 225 14 255
    161 74 111 172 142 191 41 19 242 231 221 63 182 213 128 230 31 132
    102 249 31 8 64 206 235 94 30 203 153 175 186 121 252 189 209 38 254
    221 184 247 154 178 56 2 103 245 102 23 220 228 108 233 183 141 151
    195 245 151 29 74 211 237 225 209 104 232 151 200 64 34 238 81 162
    234 208 122 207 202 54 148 80 197 155 226 107 108 205 181 84 160 7
    189 51 196 68 218 81 148 106 134 153 199 28 67 228 126 79 153 80 160
    93 22 237 43 2 157 65 155 21 118 94 46 34 189 19 85 232 134 62 157
    14 45 53 152 117 174 109 193 48 67 36 211 180 85 200 9 187 93 3 31
    107 121 226 197 206 15 53 247 245 172 197 96 148 29 159 17 108 217
    234 61 217 195 235 111 218 104 100 50 144 130 166 54 104 137 76 89
    170 108 183 219 34 62 158 72 189 171 163 23 157 19 189 217 237 227
    135 162 6 163 235 104 92 147 85 197 26 150 182 150 44 174 239 94 95
    4 178 116 39 155 21 222 182 125 154 111 166 54 204 49 119 160 47 154
    28 115 125 102 234 163 210 141 45 205 150 105 65 151 214 16 68 71 67
    60 130 34 64 217 252 183 71 242 26 144 163 108 162 38 117 16 54 130
    187 205 187 136 237 247 46 63 173 32 161 193 240 82 198 191 151 22
    166 212 62 227 89 26 115 103 219 148 243 29 110 160 74 140 8 49 18
    127 94 10 175 88 207 215 51 64 132 2 108 136 209 245 234 94 123 243
    30 50 17 207 173 92 139 14 167 115 167 165 58 181 119 134 153 190
    171 245 5 224 118 165 37 228 188 86 188 89 42 13 103 172 187 109 120
    218 29 31 87 235 151 48 109 118 135 246 109 251 8 240 177 62 120 64
    143 8 68 211 218 21 173 113 72 96 186 189 142 109 119 92 22 185 245
    9 40 84 65 160 48 68 153 5 122 49 146 96 181 249 75 177 86 73 185
    119 141 159 176 92 120 230 101 60 148 118 133 21 126 137 15 61 247
    183 167 95 74 224 176 97 99 138 157 118 120 58 196 227 104 173 212
    222 28 124 212 60 161 225 68 15 89 251 141 245 233 190 116 161 136
    232 216 21 116 192 110 82 161 234 123 222 223 32 34 162 147 167 171
    126 182 153 232 150 178 10 39 119 124 243 205 100 233 201 67 20 169
    119 210 203 185 183 188 152 203 19 153 38 114 234 179 207 59 24 45
    248 13 124 16 10 24 2 122 212 16 211 61 73 225 60 4 4 207 106 26 6
    169 82 44 73 239 175 52 21 161 90 222 78 229 23 235 107 249 108 66
    39 123 4 170 170 232 207 182 210 68 205 33 125 147 150 196 37 83 117
    109 111 26 122 178 26 184 115 164 184 185 47 88 163 59 112 122 37
    111 19 26 53 177 147 49 157 179 160 26 84 21 115 171 33 151 60 237
    153 154 48 130 19 165 99 11 215 29 167 128 62 169 5 82 58 86 175 151
    88 151 1 115 205 91 86 45 130 225 216 201 205 247 162 92 238 9 97
    251 76 61 8 180 184 8 127 225 63 14 50 3 105 209 162 223 117 17 72
    247 5 8 57 4 131 74 90 249 142 221 172 234 106 199 45 12 27 90 143
    212 55 83 230 29 243 5 214 205 91 188 116 202 158 217 101 87 178 209
    87 47 166 85 20 47 142 86 173 197 188 166 215 203 83 21 220 67 179
    80 240 47 17 98 115 84 135 20 26 180 87 178 18 70 97 120 193 209 68
    173 238 222 8 109 119 81 38 197 250 202 4 67 99 139 98 91 156 247 26
    36 187 23 209 62 200 78 96 114 143 136 92 22 219 64 135 58 69 103
    241 202 115 60 26 195 116 241 127 209 7 4 29 50 184 174 145 190 158
    127 34 56 2 103 97 185 234 29 145 104 158 235 150 244 81 199 75 92
    47 224 39 91 72 50 82 8 18 2 197 148 220 186 254 249 162 16 158 242
    192 247 229 148 96 32 80 163 245 9 170 229 213 49 39 36 170 232 237
    11 141 192 41 141 16 122 92 175 11 91 164 175 71 209 98 37 95 87 150
    159 59 35 75 12 175 89 213 247 54 3 1 214 95 14 230 202 221 68 114
    69 171 66 60 182 97 160 143 191 180 70 56 39 219 240 152 203 18 84
    11 173 111 209 208 9 132 237 68 221 59 12 140 169 246 218 73 201 132
    86 131 67 83 208 67 91 127 47 27 184 197 66 47 197 159 182 173 243
    207 58 192 106 6 248 125 111 208 169 212 82 136 181 71 48 51 54 203
    90 45 67 68 15 102 94 195 118 196 10 11 75 33 227 254 44 120 233 174
    121 218 150 72 69 207 197 209 140 228 64 209 24 163 202 238 68 84
    207 222 231 4 251 101 225 138 156 227 196 220 21 246 198 109 46 34
    48 248 159 12 223 178 47 16 101 82 40 45 58 126 253 137 122 154 199
    215 208 243 94 88 96 193 109 125 128 139 99 68 222 84 247 248 196
    136 110 148 14 99 222 4 171 64</data></test_foreg>
<test_backg type_id="opencv-matrix">
  <rows>60</rows>
  <cols>40</cols>
  <dt>"3u"</dt>
  <data>
    128 128 128 128 128 128 128 128 128 128 128 128 128 128 128 128 128
    128 128 128 128 128 128 128 128 128 128 128 128 128 128 128 128 128
    128 128 128 128 128 128 128 128 128 128 128 128 128 128 128 128 128
    128 128 128 128 128 128 128 128 128 128 128 128 128 128 128 128 128
    128 128 128 128 128 128 128 128 128 128 128 128 128 128 128 128 128
    128 128 128 128 128 128 128 128 128 128 128 128 128 128 128 128 128
    128 128 128 128 128 128 128 128 128 128 128 128 128 128 128 128 128
    128 128 128 128 128 128 128 128 128 128 128 128 128 128 128 128 128
    128 128 128 128 128 128 128 128 128 128 128 128 128 128 128 128 128
    128 128 128 128 128 128 128 128 128 128 128 128 128 128 128 128 128
    128 128 128 128 128 128 128 128 128 128 128 128 128 128 128 128 128
    128 128 128 128 128 128 128 128 128 128 128 128 128 128 128 128 128
    128 128 128 128 128 128 128 128 128 128 128 128 128 128 128 128 128
    128 128 128 128 128 128 128 128 128 128 128 128 128 128 128 128 128
    128 128 128 128 128 128 128 128 128 128 128 128 128 128 128 128 128
    128 128 128 128 128 128 128 128 128 128 128 128 128 128 128 128 128
    128 128 128 128 128 128 128 128 128 128 128 128 128 128 128 128 128
    128 128 128 128 128 128 128 128 128 128 128 128 128 128 128 128 128
    128 128 128 128 128 128 128 128 128 128 128 128 128 128 128 128 128
    128 128 128 128 128 128 128 128 128 128 128 128 128 128 128 128 128
    128 128 128 128 128 128 128 128 128 128 128 128 128 128 128 128 128
    128 128 128 128 128 128 128 128 128 128 128 128 128 128 128 128 128
    128 128 128 128 128 128 128 128 128 128 128 128 128 128 128 128 128
    128 128 128 128 128 128 128 128 128 128 128 128 128 128 128 128 128
    128 128 128 128 128 128 128 128 128 128 128 128 128 128 128 128 128
    128 128 128 128 128 128 128 128 128 128 128 128 128 128 128 128 128
    128 128 128 128 128 128 128 128 128 128 128 128 128 128 128 128 128
    128 128 128 128 128 128 128 128 128 128 128 128 128 128 128 128 128
    128 128 128 128 128 128 128 128 128 128 128 128 128 128 128 128 128
    128 128 128 128 128 128 128 128 128 128 128 128 128 128 128 128 128
    128 128 128 128 128 128 128 128 128 128 128 128 128 128 128 128 128
    128 128 128 128 128 128 128 128 128 128 128 128 128 128 128 128 128
    128 128 128 128 128 128 128 128 128 128 128 128 128 128 128 128 128
    128 128 128 128 128 128 128 128 128 128 128 128 128 128 128 128 128
    128 128 128 128 128 128 128 128 128 128 128 128 128 128 128 128 128
    128 128 128 128 128 128 128 128 128 128 128 128 128 128 128 128 128
    128 128 128 128 128 128 128 128 128 128 128 128 128 128 128 128 128
    128 128 128 128 128 128 128 128 128 128 128 128 128 128 128 128 128
    128 128 128 128 128 128 128 128 128 128 128 128 128 128 128 128 128
    128 128 128 128 128 128 128 128 128 128 128 128 128 128 128 128 128
    128 128 128 128 128 128 128 128 128 128 128 128 128 128 128 128 128
    128 128 128 128 128 128 128 128 128 128 128 128 128 128 128 128 128
    128 128 128 128 128 128 128 128 128 128 128 128 128 128 128 128 128
    128 128 128 128 128 128 128 128 128 128 128 128 128 128 128 128 128
    128 128 128 128 128 128 128 128 128 128 128 128 128 128 128 128 128
    128 128 128 128 128 128 128 128 128 128 128 128 128 128 128 128 128
    128 128 128 128 128 128 128 128 128 128 128 128 128 128 128 128 128
    128 128 128 128 128 128 128 128 128 128 128 128 128 128 128 128 128
    128 128 128 128 128 128 128 128 128 128 128 128 128 128 128 128 128
    128 128 128 128 128 128 128 128 128 128 128 128 128 128 128 128 128
    128 128 128 128 128 128 128 128 128 128 128 128 128 128 128 128 128
    128 128 128 128 128 128 128 128 128 128 128 128 128 128 128 128 128
    128 128 128 128 128 128 128 128 128 128 128 128 128 128 128 128 128
    128 128 128 128 128 128 128 128 128 128 128 128 128 128 128 128 128
    128 128 128 128 128 128 128 128 128 128 128 128 128 128 128 128 128
    128 128 128 128 128 128 128 128 128 128 128 128 128 128 128 128 128
    128 128 128 128 128 128 128 128 128 128 128 128 128 128 128 128 128
    128 128 128 128 128 128 128 128 128 128 128 128 128 128 128 128 128
    128 128 128 128 128 128 128 128 128 128 128 128 128 128 128 128 128
    128 128 128 128 128 128 128 128 128 128 128 128 128 128 128 128 128
    128 128 128 128 128 128 128 128 128 128 128 128 128 128 128 128 128
    128 128 128 128 128 128 128 128 128 128 128 128 128 128 128 128 128
    128 128 128 128 128 128 128 128 128 128 128 128 128 128 128 128 128
    128 128 128 128 128 128 128 128 128 128 128 128 128 128 128 128 128
    128 128 128 128 128 128 128 128 128 128 128 128 128 128 128 128 128
    128 128 128 128 128 128 128 128 128 128 128 128 128 128 128 128 128
    128 128 128 128 128 128 128 128 128 128 128 128 128 128 128 128 128
    128 128 128 128 128 128 128 128 128 128 128 128 128 128 128 128 128
    128 128 128 128 128 128 128 128 128 128 128 128 128 128 128 128 128
    128 128 128 128 128 128 128 128 128 128 128 128 128 128 128 128 128
    128 128 128 128 128 128 128 128 128 128 128 128 128 128 128 128 128
    128 128 128 128 128 128 128 128 128 128 128 128 128 128 128 128 128
    128 128 128 128 128 128 128 128 128 128 128 128 128 128 128 128 128
    128 128 128 128 128 128 128 128 128 128 128 128 128 128 128 128 128
    128 128 128 128 128 128 128 128 128 128 128 128 128 128 128 128 128
    128 128 128 128 128 128 128 128 128 128 128 128 128 128 128 128 128
    128 128 128 128 128 128 128 128 128 128 128 128 128 128 128 128 128
    128 128 128 128 128 128 128 128 128 128 128 128 128 128 128 128 128
    128 128 128 128 128 128 128 128 128 128 128 128 128 128 128 128 128
    128 128 128 128 128 128 128 128 128 128 128 128 128 128 128 128 128
    128 128 128 128 128 128 128 128 128 128 128 128 128 128 128 128 128
    128 128 128 128 128 128 128 128 128 128 128 128 128 128 128 128 128
    128 128 128 128 128 128 128 128 128 128 128 128 128 128 128 128 128
    128 128 128 128 128 128 128 128 128 128 128 128 128 128 128 128 128
    128 128 128 128 128 128 128 128 128 128 128 128 128 128 128 128 128
    128 128 128 128 128 128 128 128 128 128 128 128 128 128 128 128 128
    128 128 128 128 128 128 128 128 128 128 128 128 128 128 128 128 128
    128 128 128 128 128 128 128 128 128 128 128 128 128 128 128 128 128
    128 128 128 128 128 128 128 128 128 128 128 128 128 128 128 128 128
    128 128 128 128 128 128 128 128 128 128 128 128 128 128 128 128 128
    128 128 128 128 128 128 128 128 128 128 128 128 128 128 128 128 128
    128 128 128 128 128 128 128 128 128 128 128 128 128 128 128 128 128
    128 128 128 128 128 128 128 128 128 128 128 128 128 128 128 128 128
    128 128 128 128 128 128 128 128 128 128 128 128 128 128 128 128 128
    128 128 128 128 128 128 128 128 128 128 128 128 128 128 128 128 128
    128 128 128 128 128 128 128 128 128 128 128 128 128 128 128 128 128
    128 128 128 128 128 128 128 128 128 128 128 128 128 128 128 128 128
    128 128 128 128 128 128 128 128 128 128 128 128 128 128 128 128 128
    128 128 128 128 128 128 128 128 128 128 128 128 128 128 128 128 128
    128 128 128 128 128 128 128 128 128 128 128 128 128 128 128 128 128
    128 128 128 128 128 128 128 128 128 128 128 128 128 128 128 128 128
    128 128 128 128 128 128 128 128 128 128 128 128 128 128 128 128 128
    128 128 128 128 128 128 128 128 128 128 128 128 128 128 128 128 128
    128 128 128 128 128 128 128 128 128 128 128 128 128 128 128 128 128
    128 128 128 128 128 128 128 128 128 128 128 128 128 128 128 128 128
    128 128 128 128 128 128 128 128 128 128 128 128 128 128 128 128 128
    128 128 128 128 128 128 128 128 128 128 128 128 128 128 128 128 128
    128 128 128 128 128 128 128 128 128 128 128 128 128 128 128 128 128
    128 128 128 128 128 128 128 128 128 128 128 128 128 128 128 128 128
    128 128 128 128 128 128 128 128 128 128 128 128 128 128 128 128 128
    128 128 128 128 128 128 128 128 128 128 128 128 128 128 128 128 128
    128 128 128 128 128 128 128 128 128 128 128 128 128 128 128 128 128
    128 128 128 128 128 128 128 128 128 128 128 128 128 128 128 128 128
    128 128 128 128 128 128 128 128 128 128 128 128 128 128 128 128 128
    128 128 128 128 128 128 128 128 128 128 128 128 128 128 128 128 128
    128 128 128 128 128 128 128 128 128 128 128 128 128 128 128 128 128
    128 128 128 128 128 128 128 128 128 128 128 128 128 128 128 128 128
    128 128 128 128 128 128 128 128 128 128 128 128 128 128 128 128 128
    128 128 128 128 128 128 128 128 128 128 128 128 128 128 128 128 128
    128 128 128 128 128 128 128 128 128 128 128 128 128 128 128 128 128
    128 128 128 128 128 128 128 128 128 128 128 128 128 128 128 128 128
    128 128 128 128 128 128 128 128 128 128 128 128 128 128 128 128 128
    128 128 128 128 128 128 128 128 128 128 128 128 128 128 128 128 128
    128 128 128 128 128 128 128 128 128 128 128 128 128 128 128 128 128
    128 128 128 128 128 128 128 128 128 128 128 128 128 128 128 128 128
    128 128 128 128 128 128 128 128 128 128 128 128 128 128 128 128 128
    128 128 128 128 128 128 128 128 128 128 128 128 128 128 128 128 128
    128 128 128 128 128 128 128 128 128 128 128 128 128 128 128 128 128
    128 128 128 128 128 128 128 128 128 128 128 128 128 128 128 128 128
    128 128 128 128 128 128 128 128 128 128 128 128 128 128 128 128 128
    128 128 128 128 128 128 128 128 128 128 128 128 128 128 128 128 128
    128 128 128 128 128 128 128 128 128 128 128 128 128 128 128 128 128
    128 128 128 128 128 128 128 128 128 128 128 128 128 128 128 128 128
    128 128 128 128 128 128 128 128 128 128 128 128 128 128 128 128 128
    128 128 128 128 128 128 128 128 128 128 128 128 128 128 128 128 128
    128 128 128 128 128 128 128 128 128 128 128 128 128 128 128 128 128
    128 128 128 128 128 128 128 128 128 128 128 128 128 128 128 128 128
    128 128 128 128 128 128 128 128 128 128 128 128 128 128 128 128 128
    128 128 128 128 128 128 128 128 128 128 128 128 128 128 128 128 128
    128 128 128 128 128 128 128 128 128 128 128 128 128 128 128 128 128
    128 128 128 128 128 128 128 128 128 128 128 128 128 128 128 128 128
    128 128 128 128 128 128 128 128 128 128 128 128 128 128 128 128 128
    128 128 128 128 128 128 128 128 128 128 128 128 128 128 128 128 128
    128 128 128 128 128 128 128 128 128 128 128 128 128 128 128 128 128
    128 128 128 128 128 128 128 128 128 128 128 128 128 128 128 128 128
    128 128 128 128 128 128 128 128 128 128 128 128 128 128 128 128 128
    128 128 128 128 128 128 128 128 128 128 128 128 128 128 128 128 128
    128 128 128 128 128 128 128 128 128 128 128 128 128 128 128 128 128
    128 128 128 128 128 128 128 128 128 128 128 128 128 128 128 128 128
    128 128 128 128 128 128 128 128 128 128 128 128 128 128 128 128 128
    128 128 128 128 128 128 128 128 128 128 128 128 128 128 128 128 128
    128 128 128 128 128 128 128 128 128 128 128 128 128 128 128 128 128
    128 128 128 128 128 128 128 128 128 128 128 128 128 128 128 128 128
    128 128 128 128 128 128 128 128 128 128 128 128 128 128 128 128 128
    128 128 128 128 128 128 128 128 128 128 128 128 128 128 128 128 128
    128 128 128 128 128 128 128 128 128 128 128 128 128 128 128 128 128
    128 128 128 128 128 128 128 128 128 128 128 128 128 128 128 128 128
    128 128 128 128 128 128 128 128 128 128 128 128 128 128 128 128 128
    128 128 128 128 128 128 128 128 128 128 128 128 128 128 128 128 128
    128 128 128 128 128 128 128 128 128 128 128 128 128 128 128 128 128
    128 128 128 128 128 128 128 128 128 128 128 128 128 128 128 128 128
    128 128 128 128 128 128 128 128 128 128 128 128 128 128 128 128 128
    128 128 128 128 128 128 128 128 128 128 128 128 128 128 128 128 128
    128 128 128 128 128 128 128 128 128 128 128 128 128 128 128 128 128
    128 128 128 128 128 128 128 128 128 128 128 128 128 128 128 128 128
    128 128 128 128 128 128 128 128 128 128 128 128 128 128 128 128 128
    128 128 128 128 128 128 128 128 128 128 128 128 128 128 128 128 128
    128 128 128 128 128 128 128 128 128 128 128 128 128 128 128 128 128
    128 128 128 128 128 128 128 128 128 128 128 128 128 128 128 128 128
    128 128 128 128 128 128 128 128 128 128 128 128 128 128 128 128 128
    128 128 128 128 128 128 128 128 128 128 128 128 128 128 128 128 128
    128 128 128 128 128 128 128 128 128 128 128 128 128 128 128 128 128
    128 128 128 128 128 128 128 128 128 128 128 128 128 128 128 128 128
    128 128 128 128 128 128 128 128 128 128 128 128 128 128 128 128 128
    128 128 128 128 128 128 128 128 128 128 128 128 128 128 128 128 128
    128 128 128 128 128 128 128 128 128 128 128 128 128 128 128 128 128
    128 128 128 128 128 128 128 128 128 128 128 128 128 128 128 128 128
    128 128 128 128 128 128 128 128 128 128 128 128 128 128 128 128 128
    128 128 128 128 128 128 128 128 128 128 128 128 128 128 128 128 128
    128 128 128 128 128 128 128 128 128 128 128 128 128 128 128 128 128
    128 128 128 128 128 128 128 128 128 128 128 128 128 128 128 128 128
    128 128 128 128 128 128 128 128 128 128 128 128 128 128 128 128 128
    128 128 128 128 128 128 128 128 128 128 128 128 128 128 128 128 128
    128 128 128 128 128 128 128 128 128 128 128 128 128 128 128 128 128
    128 128 128 128 128 128 128 128 128 128 128 128 128 128 128 128 128
    128 128 128 128 128 128 128 128 128 128 128 128 128 128 128 128 128
    128 128 128 128 128 128 128 128 128 128 128 128 128 128 128 128 128
    128 128 128 128 128 128 128 128 128 128 128 128 128 128 128 128 128
    128 128 128 128 128 128 128 128 128 128 128 128 128 128 128 128 128
    128 128 128 128 128 128 128 128 128 128 128 128 128 128 128 128 128
    128 128 128 128 128 128 128 128 128 128 128 128 128 128 128 128 128
    128 128 128 128 128 128 128 128 128 128 128 128 128 128 128 128 128
    128 128 128 128 128 128 128 128 128 128 128 128 128 128 128 128 128
    128 128 128 128 128 128 128 128 128 128 128 128 128 128 128 128 128
    128 128 128 128 128 128 128 128 128 128 128 128 128 128 128 128 128
    128 128 128 128 128 128 128 128 128 128 128 128 128 128 128 128 128
    128 128 128 128 128 128 128 128 128 128 128 128 128 128 128 128 128
    128 128 128 128 128 128 128 128 128 128 128 128 128 128 128 128 128
    128 128 128 128 128 128 128 128 128 128 128 128 128 128 128 128 128
    128 128 128 128 128 128 128 128 128 128 128 128 128 128 128 128 128
    128 128 128 128 128 128 128 128 128 128 128 128 128 128 128 128 128
    128 128 128 128 128 128 128 128 128 128 128 128 128 128 128 128 128
    128 128 128 128 128 128 128 128 128 128 128 128 128 128 128 128 128
    128 128 128 128 128 128 128 128 128 128 128 128 128 128 128 128 128
    128 128 128 128 128 128 128 128 128 128 128 128 128 128 128 128 128
    128 128 128 128 128 128 128 128 128 128 128 128 128 128 128 128 128
    128 128 128 128 128 128 128 128 128 128 128 128 128 128 128 128 128
    128 128 128 128 128 128 128 128 128 128 128 128 128 128 128 128 128
    128 128 128 128 128 128 128 128 128 128 128 128 128 128 128 128 128
    128 128 128 128 128 128 128 128 128 128 128 128 128 128 128 128 128
    128 128 128 128 128 128 128 128 128 128 128 128 128 128 128 128 128
    128 128 128 128 128 128 128 128 128 128 128 128 128 128 128 128 128
    128 128 128 128 128 128 128 128 128 128 128 128 128 128 128 128 128
    128 128 128 128 128 128 128 128 128 128 128 128 128 128 128 128 128
    128 128 128 128 128 128 128 128 128 128 128 128 128 128 128 128 128
    128 128 128 128 128 128 128 128 128 128 128 128 128 128 128 128 128
    128 128 128 128 128 128 128 128 128 128 128 128 128 128 128 128 128
    128 128 128 128 128 128 128 128 128 128 128 128 128 128 128 128 128
    128 128 128 128 128 128 128 128 128 128 128 128 128 128 128 128 128
    128 128 128 128 128 128 128 128 128 128 128 128 128 128 128 128 128
    128 128 128 128 128 128 128 128 128 128 128 128 128 128 128 128 128
    128 128 128 128 128 128 128 128 128 128 128 128 128 128 128 128 128
    128 128 128 128 128 128 128 128 128 128 128 128 128 128 128 128 128
    128 128 128 128 128 128 128 128 128 128 128 128 128 128 128 128 128
    128 128 128 128 128 128 128 128 128 128 128 128 128 128 128 128 128
    128 128 128 128 128 128 128 128 128 128 128 128 128 128 128 128 128
    128 128 128 128 128 128 128 128 128 128 128 128 128 128 128 128 128
    128 128 128 128 128 128 128 128 128 128 128 128 128 128 128 128 128
    128 128 128 128 128 128 128 128 128 128 128 128 128 128 128 128 128
    128 128 128 128 128 128 128 128 128 128 128 128 128 128 128 128 128
    128 128 128 128 128 128 128 128 128 128 128 128 128 128 128 128 128
    128 128 128 128 128 128 128 128 128 128 128 128 128 128 128 128 128
    128 128 128 128 128 128 128 128 128 128 128 128 128 128 128 128 128
    128 128 128 128 128 128 128 128 128 128 128 128 128 128 128 128 128
    128 128 128 128 128 128 128 128 128 128 128 128 128 128 128 128 128
    128 128 128 128 128 128 128 128 128 128 128 128 128 128 128 128 128
    128 128 128 128 128 128 128 128 128 128 128 128 128 128 128 128 128
    128 128 128 128 128 128 128 128 128 128 128 128 128 128 128 128 128
    128 128 128 128 128 128 128 128 128 128 128 128 128 128 128 128 128
    128 128 128 128 128 128 128 128 128 128 128 128 128 128 128 128 128
    128 128 128 128 128 128 128 128 128 128 128 128 128 128 128 128 128
    128 128 128 128 128 128 128 128 128 128 128 128 128 128 128 128 128
    128 128 128 128 128 128 128 128 128 128 128 128 128 128 128 128 128
    128 128 128 128 128 128 128 128 128 128 128 128 128 128 128 128 128
    128 128 128 128 128 128 128 128 128 128 128 128 128 128 128 128 128
    128 128 128 128 128 128 128 128 128 128 128 128 128 128 128 128 128
    128 128 128 128 128 128 128 128 128 128 128 128 128 128 128 128 128
    128 128 128 128 128 128 128 128 128 128 128 128 128 128 128 128 128
    128 128 128 128 128 128 128 128 128 128 128 128 128 128 128 128 128
    128 128 128 128 128 128 128 128 128 128 128 128 128 128 128 128 128
    128 128 128 128 128 128 128 128 128 128 128 128 128 128 128 128 128
    128 128 128 128 128 128 128 128 128 128 128 128 128 128 128 128 128
    128 128 128 128 128 128 128 128 128 128 128 128 128 128 128 128 128
    128 128 128 128 128 128 128 128 128 128 128 128 128 128 128 128 128
    128 128 128 128 128 128 128 128 128 128 128 128 128 128 128 128 128
    128 128 128 128 128 128 128 128 128 128 128 128 128 128 128 128 128
    128 128 128 128 128 128 128 128 128 128 128 128 128 128 128 128 128
    128 128 128 128 128 128 128 128 128 128 128 128 128 128 128 128 128
    128 128 128 128 128 128 128 128 128 128 128 128 128 128 128 128 128
    128 128 128 128 128 128 128 128 128 128 128 128 128 128 128 128 128
    128 128 128 128 128 128 128 128 128 128 128 128 128 128 128 128 128
    128 128 128 128 128 128 128 128 128 128 128 128 128 128 128 128 128
    128 128 128 128 128 128 128 128 128 128 128 128 128 128 128 128 128
    128 128 128 128 128 128 128 128 128 128 128 128 128 128 128 128 128
    128 128 128 128 128 128 128 128 128 128 128 128 128 128 128 128 128
    128 128 128 128 128 128 128 128 128 128 128 128 128 128 128 128 128
    128 128 128 128 128 128 128 128 128 128 128 128 128 128 128 128 128
    128 128 128 128 128 128 128 128 128 128 128 128 128 128 128 128 128
    128 128 128 128 128 128 128 128 128 128 128 128 128 128 128 128 128
    128 128 128 128 128 128 128 128 128 128 128 128 128 128 128 128 128
    128 128 128 128 128 128 128 128 128 128 128 128 128 128 128 128 128
    128 128 128 128 128 128 128 128 128 128 128 128 128 128 128 128 128
    128 128 128 128 128 128 128 128 128 128 128 128 128 128 128 128 128
    128 128 128 128 128 128 128 128 128 128 128 128 128 128 128 128 128
    128 128 128 128 128 128 128 128 128 128 128 128 128 128 128 128 128
    128 128 128 128 128 128 128 128 128 128 128 128 128 128 128 128 128
    128 128 128 128 128 128 128 128 128 128 128 128 128 128 128 128 128
    128 128 128 128 128 128 128 128 128 128 128 128 128 128 128 128 128
    128 128 128 128 128 128 128 128 128 128 128 128 128 128 128 128 128
    128 128 128 128 128 128 128 128 128 128 128 128 128 128 128 128 128
    128 128 128 128 128 128 128 128 128 128 128 128 128 128 128 128 128
    128 128 128 128 128 128 128 128 128 128 128 128 128 128 128 128 128
    128 128 128 128 128 128 128 128 128 128 128 128 128 128 128 128 128
    128 128 128 128 128 128 128 128 128 128 128 128 128 128 128 128 128
    128 128 128 128 128 128 128 128 128 128 128 128 128 128 128 128 128
    128 128 128 128 128 128 128 128 128 128 128 128 128 128 128 128 128
    128 128 128 128 128 128 128 128 128 128 128 128 128 128 128 128 128
    128 128 128 128 128 128 128 128 128 128 128 128 128 128 128 128 128
    128 128 128 128 128 128 128 128 128 128 128 128 128 128 128 128 128
    128 128 128 128 128 128 128 128 128 128 128 128 128 128 128 128 128
    128 128 128 128 128 128 128 128 128 128 128 128 128 128 128 128 128
    128 128 128 128 128 128 128 128 128 128 128 128 128 128 128 128 128
    128 128 128 128 128 128 128 128 128 128 128 128 128 128 128 128 128
    128 128 128 128 128 128 128 128 128 128 128 128 128 128 128 128 128
    128 128 128 128 128 128 128 128 128 128 128 128 128 128 128 128 128
    128 128 128 128 128 128 128 128 128 128 128 128 128 128 128 128 128
    128 128 128 128 128 128 128 128 128 128 128 128 128 128 128 128 128
    128 128 128 128 128 128 128 128 128 128 128 128 128 128 128 128 128
    128 128 128 128 128 128 128 128 128 128 128 128 128 128 128 128 128
    128 128 128 128 128 128 128 128 128 128 128 128 128 128 128 128 128
    128 128 128 128 128 128 128 128 128 128 128 128 128 128 128 128 128
    128 128 128 128 128 128 128 128 128 128 128 128 128 128 128 128 128
    128 128 128 128 128 128 128 128 128 128 128 128 128 128 128 128 128
    128 128 128 128 128 128 128 128 128 128 128 128 128 128 128 128 128
    128 128 128 128 128 128 128 128 128 128 128 128 128 128 128 128 128
    128 128 128 128 128 128 128 128 128 128 128 128 128 128 128 128 128
    128 128 128 128 128 128 128 128 128 128 128 128 128 128 128 128 128
    128 128 128 128 128 128 128 128 128 128 128 128 128 128 128 128 128
    128 128 128 128 128 128 128 128 128 128 128 128 128 128 128 128 128
    128 128 128 128 128 128 128 128 128 128 128 128 128 128 128 128 128
    128 128 128 128 128 128 128 128 128 128 128 128 128 128 128 128 128
    128 128 128 128 128 128 128 128 128 128 128 128 128 128 128 128 128
    128 128 128 128 128 128 128 128 128 128 128 128 128 128 128 128 128
    128 128 128 128 128 128 128 128 128 128 128 128 128 128 128 128 128
    128 128 128 128 128 128 128 128 128 128 128 128 128 128 128 128 128
    128 128 128 128 128 128 128 128 128 128 128 128 128 128 128 128 128
    128 128 128 128 128 128 128 128 128 128 128 128 128 128 128 128 128
    128 128 128 128 128 128 128 128 128 128 128 128 128 128 128 128 128
    128 128 128 128 128 128 128 128 128 128 128 128 128 128 128 128 128
    128 128 128 128 128 128 128 128 128 128 128 128 128 128 128 128 128
    128 128 128 128 128 128 128 128 128 128 128 128 128 128 128 128 128
    128 128 128 128 128 128 128 128 128 128 128 128 128 128 128 128 128
    128 128 128 128 128 128 128 128 128 128 128 128 128 128 128 128 128
    128 128 128 128 128 128 128 128 128 128 128 128 128 128 128 128 128
    128 128 128 128 128 128 128 128 128 128 128 128 128 128 128 128 128
    128 128 128 128 128 128 128 128 128 128 128 128 128 128 128 128 128
    128 128 128 128 128 128 128 128 128 128 128 128 128 128 128 128 128
    128 128 128 128 128 128 128 128 128 128 128 128 128 128 128 128 128
    128 128 128 128 128 128 128 128 128 128 128 128 128 128 128 128 128
    128 128 128 128 128 128 128 128 128 128 128 128 128 128 128 128 128
    128 128 128 128 128 128 128 128 128 128 128 128 128 128 128 128 128
    128 128 128 128 128 128 128 128 128 128 128 128 128 128 128 128 128
    128 128 128 128 128 128 128 128 128 128 128 128 128 128 128 128 128
    128 128 128 128 128 128 128 128 128 128 128 128 128 128 128 128 128
    128 128 128 128 128 128 128 128 128 128 128 128 128 128 128 128 128
    128 128 128 128 128 128 128 128 128 128 128 128 128 128 128 128 128
    128 128 128 128 128 128 128 128 128 128 128 128 128 128 128 128 128
    128 128 128 128 128 128 128 128 128 128 128 128 128 128 128 128 128
    128 128 128 128 128 128 128 128 128 128 128 128 128 128 128 128 128
    128 128 128 128 128 128 128 128 128 128 128 128 128 128 128 128 128
    128 128 128 128 128 128 128 128 128 128 128 128 128 128 128 128 128
    128 128 128 128 128 128 128 128 128 128 128 128 128 128 128 128 128
    128 128 128 128 128 128 128 128 128 128 128 128 128 128 128 128 128
    128 128 128 128 128 128 128 128 128 128 128 128 128 128 128 128 128
    128 128 128 128 128 128 128 128 128 128 128 128 128 128 128 128 128
    128 128 128 128 128 128 128 128 128 128 128 128 128 128 128 128 128
    128 128 128 128 128 128 128 128 128 128 128 128 128 128 128 128 128
    128 128 128 128 128 128 128 128 128 128 128 128 128 128 128 128 128
    128 128 128 128 128 128 128 128 128 128 128 128 128 128 128 128 128
    128 128 128 128 128 128 128 128 128 128 128 128 128 128 128 128 128
    128 128 128 128 128 128 128 128 128 128 128 128 128 128 128 128 128
    128 128 128 128 128 128 128 128 128 128 128 128 128 128 128 128 128
    128 128 128 128 128 128 128 128 128 128 128 128 128 128 128 128 128
    128 128 128 128 128 128 128 128 128 128 128 128 128 128 128 128 128
    128 128 128 128 128 128 128 128 128 128 128 128 128 128 128 128 128
    128 128 128 128 128 128 128 128 128 128 128 128 128 128 128 128 128
    128 128 128 128 128 128 128 128 128 128 128 128 128 128 128 128 128
    128 128 128 128 128 128 128 128 128 128 128 128 128 128 128 128 128
    128 128 128 128 128 128 128 128 128 128 128 128 128 128 128 128 128
    128 128 128 128 128 128 128 128 128 128 128 128 128 128 128 128 128
    128 128 128 128 128 128 128 128 128 128 128 128 128 128 128 128 128
    128 128 128 128 128 128 128 128 128 128 128 128 128 128 128 128 128
    128 128 128 128 128 128 128 128 128 128 128 128 128 128 128 128 128
    128 128 128 128 128 128 128 128 128 128 128 128 128 128 128 128 128
    128 128 128 128 128 128 128 128 128 128 128 128 128 128 128 128 128
    128 128 128 128 128 128 128 128 128 128 128 128 128 128 128 128 128
    128 128 128 128 128 128 128 128 128 128 128 128 128 128 128 128 128
    128 128 128 128 128 128 128 128 128 128 128 128 128 128 128 128 128
    128 128 128 128 128 128 128 128 128 128 128 128 128 128 128 128 128
    128 128 128 128 128 128 128 128 128 128 128 128 128 128 128 128 128
    128 128 128 128 128 128 128 128 128 128 128 128 128 128 128 128 128
    128 128 128 128 128 128 128 128 128 128 128 128 128 128 128 128 128
    128 128 128 128 128 128 128 128 128 128 128 128 128 128 128 128 128
    128 128 128 128 128 128 128 128 128 128 128 128 128 128 128 128 128
    128 128 128 128 128 128 128 128 128 128 128 128 128 128 128 128 128
    128 128 128 128 128 128 128 128 128 128 128 128 128 128 128 128 128
    128 128 128 128 128 128 128 128 128 128 128 128 128 128 128 128 128
    128 128 128 128 128 128 128 128 128 128 128 128 128 128 128 128 128
    128 128 128 128 128 128 128 128 128 128 128 128 128 128 128 128 128
    128 128 128 128 128 128 128 128 128 128 128 128 128 128 128 128 128
    128 128 128 128 128 128 128 128 128 128 128 128 128 128 128 128 128
    128 128 128 128 128 128 128 128 128 128 128 128 128 128 128 128 128
    128 128 128 128 128 128 128 128 128 128 128 128 128 128 128 128 128
    128 128 128 128 128 128 128 128 128 128 128 128 128 128 128 128 128
    128 128 128 128 128 128 128 128 128 128 128 128 128 128 128 128 128
    128 128 128 128 128 128 128 128 128 128 128 128 128 128 128 128 128
    128 128 128 128 128 128 128 128 128 128 128 128 128 128 128 128 128
    128 128 128 128 128 128 128 128 128 128 128 128 128 128 128 128 128
    128 128 128 128 128 128 128 128 128 128 128 128 128 128 128 128 128
    128 128 128 128 128 128 128 128 128 128 128 128 128 128 128 128 128
    128 128 128 128 128 128 128 128 128 128 128 128 128 128 128 128 128
    128 128 128 128 128 128 128 128 128 128 128 128 128 128 128 128 128
    128 128 128 128 128 128 128 128 128 128 128 128 128 128 128 128 128
    128 128 128 128 128 128 128 128 128 128 128 128 128 128 128 128 128
    128 128 128 128 128 128 128 128 128 128 128 128 128 128 128 128 128
    128 128 128 128 128 128 128 128 128 128 128 128 128 128 128 128 128
    128 128 128 128 128 128 128 128 128 128 128 128 128 128 128 128 128
    128 128 128 128 128 128 128 128 128 128 128 128 128 128 128 128 128
    128 128 128 128 128 128 128 128 128 128 128 128 128 128 128 128 128
    128 128 128 128 128 128 128 128 128 128 128 128 128 128 128 128 128
    128 128 128 128 128 128 128 128 128 128 128 128 128 128 128 128 128
    128 128 128 128 128 128 128 128 128 128 128 128 128 128 128 128 128
    128 128 128 128 128 128 128 128 128 128 128 128 128 128 128 128 128
    128 128 128 128 128 128 128 128 128 128 128 128 128 128 128 128 128
    128 128 128 128 128 128 128 128 128 128 128 128 128 128 128 128 128
    128 128 128 128 128 128 128 128 128 128 128 128 128 128 128 128 128
    128 128 128 128 128 128 128 128 128 128 128 128 128 128 128 128 128
    128 128 128 128 128 128 128 128 128 128 128 128 128 128 128 128 128
    128 128 128 128 128 128 128 128 128 128 128 128 128 128 128 128 128
    128 128 128 128 128 128 128 128 128 128 128 128 128 128 128 128 128
    128 128 128 128 128 128 128 128 128 128 128 128 128 128 128 128 128
    128 128 128 128 128 128 128 128 128 128 128 128 128 128 128 128 128
    128 128 128 128 128 128 128 128 128 128 128 128 128 128 128 128 128
    128 128 128 128 128 128 128 128 128 128 128 128 128 128 128 128 128
    128 128 128 128 128 128 128 128 128 128 128 128 128 128 128 128 128
    128 128 128 128 128 128 128 128 128 128 128 128 128 128 128 128 128
    128 128 128 128 128 128 128 128 128 128 128 128 128 128 128 128 128
    128 128 128 128 128 128 128 128 128 128 128 128 128 128 128 128 128
    128 128 128 128 128 128 128 128 128 128 128 128 128 128 128 128 128
    128 128 128 128 128 128 128 128 128 128 128 128 128 128 128 128 128
    128 128 128 128 128 128 128 128 128 128 128 128 128 128 128 128 128
    128 128 128 128 128 128 128 128 128 128 128 128 128 128 128 128 128
    128 128 128 128 128 128 128 128 128 128 128 128 128 128 128 128 128
    128 128 128 128 128 128 128 128 128</data></test_backg>
<my_img type_id="opencv-matrix">
  <rows>30</rows>
  <cols>20</cols>
  <dt>"3u"</dt>
  <data>
    128 128 128 247 82 251 113 101 28 26 137 67 220 98 183 151 193 122
    128 128 128 167 87 206 201 30 38 144 41 240 243 114 147 219 70 49
    231 51 84 128 128 128 254 88 161 40 227 237 225 36 129 113 21 106 92
    82 62 122 222 213 203 171 22 217 215 177 171 253 99 206 231 44 139
    124 56 128 128 128 31 224 241 91 107 127 54 155 100 128 128 128 205
    73 140 216 212 24 126 243 19 122 176 148 7 144 229 108 125 28 147
    209 8 206 31 152 128 128 128 125 48 231 241 219 92 128 128 128 46 89
    84 187 233 4 9 116 185 100 63 168 24 242 121 136 52 207 128 128 128
    33 183 113 250 110 59 118 39 148 8 136 102 184 224 81 128 128 128
    207 19 192 117 39 137 240 98 137 171 55 221 176 50 43 122 85 191 30
    74 82 113 148 173 204 70 173 202 110 112 172 161 239 249 210 255 60
    69 125 59 92 162 128 128 128 1 56 212 176 245 74 33 57 118 11 14 145
    133 122 107 114 223 189 248 147 30 128 128 128 146 68 33 168 195 210
    128 128 128 128 14 62 245 151 215 73 106 24 168 59 249 21 179 79 211
    195 158 56 111 120 128 128 128 116 56 146 128 128 128 118 86 236 105
    69 88 90 95 152 79 92 161 146 5 66 128 128 128 128 128 128 152 231
    87 154 188 209 75 70 11 69 1 100 119 206 159 79 137 19 89 97 127 128
    128 128 120 57 38 133 87 43 155 115 253 85 89 249 199 36 28 251 134
    173 23 120 240 9 131 80 196 223 122 56 174 106 128 128 128 121 68 83
    144 144 45 128 128 128 222 166 198 57 239 142 128 128 128 194 143
    248 49 98 123 194 156 152 226 226 210 248 217 232 149 159 110 235
    151 171 128 121 205 142 216 231 232 150 244 255 99 207 212 89 70 181
    20 184 196 141 63 246 147 249 11 168 252 34 243 243 148 7 0 237 226
    120 234 110 222 212 88 151 100 198 250 33 137 243 227 147 103 216
    191 181 66 187 240 226 190 176 78 171 222 199 63 138 136 78 137 246
    29 174 67 84 97 19 47 87 184 178 234 170 70 84 27 0 192 11 160 197
    232 53 38 129 73 205 18 150 113 62 83 220 248 130 188 128 128 128
    178 60 79 242 152 6 149 177 250 203 191 91 136 252 25 208 156 250 28
    108 163 209 60 4 27 17 102 151 191 19 91 196 184 255 2 91 128 128
    128 163 161 57 140 19 104 114 32 195 246 94 15 38 234 150 20 218 164
    179 168 115 10 98 229 170 174 195 125 162 86 118 32 89 128 128 128
    128 128 128 119 203 183 209 118 174 245 180 20 109 120 30 128 128
    128 170 182 44 175 249 247 202 13 117 171 248 239 128 128 128 33 234
    229 251 43 254 44 133 134 168 230 194 128 128 128 154 248 197 253
    227 168 103 33 153 0 80 210 5 226 102 165 211 86 153 130 130 156 226
    204 115 69 3 150 36 114 247 101 135 177 34 53 49 26 28 89 253 188
    207 118 165 130 223 234 157 147 18 128 128 128 53 11 175 45 123 191
    128 128 128 238 215 137 114 42 73 254 225 14 255 161 74 111 172 142
    191 41 19 242 231 221 63 182 213 128 230 31 132 102 249 31 8 64 206
    235 94 30 203 153 175 186 121 252 189 209 38 254 221 128 128 128 178
    56 2 128 128 128 23 220 228 108 233 183 141 151 195 245 151 29 74
    211 237 225 209 104 232 151 200 64 34 238 81 162 234 208 122 207 202
    54 148 80 197 155 226 107 108 205 181 84 160 7 189 128 128 128 218
    81 148 106 134 153 199 28 67 228 126 79 153 80 160 93 22 237 43 2
    157 128 128 128 118 94 46 128 128 128 128 128 128 128 128 128 45 53
    152 128 128 128 193 48 67 36 211 180 85 200 9 187 93 3 31 107 121
    226 197 206 15 53 247 245 172 197 96 148 29 159 17 108 217 234 61
    217 195 235 128 128 128 100 50 144 130 166 54 104 137 76 128 128 128
    183 219 34 128 128 128 189 171 163 128 128 128 189 217 237 227 135
    162 6 163 235 104 92 147 128 128 128 128 128 128 44 174 239 94 95 4
    178 116 39 155 21 222 182 125 154 111 166 54 204 49 119 160 47 154
    28 115 125 102 234 163 210 141 45 205 150 105 65 151 214 16 68 71 67
    60 130 34 64 217 252 183 71 242 26 144 163 108 162 128 128 128 54
    130 187 205 187 136 237 247 46 128 128 128 161 193 240 82 198 191
    151 22 166 212 62 227 89 26 115 103 219 148 243 29 110 160 74 140
    128 128 128 127 94 10 175 88 207 215 51 64 132 2 108 136 209 245 234
    94 123 243 30 50 17 207 173 92 139 14 167 115 167 165 58 181 119 134
    153 190 171 245 5 224 118 165 37 228 188 86 188 89 42 13 103 172 187
    109 120 218 29 31 87 235 151 48 109 118 135 246 109 251 8 240 177
    128 128 128 143 8 68 211 218 21 173 113 72 96 186 189 142 109 119 92
    22 185 245 9 40 84 65 160 48 68 153 5 122 49 146 96 181 249 75 177
    86 73 185 119 141 159 176 92 120 230 101 60 148 118 133 21 126 137
    15 61 247 183 167 95 74 224 176 97 99 138 157 118 120 58 196 227 104
    173 212 222 28 124 212 60 161 225 68 15 128 128 128 245 233 190 116
    161 136 232 216 21 128 128 128 82 161 234 123 222 223 32 34 162 147
    167 171 126 182 153 232 150 178 10 39 119 124 243 205 100 233 201 67
    20 169 119 210 203 185 183 188 152 203 19 153 38 114 234 179 207 59
    24 45 248 13 124 16 10 24 2 122 212 128 128 128 128 128 128 4 4 207
    106 26 6 169 82 44 73 239 175 52 21 161 128 128 128 229 23 235 128
    128 128 66 39 123 4 170 170 232 207 182 210 68 205 33 125 147 150
    196 37 83 117 109 111 26 122 178 26 184 115 164 184 185 47 88 163 59
    112 122 37 111 19 26 53 177 147 49 128 128 128 128 128 128 115 171
    33 151 60 237 153 154 48 130 19 165 99 11 215 29 167 128 128 128 128
    82 58 86 175 151 88 151 1 115 205 91 86 45 130 225 216 201 205 247
    162 92 238 9 97 251 76 61 8 180 184 8 127 225 63 14 50 3 105 209 162
    223 117 17 72 247 5 8 57 4 131 74 128 128 128 221 172 234 106 199 45
    12 27 90 143 212 55 128 128 128 243 5 214 205 91 188 116 202 158 217
    101 87 178 209 87 128 128 128 20 47 142 86 173 197 188 166 215 203
    83 21 220 67 179 128 128 128 17 98 115 84 135 20 26 180 87 178 18 70
    97 120 193 209 68 173 238 222 8 109 119 81 38 197 250 202 4 67 128
    128 128 91 156 247 26 36 187 128 128 128 200 78 96 114 143 136 92 22
    219 128 128 128 69 103 241 202 115 60 26 195 116 241 127 209 7 4 29
    50 184 174 128 128 128 127 34 56 2 103 97 185 234 29 145 104 158 235
    150 244 128 128 128 92 47 224 39 91 72 50 82 8 18 2 197 148 220 186
    254 249 162 16 158 242 192 247 229 148 96 32 80 163 245 9 170 229
    213 49 39 36 170 232 237 11 141 192 41 141 16 122 92 175 11 91 164
    175 71 209 98 37 95 87 150 159 59 35 75 12 175 89 213 247 54 3 1 214
    95 14 230 202 221 128 128 128 171 66 60 182 97 160 143 191 180 70 56
    39 219 240 152 203 18 84 11 173 111 209 208 9 132 237 68 221 59 12
    140 169 246 218 73 201 132 86 131 67 83 208 67 91 127 47 27 184 197
    66 47 197 159 182 173 243 207 58 192 106 6 248 125 111 208 169 212
    82 136 181 71 48 51 54 203 90 45 67 68 15 102 128 128 128 196 10 11
    75 33 227 254 44 120 233 174 121 218 150 72 69 207 197 209 140 228
    128 128 128 163 202 238 68 84 207 222 231 4 251 101 225 138 156 227
    196 220 21 246 198 109 46 34 48 248 159 12 223 178 47 16 101 82 40
    45 58 128 128 128 122 154 199 215 208 243 94 88 96 193 109 125 128
    139 99 128 128 128 247 248 196 136 110 148 14 99 222 4 171 64</data></my_img>
<your_img type_id="opencv-matrix">
  <rows>30</rows>
  <cols>20</cols>
  <dt>"3u"</dt>
  <data>
    102 245 50 247 82 251 113 101 28 26 137 67 220 98 183 151 193 122 6
    142 34 167 87 206 201 30 38 144 41 240 243 114 147 219 70 49 231 51
    84 128 128 128 254 88 161 40 227 237 225 36 129 113 21 106 92 82 62
    122 222 213 203 171 22 217 215 177 171 253 99 206 231 44 139 124 56
    14 202 76 31 224 241 91 107 127 54 155 100 112 229 127 205 73 140
    216 212 24 126 243 19 122 176 148 7 144 229 108 125 28 147 209 8 206
    31 152 49 140 29 125 48 231 241 219 92 50 254 1 46 89 84 187 233 4 9
    116 185 100 63 168 24 242 121 136 52 207 113 244 94 33 183 113 250
    110 59 118 39 148 8 136 102 184 224 81 63 164 26 207 19 192 117 39
    137 240 98 137 171 55 221 176 50 43 122 85 191 30 74 82 113 148 173
    204 70 173 202 110 112 172 161 239 249 210 255 60 69 125 59 92 162
    130 230 130 1 56 212 176 245 74 33 57 118 11 14 145 133 122 107 114
    223 189 248 147 30 27 250 41 146 68 33 168 195 210 115 231 70 128 14
    62 245 151 215 73 106 24 168 59 249 21 179 79 211 195 158 56 111 120
    36 130 4 116 56 146 38 162 65 118 86 236 105 69 88 90 95 152 79 92
    161 146 5 66 51 244 14 35 244 1 152 231 87 154 188 209 75 70 11 69 1
    100 119 206 159 79 137 19 89 97 127 69 246 19 120 57 38 133 87 43
    155 115 253 85 89 249 199 36 28 251 134 173 23 120 240 9 131 80 196
    223 122 56 174 106 164 248 168 121 68 83 144 144 45 93 140 73 222
    166 198 57 239 142 62 124 58 194 143 248 49 98 123 194 156 152 226
    226 210 248 217 232 149 159 110 235 151 171 128 121 205 142 216 231
    232 150 244 255 99 207 212 89 70 181 20 184 196 141 63 246 147 249
    11 168 252 34 243 243 148 7 0 237 226 120 234 110 222 212 88 151 100
    198 250 33 137 243 227 147 103 216 191 181 66 187 240 226 190 176 78
    171 222 199 63 138 136 78 137 246 29 174 67 84 97 19 47 87 184 178
    234 170 70 84 27 0 192 11 160 197 232 53 38 129 73 205 18 150 113 62
    83 220 248 130 188 51 231 55 178 60 79 242 152 6 149 177 250 203 191
    91 136 252 25 208 156 250 28 108 163 209 60 4 27 17 102 151 191 19
    91 196 184 255 2 91 178 254 178 163 161 57 140 19 104 114 32 195 246
    94 15 38 234 150 20 218 164 179 168 115 10 98 229 170 174 195 125
    162 86 118 32 89 189 242 195 21 126 22 119 203 183 209 118 174 245
    180 20 109 120 30 67 206 73 170 182 44 175 249 247 202 13 117 171
    248 239 20 252 47 33 234 229 251 43 254 44 133 134 168 230 194 14
    247 76 154 248 197 253 227 168 103 33 153 0 80 210 5 226 102 165 211
    86 153 130 130 156 226 204 115 69 3 150 36 114 247 101 135 177 34 53
    49 26 28 89 253 188 207 118 165 130 223 234 157 147 18 14 145 41 53
    11 175 45 123 191 133 188 105 238 215 137 114 42 73 254 225 14 255
    161 74 111 172 142 191 41 19 242 231 221 63 182 213 128 230 31 132
    102 249 31 8 64 206 235 94 30 203 153 175 186 121 252 189 209 38 254
    221 184 247 154 178 56 2 103 245 102 23 220 228 108 233 183 141 151
    195 245 151 29 74 211 237 225 209 104 232 151 200 64 34 238 81 162
    234 208 122 207 202 54 148 80 197 155 226 107 108 205 181 84 160 7
    189 51 196 68 218 81 148 106 134 153 199 28 67 228 126 79 153 80 160
    93 22 237 43 2 157 65 155 21 118 94 46 34 189 19 85 232 134 62 157
    14 45 53 152 117 174 109 193 48 67 36 211 180 85 200 9 187 93 3 31
    107 121 226 197 206 15 53 247 245 172 197 96 148 29 159 17 108 217
    234 61 217 195 235 111 218 104 100 50 144 130 166 54 104 137 76 89
    170 108 183 219 34 62 158 72 189 171 163 23 157 19 189 217 237 227
    135 162 6 163 235 104 92 147 85 197 26 150 182 150 44 174 239 94 95
    4 178 116 39 155 21 222 182 125 154 111 166 54 204 49 119 160 47 154
    28 115 125 102 234 163 210 141 45 205 150 105 65 151 214 16 68 71 67
    60 130 34 64 217 252 183 71 242 26 144 163 108 162 38 117 16 54 130
    187 205 187 136 237 247 46 63 173 32 161 193 240 82 198 191 151 22
    166 212 62 227 89 26 115 103 219 148 243 29 110 160 74 140 8 49 18
    127 94 10 175 88 207 215 51 64 132 2 108 136 209 245 234 94 123 243
    30 50 17 207 173 92 139 14 167 115 167 165 58 181 119 134 153 190
    171 245 5 224 118 165 37 228 188 86 188 89 42 13 103 172 187 109 120
    218 29 31 87 235 151 48 109 118 135 246 109 251 8 240 177 62 120 64
    143 8 68 211 218 21 173 113 72 96 186 189 142 109 119 92 22 185 245
    9 40 84 65 160 48 68 153 5 122 49 146 96 181 249 75 177 86 73 185
    119 141 159 176 92 120 230 101 60 148 118 133 21 126 137 15 61 247
    183 167 95 74 224 176 97 99 138 157 118 120 58 196 227 104 173 212
    222 28 124 212 60 161 225 68 15 89 251 141 245 233 190 116 161 136
    232 216 21 116 192 110 82 161 234 123 222 223 32 34 162 147 167 171
    126 182 153 232 150 178 10 39 119 124 243 205 100 233 201 67 20 169
    119 210 203 185 183 188 152 203 19 153 38 114 234 179 207 59 24 45
    248 13 124 16 10 24 2 122 212 16 211 61 73 225 60 4 4 207 106 26 6
    169 82 44 73 239 175 52 21 161 90 222 78 229 23 235 107 249 108 66
    39 123 4 170 170 232 207 182 210 68 205 33 125 147 150 196 37 83 117
    109 111 26 122 178 26 184 115 164 184 185 47 88 163 59 112 122 37
    111 19 26 53 177 147 49 157 179 160 26 84 21 115 171 33 151 60 237
    153 154 48 130 19 165 99 11 215 29 167 128 62 169 5 82 58 86 175 151
    88 151 1 115 205 91 86 45 130 225 216 201 205 247 162 92 238 9 97
    251 76 61 8 180 184 8 127 225 63 14 50 3 105 209 162 223 117 17 72
    247 5 8 57 4 131 74 90 249 142 221 172 234 106 199 45 12 27 90 143
    212 55 83 230 29 243 5 214 205 91 188 116 202 158 217 101 87 178 209
    87 47 166 85 20 47 142 86 173 197 188 166 215 203 83 21 220 67 179
    80 240 47 17 98 115 84 135 20 26 180 87 178 18 70 97 120 193 209 68
    173 238 222 8 109 119 81 38 197 250 202 4 67 99 139 98 91 156 247 26
    36 187 23 209 62 200 78 96 114 143 136 92 22 219 64 135 58 69 103
    241 202 115 60 26 195 116 241 127 209 7 4 29 50 184 174 145 190 158
    127 34 56 2 103 97 185 234 29 145 104 158 235 150 244 81 199 75 92
    47 224 39 91 72 50 82 8 18 2 197 148 220 186 254 249 162 16 158 242
    192 247 229 148 96 32 80 163 245 9 170 229 213 49 39 36 170 232 237
    11 141 192 41 141 16 122 92 175 11 91 164 175 71 209 98 37 95 87 150
    159 59 35 75 12 175 89 213 247 54 3 1 214 95 14 230 202 221 68 114
    69 171 66 60 182 97 160 143 191 180 70 56 39 219 240 152 203 18 84
    11 173 111 209 208 9 132 237 68 221 59 12 140 169 246 218 73 201 132
    86 131 67 83 208 67 91 127 47 27 184 197 66 47 197 159 182 173 243
    207 58 192 106 6 248 125 111 208 169 212 82 136 181 71 48 51 54 203
    90 45 67 68 15 102 94 195 118 196 10 11 75 33 227 254 44 120 233 174
    121 218 150 72 69 207 197 209 140 228 64 209 24 163 202 238 68 84
    207 222 231 4 251 101 225 138 156 227 196 220 21 246 198 109 46 34
    48 248 159 12 223 178 47 16 101 82 40 45 58 126 253 137 122 154 199
    215 208 243 94 88 96 193 109 125 128 139 99 68 222 84 247 248 196
    136 110 148 14 99 222 4 171 64</data></your_img>
</opencv_storage>
