<?xml version="1.0"?>
<opencv_storage>
<L2_diff>1.1591466688905248e+03</L2_diff>
<hue>60</hue>
<sensitivity>10</sensitivity>
<test_foreg type_id="opencv-matrix">
  <rows>30</rows>
  <cols>20</cols>
  <dt>"3u"</dt>
  <data>
    7 14 122 42 103 137 134 216 21 245 237 61 206 163 53 235 253 234 48
    10 196 56 34 33 73 237 103 105 21 219 234 139 11 117 71 242 151 252
    112 22 154 121 50 238 51 81 168 5 94 197 130 154 242 132 13 67 156
    184 83 150 39 61 19 15 32 204 197 109 15 184 40 18 122 201 232 178
    30 254 163 217 218 86 141 50 64 116 206 4 251 186 202 211 22 144 168
    220 210 248 24 97 163 220 218 244 31 227 36 198 138 130 87 219 38 67
    1 249 86 103 17 98 14 44 69 63 225 70 72 255 247 116 245 146 220 80
    40 178 42 105 126 33 210 132 180 111 38 39 147 108 203 194 143 4 19
    141 48 199 151 65 141 178 146 79 51 199 21 159 217 81 153 93 91 154
    79 233 201 236 245 100 60 221 226 235 79 21 22 230 126 144 73 50 4
    188 224 231 177 155 60 77 17 168 253 29 74 250 251 98 187 140 237
    180 19 109 181 24 136 136 100 15 48 205 39 236 213 199 164 171 64 53
    35 216 11 246 41 208 76 125 22 98 47 122 229 198 179 5 230 123 199
    255 28 91 214 117 42 248 135 3 63 197 226 236 178 169 16 137 124 205
    202 228 93 15 209 147 30 174 219 92 177 135 163 13 148 142 119 252
    192 153 116 156 183 150 21 255 81 90 225 70 43 237 5 148 14 193 67
    93 7 89 74 122 13 234 126 146 92 121 65 117 61 138 48 114 109 115 18
    202 76 245 233 117 129 225 167 214 221 137 218 55 115 162 100 135
    112 91 55 205 228 229 96 240 128 151 204 22 141 206 45 52 114 112
    121 67 2 198 225 231 255 219 80 74 13 87 217 56 72 41 107 145 159 20
    255 62 213 28 21 195 113 52 123 118 3 129 19 99 20 228 72 132 228 17
    12 60 249 60 199 202 66 60 222 107 32 25 221 176 12 91 212 0 165 45
    247 218 58 132 183 56 6 68 233 189 111 205 228 100 28 243 219 58 115
    245 85 177 231 181 167 51 144 158 181 23 26 36 241 224 125 71 197 51
    57 111 62 218 15 82 174 116 33 135 222 133 211 205 55 243 179 91 132
    165 54 22 137 139 141 244 188 222 190 110 246 19 1 1 52 61 177 25 6
    203 92 252 20 80 135 157 237 61 229 132 20 41 252 69 154 82 135 60
    241 99 254 121 39 47 151 111 36 146 9 172 118 184 245 174 24 181 204
    55 203 183 152 210 84 207 27 98 99 172 39 200 132 64 183 220 90 143
    175 255 128 148 121 46 255 174 158 88 185 188 177 25 23 149 99 188
    103 67 31 240 215 148 81 141 73 179 129 227 202 65 103 107 130 170
    205 221 198 142 29 129 86 78 46 67 230 235 120 156 66 167 178 254
    101 241 162 186 122 159 142 132 236 120 64 121 24 250 230 141 219
    135 57 31 147 228 72 152 151 61 178 233 46 31 157 18 189 138 34 156
    117 84 144 195 224 170 127 44 191 138 213 230 161 250 38 241 141 19
    233 3 50 195 54 155 196 184 184 186 70 127 106 169 108 57 172 164 68
    32 204 110 96 44 223 180 27 10 242 181 240 209 102 9 31 138 179 251
    135 81 44 82 163 164 143 37 12 191 19 192 215 142 7 236 164 105 180
    77 245 79 36 146 95 226 251 16 165 241 121 93 77 119 73 47 70 183
    153 144 174 27 246 47 29 22 92 248 17 95 203 7 213 253 186 193 123
    59 113 184 171 1 143 133 134 142 43 73 183 254 78 24 63 8 148 189 15
    59 12 206 88 116 216 143 96 113 233 252 96 220 19 154 224 128 224
    227 188 12 37 5 154 28 157 166 118 214 21 131 112 119 101 73 57 151
    212 126 76 107 252 224 217 238 11 234 148 124 104 155 166 156 163
    101 2 4 134 49 107 152 214 17 52 108 174 9 102 164 192 230 121 60
    151 209 170 233 213 165 135 70 204 47 112 64 74 161 118 142 187 141
    180 16 221 12 8 13 213 3 224 241 205 139 73 106 108 164 239 129 223
    192 151 61 61 25 101 20 103 214 114 110 62 50 134 88 29 137 8 51 20
    126 86 119 116 144 139 180 31 215 149 102 88 76 192 155 102 146 43
    224 133 4 116 9 120 83 100 10 71 102 229 7 88 55 16 3 7 97 89 74 16
    247 180 35 97 213 165 245 122 255 125 87 82 162 243 33 142 198 79 66
    227 24 197 254 128 117 125 116 45 28 229 242 135 226 225 14 236 37
    48 98 4 66 14 120 186 20 73 178 44 71 16 248 193 188 223 204 118 51
    200 226 201 29 110 8 182 253 50 210 83 14 18 182 228 25 129 210 170
    193 184 21 239 210 182 140 107 30 231 249 223 128 147 208 188 11 208
    225 46 179 48 20 186 62 125 34 165 142 128 123 96 64 60 158 90 194
    162 202 236 241 27 121 242 143 57 119 140 68 233 60 53 26 176 136
    114 148 31 119 15 84 62 90 64 44 38 76 47 52 221 247 142 12 59 227
    109 17 119 77 221 76 144 208 201 254 221 64 131 29 234 151 171 238
    178 226 167 221 174 4 121 182 122 254 76 123 173 137 99 24 239 101
    69 99 164 223 152 108 163 247 20 166 167 177 1 219 213 244 234 86
    145 205 166 174 75 61 251 182 176 59 86 181 223 22 52 80 233 145 154
    159 27 32 148 240 48 244 157 87 129 42 181 2 94 66 57 237 122 30 169
    208 236 147 116 35 23 139 45 73 155 10 156 29 81 152 77 139 75 197
    148 131 121 95 166 104 95 57 203 163 161 16 252 136 63 87 187 130
    153 224 101 147 45 204 66 36 111 145 147 165 153 75 124 254 60 19 78
    117 159 96 8 153 113 241 146 120 72 35 81 0 133 109 116 71 119 100
    240 156 10 109 209 94 151 221 254 206 192 104 193 209 247 126 10 141
    223 199 178 227 219 34 237 200 68 160 112 38 132 8 244 33 1 1 150
    208 122 61 107 128 89 139 65 152 27 140 225 74 21 28 72 92 6 66 117
    7 227 154 19 12 146 70 194 26 63 51 133 6 253 49 121 130 212 113 166
    98 2 37 55 26 122 227 158 196 84 250 158 100 209 222 90 34 185 115
    185 42 188 153 214 54 158 241 135 64 33 3 207 210 198 142 254 69 68
    227 78 236 177 27 148 206 233 118 52 134 76 97 178 75 255 62 112 4
    103 159 231 102 100 229 87 158 35 127 138 228 122 219 188 71 110 130
    229 230 37 90 10 181 155 86 70 250 248 45 241 33 185 207 236 26 63
    180 5 25 99 123 138 172 144 211 192 168 252 211 25 97 137 81 165 182
    162 58 221 55 169 80 76 203 117 167 239 59 36 14 14 88 204 122 255
    116 49 27 15 140 2 122 158 234 82 218 174 241 42 219 243 28 172 8
    251 248 63 66 144 172 246 201 50 206 12 128 246 92 100 230 13 224
    148 124 101 13 19 11 213 166 150 105 69 22 143 211 60 164 146 82 250
    157 40 71 231 90 70 221 150 217 192 69 215 115 42 0 162 195 1 122 15
    117 192 135 189 74 202 135 170 16 245 136 92 252 135 108 8 193 90
    147 61 62 104 132 185 108 11 116 102 143 106 109 4 217 63 6 161 88
    129 161 167 31 2 34 178 28 9 85 76 111 60 121 232 158 144 113 168
    125 194 173 7 25 169 26 23 31 129 8 19 134 148 76 237 198 146 220 81
    68 63 55 84 204 183 189 104 111 113 91 162 153 20 83 140 46 194 77
    131 124 154 134 20 228 211 215 126 161 237 98 132 190 8 98 91 48 111
    88 50 211 128 225 95 50 196 95 64 87 50 229 161 239 82 65 223 35 201
    110 137 40 244 55 118 217 91 184 156 130 251 194 175 14 128 216 177
    45 211 220 105 229 107 211 196 210 232 254 62 231 218 137 132 172
    108 249 96 251 31 159 29 251 244 99 22 104 31 35 22 166 210 210 2 30
    238 3 96 54 214 91 241 229 212 210 85 112 154 248 8 181 214 56 82 85
    112 126 104 29 174 7 71 127 96 25 21 1 233 112 175 237 75 57 232 163
    112 13 44 221 112 99 108 26 205 162 185 193 60 46 72 29 176 207 82
    75 194 75</data></test_foreg>
<test_backg type_id="opencv-matrix">
  <rows>30</rows>
  <cols>20</cols>
  <dt>"3u"</dt>
  <data>
    128 128 128 128 128 128 128 128 128 128 128 128 128 128 128 128 128
    128 128 128 128 128 128 128 128 128 128 128 128 128 128 128 128 128
    128 128 128 128 128 128 128 128 128 128 128 128 128 128 128 128 128
    128 128 128 128 128 128 128 128 128 128 128 128 128 128 128 128 128
    128 128 128 128 128 128 128 128 128 128 128 128 128 128 128 128 128
    128 128 128 128 128 128 128 128 128 128 128 128 128 128 128 128 128
    128 128 128 128 128 128 128 128 128 128 128 128 128 128 128 128 128
    128 128 128 128 128 128 128 128 128 128 128 128 128 128 128 128 128
    128 128 128 128 128 128 128 128 128 128 128 128 128 128 128 128 128
    128 128 128 128 128 128 128 128 128 128 128 128 128 128 128 128 128
    128 128 128 128 128 128 128 128 128 128 128 128 128 128 128 128 128
    128 128 128 128 128 128 128 128 128 128 128 128 128 128 128 128 128
    128 128 128 128 128 128 128 128 128 128 128 128 128 128 128 128 128
    128 128 128 128 128 128 128 128 128 128 128 128 128 128 128 128 128
    128 128 128 128 128 128 128 128 128 128 128 128 128 128 128 128 128
    128 128 128 128 128 128 128 128 128 128 128 128 128 128 128 128 128
    128 128 128 128 128 128 128 128 128 128 128 128 128 128 128 128 128
    128 128 128 128 128 128 128 128 128 128 128 128 128 128 128 128 128
    128 128 128 128 128 128 128 128 128 128 128 128 128 128 128 128 128
    128 128 128 128 128 128 128 128 128 128 128 128 128 128 128 128 128
    128 128 128 128 128 128 128 128 128 128 128 128 128 128 128 128 128
    128 128 128 128 128 128 128 128 128 128 128 128 128 128 128 128 128
    128 128 128 128 128 128 128 128 128 128 128 128 128 128 128 128 128
    128 128 128 128 128 128 128 128 128 128 128 128 128 128 128 128 128
    128 128 128 128 128 128 128 128 128 128 128 128 128 128 128 128 128
    128 128 128 128 128 128 128 128 128 128 128 128 128 128 128 128 128
    128 128 128 128 128 128 128 128 128 128 128 128 128 128 128 128 128
    128 128 128 128 128 128 128 128 128 128 128 128 128 128 128 128 128
    128 128 128 128 128 128 128 128 128 128 128 128 128 128 128 128 128
    128 128 128 128 128 128 128 128 128 128 128 128 128 128 128 128 128
    128 128 128 128 128 128 128 128 128 128 128 128 128 128 128 128 128
    128 128 128 128 128 128 128 128 128 128 128 128 128 128 128 128 128
    128 128 128 128 128 128 128 128 128 128 128 128 128 128 128 128 128
    128 128 128 128 128 128 128 128 128 128 128 128 128 128 128 128 128
    128 128 128 128 128 128 128 128 128 128 128 128 128 128 128 128 128
    128 128 128 128 128 128 128 128 128 128 128 128 128 128 128 128 128
    128 128 128 128 128 128 128 128 128 128 128 128 128 128 128 128 128
    128 128 128 128 128 128 128 128 128 128 128 128 128 128 128 128 128
    128 128 128 128 128 128 128 128 128 128 128 128 128 128 128 128 128
    128 128 128 128 128 128 128 128 128 128 128 128 128 128 128 128 128
    128 128 128 128 128 128 128 128 128 128 128 128 128 128 128 128 128
    128 128 128 128 128 128 128 128 128 128 128 128 128 128 128 128 128
    128 128 128 128 128 128 128 128 128 128 128 128 128 128 128 128 128
    128 128 128 128 128 128 128 128 128 128 128 128 128 128 128 128 128
    128 128 128 128 128 128 128 128 128 128 128 128 128 128 128 128 128
    128 128 128 128 128 128 128 128 128 128 128 128 128 128 128 128 128
    128 128 128 128 128 128 128 128 128 128 128 128 128 128 128 128 128
    128 128 128 128 128 128 128 128 128 128 128 128 128 128 128 128 128
    128 128 128 128 128 128 128 128 128 128 128 128 128 128 128 128 128
    128 128 128 128 128 128 128 128 128 128 128 128 128 128 128 128 128
    128 128 128 128 128 128 128 128 128 128 128 128 128 128 128 128 128
    128 128 128 128 128 128 128 128 128 128 128 128 128 128 128 128 128
    128 128 128 128 128 128 128 128 128 128 128 128 128 128 128 128 128
    128 128 128 128 128 128 128 128 128 128 128 128 128 128 128 128 128
    128 128 128 128 128 128 128 128 128 128 128 128 128 128 128 128 128
    128 128 128 128 128 128 128 128 128 128 128 128 128 128 128 128 128
    128 128 128 128 128 128 128 128 128 128 128 128 128 128 128 128 128
    128 128 128 128 128 128 128 128 128 128 128 128 128 128 128 128 128
    128 128 128 128 128 128 128 128 128 128 128 128 128 128 128 128 128
    128 128 128 128 128 128 128 128 128 128 128 128 128 128 128 128 128
    128 128 128 128 128 128 128 128 128 128 128 128 128 128 128 128 128
    128 128 128 128 128 128 128 128 128 128 128 128 128 128 128 128 128
    128 128 128 128 128 128 128 128 128 128 128 128 128 128 128 128 128
    128 128 128 128 128 128 128 128 128 128 128 128 128 128 128 128 128
    128 128 128 128 128 128 128 128 128 128 128 128 128 128 128 128 128
    128 128 128 128 128 128 128 128 128 128 128 128 128 128 128 128 128
    128 128 128 128 128 128 128 128 128 128 128 128 128 128 128 128 128
    128 128 128 128 128 128 128 128 128 128 128 128 128 128 128 128 128
    128 128 128 128 128 128 128 128 128 128 128 128 128 128 128 128 128
    128 128 128 128 128 128 128 128 128 128 128 128 128 128 128 128 128
    128 128 128 128 128 128 128 128 128 128 128 128 128 128 128 128 128
    128 128 128 128 128 128 128 128 128 128 128 128 128 128 128 128 128
    128 128 128 128 128 128 128 128 128 128 128 128 128 128 128 128 128
    128 128 128 128 128 128 128 128 128 128 128 128 128 128 128 128 128
    128 128 128 128 128 128 128 128 128 128 128 128 128 128 128 128 128
    128 128 128 128 128 128 128 128 128 128 128 128 128 128 128 128 128
    128 128 128 128 128 128 128 128 128 128 128 128 128 128 128 128 128
    128 128 128 128 128 128 128 128 128 128 128 128 128 128 128 128 128
    128 128 128 128 128 128 128 128 128 128 128 128 128 128 128 128 128
    128 128 128 128 128 128 128 128 128 128 128 128 128 128 128 128 128
    128 128 128 128 128 128 128 128 128 128 128 128 128 128 128 128 128
    128 128 128 128 128 128 128 128 128 128 128 128 128 128 128 128 128
    128 128 128 128 128 128 128 128 128 128 128 128 128 128 128 128 128
    128 128 128 128 128 128 128 128 128 128 128 128 128 128 128 128 128
    128 128 128 128 128 128 128 128 128 128 128 128 128 128 128 128 128
    128 128 128 128 128 128 128 128 128 128 128 128 128 128 128 128 128
    128 128 128 128 128 128 128 128 128 128 128 128 128 128 128 128 128
    128 128 128 128 128 128 128 128 128 128 128 128 128 128 128 128 128
    128 128 128 128 128 128 128 128 128 128 128 128 128 128 128 128 128
    128 128 128 128 128 128 128 128 128 128 128 128 128 128 128 128 128
    128 128 128 128 128 128 128 128 128 128 128 128 128 128 128 128 128
    128 128 128 128 128 128 128 128 128 128 128 128 128 128 128 128 128
    128 128 128 128 128 128 128 128 128 128 128 128 128 128 128 128 128
    128 128 128 128 128 128 128 128 128 128 128 128 128 128 128 128 128
    128 128 128 128 128 128 128 128 128 128 128 128 128 128 128 128 128
    128 128 128 128 128 128 128 128 128 128 128 128 128 128 128 128 128
    128 128 128 128 128 128 128 128 128 128 128 128 128 128 128 128 128
    128 128 128 128 128 128 128 128 128 128 128 128 128 128 128 128 128
    128 128 128 128 128 128 128 128 128 128 128 128 128 128 128 128 128
    128 128 128 128 128 128 128 128 128 128 128 128 128 128 128 128 128
    128 128 128 128 128 128 128 128 128 128 128 128 128 128 128 128 128
    128 128 128 128 128 128 128 128 128 128 128 128 128 128 128 128 128
    128 128 128 128 128 128 128 128 128 128 128 128 128 128 128 128 128
    128 128 128 128 128 128 128 128 128 128 128 128 128 128 128 128 128
    128 128 128 128 128 128 128 128 128 128 128 128 128 128 128 128 128
    128 128 128 128 128 128 128 128 128 128 128 128 128 128 128</data></test_backg>
<my_img type_id="opencv-matrix">
  <rows>30</rows>
  <cols>20</cols>
  <dt>"3u"</dt>
  <data>
    7 14 122 42 103 137 134 216 21 245 237 61 206 163 53 128 128 128 48
    10 196 56 34 33 128 128 128 105 21 219 234 139 11 117 71 242 128 128
    128 22 154 121 128 128 128 81 168 5 128 128 128 128 128 128 13 67
    156 184 83 150 39 61 19 15 32 204 197 109 15 184 40 18 122 201 232
    178 30 254 163 217 218 86 141 50 64 116 206 4 251 186 202 211 22 144
    168 220 210 248 24 97 163 220 218 244 31 227 36 198 138 130 87 219
    38 67 128 128 128 103 17 98 14 44 69 128 128 128 72 255 247 128 128
    128 220 80 40 178 42 105 126 33 210 128 128 128 38 39 147 108 203
    194 143 4 19 141 48 199 151 65 141 178 146 79 128 128 128 159 217 81
    153 93 91 154 79 233 201 236 245 100 60 221 226 235 79 21 22 230 126
    144 73 50 4 188 224 231 177 155 60 77 17 168 253 29 74 250 251 98
    187 140 237 180 19 109 181 24 136 136 100 15 48 205 39 236 213 199
    164 171 64 53 128 128 128 246 41 208 76 125 22 98 47 122 229 198 179
    5 230 123 199 255 28 128 128 128 42 248 135 3 63 197 226 236 178 169
    16 137 124 205 202 228 93 15 209 147 30 174 219 92 177 135 163 13
    148 142 119 252 192 153 116 156 183 150 21 255 81 90 225 70 43 237 5
    148 128 128 128 93 7 89 74 122 13 234 126 146 92 121 65 117 61 138
    48 114 109 115 18 202 76 245 233 117 129 225 167 214 221 137 218 55
    128 128 128 135 112 91 55 205 228 229 96 240 128 151 204 22 141 206
    45 52 114 112 121 67 2 198 225 128 128 128 80 74 13 128 128 128 72
    41 107 145 159 20 255 62 213 28 21 195 113 52 123 118 3 129 128 128
    128 228 72 132 228 17 12 128 128 128 199 202 66 128 128 128 32 25
    221 176 12 91 212 0 165 45 247 218 58 132 183 56 6 68 233 189 111
    205 228 100 28 243 219 58 115 245 85 177 231 181 167 51 144 158 181
    23 26 36 241 224 125 128 128 128 128 128 128 218 15 82 174 116 33
    128 128 128 211 205 55 243 179 91 132 165 54 22 137 139 141 244 188
    222 190 110 246 19 1 1 52 61 177 25 6 203 92 252 20 80 135 157 237
    61 229 132 20 128 128 128 154 82 135 128 128 128 254 121 39 47 151
    111 128 128 128 172 118 184 245 174 24 181 204 55 203 183 152 210 84
    207 27 98 99 172 39 200 132 64 183 220 90 143 175 255 128 148 121 46
    255 174 158 88 185 188 177 25 23 149 99 188 103 67 31 240 215 148
    128 128 128 179 129 227 202 65 103 107 130 170 128 128 128 142 29
    129 86 78 46 67 230 235 120 156 66 167 178 254 101 241 162 186 122
    159 142 132 236 120 64 121 24 250 230 128 128 128 57 31 147 228 72
    152 151 61 178 233 46 31 157 18 189 138 34 156 117 84 144 195 224
    170 127 44 191 138 213 230 161 250 38 241 141 19 233 3 50 195 54 155
    196 184 184 186 70 127 128 128 128 57 172 164 68 32 204 110 96 44
    223 180 27 10 242 181 240 209 102 9 31 138 179 251 135 81 44 82 163
    164 143 37 12 191 19 192 215 142 7 236 164 105 180 128 128 128 36
    146 95 226 251 16 165 241 121 93 77 119 73 47 70 183 153 144 174 27
    246 47 29 22 128 128 128 95 203 7 213 253 186 193 123 59 113 184 171
    1 143 133 134 142 43 73 183 254 78 24 63 8 148 189 128 128 128 206
    88 116 216 143 96 113 233 252 96 220 19 128 128 128 224 227 188 128
    128 128 154 28 157 166 118 214 21 131 112 119 101 73 57 151 212 126
    76 107 252 224 217 238 11 234 148 124 104 128 128 128 163 101 2 128
    128 128 107 152 214 17 52 108 174 9 102 164 192 230 121 60 151 209
    170 233 213 165 135 128 128 128 112 64 74 161 118 142 187 141 180
    128 128 128 8 13 213 3 224 241 205 139 73 106 108 164 239 129 223
    192 151 61 61 25 101 20 103 214 114 110 62 50 134 88 128 128 128 51
    20 126 86 119 116 144 139 180 31 215 149 102 88 76 192 155 102 146
    43 224 133 4 116 9 120 83 100 10 71 102 229 7 88 55 16 3 7 97 89 74
    16 247 180 35 97 213 165 245 122 255 125 87 82 162 243 33 142 198 79
    128 128 128 197 254 128 128 128 128 45 28 229 242 135 226 225 14 236
    37 48 98 128 128 128 120 186 20 128 128 128 71 16 248 193 188 223
    204 118 51 128 128 128 128 128 128 182 253 50 210 83 14 18 182 228
    25 129 210 170 193 184 21 239 210 182 140 107 30 231 249 223 128 147
    208 188 11 208 225 46 179 48 20 186 62 125 34 165 142 128 123 96 64
    60 158 90 194 162 202 236 241 27 121 242 143 57 119 140 68 233 60 53
    26 176 136 114 148 31 119 15 84 62 90 64 44 128 128 128 52 221 247
    142 12 59 227 109 17 119 77 221 76 144 208 201 254 221 128 128 128
    234 151 171 238 178 226 128 128 128 4 121 182 128 128 128 128 128
    128 99 24 239 101 69 99 128 128 128 108 163 247 20 166 167 177 1 219
    213 244 234 86 145 205 166 174 75 61 251 182 176 59 86 181 223 22 52
    80 233 145 154 159 27 32 148 240 48 244 157 87 129 128 128 128 94 66
    57 237 122 30 169 208 236 147 116 35 128 128 128 73 155 10 156 29 81
    152 77 139 75 197 148 131 121 95 166 104 95 57 203 163 161 16 252
    136 63 87 187 130 153 224 101 147 128 128 128 36 111 145 128 128 128
    75 124 254 60 19 78 128 128 128 8 153 113 241 146 120 72 35 81 0 133
    109 116 71 119 100 240 156 10 109 209 94 151 221 254 206 192 104 193
    209 247 126 10 141 223 199 178 227 219 34 237 200 68 160 112 128 128
    128 244 33 1 1 150 208 122 61 107 128 89 139 128 128 128 140 225 74
    21 28 72 92 6 66 117 7 227 154 19 12 146 70 194 26 63 51 133 6 253
    49 121 130 212 113 166 98 2 37 55 26 122 227 158 196 84 250 158 100
    209 222 90 34 185 115 185 42 188 153 214 54 158 241 135 64 33 3 207
    210 198 142 254 69 68 227 78 236 177 27 148 206 233 118 52 134 76 97
    178 75 255 62 112 4 103 159 231 102 100 229 87 158 35 127 138 228
    122 219 188 71 110 130 229 230 37 90 10 181 155 86 70 250 248 45 241
    33 185 207 236 26 128 128 128 25 99 123 128 128 128 211 192 168 252
    211 25 128 128 128 128 128 128 128 128 128 169 80 76 203 117 167 239
    59 36 14 14 88 204 122 255 116 49 27 128 128 128 122 158 234 82 218
    174 241 42 219 243 28 172 8 251 248 63 66 144 172 246 201 128 128
    128 128 128 128 100 230 13 224 148 124 101 13 19 11 213 166 150 105
    69 22 143 211 60 164 146 82 250 157 40 71 231 90 70 221 150 217 192
    128 128 128 42 0 162 195 1 122 15 117 192 135 189 74 202 135 170 16
    245 136 128 128 128 108 8 193 128 128 128 62 104 132 185 108 11 116
    102 143 106 109 4 217 63 6 161 88 129 161 167 31 2 34 178 28 9 85
    128 128 128 128 128 128 144 113 168 125 194 173 7 25 169 26 23 31
    129 8 19 134 148 76 237 198 146 220 81 68 63 55 84 204 183 189 104
    111 113 91 162 153 20 83 140 128 128 128 131 124 154 134 20 228 211
    215 126 161 237 98 132 190 8 98 91 48 111 88 50 211 128 225 95 50
    196 95 64 87 50 229 161 239 82 65 223 35 201 110 137 40 244 55 118
    217 91 184 156 130 251 194 175 14 128 216 177 45 211 220 128 128 128
    211 196 210 232 254 62 231 218 137 132 172 108 249 96 251 128 128
    128 251 244 99 128 128 128 35 22 166 210 210 2 128 128 128 96 54 214
    91 241 229 212 210 85 112 154 248 8 181 214 56 82 85 112 126 104 128
    128 128 71 127 96 25 21 1 233 112 175 237 75 57 232 163 112 13 44
    221 112 99 108 26 205 162 185 193 60 46 72 29 176 207 82 128 128 128</data></my_img>
<your_img type_id="opencv-matrix">
  <rows>30</rows>
  <cols>20</cols>
  <dt>"3u"</dt>
  <data>
    7 14 122 42 103 137 134 216 21 245 237 61 206 163 53 235 253 234 48
    10 196 56 34 33 73 237 103 105 21 219 234 139 11 117 71 242 151 252
    112 22 154 121 50 238 51 81 168 5 94 197 130 154 242 132 13 67 156
    184 83 150 39 61 19 15 32 204 197 109 15 184 40 18 122 201 232 178
    30 254 163 217 218 86 141 50 64 116 206 4 251 186 202 211 22 144 168
    220 210 248 24 97 163 220 218 244 31 227 36 198 138 130 87 219 38 67
    1 249 86 103 17 98 14 44 69 63 225 70 72 255 247 116 245 146 220 80
    40 178 42 105 126 33 210 132 180 111 38 39 147 108 203 194 143 4 19
    141 48 199 151 65 141 178 146 79 51 199 21 159 217 81 153 93 91 154
    79 233 201 236 245 100 60 221 226 235 79 21 22 230 126 144 73 50 4
    188 224 231 177 155 60 77 17 168 253 29 74 250 251 98 187 140 237
    180 19 109 181 24 136 136 100 15 48 205 39 236 213 199 164 171 64 53
    35 216 11 246 41 208 76 125 22 98 47 122 229 198 179 5 230 123 199
    255 28 91 214 117 42 248 135 3 63 197 226 236 178 169 16 137 124 205
    202 228 93 15 209 147 30 174 219 92 177 135 163 13 148 142 119 252
    192 153 116 156 183 150 21 255 81 90 225 70 43 237 5 148 14 193 67
    93 7 89 74 122 13 234 126 146 92 121 65 117 61 138 48 114 109 115 18
    202 76 245 233 117 129 225 167 214 221 137 218 55 115 162 100 135
    112 91 55 205 228 229 96 240 128 151 204 22 141 206 45 52 114 112
    121 67 2 198 225 231 255 219 80 74 13 87 217 56 72 41 107 145 159 20
    255 62 213 28 21 195 113 52 123 118 3 129 19 99 20 228 72 132 228 17
    12 60 249 60 199 202 66 60 222 107 32 25 221 176 12 91 212 0 165 45
    247 218 58 132 183 56 6 68 233 189 111 205 228 100 28 243 219 58 115
    245 85 177 231 181 167 51 144 158 181 23 26 36 241 224 125 71 197 51
    57 111 62 218 15 82 174 116 33 135 222 133 211 205 55 243 179 91 132
    165 54 22 137 139 141 244 188 222 190 110 246 19 1 1 52 61 177 25 6
    203 92 252 20 80 135 157 237 61 229 132 20 41 252 69 154 82 135 60
    241 99 254 121 39 47 151 111 36 146 9 172 118 184 245 174 24 181 204
    55 203 183 152 210 84 207 27 98 99 172 39 200 132 64 183 220 90 143
    175 255 128 148 121 46 255 174 158 88 185 188 177 25 23 149 99 188
    103 67 31 240 215 148 81 141 73 179 129 227 202 65 103 107 130 170
    205 221 198 142 29 129 86 78 46 67 230 235 120 156 66 167 178 254
    101 241 162 186 122 159 142 132 236 120 64 121 24 250 230 141 219
    135 57 31 147 228 72 152 151 61 178 233 46 31 157 18 189 138 34 156
    117 84 144 195 224 170 127 44 191 138 213 230 161 250 38 241 141 19
    233 3 50 195 54 155 196 184 184 186 70 127 106 169 108 57 172 164 68
    32 204 110 96 44 223 180 27 10 242 181 240 209 102 9 31 138 179 251
    135 81 44 82 163 164 143 37 12 191 19 192 215 142 7 236 164 105 180
    77 245 79 36 146 95 226 251 16 165 241 121 93 77 119 73 47 70 183
    153 144 174 27 246 47 29 22 92 248 17 95 203 7 213 253 186 193 123
    59 113 184 171 1 143 133 134 142 43 73 183 254 78 24 63 8 148 189 15
    59 12 206 88 116 216 143 96 113 233 252 96 220 19 154 224 128 224
    227 188 12 37 5 154 28 157 166 118 214 21 131 112 119 101 73 57 151
    212 126 76 107 252 224 217 238 11 234 148 124 104 155 166 156 163
    101 2 4 134 49 107 152 214 17 52 108 174 9 102 164 192 230 121 60
    151 209 170 233 213 165 135 70 204 47 112 64 74 161 118 142 187 141
    180 16 221 12 8 13 213 3 224 241 205 139 73 106 108 164 239 129 223
    192 151 61 61 25 101 20 103 214 114 110 62 50 134 88 29 137 8 51 20
    126 86 119 116 144 139 180 31 215 149 102 88 76 192 155 102 146 43
    224 133 4 116 9 120 83 100 10 71 102 229 7 88 55 16 3 7 97 89 74 16
    247 180 35 97 213 165 245 122 255 125 87 82 162 243 33 142 198 79 66
    227 24 197 254 128 117 125 116 45 28 229 242 135 226 225 14 236 37
    48 98 4 66 14 120 186 20 73 178 44 71 16 248 193 188 223 204 118 51
    200 226 201 29 110 8 182 253 50 210 83 14 18 182 228 25 129 210 170
    193 184 21 239 210 182 140 107 30 231 249 223 128 147 208 188 11 208
    225 46 179 48 20 186 62 125 34 165 142 128 123 96 64 60 158 90 194
    162 202 236 241 27 121 242 143 57 119 140 68 233 60 53 26 176 136
    114 148 31 119 15 84 62 90 64 44 38 76 47 52 221 247 142 12 59 227
    109 17 119 77 221 76 144 208 201 254 221 64 131 29 234 151 171 238
    178 226 167 221 174 4 121 182 122 254 76 123 173 137 99 24 239 101
    69 99 164 223 152 108 163 247 20 166 167 177 1 219 213 244 234 86
    145 205 166 174 75 61 251 182 176 59 86 181 223 22 52 80 233 145 154
    159 27 32 148 240 48 244 157 87 129 42 181 2 94 66 57 237 122 30 169
    208 236 147 116 35 23 139 45 73 155 10 156 29 81 152 77 139 75 197
    148 131 121 95 166 104 95 57 203 163 161 16 252 136 63 87 187 130
    153 224 101 147 45 204 66 36 111 145 147 165 153 75 124 254 60 19 78
    117 159 96 8 153 113 241 146 120 72 35 81 0 133 109 116 71 119 100
    240 156 10 109 209 94 151 221 254 206 192 104 193 209 247 126 10 141
    223 199 178 227 219 34 237 200 68 160 112 38 132 8 244 33 1 1 150
    208 122 61 107 128 89 139 65 152 27 140 225 74 21 28 72 92 6 66 117
    7 227 154 19 12 146 70 194 26 63 51 133 6 253 49 121 130 212 113 166
    98 2 37 55 26 122 227 158 196 84 250 158 100 209 222 90 34 185 115
    185 42 188 153 214 54 158 241 135 64 33 3 207 210 198 142 254 69 68
    227 78 236 177 27 148 206 233 118 52 134 76 97 178 75 255 62 112 4
    103 159 231 102 100 229 87 158 35 127 138 228 122 219 188 71 110 130
    229 230 37 90 10 181 155 86 70 250 248 45 241 33 185 207 236 26 63
    180 5 25 99 123 138 172 144 211 192 168 252 211 25 97 137 81 165 182
    162 58 221 55 169 80 76 203 117 167 239 59 36 14 14 88 204 122 255
    116 49 27 15 140 2 122 158 234 82 218 174 241 42 219 243 28 172 8
    251 248 63 66 144 172 246 201 50 206 12 128 246 92 100 230 13 224
    148 124 101 13 19 11 213 166 150 105 69 22 143 211 60 164 146 82 250
    157 40 71 231 90 70 221 150 217 192 69 215 115 42 0 162 195 1 122 15
    117 192 135 189 74 202 135 170 16 245 136 92 252 135 108 8 193 90
    147 61 62 104 132 185 108 11 116 102 143 106 109 4 217 63 6 161 88
    129 161 167 31 2 34 178 28 9 85 76 111 60 121 232 158 144 113 168
    125 194 173 7 25 169 26 23 31 129 8 19 134 148 76 237 198 146 220 81
    68 63 55 84 204 183 189 104 111 113 91 162 153 20 83 140 46 194 77
    131 124 154 134 20 228 211 215 126 161 237 98 132 190 8 98 91 48 111
    88 50 211 128 225 95 50 196 95 64 87 50 229 161 239 82 65 223 35 201
    110 137 40 244 55 118 217 91 184 156 130 251 194 175 14 128 216 177
    45 211 220 105 229 107 211 196 210 232 254 62 231 218 137 132 172
    108 249 96 251 31 159 29 251 244 99 22 104 31 35 22 166 210 210 2 30
    238 3 96 54 214 91 241 229 212 210 85 112 154 248 8 181 214 56 82 85
    112 126 104 29 174 7 71 127 96 25 21 1 233 112 175 237 75 57 232 163
    112 13 44 221 112 99 108 26 205 162 185 193 60 46 72 29 176 207 82
    75 194 75</data></your_img>
</opencv_storage>
